  [1m[35m (235.3ms)[0m  [1m[35mCREATE DATABASE "TeaTime_development" ENCODING = 'unicode'[0m
  ↳ bin/rails:9
  [1m[35m (163.1ms)[0m  [1m[35mCREATE DATABASE "TeaTime_test" ENCODING = 'unicode'[0m
  ↳ bin/rails:9
  [1m[35m (7.4ms)[0m  [1m[35mCREATE TABLE "schema_migrations" ("version" character varying NOT NULL PRIMARY KEY)[0m
  ↳ bin/rails:9
  [1m[35m (5.0ms)[0m  [1m[35mCREATE TABLE "ar_internal_metadata" ("key" character varying NOT NULL PRIMARY KEY, "value" character varying, "created_at" timestamp NOT NULL, "updated_at" timestamp NOT NULL)[0m
  ↳ bin/rails:9
  [1m[35m (0.3ms)[0m  [1m[34mSELECT pg_try_advisory_lock(4383024509120929350)[0m
  ↳ bin/rails:9
  [1m[35m (0.2ms)[0m  [1m[34mSELECT "schema_migrations"."version" FROM "schema_migrations" ORDER BY "schema_migrations"."version" ASC[0m
  ↳ bin/rails:9
Migrating to CreateTeas (20220310173243)
  [1m[35m (0.1ms)[0m  [1m[35mBEGIN[0m
  ↳ bin/rails:9
  [1m[35m (5.4ms)[0m  [1m[35mCREATE TABLE "teas" ("id" bigserial primary key, "flavor" character varying NOT NULL, "amount" float NOT NULL, "created_at" timestamp NOT NULL, "updated_at" timestamp NOT NULL)[0m
  ↳ db/migrate/20220310173243_create_teas.rb:3
  [1m[35m (1.9ms)[0m  [1m[35mCREATE UNIQUE INDEX  "index_teas_on_flavor" ON "teas"  ("flavor")[0m
  ↳ db/migrate/20220310173243_create_teas.rb:8
  [1m[36mActiveRecord::SchemaMigration Create (0.4ms)[0m  [1m[32mINSERT INTO "schema_migrations" ("version") VALUES ($1) RETURNING "version"[0m  [["version", "20220310173243"]]
  ↳ bin/rails:9
  [1m[35m (1.1ms)[0m  [1m[35mCOMMIT[0m
  ↳ bin/rails:9
  [1m[36mActiveRecord::InternalMetadata Load (0.2ms)[0m  [1m[34mSELECT  "ar_internal_metadata".* FROM "ar_internal_metadata" WHERE "ar_internal_metadata"."key" = $1 LIMIT $2[0m  [["key", "environment"], ["LIMIT", 1]]
  ↳ bin/rails:9
  [1m[35m (0.1ms)[0m  [1m[35mBEGIN[0m
  ↳ bin/rails:9
  [1m[36mActiveRecord::InternalMetadata Create (0.3ms)[0m  [1m[32mINSERT INTO "ar_internal_metadata" ("key", "value", "created_at", "updated_at") VALUES ($1, $2, $3, $4) RETURNING "key"[0m  [["key", "environment"], ["value", "development"], ["created_at", "2022-03-10 17:35:08.783699"], ["updated_at", "2022-03-10 17:35:08.783699"]]
  ↳ bin/rails:9
  [1m[35m (1.0ms)[0m  [1m[35mCOMMIT[0m
  ↳ bin/rails:9
  [1m[35m (0.2ms)[0m  [1m[34mSELECT pg_advisory_unlock(4383024509120929350)[0m
  ↳ bin/rails:9
  [1m[35m (0.2ms)[0m  [1m[34mSELECT "schema_migrations"."version" FROM "schema_migrations" ORDER BY "schema_migrations"."version" ASC[0m
  ↳ bin/rails:9
  [1m[35m (0.3ms)[0m  [1m[34mSELECT "schema_migrations"."version" FROM "schema_migrations" ORDER BY "schema_migrations"."version" ASC[0m
  ↳ bin/rails:9
  [1m[36mTea Load (0.2ms)[0m  [1m[34mSELECT "teas".* FROM "teas"[0m
  ↳ db/seeds.rb:9
  [1m[35m (0.1ms)[0m  [1m[35mBEGIN[0m
  ↳ db/seeds.rb:11
  [1m[36mTea Create (0.4ms)[0m  [1m[32mINSERT INTO "teas" ("flavor", "amount", "created_at", "updated_at") VALUES ($1, $2, $3, $4) RETURNING "id"[0m  [["flavor", "Green"], ["amount", 1.75], ["created_at", "2022-03-10 17:36:54.128589"], ["updated_at", "2022-03-10 17:36:54.128589"]]
  ↳ db/seeds.rb:11
  [1m[35m (6.8ms)[0m  [1m[35mCOMMIT[0m
  ↳ db/seeds.rb:11
  [1m[35m (0.1ms)[0m  [1m[35mBEGIN[0m
  ↳ db/seeds.rb:12
  [1m[36mTea Create (0.2ms)[0m  [1m[32mINSERT INTO "teas" ("flavor", "amount", "created_at", "updated_at") VALUES ($1, $2, $3, $4) RETURNING "id"[0m  [["flavor", "Oolong"], ["amount", 2.0], ["created_at", "2022-03-10 17:36:54.137310"], ["updated_at", "2022-03-10 17:36:54.137310"]]
  ↳ db/seeds.rb:12
  [1m[35m (1.0ms)[0m  [1m[35mCOMMIT[0m
  ↳ db/seeds.rb:12
  [1m[35m (0.1ms)[0m  [1m[35mBEGIN[0m
  ↳ db/seeds.rb:13
  [1m[36mTea Create (0.2ms)[0m  [1m[32mINSERT INTO "teas" ("flavor", "amount", "created_at", "updated_at") VALUES ($1, $2, $3, $4) RETURNING "id"[0m  [["flavor", "Earl Grey"], ["amount", 2.5], ["created_at", "2022-03-10 17:36:54.139487"], ["updated_at", "2022-03-10 17:36:54.139487"]]
  ↳ db/seeds.rb:13
  [1m[35m (0.9ms)[0m  [1m[35mCOMMIT[0m
  ↳ db/seeds.rb:13
  [1m[35m (0.1ms)[0m  [1m[35mBEGIN[0m
  ↳ db/seeds.rb:14
  [1m[36mTea Create (0.2ms)[0m  [1m[32mINSERT INTO "teas" ("flavor", "amount", "created_at", "updated_at") VALUES ($1, $2, $3, $4) RETURNING "id"[0m  [["flavor", "Rooibos"], ["amount", 3.0], ["created_at", "2022-03-10 17:36:54.141418"], ["updated_at", "2022-03-10 17:36:54.141418"]]
  ↳ db/seeds.rb:14
  [1m[35m (1.0ms)[0m  [1m[35mCOMMIT[0m
  ↳ db/seeds.rb:14
Started GET "/" for ::1 at 2022-03-10 10:40:28 -0700
  [1m[35m (0.3ms)[0m  [1m[34mSELECT "schema_migrations"."version" FROM "schema_migrations" ORDER BY "schema_migrations"."version" ASC[0m
  ↳ /home/siascone/.rbenv/versions/2.5.1/lib/ruby/gems/2.5.0/gems/activerecord-5.2.6.3/lib/active_record/log_subscriber.rb:98
Processing by StaticPagesController#root as HTML
  Rendering static_pages/root.html.erb within layouts/application
  Rendered static_pages/root.html.erb within layouts/application (0.4ms)
Completed 200 OK in 247ms (Views: 247.0ms | ActiveRecord: 0.0ms)


Started GET "/" for ::1 at 2022-03-10 10:44:10 -0700
  [1m[35m (0.6ms)[0m  [1m[34mSELECT "schema_migrations"."version" FROM "schema_migrations" ORDER BY "schema_migrations"."version" ASC[0m
  ↳ /home/siascone/.rbenv/versions/2.5.1/lib/ruby/gems/2.5.0/gems/activerecord-5.2.6.3/lib/active_record/log_subscriber.rb:98
Processing by StaticPagesController#root as HTML
  Rendering static_pages/root.html.erb within layouts/application
  Rendered static_pages/root.html.erb within layouts/application (0.7ms)
Completed 200 OK in 569ms (Views: 568.4ms | ActiveRecord: 0.0ms)


  [1m[35m (0.4ms)[0m  [1m[34mSELECT "schema_migrations"."version" FROM "schema_migrations" ORDER BY "schema_migrations"."version" ASC[0m
  ↳ /home/siascone/.rbenv/versions/2.5.1/bin/annotate:23
Started GET "/" for ::1 at 2022-03-10 11:35:58 -0700
  [1m[35m (0.4ms)[0m  [1m[34mSELECT "schema_migrations"."version" FROM "schema_migrations" ORDER BY "schema_migrations"."version" ASC[0m
  ↳ /home/siascone/.rbenv/versions/2.5.1/lib/ruby/gems/2.5.0/gems/activerecord-5.2.6.3/lib/active_record/log_subscriber.rb:98
Processing by StaticPagesController#root as HTML
  Rendering static_pages/root.html.erb within layouts/application
  Rendered static_pages/root.html.erb within layouts/application (0.5ms)
Completed 200 OK in 706ms (Views: 705.6ms | ActiveRecord: 0.0ms)


Started GET "/api/teas" for ::1 at 2022-03-10 11:36:40 -0700
Processing by Api::TeasController#index as JSON
  [1m[36mTea Load (0.8ms)[0m  [1m[34mSELECT "teas".* FROM "teas"[0m
  ↳ app/controllers/api/teas_controller.rb:6
Completed 200 OK in 12ms (Views: 4.8ms | ActiveRecord: 5.7ms)


Started POST "/api/teas" for ::1 at 2022-03-10 11:38:17 -0700
Processing by Api::TeasController#create as JSON
  Parameters: {"tea"=>{"flavor"=>"Passion Tea", "amount"=>"4"}}
  [1m[35m (0.3ms)[0m  [1m[35mBEGIN[0m
  ↳ app/controllers/api/teas_controller.rb:12
  [1m[36mTea Create (0.4ms)[0m  [1m[32mINSERT INTO "teas" ("flavor", "amount", "created_at", "updated_at") VALUES ($1, $2, $3, $4) RETURNING "id"[0m  [["flavor", "Passion Tea"], ["amount", 4.0], ["created_at", "2022-03-10 18:38:17.787339"], ["updated_at", "2022-03-10 18:38:17.787339"]]
  ↳ app/controllers/api/teas_controller.rb:12
  [1m[35m (0.8ms)[0m  [1m[35mCOMMIT[0m
  ↳ app/controllers/api/teas_controller.rb:12
Completed 200 OK in 5ms (Views: 0.4ms | ActiveRecord: 1.5ms)


Started GET "/api/teas" for ::1 at 2022-03-10 11:38:30 -0700
Processing by Api::TeasController#index as JSON
  [1m[36mTea Load (0.3ms)[0m  [1m[34mSELECT "teas".* FROM "teas"[0m
  ↳ app/controllers/api/teas_controller.rb:6
Completed 200 OK in 2ms (Views: 1.5ms | ActiveRecord: 0.3ms)


  [1m[36mTea Load (0.3ms)[0m  [1m[34mSELECT "teas".* FROM "teas"[0m
  [1m[36mTea Load (0.4ms)[0m  [1m[34mSELECT "teas".* FROM "teas"[0m
Started GET "/" for ::1 at 2022-03-10 12:11:27 -0700
  [1m[35m (0.3ms)[0m  [1m[34mSELECT "schema_migrations"."version" FROM "schema_migrations" ORDER BY "schema_migrations"."version" ASC[0m
  ↳ /home/siascone/.rbenv/versions/2.5.1/lib/ruby/gems/2.5.0/gems/activerecord-5.2.6.3/lib/active_record/log_subscriber.rb:98
Processing by StaticPagesController#root as HTML
  Rendering static_pages/root.html.erb within layouts/application
  Rendered static_pages/root.html.erb within layouts/application (0.6ms)
Completed 200 OK in 611ms (Views: 610.3ms | ActiveRecord: 0.0ms)


Started GET "/" for ::1 at 2022-03-10 12:12:35 -0700
Processing by StaticPagesController#root as HTML
  Rendering static_pages/root.html.erb within layouts/application
  Rendered static_pages/root.html.erb within layouts/application (0.6ms)
Completed 200 OK in 243ms (Views: 243.0ms | ActiveRecord: 0.0ms)


Started GET "/" for ::1 at 2022-03-10 12:14:11 -0700
Processing by StaticPagesController#root as HTML
  Rendering static_pages/root.html.erb within layouts/application
  Rendered static_pages/root.html.erb within layouts/application (0.3ms)
Completed 200 OK in 226ms (Views: 225.5ms | ActiveRecord: 0.0ms)


Started GET "/" for ::1 at 2022-03-10 12:14:59 -0700
Processing by StaticPagesController#root as HTML
  Rendering static_pages/root.html.erb within layouts/application
  Rendered static_pages/root.html.erb within layouts/application (0.3ms)
Completed 200 OK in 221ms (Views: 221.3ms | ActiveRecord: 0.0ms)


Started GET "/api/teas" for ::1 at 2022-03-10 12:15:00 -0700
Processing by Api::TeasController#index as JSON
  [1m[36mTea Load (0.7ms)[0m  [1m[34mSELECT "teas".* FROM "teas"[0m
  ↳ app/controllers/api/teas_controller.rb:7
Completed 200 OK in 25ms (Views: 13.8ms | ActiveRecord: 8.3ms)


Started GET "/" for ::1 at 2022-03-10 12:23:25 -0700
Processing by StaticPagesController#root as HTML
  Rendering static_pages/root.html.erb within layouts/application
  Rendered static_pages/root.html.erb within layouts/application (0.3ms)
Completed 200 OK in 217ms (Views: 217.3ms | ActiveRecord: 0.0ms)


Started GET "/api/teas" for ::1 at 2022-03-10 12:23:26 -0700
Processing by Api::TeasController#index as JSON
  [1m[36mTea Load (1.0ms)[0m  [1m[34mSELECT "teas".* FROM "teas"[0m
  ↳ app/controllers/api/teas_controller.rb:7
Completed 200 OK in 4ms (Views: 2.9ms | ActiveRecord: 1.0ms)


Started POST "/api/teas" for ::1 at 2022-03-10 12:23:36 -0700
Processing by Api::TeasController#create as JSON
  Parameters: {"tea"=>{"flavor"=>"Spicy Watermelon", "amount"=>"5.00"}}
  [1m[35m (0.2ms)[0m  [1m[35mBEGIN[0m
  ↳ app/controllers/api/teas_controller.rb:13
  [1m[36mTea Create (0.6ms)[0m  [1m[32mINSERT INTO "teas" ("flavor", "amount", "created_at", "updated_at") VALUES ($1, $2, $3, $4) RETURNING "id"[0m  [["flavor", "Spicy Watermelon"], ["amount", 5.0], ["created_at", "2022-03-10 19:23:36.452210"], ["updated_at", "2022-03-10 19:23:36.452210"]]
  ↳ app/controllers/api/teas_controller.rb:13
  [1m[35m (1.4ms)[0m  [1m[35mCOMMIT[0m
  ↳ app/controllers/api/teas_controller.rb:13
Completed 200 OK in 6ms (Views: 0.3ms | ActiveRecord: 2.2ms)


Started GET "/" for ::1 at 2022-03-10 12:40:41 -0700
Processing by StaticPagesController#root as HTML
  Rendering static_pages/root.html.erb within layouts/application
  Rendered static_pages/root.html.erb within layouts/application (0.3ms)
Completed 200 OK in 218ms (Views: 217.6ms | ActiveRecord: 0.0ms)


Started GET "/api/teas" for ::1 at 2022-03-10 12:40:41 -0700
Processing by Api::TeasController#index as JSON
  [1m[36mTea Load (1.0ms)[0m  [1m[34mSELECT "teas".* FROM "teas"[0m
  ↳ app/controllers/api/teas_controller.rb:7
Completed 200 OK in 4ms (Views: 3.1ms | ActiveRecord: 1.0ms)


Started POST "/api/teas" for ::1 at 2022-03-10 12:41:03 -0700
Processing by Api::TeasController#create as JSON
  Parameters: {"tea"=>{"flavor"=>"Chai", "amount"=>"4.5"}}
  [1m[35m (0.1ms)[0m  [1m[35mBEGIN[0m
  ↳ app/controllers/api/teas_controller.rb:13
  [1m[36mTea Create (0.4ms)[0m  [1m[32mINSERT INTO "teas" ("flavor", "amount", "created_at", "updated_at") VALUES ($1, $2, $3, $4) RETURNING "id"[0m  [["flavor", "Chai"], ["amount", 4.5], ["created_at", "2022-03-10 19:41:03.306511"], ["updated_at", "2022-03-10 19:41:03.306511"]]
  ↳ app/controllers/api/teas_controller.rb:13
  [1m[35m (6.6ms)[0m  [1m[35mCOMMIT[0m
  ↳ app/controllers/api/teas_controller.rb:13
Completed 200 OK in 10ms (Views: 0.3ms | ActiveRecord: 7.2ms)


Started GET "/" for ::1 at 2022-03-10 12:44:43 -0700
Processing by StaticPagesController#root as HTML
  Rendering static_pages/root.html.erb within layouts/application
  Rendered static_pages/root.html.erb within layouts/application (0.4ms)
Completed 200 OK in 240ms (Views: 240.2ms | ActiveRecord: 0.0ms)


Started GET "/api/teas" for ::1 at 2022-03-10 12:44:44 -0700
Processing by Api::TeasController#index as JSON
  [1m[36mTea Load (0.5ms)[0m  [1m[34mSELECT "teas".* FROM "teas"[0m
  ↳ app/controllers/api/teas_controller.rb:7
Completed 200 OK in 25ms (Views: 14.2ms | ActiveRecord: 7.4ms)


Started POST "/api/teas" for ::1 at 2022-03-10 12:49:10 -0700
Processing by Api::TeasController#create as JSON
  Parameters: {"tea"=>{"flavor"=>"Lavender Mint", "amount"=>"6.00"}}
  [1m[35m (0.4ms)[0m  [1m[35mBEGIN[0m
  ↳ app/controllers/api/teas_controller.rb:13
  [1m[36mTea Create (0.6ms)[0m  [1m[32mINSERT INTO "teas" ("flavor", "amount", "created_at", "updated_at") VALUES ($1, $2, $3, $4) RETURNING "id"[0m  [["flavor", "Lavender Mint"], ["amount", 6.0], ["created_at", "2022-03-10 19:50:25.186956"], ["updated_at", "2022-03-10 19:50:25.186956"]]
  ↳ app/controllers/api/teas_controller.rb:13
  [1m[35m (7.3ms)[0m  [1m[35mCOMMIT[0m
  ↳ app/controllers/api/teas_controller.rb:13
Completed 200 OK in 74214ms (Views: 0.4ms | ActiveRecord: 8.3ms)


