  [1m[35mSQL (8.0ms)[0m  [1m[35mCREATE EXTENSION IF NOT EXISTS "plpgsql"[0m
  [1m[35m (3.3ms)[0m  [1m[35mDROP TABLE IF EXISTS "gifs" CASCADE[0m
  [1m[35m (56.7ms)[0m  [1m[35mCREATE TABLE "gifs" ("id" bigserial primary key, "title" character varying, "url" character varying)[0m
  [1m[35m (13.1ms)[0m  [1m[35mCREATE TABLE "schema_migrations" ("version" character varying NOT NULL PRIMARY KEY)[0m
  [1m[35m (1.3ms)[0m  [1m[34mSELECT "schema_migrations"."version" FROM "schema_migrations" ORDER BY "schema_migrations"."version" ASC[0m
  [1m[35m (6.6ms)[0m  [1m[32mINSERT INTO "schema_migrations" (version) VALUES (20180218183701)[0m
  [1m[35m (12.7ms)[0m  [1m[35mCREATE TABLE "ar_internal_metadata" ("key" character varying NOT NULL PRIMARY KEY, "value" character varying, "created_at" timestamp NOT NULL, "updated_at" timestamp NOT NULL)[0m
  [1m[36mActiveRecord::InternalMetadata Load (0.5ms)[0m  [1m[34mSELECT  "ar_internal_metadata".* FROM "ar_internal_metadata" WHERE "ar_internal_metadata"."key" = $1 LIMIT $2[0m  [["key", "environment"], ["LIMIT", 1]]
  [1m[35m (0.3ms)[0m  [1m[35mBEGIN[0m
  [1m[35mSQL (3.1ms)[0m  [1m[32mINSERT INTO "ar_internal_metadata" ("key", "value", "created_at", "updated_at") VALUES ($1, $2, $3, $4) RETURNING "key"[0m  [["key", "environment"], ["value", "development"], ["created_at", "2018-04-25 13:09:40.095483"], ["updated_at", "2018-04-25 13:09:40.095483"]]
  [1m[35m (2.9ms)[0m  [1m[35mCOMMIT[0m
  [1m[36mActiveRecord::InternalMetadata Load (0.7ms)[0m  [1m[34mSELECT  "ar_internal_metadata".* FROM "ar_internal_metadata" WHERE "ar_internal_metadata"."key" = $1 LIMIT $2[0m  [["key", "environment"], ["LIMIT", 1]]
  [1m[35m (0.2ms)[0m  [1m[35mBEGIN[0m
  [1m[35m (0.2ms)[0m  [1m[35mCOMMIT[0m
  [1m[35mSQL (0.5ms)[0m  [1m[35mCREATE EXTENSION IF NOT EXISTS "plpgsql"[0m
  [1m[35m (0.3ms)[0m  [1m[35mDROP TABLE IF EXISTS "gifs" CASCADE[0m
  [1m[35m (24.6ms)[0m  [1m[35mCREATE TABLE "gifs" ("id" bigserial primary key, "title" character varying, "url" character varying)[0m
  [1m[35m (10.8ms)[0m  [1m[35mCREATE TABLE "schema_migrations" ("version" character varying NOT NULL PRIMARY KEY)[0m
  [1m[35m (1.5ms)[0m  [1m[34mSELECT "schema_migrations"."version" FROM "schema_migrations" ORDER BY "schema_migrations"."version" ASC[0m
  [1m[35m (2.8ms)[0m  [1m[32mINSERT INTO "schema_migrations" (version) VALUES (20180218183701)[0m
  [1m[35m (5.8ms)[0m  [1m[35mCREATE TABLE "ar_internal_metadata" ("key" character varying NOT NULL PRIMARY KEY, "value" character varying, "created_at" timestamp NOT NULL, "updated_at" timestamp NOT NULL)[0m
  [1m[36mActiveRecord::InternalMetadata Load (0.4ms)[0m  [1m[34mSELECT  "ar_internal_metadata".* FROM "ar_internal_metadata" WHERE "ar_internal_metadata"."key" = $1 LIMIT $2[0m  [["key", "environment"], ["LIMIT", 1]]
  [1m[35m (0.2ms)[0m  [1m[35mBEGIN[0m
  [1m[35mSQL (0.5ms)[0m  [1m[32mINSERT INTO "ar_internal_metadata" ("key", "value", "created_at", "updated_at") VALUES ($1, $2, $3, $4) RETURNING "key"[0m  [["key", "environment"], ["value", "development"], ["created_at", "2018-04-25 13:09:40.221435"], ["updated_at", "2018-04-25 13:09:40.221435"]]
  [1m[35m (2.2ms)[0m  [1m[35mCOMMIT[0m
  [1m[36mActiveRecord::InternalMetadata Load (0.3ms)[0m  [1m[34mSELECT  "ar_internal_metadata".* FROM "ar_internal_metadata" WHERE "ar_internal_metadata"."key" = $1 LIMIT $2[0m  [["key", "environment"], ["LIMIT", 1]]
  [1m[35m (0.1ms)[0m  [1m[35mBEGIN[0m
  [1m[35mSQL (2.6ms)[0m  [1m[33mUPDATE "ar_internal_metadata" SET "value" = $1, "updated_at" = $2 WHERE "ar_internal_metadata"."key" = $3[0m  [["value", "test"], ["updated_at", "2018-04-25 13:09:40.227655"], ["key", "environment"]]
  [1m[35m (2.9ms)[0m  [1m[35mCOMMIT[0m
  [1m[35m (1.0ms)[0m  [1m[34mSELECT "schema_migrations"."version" FROM "schema_migrations" ORDER BY "schema_migrations"."version" ASC[0m
Started GET "/" for 127.0.0.1 at 2018-04-25 09:54:03 -0400
  [1m[35m (5.0ms)[0m  [1m[34mSELECT "schema_migrations"."version" FROM "schema_migrations" ORDER BY "schema_migrations"."version" ASC[0m
Processing by StaticPagesController#root as HTML
  Rendering static_pages/root.html.erb within layouts/application
  Rendered static_pages/root.html.erb within layouts/application (3.5ms)
Completed 200 OK in 1317ms (Views: 1306.5ms | ActiveRecord: 0.0ms)


Started GET "/" for 127.0.0.1 at 2018-04-25 09:55:10 -0400
Processing by StaticPagesController#root as HTML
  Rendering static_pages/root.html.erb within layouts/application
  Rendered static_pages/root.html.erb within layouts/application (0.6ms)
Completed 200 OK in 46ms (Views: 42.0ms | ActiveRecord: 0.0ms)


Started GET "/" for 127.0.0.1 at 2018-04-25 10:07:06 -0400
Processing by StaticPagesController#root as HTML
  Rendering static_pages/root.html.erb within layouts/application
  Rendered static_pages/root.html.erb within layouts/application (0.8ms)
Completed 200 OK in 100ms (Views: 97.4ms | ActiveRecord: 0.0ms)


Started GET "/" for 127.0.0.1 at 2018-04-25 10:07:20 -0400
Processing by StaticPagesController#root as HTML
  Rendering static_pages/root.html.erb within layouts/application
  Rendered static_pages/root.html.erb within layouts/application (0.4ms)
Completed 200 OK in 34ms (Views: 30.0ms | ActiveRecord: 0.0ms)


Started GET "/" for 127.0.0.1 at 2018-04-25 10:07:24 -0400
Processing by StaticPagesController#root as HTML
  Rendering static_pages/root.html.erb within layouts/application
  Rendered static_pages/root.html.erb within layouts/application (0.4ms)
Completed 200 OK in 21ms (Views: 19.6ms | ActiveRecord: 0.0ms)


Started GET "/" for 127.0.0.1 at 2018-04-25 10:09:38 -0400
Processing by StaticPagesController#root as HTML
  Rendering static_pages/root.html.erb within layouts/application
  Rendered static_pages/root.html.erb within layouts/application (0.3ms)
Completed 200 OK in 24ms (Views: 21.1ms | ActiveRecord: 0.0ms)


Started GET "/" for 127.0.0.1 at 2018-04-25 10:09:46 -0400
Processing by StaticPagesController#root as HTML
  Rendering static_pages/root.html.erb within layouts/application
  Rendered static_pages/root.html.erb within layouts/application (0.6ms)
Completed 200 OK in 34ms (Views: 30.7ms | ActiveRecord: 0.0ms)


Started GET "/" for 127.0.0.1 at 2018-04-25 10:27:02 -0400
Processing by StaticPagesController#root as HTML
  Rendering static_pages/root.html.erb within layouts/application
  Rendered static_pages/root.html.erb within layouts/application (0.4ms)
Completed 200 OK in 146ms (Views: 143.5ms | ActiveRecord: 0.0ms)


Started GET "/" for 127.0.0.1 at 2018-04-25 10:27:05 -0400
Processing by StaticPagesController#root as HTML
  Rendering static_pages/root.html.erb within layouts/application
  Rendered static_pages/root.html.erb within layouts/application (0.4ms)
Completed 200 OK in 23ms (Views: 20.2ms | ActiveRecord: 0.0ms)


Started GET "/" for 127.0.0.1 at 2018-04-25 10:38:19 -0400
Processing by StaticPagesController#root as HTML
  Rendering static_pages/root.html.erb within layouts/application
  Rendered static_pages/root.html.erb within layouts/application (0.4ms)
Completed 200 OK in 23ms (Views: 20.6ms | ActiveRecord: 0.0ms)


Started GET "/" for 127.0.0.1 at 2018-04-25 10:52:50 -0400
Processing by StaticPagesController#root as HTML
  Rendering static_pages/root.html.erb within layouts/application
  Rendered static_pages/root.html.erb within layouts/application (0.3ms)
Completed 200 OK in 94ms (Views: 91.0ms | ActiveRecord: 0.0ms)


Started POST "/gifs" for 127.0.0.1 at 2018-04-25 10:53:42 -0400
Processing by GifsController#create as */*
  Parameters: {"gif"=>{"title"=>"Funny biz", "url"=>"gobelasdfadsf"}}
  [1m[35m (0.2ms)[0m  [1m[35mBEGIN[0m
  [1m[36mGif Exists (10.0ms)[0m  [1m[34mSELECT  1 AS one FROM "gifs" WHERE "gifs"."title" = $1 LIMIT $2[0m  [["title", "Funny biz"], ["LIMIT", 1]]
  [1m[35mSQL (3.6ms)[0m  [1m[32mINSERT INTO "gifs" ("title", "url") VALUES ($1, $2) RETURNING "id"[0m  [["title", "Funny biz"], ["url", "gobelasdfadsf"]]
  [1m[35m (3.2ms)[0m  [1m[35mCOMMIT[0m
Completed 200 OK in 69ms (Views: 0.7ms | ActiveRecord: 49.6ms)


Started GET "/" for 127.0.0.1 at 2018-04-25 10:55:31 -0400
Processing by StaticPagesController#root as HTML
  Rendering static_pages/root.html.erb within layouts/application
  Rendered static_pages/root.html.erb within layouts/application (0.4ms)
Completed 200 OK in 110ms (Views: 107.7ms | ActiveRecord: 0.0ms)


Started POST "/gifs" for 127.0.0.1 at 2018-04-25 10:55:41 -0400
Processing by GifsController#create as */*
  Parameters: {"gif"=>{"title"=>"Funny bizness", "url"=>"gobelasdfadsf"}}
  [1m[35m (0.2ms)[0m  [1m[35mBEGIN[0m
  [1m[36mGif Exists (0.5ms)[0m  [1m[34mSELECT  1 AS one FROM "gifs" WHERE "gifs"."title" = $1 LIMIT $2[0m  [["title", "Funny bizness"], ["LIMIT", 1]]
  [1m[35mSQL (0.4ms)[0m  [1m[32mINSERT INTO "gifs" ("title", "url") VALUES ($1, $2) RETURNING "id"[0m  [["title", "Funny bizness"], ["url", "gobelasdfadsf"]]
  [1m[35m (2.3ms)[0m  [1m[35mCOMMIT[0m
Completed 200 OK in 8ms (Views: 0.3ms | ActiveRecord: 3.3ms)


Started GET "/" for 127.0.0.1 at 2018-04-25 10:56:55 -0400
Processing by StaticPagesController#root as HTML
  Rendering static_pages/root.html.erb within layouts/application
  Rendered static_pages/root.html.erb within layouts/application (0.4ms)
Completed 200 OK in 95ms (Views: 92.6ms | ActiveRecord: 0.0ms)


Started GET "/gifs/Funny%20biz" for 127.0.0.1 at 2018-04-25 10:57:04 -0400
Processing by GifsController#show as */*
  Parameters: {"title"=>"Funny biz"}
  [1m[36mGif Load (0.3ms)[0m  [1m[34mSELECT  "gifs".* FROM "gifs" WHERE "gifs"."title" = $1 LIMIT $2[0m  [["title", "Funny biz"], ["LIMIT", 1]]
Completed 200 OK in 11ms (Views: 0.5ms | ActiveRecord: 0.6ms)


Started GET "/gifs/Funny%20bizness" for 127.0.0.1 at 2018-04-25 10:57:25 -0400
Processing by GifsController#show as */*
  Parameters: {"title"=>"Funny bizness"}
  [1m[36mGif Load (0.7ms)[0m  [1m[34mSELECT  "gifs".* FROM "gifs" WHERE "gifs"."title" = $1 LIMIT $2[0m  [["title", "Funny bizness"], ["LIMIT", 1]]
Completed 200 OK in 3ms (Views: 0.3ms | ActiveRecord: 0.7ms)


Started GET "/" for 127.0.0.1 at 2018-04-25 11:19:56 -0400
Processing by StaticPagesController#root as HTML
  Rendering static_pages/root.html.erb within layouts/application
  Rendered static_pages/root.html.erb within layouts/application (0.5ms)
Completed 200 OK in 98ms (Views: 95.9ms | ActiveRecord: 0.0ms)


Started GET "/" for 127.0.0.1 at 2018-04-25 11:19:59 -0400
Processing by StaticPagesController#root as HTML
  Rendering static_pages/root.html.erb within layouts/application
  Rendered static_pages/root.html.erb within layouts/application (0.5ms)
Completed 200 OK in 21ms (Views: 19.0ms | ActiveRecord: 0.0ms)


Started GET "/" for 127.0.0.1 at 2018-04-25 11:21:52 -0400
Processing by StaticPagesController#root as HTML
  Rendering static_pages/root.html.erb within layouts/application
  Rendered static_pages/root.html.erb within layouts/application (0.4ms)
Completed 200 OK in 96ms (Views: 93.0ms | ActiveRecord: 0.0ms)


Started GET "/" for 127.0.0.1 at 2018-04-25 11:26:00 -0400
Processing by StaticPagesController#root as HTML
  Rendering static_pages/root.html.erb within layouts/application
  Rendered static_pages/root.html.erb within layouts/application (0.4ms)
Completed 200 OK in 32ms (Views: 27.3ms | ActiveRecord: 0.0ms)


Started GET "/" for 127.0.0.1 at 2018-04-25 11:32:37 -0400
Processing by StaticPagesController#root as HTML
  Rendering static_pages/root.html.erb within layouts/application
  Rendered static_pages/root.html.erb within layouts/application (0.4ms)
Completed 200 OK in 99ms (Views: 96.9ms | ActiveRecord: 0.0ms)


Started GET "/" for 127.0.0.1 at 2018-04-25 11:32:39 -0400
Processing by StaticPagesController#root as HTML
  Rendering static_pages/root.html.erb within layouts/application
  Rendered static_pages/root.html.erb within layouts/application (0.4ms)
Completed 200 OK in 28ms (Views: 26.3ms | ActiveRecord: 0.0ms)


Started POST "/gifs" for 127.0.0.1 at 2018-04-25 11:33:35 -0400
Processing by GifsController#create as */*
  Parameters: {"gif"=>{"title"=>"one single bunny", "url"=>"https://media1.giphy.com/media/Gz1jWVn8w2ti0/giphy.gif"}}
  [1m[35m (0.5ms)[0m  [1m[35mBEGIN[0m
  [1m[36mGif Exists (1.1ms)[0m  [1m[34mSELECT  1 AS one FROM "gifs" WHERE "gifs"."title" = $1 LIMIT $2[0m  [["title", "one single bunny"], ["LIMIT", 1]]
  [1m[35mSQL (0.4ms)[0m  [1m[32mINSERT INTO "gifs" ("title", "url") VALUES ($1, $2) RETURNING "id"[0m  [["title", "one single bunny"], ["url", "https://media1.giphy.com/media/Gz1jWVn8w2ti0/giphy.gif"]]
  [1m[35m (2.2ms)[0m  [1m[35mCOMMIT[0m
Completed 200 OK in 10ms (Views: 0.5ms | ActiveRecord: 4.2ms)


Started POST "/gifs" for 127.0.0.1 at 2018-04-25 11:34:25 -0400
Processing by GifsController#create as */*
  Parameters: {"gif"=>{"title"=>"one single bunny", "url"=>"https://media1.giphy.com/media/ONuQzM11fjvoY/giphy.gif"}}
  [1m[35m (0.2ms)[0m  [1m[35mBEGIN[0m
  [1m[36mGif Exists (0.4ms)[0m  [1m[34mSELECT  1 AS one FROM "gifs" WHERE "gifs"."title" = $1 LIMIT $2[0m  [["title", "one single bunny"], ["LIMIT", 1]]
  [1m[35m (0.3ms)[0m  [1m[31mROLLBACK[0m
Completed 422 Unprocessable Entity in 27ms (Views: 0.3ms | ActiveRecord: 0.9ms)


Started GET "/" for 127.0.0.1 at 2018-04-25 11:36:11 -0400
Processing by StaticPagesController#root as HTML
  Rendering static_pages/root.html.erb within layouts/application
  Rendered static_pages/root.html.erb within layouts/application (0.4ms)
Completed 200 OK in 104ms (Views: 100.6ms | ActiveRecord: 0.0ms)


Started POST "/gifs" for 127.0.0.1 at 2018-04-25 11:36:31 -0400
Processing by GifsController#create as */*
  Parameters: {"gif"=>{"title"=>"one single bunny", "url"=>"https://media2.giphy.com/media/iCOrqDgajehbi/giphy.gif"}}
  [1m[35m (0.1ms)[0m  [1m[35mBEGIN[0m
  [1m[36mGif Exists (0.4ms)[0m  [1m[34mSELECT  1 AS one FROM "gifs" WHERE "gifs"."title" = $1 LIMIT $2[0m  [["title", "one single bunny"], ["LIMIT", 1]]
  [1m[35m (0.2ms)[0m  [1m[31mROLLBACK[0m
Completed 422 Unprocessable Entity in 5ms (Views: 0.2ms | ActiveRecord: 0.7ms)


Started GET "/" for 127.0.0.1 at 2018-04-25 11:37:31 -0400
Processing by StaticPagesController#root as HTML
  Rendering static_pages/root.html.erb within layouts/application
  Rendered static_pages/root.html.erb within layouts/application (0.5ms)
Completed 200 OK in 95ms (Views: 93.0ms | ActiveRecord: 0.0ms)


Started POST "/gifs" for 127.0.0.1 at 2018-04-25 11:37:51 -0400
Processing by GifsController#create as */*
  Parameters: {"gif"=>{"title"=>"one single bunny", "url"=>"https://media1.giphy.com/media/cno2xWuCqkG6A/giphy.gif"}}
  [1m[35m (0.2ms)[0m  [1m[35mBEGIN[0m
  [1m[36mGif Exists (0.5ms)[0m  [1m[34mSELECT  1 AS one FROM "gifs" WHERE "gifs"."title" = $1 LIMIT $2[0m  [["title", "one single bunny"], ["LIMIT", 1]]
  [1m[35m (0.2ms)[0m  [1m[31mROLLBACK[0m
Completed 422 Unprocessable Entity in 6ms (Views: 0.2ms | ActiveRecord: 0.8ms)


Started POST "/gifs" for 127.0.0.1 at 2018-04-25 11:38:05 -0400
Processing by GifsController#create as */*
  Parameters: {"gif"=>{"title"=>"hungry bunny", "url"=>"https://media1.giphy.com/media/cno2xWuCqkG6A/giphy.gif"}}
  [1m[35m (0.2ms)[0m  [1m[35mBEGIN[0m
  [1m[36mGif Exists (0.5ms)[0m  [1m[34mSELECT  1 AS one FROM "gifs" WHERE "gifs"."title" = $1 LIMIT $2[0m  [["title", "hungry bunny"], ["LIMIT", 1]]
  [1m[35mSQL (0.8ms)[0m  [1m[32mINSERT INTO "gifs" ("title", "url") VALUES ($1, $2) RETURNING "id"[0m  [["title", "hungry bunny"], ["url", "https://media1.giphy.com/media/cno2xWuCqkG6A/giphy.gif"]]
  [1m[35m (2.2ms)[0m  [1m[35mCOMMIT[0m
Completed 200 OK in 8ms (Views: 0.3ms | ActiveRecord: 3.6ms)


Started GET "/" for 127.0.0.1 at 2018-04-25 11:39:22 -0400
Processing by StaticPagesController#root as HTML
  Rendering static_pages/root.html.erb within layouts/application
  Rendered static_pages/root.html.erb within layouts/application (0.4ms)
Completed 200 OK in 105ms (Views: 103.7ms | ActiveRecord: 0.0ms)


Started POST "/gifs" for 127.0.0.1 at 2018-04-25 11:39:33 -0400
Processing by GifsController#create as */*
  Parameters: {"gif"=>{"title"=>"hulk bunny", "url"=>"https://media1.giphy.com/media/4jZBAZTvuASt2/giphy.gif"}}
  [1m[35m (0.3ms)[0m  [1m[35mBEGIN[0m
  [1m[36mGif Exists (0.5ms)[0m  [1m[34mSELECT  1 AS one FROM "gifs" WHERE "gifs"."title" = $1 LIMIT $2[0m  [["title", "hulk bunny"], ["LIMIT", 1]]
  [1m[35mSQL (0.7ms)[0m  [1m[32mINSERT INTO "gifs" ("title", "url") VALUES ($1, $2) RETURNING "id"[0m  [["title", "hulk bunny"], ["url", "https://media1.giphy.com/media/4jZBAZTvuASt2/giphy.gif"]]
  [1m[35m (3.6ms)[0m  [1m[35mCOMMIT[0m
Completed 200 OK in 11ms (Views: 0.6ms | ActiveRecord: 5.1ms)


Started POST "/gifs" for 127.0.0.1 at 2018-04-25 11:39:41 -0400
Processing by GifsController#create as */*
  Parameters: {"gif"=>{"title"=>"hulk bunny", "url"=>"https://media1.giphy.com/media/4jZBAZTvuASt2/giphy.gif"}}
  [1m[35m (0.2ms)[0m  [1m[35mBEGIN[0m
  [1m[36mGif Exists (0.4ms)[0m  [1m[34mSELECT  1 AS one FROM "gifs" WHERE "gifs"."title" = $1 LIMIT $2[0m  [["title", "hulk bunny"], ["LIMIT", 1]]
  [1m[35m (0.2ms)[0m  [1m[31mROLLBACK[0m
Completed 422 Unprocessable Entity in 5ms (Views: 0.2ms | ActiveRecord: 0.8ms)


Started GET "/" for 127.0.0.1 at 2018-04-25 11:40:22 -0400
Processing by StaticPagesController#root as HTML
  Rendering static_pages/root.html.erb within layouts/application
  Rendered static_pages/root.html.erb within layouts/application (0.3ms)
Completed 200 OK in 98ms (Views: 96.0ms | ActiveRecord: 0.0ms)


Started POST "/gifs" for 127.0.0.1 at 2018-04-25 11:40:33 -0400
Processing by GifsController#create as */*
  Parameters: {"gif"=>{"title"=>"thief bunny", "url"=>"https://media1.giphy.com/media/1ErYLftcjMmA0/giphy.gif"}}
  [1m[35m (0.2ms)[0m  [1m[35mBEGIN[0m
  [1m[36mGif Exists (0.4ms)[0m  [1m[34mSELECT  1 AS one FROM "gifs" WHERE "gifs"."title" = $1 LIMIT $2[0m  [["title", "thief bunny"], ["LIMIT", 1]]
  [1m[35mSQL (0.4ms)[0m  [1m[32mINSERT INTO "gifs" ("title", "url") VALUES ($1, $2) RETURNING "id"[0m  [["title", "thief bunny"], ["url", "https://media1.giphy.com/media/1ErYLftcjMmA0/giphy.gif"]]
  [1m[35m (2.3ms)[0m  [1m[35mCOMMIT[0m
Completed 200 OK in 7ms (Views: 0.3ms | ActiveRecord: 3.2ms)


Started GET "/" for 127.0.0.1 at 2018-04-25 11:51:10 -0400
Processing by StaticPagesController#root as HTML
  Rendering static_pages/root.html.erb within layouts/application
  Rendered static_pages/root.html.erb within layouts/application (0.5ms)
Completed 200 OK in 103ms (Views: 100.5ms | ActiveRecord: 0.0ms)


Started GET "/gifs/one%20single%20bunny" for 127.0.0.1 at 2018-04-25 11:51:23 -0400
Processing by GifsController#show as */*
  Parameters: {"title"=>"one single bunny"}
  [1m[36mGif Load (0.6ms)[0m  [1m[34mSELECT  "gifs".* FROM "gifs" WHERE "gifs"."title" = $1 LIMIT $2[0m  [["title", "one single bunny"], ["LIMIT", 1]]
Completed 200 OK in 4ms (Views: 0.5ms | ActiveRecord: 0.6ms)


Started GET "/gifs/hulk%20bunny" for 127.0.0.1 at 2018-04-25 11:51:33 -0400
Processing by GifsController#show as */*
  Parameters: {"title"=>"hulk bunny"}
  [1m[36mGif Load (0.4ms)[0m  [1m[34mSELECT  "gifs".* FROM "gifs" WHERE "gifs"."title" = $1 LIMIT $2[0m  [["title", "hulk bunny"], ["LIMIT", 1]]
Completed 200 OK in 2ms (Views: 0.4ms | ActiveRecord: 0.4ms)


Started GET "/gifs/one%20single%20cat" for 127.0.0.1 at 2018-04-25 11:51:37 -0400
Processing by GifsController#show as */*
  Parameters: {"title"=>"one single cat"}
  [1m[36mGif Load (0.5ms)[0m  [1m[34mSELECT  "gifs".* FROM "gifs" WHERE "gifs"."title" = $1 LIMIT $2[0m  [["title", "one single cat"], ["LIMIT", 1]]
Completed 422 Unprocessable Entity in 3ms (Views: 0.2ms | ActiveRecord: 0.5ms)


Started GET "/" for 127.0.0.1 at 2018-04-25 11:53:20 -0400
Processing by StaticPagesController#root as HTML
  Rendering static_pages/root.html.erb within layouts/application
  Rendered static_pages/root.html.erb within layouts/application (0.5ms)
Completed 200 OK in 94ms (Views: 92.5ms | ActiveRecord: 0.0ms)


Started GET "/gifs/hulk%20bunny" for 127.0.0.1 at 2018-04-25 11:53:24 -0400
Processing by GifsController#show as */*
  Parameters: {"title"=>"hulk bunny"}
  [1m[36mGif Load (0.5ms)[0m  [1m[34mSELECT  "gifs".* FROM "gifs" WHERE "gifs"."title" = $1 LIMIT $2[0m  [["title", "hulk bunny"], ["LIMIT", 1]]
Completed 200 OK in 4ms (Views: 0.6ms | ActiveRecord: 0.5ms)


Started GET "/" for 127.0.0.1 at 2018-04-25 12:04:46 -0400
Processing by StaticPagesController#root as HTML
  Rendering static_pages/root.html.erb within layouts/application
  Rendered static_pages/root.html.erb within layouts/application (0.5ms)
Completed 200 OK in 114ms (Views: 112.3ms | ActiveRecord: 0.0ms)


Started GET "/" for 127.0.0.1 at 2018-04-25 12:06:06 -0400
Processing by StaticPagesController#root as HTML
  Rendering static_pages/root.html.erb within layouts/application
  Rendered static_pages/root.html.erb within layouts/application (0.3ms)
Completed 200 OK in 95ms (Views: 92.5ms | ActiveRecord: 0.0ms)


Started GET "/" for 127.0.0.1 at 2018-04-25 12:06:08 -0400
Processing by StaticPagesController#root as HTML
  Rendering static_pages/root.html.erb within layouts/application
  Rendered static_pages/root.html.erb within layouts/application (0.4ms)
Completed 200 OK in 41ms (Views: 37.1ms | ActiveRecord: 0.0ms)


Started GET "/" for 127.0.0.1 at 2018-04-25 12:32:59 -0400
Processing by StaticPagesController#root as HTML
  Rendering static_pages/root.html.erb within layouts/application
  Rendered static_pages/root.html.erb within layouts/application (0.9ms)
Completed 200 OK in 242ms (Views: 236.2ms | ActiveRecord: 0.0ms)


Started GET "/" for 127.0.0.1 at 2018-04-25 12:33:02 -0400
Processing by StaticPagesController#root as HTML
  Rendering static_pages/root.html.erb within layouts/application
  Rendered static_pages/root.html.erb within layouts/application (0.8ms)
Completed 200 OK in 36ms (Views: 32.6ms | ActiveRecord: 0.0ms)


Started GET "/gifs/hulk%20bunny" for 127.0.0.1 at 2018-04-25 12:33:06 -0400
Processing by GifsController#show as */*
  Parameters: {"title"=>"hulk bunny"}
  [1m[36mGif Load (0.3ms)[0m  [1m[34mSELECT  "gifs".* FROM "gifs" WHERE "gifs"."title" = $1 LIMIT $2[0m  [["title", "hulk bunny"], ["LIMIT", 1]]
Completed 200 OK in 20ms (Views: 0.4ms | ActiveRecord: 8.9ms)


Started POST "/gifs" for 127.0.0.1 at 2018-04-25 12:33:18 -0400
Processing by GifsController#create as */*
  Parameters: {"gif"=>{"title"=>"link horse", "url"=>"https://media0.giphy.com/media/Nx2bztNF0RcR2/giphy.gif"}}
  [1m[35m (0.3ms)[0m  [1m[35mBEGIN[0m
  [1m[36mGif Exists (0.5ms)[0m  [1m[34mSELECT  1 AS one FROM "gifs" WHERE "gifs"."title" = $1 LIMIT $2[0m  [["title", "link horse"], ["LIMIT", 1]]
  [1m[35mSQL (0.4ms)[0m  [1m[32mINSERT INTO "gifs" ("title", "url") VALUES ($1, $2) RETURNING "id"[0m  [["title", "link horse"], ["url", "https://media0.giphy.com/media/Nx2bztNF0RcR2/giphy.gif"]]
  [1m[35m (2.7ms)[0m  [1m[35mCOMMIT[0m
Completed 200 OK in 12ms (Views: 0.4ms | ActiveRecord: 3.9ms)


Started GET "/gifs/link%20horse" for 127.0.0.1 at 2018-04-25 12:33:23 -0400
Processing by GifsController#show as */*
  Parameters: {"title"=>"link horse"}
  [1m[36mGif Load (0.2ms)[0m  [1m[34mSELECT  "gifs".* FROM "gifs" WHERE "gifs"."title" = $1 LIMIT $2[0m  [["title", "link horse"], ["LIMIT", 1]]
Completed 200 OK in 2ms (Views: 0.3ms | ActiveRecord: 0.2ms)


  [1m[35mSQL (1.9ms)[0m  [1m[35mCREATE EXTENSION IF NOT EXISTS "plpgsql"[0m
  [1m[35m (1.5ms)[0m  [1m[35mDROP TABLE IF EXISTS "gifs" CASCADE[0m
  [1m[35m (76.4ms)[0m  [1m[35mCREATE TABLE "gifs" ("id" bigserial primary key, "title" character varying, "url" character varying)[0m
  [1m[35m (15.4ms)[0m  [1m[35mCREATE TABLE "schema_migrations" ("version" character varying NOT NULL PRIMARY KEY)[0m
  [1m[35m (1.0ms)[0m  [1m[34mSELECT "schema_migrations"."version" FROM "schema_migrations" ORDER BY "schema_migrations"."version" ASC[0m
  [1m[35m (5.2ms)[0m  [1m[32mINSERT INTO "schema_migrations" (version) VALUES (20180218183701)[0m
  [1m[35m (16.0ms)[0m  [1m[35mCREATE TABLE "ar_internal_metadata" ("key" character varying NOT NULL PRIMARY KEY, "value" character varying, "created_at" timestamp NOT NULL, "updated_at" timestamp NOT NULL)[0m
  [1m[36mActiveRecord::InternalMetadata Load (0.6ms)[0m  [1m[34mSELECT  "ar_internal_metadata".* FROM "ar_internal_metadata" WHERE "ar_internal_metadata"."key" = $1 LIMIT $2[0m  [["key", "environment"], ["LIMIT", 1]]
  [1m[35m (0.2ms)[0m  [1m[35mBEGIN[0m
  [1m[35mSQL (4.0ms)[0m  [1m[32mINSERT INTO "ar_internal_metadata" ("key", "value", "created_at", "updated_at") VALUES ($1, $2, $3, $4) RETURNING "key"[0m  [["key", "environment"], ["value", "development"], ["created_at", "2018-05-23 08:47:42.861971"], ["updated_at", "2018-05-23 08:47:42.861971"]]
  [1m[35m (1.2ms)[0m  [1m[35mCOMMIT[0m
  [1m[36mActiveRecord::InternalMetadata Load (1.9ms)[0m  [1m[34mSELECT  "ar_internal_metadata".* FROM "ar_internal_metadata" WHERE "ar_internal_metadata"."key" = $1 LIMIT $2[0m  [["key", "environment"], ["LIMIT", 1]]
  [1m[35m (0.4ms)[0m  [1m[35mBEGIN[0m
  [1m[35m (0.3ms)[0m  [1m[35mCOMMIT[0m
  [1m[35mSQL (0.8ms)[0m  [1m[35mCREATE EXTENSION IF NOT EXISTS "plpgsql"[0m
  [1m[35m (0.3ms)[0m  [1m[35mDROP TABLE IF EXISTS "gifs" CASCADE[0m
  [1m[35m (55.1ms)[0m  [1m[35mCREATE TABLE "gifs" ("id" bigserial primary key, "title" character varying, "url" character varying)[0m
  [1m[35m (9.1ms)[0m  [1m[35mCREATE TABLE "schema_migrations" ("version" character varying NOT NULL PRIMARY KEY)[0m
  [1m[35m (1.2ms)[0m  [1m[34mSELECT "schema_migrations"."version" FROM "schema_migrations" ORDER BY "schema_migrations"."version" ASC[0m
  [1m[35m (2.2ms)[0m  [1m[32mINSERT INTO "schema_migrations" (version) VALUES (20180218183701)[0m
  [1m[35m (26.5ms)[0m  [1m[35mCREATE TABLE "ar_internal_metadata" ("key" character varying NOT NULL PRIMARY KEY, "value" character varying, "created_at" timestamp NOT NULL, "updated_at" timestamp NOT NULL)[0m
  [1m[36mActiveRecord::InternalMetadata Load (1.9ms)[0m  [1m[34mSELECT  "ar_internal_metadata".* FROM "ar_internal_metadata" WHERE "ar_internal_metadata"."key" = $1 LIMIT $2[0m  [["key", "environment"], ["LIMIT", 1]]
  [1m[35m (0.3ms)[0m  [1m[35mBEGIN[0m
  [1m[35mSQL (1.0ms)[0m  [1m[32mINSERT INTO "ar_internal_metadata" ("key", "value", "created_at", "updated_at") VALUES ($1, $2, $3, $4) RETURNING "key"[0m  [["key", "environment"], ["value", "development"], ["created_at", "2018-05-23 08:47:43.039407"], ["updated_at", "2018-05-23 08:47:43.039407"]]
  [1m[35m (0.6ms)[0m  [1m[35mCOMMIT[0m
  [1m[36mActiveRecord::InternalMetadata Load (0.4ms)[0m  [1m[34mSELECT  "ar_internal_metadata".* FROM "ar_internal_metadata" WHERE "ar_internal_metadata"."key" = $1 LIMIT $2[0m  [["key", "environment"], ["LIMIT", 1]]
  [1m[35m (0.1ms)[0m  [1m[35mBEGIN[0m
  [1m[35mSQL (2.0ms)[0m  [1m[33mUPDATE "ar_internal_metadata" SET "value" = $1, "updated_at" = $2 WHERE "ar_internal_metadata"."key" = $3[0m  [["value", "test"], ["updated_at", "2018-05-23 08:47:43.046473"], ["key", "environment"]]
  [1m[35m (1.3ms)[0m  [1m[35mCOMMIT[0m
  [1m[35m (1.1ms)[0m  [1m[34mSELECT "schema_migrations"."version" FROM "schema_migrations" ORDER BY "schema_migrations"."version" ASC[0m
Started GET "/" for 127.0.0.1 at 2018-05-23 01:47:59 -0700
  [1m[35m (1.4ms)[0m  [1m[34mSELECT "schema_migrations"."version" FROM "schema_migrations" ORDER BY "schema_migrations"."version" ASC[0m
Processing by StaticPagesController#root as HTML
  Rendering static_pages/root.html.erb within layouts/application
  Rendered static_pages/root.html.erb within layouts/application (3.0ms)
Completed 200 OK in 7658ms (Views: 7462.2ms | ActiveRecord: 0.0ms)


Started POST "/gifs" for 127.0.0.1 at 2018-05-23 01:59:41 -0700
Processing by GifsController#create as */*
  Parameters: {"gif"=>{"title"=>"O.M.G.", "url"=>"https://media1.giphy.com/media/4bhoNxV7SG6Nq/giphy.gif"}}
  [1m[35m (0.4ms)[0m  [1m[35mBEGIN[0m
  [1m[36mGif Exists (2.4ms)[0m  [1m[34mSELECT  1 AS one FROM "gifs" WHERE "gifs"."title" = $1 LIMIT $2[0m  [["title", "O.M.G."], ["LIMIT", 1]]
  [1m[35mSQL (2.6ms)[0m  [1m[32mINSERT INTO "gifs" ("title", "url") VALUES ($1, $2) RETURNING "id"[0m  [["title", "O.M.G."], ["url", "https://media1.giphy.com/media/4bhoNxV7SG6Nq/giphy.gif"]]
  [1m[35m (1.7ms)[0m  [1m[35mCOMMIT[0m
Completed 200 OK in 177ms (Views: 16.4ms | ActiveRecord: 48.0ms)


Started GET "/" for 127.0.0.1 at 2018-05-23 02:28:38 -0700
  [1m[35m (1.9ms)[0m  [1m[34mSELECT "schema_migrations"."version" FROM "schema_migrations" ORDER BY "schema_migrations"."version" ASC[0m
Processing by StaticPagesController#root as HTML
  Rendering static_pages/root.html.erb within layouts/application
  Rendered static_pages/root.html.erb within layouts/application (3.0ms)
Completed 200 OK in 5254ms (Views: 5218.2ms | ActiveRecord: 0.0ms)


Started GET "/" for 127.0.0.1 at 2018-05-23 02:31:00 -0700
Processing by StaticPagesController#root as HTML
  Rendering static_pages/root.html.erb within layouts/application
  Rendered static_pages/root.html.erb within layouts/application (0.5ms)
Completed 200 OK in 68ms (Views: 63.6ms | ActiveRecord: 0.0ms)


Started GET "/" for 127.0.0.1 at 2018-05-23 02:37:56 -0700
Processing by StaticPagesController#root as HTML
  Rendering static_pages/root.html.erb within layouts/application
  Rendered static_pages/root.html.erb within layouts/application (2.8ms)
Completed 200 OK in 139ms (Views: 125.1ms | ActiveRecord: 0.0ms)


Started GET "/" for 127.0.0.1 at 2018-05-23 02:38:09 -0700
Processing by StaticPagesController#root as HTML
  Rendering static_pages/root.html.erb within layouts/application
  Rendered static_pages/root.html.erb within layouts/application (1.7ms)
Completed 200 OK in 278ms (Views: 273.0ms | ActiveRecord: 0.0ms)


Started GET "/" for 127.0.0.1 at 2018-05-23 02:39:21 -0700
Processing by StaticPagesController#root as HTML
  Rendering static_pages/root.html.erb within layouts/application
  Rendered static_pages/root.html.erb within layouts/application (0.7ms)
Completed 200 OK in 94ms (Views: 89.7ms | ActiveRecord: 0.0ms)


Started GET "/" for 127.0.0.1 at 2018-05-23 02:39:35 -0700
Processing by StaticPagesController#root as HTML
  Rendering static_pages/root.html.erb within layouts/application
  Rendered static_pages/root.html.erb within layouts/application (0.8ms)
Completed 200 OK in 82ms (Views: 76.6ms | ActiveRecord: 0.0ms)


Started GET "/" for 127.0.0.1 at 2018-05-23 02:41:23 -0700
Processing by StaticPagesController#root as HTML
  Rendering static_pages/root.html.erb within layouts/application
  Rendered static_pages/root.html.erb within layouts/application (0.4ms)
Completed 200 OK in 72ms (Views: 67.8ms | ActiveRecord: 0.0ms)


Started GET "/" for 127.0.0.1 at 2018-05-23 02:41:37 -0700
Processing by StaticPagesController#root as HTML
  Rendering static_pages/root.html.erb within layouts/application
  Rendered static_pages/root.html.erb within layouts/application (0.6ms)
Completed 200 OK in 77ms (Views: 72.6ms | ActiveRecord: 0.0ms)


Started GET "/" for 127.0.0.1 at 2018-05-23 02:44:17 -0700
Processing by StaticPagesController#root as HTML
  Rendering static_pages/root.html.erb within layouts/application
  Rendered static_pages/root.html.erb within layouts/application (0.5ms)
Completed 200 OK in 92ms (Views: 88.8ms | ActiveRecord: 0.0ms)


Started GET "/" for 127.0.0.1 at 2018-05-23 02:44:57 -0700
Processing by StaticPagesController#root as HTML
  Rendering static_pages/root.html.erb within layouts/application
  Rendered static_pages/root.html.erb within layouts/application (0.6ms)
Completed 200 OK in 76ms (Views: 71.0ms | ActiveRecord: 0.0ms)


Started GET "/" for 127.0.0.1 at 2018-05-23 02:45:35 -0700
Processing by StaticPagesController#root as HTML
  Rendering static_pages/root.html.erb within layouts/application
  Rendered static_pages/root.html.erb within layouts/application (0.8ms)
Completed 200 OK in 58ms (Views: 54.3ms | ActiveRecord: 0.0ms)


Started GET "/" for 127.0.0.1 at 2018-05-23 02:45:56 -0700
Processing by StaticPagesController#root as HTML
  Rendering static_pages/root.html.erb within layouts/application
  Rendered static_pages/root.html.erb within layouts/application (0.6ms)
Completed 200 OK in 73ms (Views: 68.8ms | ActiveRecord: 0.0ms)


Started GET "/" for 127.0.0.1 at 2018-05-23 02:46:10 -0700
Processing by StaticPagesController#root as HTML
  Rendering static_pages/root.html.erb within layouts/application
  Rendered static_pages/root.html.erb within layouts/application (0.7ms)
Completed 200 OK in 71ms (Views: 67.3ms | ActiveRecord: 0.0ms)


Started GET "/" for 127.0.0.1 at 2018-05-23 02:46:22 -0700
Processing by StaticPagesController#root as HTML
  Rendering static_pages/root.html.erb within layouts/application
  Rendered static_pages/root.html.erb within layouts/application (0.7ms)
Completed 200 OK in 66ms (Views: 61.7ms | ActiveRecord: 0.0ms)


Started GET "/" for 127.0.0.1 at 2018-05-23 02:46:26 -0700
Processing by StaticPagesController#root as HTML
  Rendering static_pages/root.html.erb within layouts/application
  Rendered static_pages/root.html.erb within layouts/application (0.6ms)
Completed 200 OK in 56ms (Views: 52.7ms | ActiveRecord: 0.0ms)


Started GET "/" for 127.0.0.1 at 2018-05-23 02:46:46 -0700
Processing by StaticPagesController#root as HTML
  Rendering static_pages/root.html.erb within layouts/application
  Rendered static_pages/root.html.erb within layouts/application (0.7ms)
Completed 200 OK in 69ms (Views: 64.3ms | ActiveRecord: 0.0ms)


Started GET "/" for 127.0.0.1 at 2018-05-23 02:47:11 -0700
Processing by StaticPagesController#root as HTML
  Rendering static_pages/root.html.erb within layouts/application
  Rendered static_pages/root.html.erb within layouts/application (0.8ms)
Completed 200 OK in 74ms (Views: 71.8ms | ActiveRecord: 0.0ms)


Started GET "/" for 127.0.0.1 at 2018-05-23 02:47:45 -0700
Processing by StaticPagesController#root as HTML
  Rendering static_pages/root.html.erb within layouts/application
  Rendered static_pages/root.html.erb within layouts/application (0.8ms)
Completed 200 OK in 81ms (Views: 78.1ms | ActiveRecord: 0.0ms)


Started GET "/" for 127.0.0.1 at 2018-05-23 02:49:27 -0700
Processing by StaticPagesController#root as HTML
  Rendering static_pages/root.html.erb within layouts/application
  Rendered static_pages/root.html.erb within layouts/application (0.5ms)
Completed 200 OK in 108ms (Views: 102.5ms | ActiveRecord: 0.0ms)


Started GET "/" for 127.0.0.1 at 2018-05-23 02:50:34 -0700
Processing by StaticPagesController#root as HTML
  Rendering static_pages/root.html.erb within layouts/application
  Rendered static_pages/root.html.erb within layouts/application (0.6ms)
Completed 200 OK in 50ms (Views: 47.2ms | ActiveRecord: 0.0ms)


Started GET "/" for 127.0.0.1 at 2018-05-23 02:50:37 -0700
Processing by StaticPagesController#root as HTML
  Rendering static_pages/root.html.erb within layouts/application
  Rendered static_pages/root.html.erb within layouts/application (0.4ms)
Completed 200 OK in 23ms (Views: 20.5ms | ActiveRecord: 0.0ms)


Started GET "/" for 127.0.0.1 at 2018-05-23 02:50:45 -0700
Processing by StaticPagesController#root as HTML
  Rendering static_pages/root.html.erb within layouts/application
  Rendered static_pages/root.html.erb within layouts/application (0.6ms)
Completed 200 OK in 62ms (Views: 58.3ms | ActiveRecord: 0.0ms)


Started GET "/" for 127.0.0.1 at 2018-05-23 02:50:52 -0700
Processing by StaticPagesController#root as HTML
  Rendering static_pages/root.html.erb within layouts/application
  Rendered static_pages/root.html.erb within layouts/application (0.6ms)
Completed 200 OK in 56ms (Views: 53.4ms | ActiveRecord: 0.0ms)


Started GET "/" for 127.0.0.1 at 2018-05-23 02:51:03 -0700
Processing by StaticPagesController#root as HTML
  Rendering static_pages/root.html.erb within layouts/application
  Rendered static_pages/root.html.erb within layouts/application (0.6ms)
Completed 200 OK in 62ms (Views: 57.1ms | ActiveRecord: 0.0ms)


Started GET "/" for 127.0.0.1 at 2018-05-23 02:52:40 -0700
Processing by StaticPagesController#root as HTML
  Rendering static_pages/root.html.erb within layouts/application
  Rendered static_pages/root.html.erb within layouts/application (0.4ms)
Completed 200 OK in 85ms (Views: 82.0ms | ActiveRecord: 0.0ms)


Started GET "/" for 127.0.0.1 at 2018-05-23 02:53:14 -0700
Processing by StaticPagesController#root as HTML
  Rendering static_pages/root.html.erb within layouts/application
  Rendered static_pages/root.html.erb within layouts/application (0.5ms)
Completed 200 OK in 75ms (Views: 71.1ms | ActiveRecord: 0.0ms)


Started GET "/" for 127.0.0.1 at 2018-05-23 02:53:24 -0700
Processing by StaticPagesController#root as HTML
  Rendering static_pages/root.html.erb within layouts/application
  Rendered static_pages/root.html.erb within layouts/application (0.6ms)
Completed 200 OK in 85ms (Views: 81.7ms | ActiveRecord: 0.0ms)


Started GET "/" for 127.0.0.1 at 2018-05-23 02:53:26 -0700
Processing by StaticPagesController#root as HTML
  Rendering static_pages/root.html.erb within layouts/application
  Rendered static_pages/root.html.erb within layouts/application (0.6ms)
Completed 200 OK in 30ms (Views: 27.0ms | ActiveRecord: 0.0ms)


Started GET "/" for 127.0.0.1 at 2018-05-23 02:55:34 -0700
Processing by StaticPagesController#root as HTML
  Rendering static_pages/root.html.erb within layouts/application
  Rendered static_pages/root.html.erb within layouts/application (0.6ms)
Completed 200 OK in 51ms (Views: 48.3ms | ActiveRecord: 0.0ms)


Started GET "/" for 127.0.0.1 at 2018-05-23 02:56:55 -0700
Processing by StaticPagesController#root as HTML
  Rendering static_pages/root.html.erb within layouts/application
  Rendered static_pages/root.html.erb within layouts/application (1.0ms)
Completed 200 OK in 91ms (Views: 86.4ms | ActiveRecord: 0.0ms)


Started GET "/" for 127.0.0.1 at 2018-05-23 02:58:05 -0700
Processing by StaticPagesController#root as HTML
  Rendering static_pages/root.html.erb within layouts/application
  Rendered static_pages/root.html.erb within layouts/application (0.4ms)
Completed 200 OK in 95ms (Views: 91.1ms | ActiveRecord: 0.0ms)


Started GET "/" for 127.0.0.1 at 2018-05-23 02:58:34 -0700
Processing by StaticPagesController#root as HTML
  Rendering static_pages/root.html.erb within layouts/application
  Rendered static_pages/root.html.erb within layouts/application (0.5ms)
Completed 200 OK in 65ms (Views: 61.8ms | ActiveRecord: 0.0ms)


Started GET "/" for 127.0.0.1 at 2018-05-23 02:59:05 -0700
Processing by StaticPagesController#root as HTML
  Rendering static_pages/root.html.erb within layouts/application
  Rendered static_pages/root.html.erb within layouts/application (0.4ms)
Completed 200 OK in 50ms (Views: 47.4ms | ActiveRecord: 0.0ms)


Started GET "/" for 127.0.0.1 at 2018-05-23 03:56:12 -0700
Processing by StaticPagesController#root as HTML
  Rendering static_pages/root.html.erb within layouts/application
  Rendered static_pages/root.html.erb within layouts/application (3.3ms)
Completed 200 OK in 123ms (Views: 111.8ms | ActiveRecord: 0.0ms)


  [1m[35mSQL (41.5ms)[0m  [1m[35mCREATE EXTENSION IF NOT EXISTS "plpgsql"[0m
  [1m[35m (39.9ms)[0m  [1m[35mDROP TABLE IF EXISTS "gifs" CASCADE[0m
  [1m[35m (17.4ms)[0m  [1m[35mCREATE TABLE "gifs" ("id" bigserial primary key, "title" character varying, "url" character varying)[0m
  [1m[35m (4.0ms)[0m  [1m[35mCREATE TABLE "schema_migrations" ("version" character varying NOT NULL PRIMARY KEY)[0m
  [1m[35m (0.8ms)[0m  [1m[34mSELECT "schema_migrations"."version" FROM "schema_migrations" ORDER BY "schema_migrations"."version" ASC[0m
  [1m[35m (1.4ms)[0m  [1m[32mINSERT INTO "schema_migrations" (version) VALUES (20180218183701)[0m
  [1m[35m (25.5ms)[0m  [1m[35mCREATE TABLE "ar_internal_metadata" ("key" character varying NOT NULL PRIMARY KEY, "value" character varying, "created_at" timestamp NOT NULL, "updated_at" timestamp NOT NULL)[0m
  [1m[36mActiveRecord::InternalMetadata Load (0.5ms)[0m  [1m[34mSELECT  "ar_internal_metadata".* FROM "ar_internal_metadata" WHERE "ar_internal_metadata"."key" = $1 LIMIT $2[0m  [["key", "environment"], ["LIMIT", 1]]
  [1m[35m (0.2ms)[0m  [1m[35mBEGIN[0m
  [1m[35mSQL (2.1ms)[0m  [1m[32mINSERT INTO "ar_internal_metadata" ("key", "value", "created_at", "updated_at") VALUES ($1, $2, $3, $4) RETURNING "key"[0m  [["key", "environment"], ["value", "development"], ["created_at", "2019-10-17 17:08:29.522545"], ["updated_at", "2019-10-17 17:08:29.522545"]]
  [1m[35m (0.6ms)[0m  [1m[35mCOMMIT[0m
  [1m[36mActiveRecord::InternalMetadata Load (0.9ms)[0m  [1m[34mSELECT  "ar_internal_metadata".* FROM "ar_internal_metadata" WHERE "ar_internal_metadata"."key" = $1 LIMIT $2[0m  [["key", "environment"], ["LIMIT", 1]]
  [1m[35m (0.2ms)[0m  [1m[35mBEGIN[0m
  [1m[35m (0.2ms)[0m  [1m[35mCOMMIT[0m
  [1m[35mSQL (0.6ms)[0m  [1m[35mCREATE EXTENSION IF NOT EXISTS "plpgsql"[0m
  [1m[35m (0.3ms)[0m  [1m[35mDROP TABLE IF EXISTS "gifs" CASCADE[0m
  [1m[35m (8.4ms)[0m  [1m[35mCREATE TABLE "gifs" ("id" bigserial primary key, "title" character varying, "url" character varying)[0m
  [1m[35m (3.7ms)[0m  [1m[35mCREATE TABLE "schema_migrations" ("version" character varying NOT NULL PRIMARY KEY)[0m
  [1m[35m (0.7ms)[0m  [1m[34mSELECT "schema_migrations"."version" FROM "schema_migrations" ORDER BY "schema_migrations"."version" ASC[0m
  [1m[35m (0.9ms)[0m  [1m[32mINSERT INTO "schema_migrations" (version) VALUES (20180218183701)[0m
  [1m[35m (3.3ms)[0m  [1m[35mCREATE TABLE "ar_internal_metadata" ("key" character varying NOT NULL PRIMARY KEY, "value" character varying, "created_at" timestamp NOT NULL, "updated_at" timestamp NOT NULL)[0m
  [1m[36mActiveRecord::InternalMetadata Load (0.4ms)[0m  [1m[34mSELECT  "ar_internal_metadata".* FROM "ar_internal_metadata" WHERE "ar_internal_metadata"."key" = $1 LIMIT $2[0m  [["key", "environment"], ["LIMIT", 1]]
  [1m[35m (0.1ms)[0m  [1m[35mBEGIN[0m
  [1m[35mSQL (0.5ms)[0m  [1m[32mINSERT INTO "ar_internal_metadata" ("key", "value", "created_at", "updated_at") VALUES ($1, $2, $3, $4) RETURNING "key"[0m  [["key", "environment"], ["value", "development"], ["created_at", "2019-10-17 17:08:29.620852"], ["updated_at", "2019-10-17 17:08:29.620852"]]
  [1m[35m (0.4ms)[0m  [1m[35mCOMMIT[0m
  [1m[36mActiveRecord::InternalMetadata Load (0.2ms)[0m  [1m[34mSELECT  "ar_internal_metadata".* FROM "ar_internal_metadata" WHERE "ar_internal_metadata"."key" = $1 LIMIT $2[0m  [["key", "environment"], ["LIMIT", 1]]
  [1m[35m (0.1ms)[0m  [1m[35mBEGIN[0m
  [1m[35mSQL (0.5ms)[0m  [1m[33mUPDATE "ar_internal_metadata" SET "value" = $1, "updated_at" = $2 WHERE "ar_internal_metadata"."key" = $3[0m  [["value", "test"], ["updated_at", "2019-10-17 17:08:29.624274"], ["key", "environment"]]
  [1m[35m (0.4ms)[0m  [1m[35mCOMMIT[0m
  [1m[35m (1.2ms)[0m  [1m[34mSELECT "schema_migrations"."version" FROM "schema_migrations" ORDER BY "schema_migrations"."version" ASC[0m
  [1m[35m (0.7ms)[0m  [1m[34mSELECT "schema_migrations"."version" FROM "schema_migrations" ORDER BY "schema_migrations"."version" ASC[0m
  [1m[35m (0.6ms)[0m  [1m[34mSELECT "ar_internal_metadata"."value" FROM "ar_internal_metadata" WHERE "ar_internal_metadata"."key" = $1[0m  [["key", "environment"]]
  [1m[35m (0.3ms)[0m  [1m[34mSELECT "schema_migrations"."version" FROM "schema_migrations" ORDER BY "schema_migrations"."version" ASC[0m
  [1m[35m (0.2ms)[0m  [1m[34mSELECT "ar_internal_metadata"."value" FROM "ar_internal_metadata" WHERE "ar_internal_metadata"."key" = $1[0m  [["key", "environment"]]
  [1m[35m (0.2ms)[0m  [1m[34mSELECT "schema_migrations"."version" FROM "schema_migrations" ORDER BY "schema_migrations"."version" ASC[0m
  [1m[35m (0.2ms)[0m  [1m[34mSELECT "ar_internal_metadata"."value" FROM "ar_internal_metadata" WHERE "ar_internal_metadata"."key" = $1[0m  [["key", "environment"]]
  [1m[35mSQL (0.3ms)[0m  [1m[35mCREATE EXTENSION IF NOT EXISTS "plpgsql"[0m
  [1m[35m (13.2ms)[0m  [1m[35mDROP TABLE IF EXISTS "gifs" CASCADE[0m
  [1m[35m (6.8ms)[0m  [1m[35mCREATE TABLE "gifs" ("id" bigserial primary key, "title" character varying, "url" character varying)[0m
  [1m[35m (0.8ms)[0m  [1m[34mSELECT "schema_migrations"."version" FROM "schema_migrations" ORDER BY "schema_migrations"."version" ASC[0m
  [1m[36mActiveRecord::InternalMetadata Load (0.4ms)[0m  [1m[34mSELECT  "ar_internal_metadata".* FROM "ar_internal_metadata" WHERE "ar_internal_metadata"."key" = $1 LIMIT $2[0m  [["key", "environment"], ["LIMIT", 1]]
  [1m[35m (0.2ms)[0m  [1m[35mBEGIN[0m
  [1m[35m (0.1ms)[0m  [1m[35mCOMMIT[0m
  [1m[36mActiveRecord::InternalMetadata Load (0.2ms)[0m  [1m[34mSELECT  "ar_internal_metadata".* FROM "ar_internal_metadata" WHERE "ar_internal_metadata"."key" = $1 LIMIT $2[0m  [["key", "environment"], ["LIMIT", 1]]
  [1m[35m (0.1ms)[0m  [1m[35mBEGIN[0m
  [1m[35m (0.2ms)[0m  [1m[35mCOMMIT[0m
  [1m[35mSQL (0.3ms)[0m  [1m[35mCREATE EXTENSION IF NOT EXISTS "plpgsql"[0m
  [1m[35m (45.2ms)[0m  [1m[35mDROP TABLE IF EXISTS "gifs" CASCADE[0m
  [1m[35m (10.1ms)[0m  [1m[35mCREATE TABLE "gifs" ("id" bigserial primary key, "title" character varying, "url" character varying)[0m
  [1m[35m (1.6ms)[0m  [1m[34mSELECT "schema_migrations"."version" FROM "schema_migrations" ORDER BY "schema_migrations"."version" ASC[0m
  [1m[36mActiveRecord::InternalMetadata Load (0.6ms)[0m  [1m[34mSELECT  "ar_internal_metadata".* FROM "ar_internal_metadata" WHERE "ar_internal_metadata"."key" = $1 LIMIT $2[0m  [["key", "environment"], ["LIMIT", 1]]
  [1m[35m (0.1ms)[0m  [1m[35mBEGIN[0m
  [1m[35mSQL (0.4ms)[0m  [1m[33mUPDATE "ar_internal_metadata" SET "value" = $1, "updated_at" = $2 WHERE "ar_internal_metadata"."key" = $3[0m  [["value", "development"], ["updated_at", "2019-10-17 17:48:51.925202"], ["key", "environment"]]
  [1m[35m (0.4ms)[0m  [1m[35mCOMMIT[0m
  [1m[36mActiveRecord::InternalMetadata Load (0.2ms)[0m  [1m[34mSELECT  "ar_internal_metadata".* FROM "ar_internal_metadata" WHERE "ar_internal_metadata"."key" = $1 LIMIT $2[0m  [["key", "environment"], ["LIMIT", 1]]
  [1m[35m (0.1ms)[0m  [1m[35mBEGIN[0m
  [1m[35mSQL (0.3ms)[0m  [1m[33mUPDATE "ar_internal_metadata" SET "value" = $1, "updated_at" = $2 WHERE "ar_internal_metadata"."key" = $3[0m  [["value", "test"], ["updated_at", "2019-10-17 17:48:51.928900"], ["key", "environment"]]
  [1m[35m (0.3ms)[0m  [1m[35mCOMMIT[0m
  [1m[35m (0.9ms)[0m  [1m[34mSELECT "schema_migrations"."version" FROM "schema_migrations" ORDER BY "schema_migrations"."version" ASC[0m
Started GET "/" for ::1 at 2019-10-17 10:53:35 -0700
  [1m[35m (0.7ms)[0m  [1m[34mSELECT "schema_migrations"."version" FROM "schema_migrations" ORDER BY "schema_migrations"."version" ASC[0m
Processing by StaticPagesController#root as HTML
  Rendering static_pages/root.html.erb within layouts/application
  Rendered static_pages/root.html.erb within layouts/application (1.3ms)
Completed 200 OK in 759ms (Views: 752.2ms | ActiveRecord: 0.0ms)


Started GET "/" for ::1 at 2019-10-17 10:59:33 -0700
Processing by StaticPagesController#root as HTML
  Rendering static_pages/root.html.erb within layouts/application
  Rendered static_pages/root.html.erb within layouts/application (0.3ms)
Completed 200 OK in 65ms (Views: 62.6ms | ActiveRecord: 0.0ms)


Started GET "/" for ::1 at 2019-10-17 10:59:49 -0700
Processing by StaticPagesController#root as HTML
  Rendering static_pages/root.html.erb within layouts/application
  Rendered static_pages/root.html.erb within layouts/application (0.3ms)
Completed 200 OK in 19ms (Views: 15.7ms | ActiveRecord: 0.0ms)


Started GET "/" for ::1 at 2019-10-17 11:00:13 -0700
Processing by StaticPagesController#root as HTML
  Rendering static_pages/root.html.erb within layouts/application
  Rendered static_pages/root.html.erb within layouts/application (0.3ms)
Completed 200 OK in 64ms (Views: 61.9ms | ActiveRecord: 0.0ms)


Started GET "/" for ::1 at 2019-10-17 11:07:02 -0700
Processing by StaticPagesController#root as HTML
  Rendering static_pages/root.html.erb within layouts/application
  Rendered static_pages/root.html.erb within layouts/application (0.3ms)
Completed 200 OK in 88ms (Views: 84.5ms | ActiveRecord: 0.0ms)


Started GET "/" for ::1 at 2019-10-17 11:07:06 -0700
Processing by StaticPagesController#root as HTML
  Rendering static_pages/root.html.erb within layouts/application
  Rendered static_pages/root.html.erb within layouts/application (0.7ms)
Completed 200 OK in 19ms (Views: 16.6ms | ActiveRecord: 0.0ms)


Started GET "/" for ::1 at 2019-10-17 11:07:13 -0700
Processing by StaticPagesController#root as HTML
  Rendering static_pages/root.html.erb within layouts/application
  Rendered static_pages/root.html.erb within layouts/application (0.3ms)
Completed 200 OK in 22ms (Views: 19.2ms | ActiveRecord: 0.0ms)


Started GET "/" for ::1 at 2019-10-17 11:07:13 -0700
Processing by StaticPagesController#root as HTML
  Rendering static_pages/root.html.erb within layouts/application
  Rendered static_pages/root.html.erb within layouts/application (0.3ms)
Completed 200 OK in 18ms (Views: 15.9ms | ActiveRecord: 0.0ms)


Started GET "/" for ::1 at 2019-10-17 11:07:14 -0700
Processing by StaticPagesController#root as HTML
  Rendering static_pages/root.html.erb within layouts/application
  Rendered static_pages/root.html.erb within layouts/application (0.3ms)
Completed 200 OK in 30ms (Views: 26.4ms | ActiveRecord: 0.0ms)


Started GET "/" for ::1 at 2019-10-17 11:07:15 -0700
Processing by StaticPagesController#root as HTML
  Rendering static_pages/root.html.erb within layouts/application
  Rendered static_pages/root.html.erb within layouts/application (0.3ms)
Completed 200 OK in 21ms (Views: 18.7ms | ActiveRecord: 0.0ms)


Started GET "/" for ::1 at 2019-10-17 11:07:15 -0700
Processing by StaticPagesController#root as HTML
  Rendering static_pages/root.html.erb within layouts/application
  Rendered static_pages/root.html.erb within layouts/application (0.3ms)
Completed 200 OK in 20ms (Views: 18.0ms | ActiveRecord: 0.0ms)


Started GET "/" for ::1 at 2019-10-17 11:07:16 -0700
Processing by StaticPagesController#root as HTML
  Rendering static_pages/root.html.erb within layouts/application
  Rendered static_pages/root.html.erb within layouts/application (0.4ms)
Completed 200 OK in 21ms (Views: 18.3ms | ActiveRecord: 0.0ms)


Started GET "/" for ::1 at 2019-10-17 11:07:17 -0700
Processing by StaticPagesController#root as HTML
  Rendering static_pages/root.html.erb within layouts/application
  Rendered static_pages/root.html.erb within layouts/application (0.3ms)
Completed 200 OK in 22ms (Views: 19.4ms | ActiveRecord: 0.0ms)


Started GET "/" for ::1 at 2019-10-17 11:07:17 -0700
Processing by StaticPagesController#root as HTML
  Rendering static_pages/root.html.erb within layouts/application
  Rendered static_pages/root.html.erb within layouts/application (0.3ms)
Completed 200 OK in 20ms (Views: 17.4ms | ActiveRecord: 0.0ms)


Started GET "/" for ::1 at 2019-10-17 11:07:17 -0700
Processing by StaticPagesController#root as HTML
  Rendering static_pages/root.html.erb within layouts/application
  Rendered static_pages/root.html.erb within layouts/application (0.3ms)
Completed 200 OK in 21ms (Views: 18.9ms | ActiveRecord: 0.0ms)


Started GET "/" for ::1 at 2019-10-17 11:07:18 -0700
Processing by StaticPagesController#root as HTML
  Rendering static_pages/root.html.erb within layouts/application
  Rendered static_pages/root.html.erb within layouts/application (0.3ms)
Completed 200 OK in 25ms (Views: 22.6ms | ActiveRecord: 0.0ms)


Started GET "/" for ::1 at 2019-10-17 11:07:18 -0700
Processing by StaticPagesController#root as HTML
  Rendering static_pages/root.html.erb within layouts/application
  Rendered static_pages/root.html.erb within layouts/application (0.4ms)
Completed 200 OK in 21ms (Views: 18.6ms | ActiveRecord: 0.0ms)


Started GET "/" for ::1 at 2019-10-17 11:07:19 -0700
Processing by StaticPagesController#root as HTML
  Rendering static_pages/root.html.erb within layouts/application
  Rendered static_pages/root.html.erb within layouts/application (0.2ms)
Completed 200 OK in 22ms (Views: 19.8ms | ActiveRecord: 0.0ms)


Started GET "/" for ::1 at 2019-10-17 11:07:19 -0700
Processing by StaticPagesController#root as HTML
  Rendering static_pages/root.html.erb within layouts/application
  Rendered static_pages/root.html.erb within layouts/application (0.2ms)
Completed 200 OK in 19ms (Views: 16.0ms | ActiveRecord: 0.0ms)


Started GET "/" for ::1 at 2019-10-17 11:13:18 -0700
Processing by StaticPagesController#root as HTML
  Rendering static_pages/root.html.erb within layouts/application
  Rendered static_pages/root.html.erb within layouts/application (0.3ms)
Completed 200 OK in 68ms (Views: 66.0ms | ActiveRecord: 0.0ms)


Started GET "/" for ::1 at 2019-10-17 11:13:55 -0700
Processing by StaticPagesController#root as HTML
  Rendering static_pages/root.html.erb within layouts/application
  Rendered static_pages/root.html.erb within layouts/application (0.3ms)
Completed 200 OK in 63ms (Views: 60.2ms | ActiveRecord: 0.0ms)


Started GET "/" for ::1 at 2019-10-17 11:28:55 -0700
Processing by StaticPagesController#root as HTML
  Rendering static_pages/root.html.erb within layouts/application
  Rendered static_pages/root.html.erb within layouts/application (0.5ms)
Completed 200 OK in 62ms (Views: 60.1ms | ActiveRecord: 0.0ms)


Started POST "/gifs" for ::1 at 2019-10-17 11:29:14 -0700
Processing by GifsController#create as */*
  Parameters: {"title"=>"infinity", "url"=>"https://media3.giphy.com/media/u1N2YDknQqYx2/giphy.gif"}
Completed 400 Bad Request in 2ms (ActiveRecord: 0.0ms)


  
ActionController::ParameterMissing (param is missing or the value is empty: gif):
  
app/controllers/gifs_controller.rb:24:in `gif_params'
app/controllers/gifs_controller.rb:4:in `create'
Started GET "/" for ::1 at 2019-10-17 11:31:17 -0700
Processing by StaticPagesController#root as HTML
  Rendering static_pages/root.html.erb within layouts/application
  Rendered static_pages/root.html.erb within layouts/application (0.4ms)
Completed 200 OK in 63ms (Views: 61.2ms | ActiveRecord: 0.0ms)


Started POST "/gifs" for ::1 at 2019-10-17 11:31:29 -0700
Processing by GifsController#create as */*
  Parameters: {"gif"=>{"title"=>"Mila", "url"=>"https://media2.giphy.com/media/bsAHj2plRyaoE/giphy.gif"}}
  [1m[35m (0.2ms)[0m  [1m[35mBEGIN[0m
  [1m[36mGif Exists (0.7ms)[0m  [1m[34mSELECT  1 AS one FROM "gifs" WHERE "gifs"."title" = $1 LIMIT $2[0m  [["title", "Mila"], ["LIMIT", 1]]
  [1m[35mSQL (34.4ms)[0m  [1m[32mINSERT INTO "gifs" ("title", "url") VALUES ($1, $2) RETURNING "id"[0m  [["title", "Mila"], ["url", "https://media2.giphy.com/media/bsAHj2plRyaoE/giphy.gif"]]
  [1m[35m (0.9ms)[0m  [1m[35mCOMMIT[0m
Completed 200 OK in 52ms (Views: 0.3ms | ActiveRecord: 42.7ms)


Started GET "/" for ::1 at 2019-10-17 11:44:50 -0700
Processing by StaticPagesController#root as HTML
  Rendering static_pages/root.html.erb within layouts/application
  Rendered static_pages/root.html.erb within layouts/application (0.3ms)
Completed 200 OK in 62ms (Views: 59.3ms | ActiveRecord: 0.0ms)


Started POST "/gifs" for ::1 at 2019-10-17 11:48:38 -0700
Processing by GifsController#create as */*
  Parameters: {"gif"=>{"title"=>"JimmyFallon", "url"=>"https://media0.giphy.com/media/FF1Jg1DC9msKc/giphy.gif"}}
  [1m[35m (0.1ms)[0m  [1m[35mBEGIN[0m
  [1m[36mGif Exists (0.3ms)[0m  [1m[34mSELECT  1 AS one FROM "gifs" WHERE "gifs"."title" = $1 LIMIT $2[0m  [["title", "JimmyFallon"], ["LIMIT", 1]]
  [1m[35mSQL (0.3ms)[0m  [1m[32mINSERT INTO "gifs" ("title", "url") VALUES ($1, $2) RETURNING "id"[0m  [["title", "JimmyFallon"], ["url", "https://media0.giphy.com/media/FF1Jg1DC9msKc/giphy.gif"]]
  [1m[35m (40.7ms)[0m  [1m[35mCOMMIT[0m
Completed 200 OK in 45ms (Views: 0.7ms | ActiveRecord: 41.4ms)


Started GET "/" for ::1 at 2019-10-17 11:58:08 -0700
Processing by StaticPagesController#root as HTML
  Rendering static_pages/root.html.erb within layouts/application
  Rendered static_pages/root.html.erb within layouts/application (0.3ms)
Completed 200 OK in 58ms (Views: 56.0ms | ActiveRecord: 0.0ms)


Started GET "/gifs/JimmyFallon" for ::1 at 2019-10-17 11:58:18 -0700
Processing by GifsController#show as */*
  Parameters: {"title"=>"JimmyFallon"}
  [1m[36mGif Load (0.3ms)[0m  [1m[34mSELECT  "gifs".* FROM "gifs" WHERE "gifs"."title" = $1 LIMIT $2[0m  [["title", "JimmyFallon"], ["LIMIT", 1]]
Completed 200 OK in 7ms (Views: 0.3ms | ActiveRecord: 0.7ms)


Started GET "/gifs/JamesFallon" for ::1 at 2019-10-17 11:58:32 -0700
Processing by GifsController#show as */*
  Parameters: {"title"=>"JamesFallon"}
  [1m[36mGif Load (0.2ms)[0m  [1m[34mSELECT  "gifs".* FROM "gifs" WHERE "gifs"."title" = $1 LIMIT $2[0m  [["title", "JamesFallon"], ["LIMIT", 1]]
Completed 422 Unprocessable Entity in 2ms (Views: 0.2ms | ActiveRecord: 0.2ms)


Started GET "/" for ::1 at 2019-10-17 11:59:58 -0700
Processing by StaticPagesController#root as HTML
  Rendering static_pages/root.html.erb within layouts/application
  Rendered static_pages/root.html.erb within layouts/application (0.3ms)
Completed 200 OK in 63ms (Views: 60.9ms | ActiveRecord: 0.0ms)


Started GET "/gifs/JamesFallon" for ::1 at 2019-10-17 12:00:04 -0700
Processing by GifsController#show as */*
  Parameters: {"title"=>"JamesFallon"}
  [1m[36mGif Load (0.3ms)[0m  [1m[34mSELECT  "gifs".* FROM "gifs" WHERE "gifs"."title" = $1 LIMIT $2[0m  [["title", "JamesFallon"], ["LIMIT", 1]]
Completed 422 Unprocessable Entity in 2ms (Views: 0.2ms | ActiveRecord: 0.3ms)


Started GET "/" for ::1 at 2019-10-17 12:00:38 -0700
Processing by StaticPagesController#root as HTML
  Rendering static_pages/root.html.erb within layouts/application
  Rendered static_pages/root.html.erb within layouts/application (0.3ms)
Completed 200 OK in 64ms (Views: 61.2ms | ActiveRecord: 0.0ms)


Started GET "/gifs/JamesFallon" for ::1 at 2019-10-17 12:00:41 -0700
Processing by GifsController#show as */*
  Parameters: {"title"=>"JamesFallon"}
  [1m[36mGif Load (0.3ms)[0m  [1m[34mSELECT  "gifs".* FROM "gifs" WHERE "gifs"."title" = $1 LIMIT $2[0m  [["title", "JamesFallon"], ["LIMIT", 1]]
Completed 422 Unprocessable Entity in 2ms (Views: 0.2ms | ActiveRecord: 0.3ms)


Started GET "/gifs/JamesFallon" for ::1 at 2019-10-17 12:01:09 -0700
Processing by GifsController#show as */*
  Parameters: {"title"=>"JamesFallon"}
  [1m[36mGif Load (0.3ms)[0m  [1m[34mSELECT  "gifs".* FROM "gifs" WHERE "gifs"."title" = $1 LIMIT $2[0m  [["title", "JamesFallon"], ["LIMIT", 1]]
Completed 422 Unprocessable Entity in 2ms (Views: 0.1ms | ActiveRecord: 0.3ms)


