  [1m[35m (1.7ms)[0m  [1m[34mSELECT pg_try_advisory_lock(4383024509120929350)[0m
  [1m[36mActiveRecord::SchemaMigration Pluck (9.5ms)[0m  [1m[34mSELECT "schema_migrations"."version" FROM "schema_migrations" ORDER BY "schema_migrations"."version" ASC[0m
Migrating to CreateTeas (20221020174048)
  [1m[36mTRANSACTION (3.6ms)[0m  [1m[35mBEGIN[0m
  [1m[35m (63.2ms)[0m  [1m[35mCREATE TABLE "teas" ("id" bigserial primary key, "flavor" character varying NOT NULL, "price" float NOT NULL, "description" character varying, "created_at" timestamp(6) NOT NULL, "updated_at" timestamp(6) NOT NULL)[0m
  [1m[36mTRANSACTION (0.3ms)[0m  [1m[31mROLLBACK[0m
  [1m[35m (0.4ms)[0m  [1m[34mSELECT pg_advisory_unlock(4383024509120929350)[0m
  [1m[36mActiveRecord::SchemaMigration Pluck (1.1ms)[0m  [1m[34mSELECT "schema_migrations"."version" FROM "schema_migrations" ORDER BY "schema_migrations"."version" ASC[0m
  [1m[36mActiveRecord::InternalMetadata Pluck (9.2ms)[0m  [1m[34mSELECT "ar_internal_metadata"."value" FROM "ar_internal_metadata" WHERE "ar_internal_metadata"."key" = $1 LIMIT $2[0m  [["key", "environment"], ["LIMIT", 1]]
  [1m[36mActiveRecord::SchemaMigration Pluck (0.5ms)[0m  [1m[34mSELECT "schema_migrations"."version" FROM "schema_migrations" ORDER BY "schema_migrations"."version" ASC[0m
  [1m[36mActiveRecord::InternalMetadata Pluck (0.5ms)[0m  [1m[34mSELECT "ar_internal_metadata"."value" FROM "ar_internal_metadata" WHERE "ar_internal_metadata"."key" = $1 LIMIT $2[0m  [["key", "environment"], ["LIMIT", 1]]
  [1m[36mActiveRecord::SchemaMigration Pluck (0.4ms)[0m  [1m[34mSELECT "schema_migrations"."version" FROM "schema_migrations" ORDER BY "schema_migrations"."version" ASC[0m
  [1m[36mActiveRecord::InternalMetadata Pluck (0.3ms)[0m  [1m[34mSELECT "ar_internal_metadata"."value" FROM "ar_internal_metadata" WHERE "ar_internal_metadata"."key" = $1 LIMIT $2[0m  [["key", "environment"], ["LIMIT", 1]]
  [1m[35m (146.1ms)[0m  [1m[35mDROP DATABASE IF EXISTS "TeaTime_development"[0m
  [1m[35m (130.8ms)[0m  [1m[35mDROP DATABASE IF EXISTS "TeaTime_test"[0m
  [1m[35m (370.6ms)[0m  [1m[35mCREATE DATABASE "TeaTime_development" ENCODING = 'unicode'[0m
  [1m[35m (161.2ms)[0m  [1m[35mCREATE DATABASE "TeaTime_test" ENCODING = 'unicode'[0m
  [1m[35m (52.6ms)[0m  [1m[35mCREATE TABLE "schema_migrations" ("version" character varying NOT NULL PRIMARY KEY)[0m
  [1m[35m (26.6ms)[0m  [1m[35mCREATE TABLE "ar_internal_metadata" ("key" character varying NOT NULL PRIMARY KEY, "value" character varying, "created_at" timestamp(6) NOT NULL, "updated_at" timestamp(6) NOT NULL)[0m
  [1m[35m (1.9ms)[0m  [1m[34mSELECT pg_try_advisory_lock(4383024509120929350)[0m
  [1m[36mActiveRecord::SchemaMigration Pluck (1.4ms)[0m  [1m[34mSELECT "schema_migrations"."version" FROM "schema_migrations" ORDER BY "schema_migrations"."version" ASC[0m
Migrating to CreateTeas (20221020174048)
  [1m[36mTRANSACTION (4.3ms)[0m  [1m[35mBEGIN[0m
  [1m[35m (33.9ms)[0m  [1m[35mCREATE TABLE "teas" ("id" bigserial primary key, "flavor" character varying NOT NULL, "price" float NOT NULL, "description" character varying, "created_at" timestamp(6) NOT NULL, "updated_at" timestamp(6) NOT NULL)[0m
  [1m[35m (8.4ms)[0m  [1m[35mCREATE UNIQUE INDEX "index_teas_on_flavor" ON "teas" ("flavor")[0m
  [1m[36mActiveRecord::SchemaMigration Create (22.8ms)[0m  [1m[32mINSERT INTO "schema_migrations" ("version") VALUES ($1) RETURNING "version"[0m  [["version", "20221020174048"]]
  [1m[36mTRANSACTION (1.4ms)[0m  [1m[35mCOMMIT[0m
  [1m[36mActiveRecord::InternalMetadata Load (1.1ms)[0m  [1m[34mSELECT "ar_internal_metadata".* FROM "ar_internal_metadata" WHERE "ar_internal_metadata"."key" = $1 LIMIT $2[0m  [["key", "environment"], ["LIMIT", 1]]
  [1m[36mTRANSACTION (0.2ms)[0m  [1m[35mBEGIN[0m
  [1m[36mActiveRecord::InternalMetadata Create (30.2ms)[0m  [1m[32mINSERT INTO "ar_internal_metadata" ("key", "value", "created_at", "updated_at") VALUES ($1, $2, $3, $4) RETURNING "key"[0m  [["key", "environment"], ["value", "development"], ["created_at", "2022-10-20 17:43:50.220086"], ["updated_at", "2022-10-20 17:43:50.220086"]]
  [1m[36mTRANSACTION (1.4ms)[0m  [1m[35mCOMMIT[0m
  [1m[35m (0.6ms)[0m  [1m[34mSELECT pg_advisory_unlock(4383024509120929350)[0m
  [1m[36mActiveRecord::SchemaMigration Pluck (1.1ms)[0m  [1m[34mSELECT "schema_migrations"."version" FROM "schema_migrations" ORDER BY "schema_migrations"."version" ASC[0m
  [1m[36mActiveRecord::SchemaMigration Pluck (1.2ms)[0m  [1m[34mSELECT "schema_migrations"."version" FROM "schema_migrations" ORDER BY "schema_migrations"."version" ASC[0m
  [1m[36mTRANSACTION (0.5ms)[0m  [1m[35mBEGIN[0m
  [1m[36mTea Load (14.9ms)[0m  [1m[34mSELECT "teas".* FROM "teas"[0m
  [1m[36mTRANSACTION (0.3ms)[0m  [1m[31mROLLBACK[0m
  [1m[36mActiveRecord::SchemaMigration Pluck (1.1ms)[0m  [1m[34mSELECT "schema_migrations"."version" FROM "schema_migrations" ORDER BY "schema_migrations"."version" ASC[0m
  [1m[36mTRANSACTION (0.2ms)[0m  [1m[35mBEGIN[0m
  [1m[36mTea Load (0.9ms)[0m  [1m[34mSELECT "teas".* FROM "teas"[0m
  [1m[36mTea Exists? (0.9ms)[0m  [1m[34mSELECT 1 AS one FROM "teas" WHERE "teas"."flavor" = $1 LIMIT $2[0m  [["flavor", "Green"], ["LIMIT", 1]]
  [1m[36mTea Create (7.9ms)[0m  [1m[32mINSERT INTO "teas" ("flavor", "price", "description", "created_at", "updated_at") VALUES ($1, $2, $3, $4, $5) RETURNING "id"[0m  [["flavor", "Green"], ["price", 1.75], ["description", "Green tea is a type of tea that is made from Camellia sinensis leaves and buds that have not undergone the same withering and oxidation process used to make oolong teas and black teas. Green tea originated in China, but its production and manufacture has spread to other countries in East Asia."], ["created_at", "2022-10-20 17:47:03.624758"], ["updated_at", "2022-10-20 17:47:03.624758"]]
  [1m[36mTea Exists? (0.5ms)[0m  [1m[34mSELECT 1 AS one FROM "teas" WHERE "teas"."flavor" = $1 LIMIT $2[0m  [["flavor", "Oolong"], ["LIMIT", 1]]
  [1m[36mTea Create (0.5ms)[0m  [1m[32mINSERT INTO "teas" ("flavor", "price", "description", "created_at", "updated_at") VALUES ($1, $2, $3, $4, $5) RETURNING "id"[0m  [["flavor", "Oolong"], ["price", 2.0], ["description", "Oolong tea is a type of tea that is sometimes called \"wulong\" (also pronounced \"oolong\") or \"black dragon\" tea. Oolong teas are semi-oxidized teas. They are sometimes called \"semi-fermented teas\" though this moniker is considered to be less technically correct than semi-oxidized teas. After the tea leaves are picked, they are rolled and allowed to oxidize. Oxidation produces floral notes that characterize many oolongs."], ["created_at", "2022-10-20 17:47:03.638457"], ["updated_at", "2022-10-20 17:47:03.638457"]]
  [1m[36mTea Exists? (0.5ms)[0m  [1m[34mSELECT 1 AS one FROM "teas" WHERE "teas"."flavor" = $1 LIMIT $2[0m  [["flavor", "Earl Grey"], ["LIMIT", 1]]
  [1m[36mTea Create (0.5ms)[0m  [1m[32mINSERT INTO "teas" ("flavor", "price", "description", "created_at", "updated_at") VALUES ($1, $2, $3, $4, $5) RETURNING "id"[0m  [["flavor", "Earl Grey"], ["price", 2.5], ["description", "Earl Grey tea is a tea blend which has been flavoured with the addition of oil of bergamot. The rind's fragrant oil is added to black tea to give Earl Grey its unique taste. Traditionally, Earl Grey was made from black teas such as China keemun and therefore intended to be drunk without milk. However, tea companies have since begun to offer Earl Grey based upon stronger teas such as Ceylons which are better suited to the addition of milk or cream. Other varieties have been introduced as well, such as green or oolong."], ["created_at", "2022-10-20 17:47:03.642287"], ["updated_at", "2022-10-20 17:47:03.642287"]]
  [1m[36mTea Exists? (0.4ms)[0m  [1m[34mSELECT 1 AS one FROM "teas" WHERE "teas"."flavor" = $1 LIMIT $2[0m  [["flavor", "Rooibos"], ["LIMIT", 1]]
  [1m[36mTea Create (1.8ms)[0m  [1m[32mINSERT INTO "teas" ("flavor", "price", "description", "created_at", "updated_at") VALUES ($1, $2, $3, $4, $5) RETURNING "id"[0m  [["flavor", "Rooibos"], ["price", 3.0], ["description", "Rooibos (/ËˆrÉ”ÉªbÉ’s/ ROY-boss; Afrikaans: [rÉ”ËibÉ”s]; Aspalathus linearis), meaning 'red bush'; is a broom-like member of the plant family Fabaceae that grows in South Africa's fynbos. The leaves are used to make a herbal tea that is called by the names: rooibos (especially in Southern Africa), bush tea, red tea, or redbush tea (predominantly in Great Britain). The tea has been popular in Southern Africa for generations, but is now consumed in many countries worldwide. It is sometimes spelled rooibosch in accordance with the original Dutch for 'red bush'. The tea has a taste and color somewhat similar to hibiscus tea, with more or less of an earthy flavor like yerba mate."], ["created_at", "2022-10-20 17:47:03.646236"], ["updated_at", "2022-10-20 17:47:03.646236"]]
  [1m[36mTea Exists? (0.4ms)[0m  [1m[34mSELECT 1 AS one FROM "teas" WHERE "teas"."flavor" = $1 LIMIT $2[0m  [["flavor", "Par"], ["LIMIT", 1]]
  [1m[36mTea Create (0.5ms)[0m  [1m[32mINSERT INTO "teas" ("flavor", "price", "description", "created_at", "updated_at") VALUES ($1, $2, $3, $4, $5) RETURNING "id"[0m  [["flavor", "Par"], ["price", 10.0], ["description", "fun"], ["created_at", "2022-10-20 17:47:03.651942"], ["updated_at", "2022-10-20 17:47:03.651942"]]
  [1m[36mTRANSACTION (1.4ms)[0m  [1m[35mCOMMIT[0m
Started GET "/api/teas" for 127.0.0.1 at 2022-10-20 11:23:10 -0700
  [1m[36mActiveRecord::SchemaMigration Pluck (1.5ms)[0m  [1m[34mSELECT "schema_migrations"."version" FROM "schema_migrations" ORDER BY "schema_migrations"."version" ASC[0m
Processing by Api::TeasController#index as */*
  Parameters: {"default"=>{"format"=>:json}}
  [1m[36mTea Load (20.6ms)[0m  [1m[34mSELECT "teas".* FROM "teas"[0m
  â†³ app/controllers/api/teas_controller.rb:5:in `index'
Completed 200 OK in 102ms (Views: 21.1ms | ActiveRecord: 49.7ms | Allocations: 10170)


Started POST "/api/teas" for 127.0.0.1 at 2022-10-20 11:27:07 -0700
Processing by Api::TeasController#create as JSON
  Parameters: {"flavor"=>"boba", "price"=>6, "default"=>{"format"=>:json}, "tea"=>{"flavor"=>"boba", "price"=>6}}
  [1m[36mTRANSACTION (0.3ms)[0m  [1m[35mBEGIN[0m
  â†³ app/controllers/api/teas_controller.rb:10:in `create'
  [1m[36mTea Exists? (4.8ms)[0m  [1m[34mSELECT 1 AS one FROM "teas" WHERE "teas"."flavor" = $1 LIMIT $2[0m  [["flavor", "boba"], ["LIMIT", 1]]
  â†³ app/controllers/api/teas_controller.rb:10:in `create'
  [1m[36mTea Create (12.3ms)[0m  [1m[32mINSERT INTO "teas" ("flavor", "price", "description", "created_at", "updated_at") VALUES ($1, $2, $3, $4, $5) RETURNING "id"[0m  [["flavor", "boba"], ["price", 6.0], ["description", nil], ["created_at", "2022-10-20 18:27:07.152773"], ["updated_at", "2022-10-20 18:27:07.152773"]]
  â†³ app/controllers/api/teas_controller.rb:10:in `create'
  [1m[36mTRANSACTION (3.2ms)[0m  [1m[35mCOMMIT[0m
  â†³ app/controllers/api/teas_controller.rb:10:in `create'
Completed 200 OK in 43ms (Views: 0.7ms | ActiveRecord: 20.6ms | Allocations: 7396)


Started GET "/api/teas" for 127.0.0.1 at 2022-10-20 11:27:34 -0700
Processing by Api::TeasController#index as */*
  Parameters: {"default"=>{"format"=>:json}}
  [1m[36mTea Load (0.7ms)[0m  [1m[34mSELECT "teas".* FROM "teas"[0m
  â†³ app/controllers/api/teas_controller.rb:5:in `index'
Completed 200 OK in 12ms (Views: 11.0ms | ActiveRecord: 0.7ms | Allocations: 1330)


Started GET "/api/teas" for 127.0.0.1 at 2022-10-20 12:01:29 -0700
Processing by Api::TeasController#index as */*
  Parameters: {"default"=>{"format"=>:json}}
  [1m[36mTea Load (2.4ms)[0m  [1m[34mSELECT "teas".* FROM "teas"[0m
  â†³ app/controllers/api/teas_controller.rb:5:in `index'
Completed 200 OK in 125ms (Views: 119.1ms | ActiveRecord: 64.8ms | Allocations: 4122)


Started GET "/api/teas" for 127.0.0.1 at 2022-10-20 12:06:11 -0700
Processing by Api::TeasController#index as */*
  Parameters: {"default"=>{"format"=>:json}}
  [1m[36mTea Load (1.0ms)[0m  [1m[34mSELECT "teas".* FROM "teas"[0m
  â†³ app/controllers/api/teas_controller.rb:5:in `index'
Completed 200 OK in 12ms (Views: 10.1ms | ActiveRecord: 1.0ms | Allocations: 1262)


Started GET "/api/teas" for 127.0.0.1 at 2022-10-20 12:06:22 -0700
Processing by Api::TeasController#index as */*
  Parameters: {"default"=>{"format"=>:json}}
  [1m[36mTea Load (0.7ms)[0m  [1m[34mSELECT "teas".* FROM "teas"[0m
  â†³ app/controllers/api/teas_controller.rb:5:in `index'
Completed 200 OK in 17ms (Views: 16.0ms | ActiveRecord: 0.7ms | Allocations: 1262)


Started GET "/api/teas" for 127.0.0.1 at 2022-10-20 12:06:31 -0700
Processing by Api::TeasController#index as */*
  Parameters: {"default"=>{"format"=>:json}}
  [1m[36mTea Load (5.2ms)[0m  [1m[34mSELECT "teas".* FROM "teas"[0m
  â†³ app/controllers/api/teas_controller.rb:5:in `index'
Completed 200 OK in 128ms (Views: 123.0ms | ActiveRecord: 5.2ms | Allocations: 1262)


Started GET "/api/teas" for 127.0.0.1 at 2022-10-20 12:06:33 -0700
Processing by Api::TeasController#index as */*
  Parameters: {"default"=>{"format"=>:json}}
  [1m[36mTea Load (0.7ms)[0m  [1m[34mSELECT "teas".* FROM "teas"[0m
  â†³ app/controllers/api/teas_controller.rb:5:in `index'
Completed 200 OK in 38ms (Views: 36.4ms | ActiveRecord: 0.7ms | Allocations: 1262)


Started GET "/api/teas" for 127.0.0.1 at 2022-10-20 12:06:38 -0700
Processing by Api::TeasController#index as */*
  Parameters: {"default"=>{"format"=>:json}}
  [1m[36mTea Load (13.0ms)[0m  [1m[34mSELECT "teas".* FROM "teas"[0m
  â†³ app/controllers/api/teas_controller.rb:5:in `index'
Completed 200 OK in 75ms (Views: 62.0ms | ActiveRecord: 13.0ms | Allocations: 1277)


Started GET "/api/teas" for 127.0.0.1 at 2022-10-20 12:08:15 -0700
Processing by Api::TeasController#index as */*
  Parameters: {"default"=>{"format"=>:json}}
  [1m[36mTea Load (2.0ms)[0m  [1m[34mSELECT "teas".* FROM "teas"[0m
  â†³ app/controllers/api/teas_controller.rb:5:in `index'
Completed 200 OK in 15ms (Views: 13.0ms | ActiveRecord: 2.0ms | Allocations: 1262)


Started GET "/api/teas" for 127.0.0.1 at 2022-10-20 12:09:26 -0700
Processing by Api::TeasController#index as */*
  Parameters: {"default"=>{"format"=>:json}}
  [1m[36mTea Load (0.5ms)[0m  [1m[34mSELECT "teas".* FROM "teas"[0m
  â†³ app/controllers/api/teas_controller.rb:5:in `index'
Completed 200 OK in 15ms (Views: 14.4ms | ActiveRecord: 0.5ms | Allocations: 1262)


Started GET "/api/teas" for 127.0.0.1 at 2022-10-20 13:38:12 -0700
Processing by Api::TeasController#index as */*
  Parameters: {"default"=>{"format"=>:json}}
  [1m[36mTea Load (3.0ms)[0m  [1m[34mSELECT "teas".* FROM "teas"[0m
  â†³ app/controllers/api/teas_controller.rb:5:in `index'
Completed 200 OK in 162ms (Views: 82.9ms | ActiveRecord: 25.1ms | Allocations: 6731)


Started GET "/api/teas" for 127.0.0.1 at 2022-10-20 13:38:23 -0700
Processing by Api::TeasController#index as */*
  Parameters: {"default"=>{"format"=>:json}}
  [1m[36mTea Load (0.8ms)[0m  [1m[34mSELECT "teas".* FROM "teas"[0m
  â†³ app/controllers/api/teas_controller.rb:5:in `index'
Completed 200 OK in 27ms (Views: 26.2ms | ActiveRecord: 0.8ms | Allocations: 1281)


Started GET "/api/teas" for 127.0.0.1 at 2022-10-20 13:38:41 -0700
Processing by Api::TeasController#index as */*
  Parameters: {"default"=>{"format"=>:json}}
  [1m[36mTea Load (8.6ms)[0m  [1m[34mSELECT "teas".* FROM "teas"[0m
  â†³ app/controllers/api/teas_controller.rb:5:in `index'
Completed 200 OK in 63ms (Views: 54.2ms | ActiveRecord: 8.6ms | Allocations: 1262)


Started GET "/api/teas" for 127.0.0.1 at 2022-10-20 13:39:53 -0700
Processing by Api::TeasController#index as */*
  Parameters: {"default"=>{"format"=>:json}}
  [1m[36mTea Load (165.3ms)[0m  [1m[34mSELECT "teas".* FROM "teas"[0m
  â†³ app/controllers/api/teas_controller.rb:5:in `index'
Completed 200 OK in 220ms (Views: 54.4ms | ActiveRecord: 165.3ms | Allocations: 1262)


Started POST "/api/teas" for 127.0.0.1 at 2022-10-20 13:43:05 -0700
Processing by Api::TeasController#create as JSON
  Parameters: {"id"=>725, "flavor"=>"royal", "price"=>"999999999999", "default"=>{"format"=>:json}, "tea"=>{"id"=>725, "flavor"=>"royal", "price"=>"999999999999"}}
[31mUnpermitted parameter: :id. Context: { controller: Api::TeasController, action: create, request: #<ActionDispatch::Request:0x0000000109e74a28>, params: {"id"=>725, "flavor"=>"royal", "price"=>"999999999999", "default"=>{"format"=>:json}, "controller"=>"api/teas", "action"=>"create", "tea"=>{"id"=>725, "flavor"=>"royal", "price"=>"999999999999"}} }[0m
[31mUnpermitted parameter: :id. Context: { controller: Api::TeasController, action: create, request: #<ActionDispatch::Request:0x0000000109e74a28>, params: {"id"=>725, "flavor"=>"royal", "price"=>"999999999999", "default"=>{"format"=>:json}, "controller"=>"api/teas", "action"=>"create", "tea"=>{"id"=>725, "flavor"=>"royal", "price"=>"999999999999"}} }[0m
  [1m[36mTRANSACTION (11.0ms)[0m  [1m[35mBEGIN[0m
  â†³ app/controllers/api/teas_controller.rb:11:in `create'
  [1m[36mTea Exists? (22.2ms)[0m  [1m[34mSELECT 1 AS one FROM "teas" WHERE "teas"."flavor" = $1 LIMIT $2[0m  [["flavor", "royal"], ["LIMIT", 1]]
  â†³ app/controllers/api/teas_controller.rb:11:in `create'
  [1m[36mTea Create (18.3ms)[0m  [1m[32mINSERT INTO "teas" ("flavor", "price", "description", "created_at", "updated_at") VALUES ($1, $2, $3, $4, $5) RETURNING "id"[0m  [["flavor", "royal"], ["price", 999999999999.0], ["description", nil], ["created_at", "2022-10-20 20:44:14.288721"], ["updated_at", "2022-10-20 20:44:14.288721"]]
  â†³ app/controllers/api/teas_controller.rb:11:in `create'
  [1m[36mTRANSACTION (19.0ms)[0m  [1m[35mCOMMIT[0m
  â†³ app/controllers/api/teas_controller.rb:11:in `create'
Completed 200 OK in 68931ms (Views: 0.5ms | ActiveRecord: 70.5ms | Allocations: 89998)


