  [1m[35m (0.1ms)[0m  [1m[34mSELECT sqlite_version(*)[0m
  ↳ bin/rails:9
  [1m[35m (1.0ms)[0m  [1m[35mCREATE TABLE "schema_migrations" ("version" varchar NOT NULL PRIMARY KEY)[0m
  ↳ bin/rails:9
  [1m[35m (0.9ms)[0m  [1m[35mCREATE TABLE "ar_internal_metadata" ("key" varchar NOT NULL PRIMARY KEY, "value" varchar, "created_at" datetime NOT NULL, "updated_at" datetime NOT NULL)[0m
  ↳ bin/rails:9
  [1m[35m (0.1ms)[0m  [1m[34mSELECT "schema_migrations"."version" FROM "schema_migrations" ORDER BY "schema_migrations"."version" ASC[0m
  ↳ bin/rails:9
Migrating to CreateTeas (20200807161552)
  [1m[35m (0.0ms)[0m  [1m[36mbegin transaction[0m
  ↳ bin/rails:9
  [1m[35m (0.4ms)[0m  [1m[35mCREATE TABLE "teas" ("id" integer PRIMARY KEY AUTOINCREMENT NOT NULL, "flavor" varchar NOT NULL, "amount" float NOT NULL, "created_at" datetime NOT NULL, "updated_at" datetime NOT NULL)[0m
  ↳ db/migrate/20200807161552_create_teas.rb:3
  [1m[35m (0.1ms)[0m  [1m[35mCREATE UNIQUE INDEX "index_teas_on_flavor" ON "teas" ("flavor")[0m
  ↳ db/migrate/20200807161552_create_teas.rb:9
  [1m[36mActiveRecord::SchemaMigration Create (0.1ms)[0m  [1m[32mINSERT INTO "schema_migrations" ("version") VALUES (?)[0m  [["version", "20200807161552"]]
  ↳ bin/rails:9
  [1m[35m (0.7ms)[0m  [1m[36mcommit transaction[0m
  ↳ bin/rails:9
  [1m[36mActiveRecord::InternalMetadata Load (0.1ms)[0m  [1m[34mSELECT  "ar_internal_metadata".* FROM "ar_internal_metadata" WHERE "ar_internal_metadata"."key" = ? LIMIT ?[0m  [["key", "environment"], ["LIMIT", 1]]
  ↳ bin/rails:9
  [1m[35m (0.1ms)[0m  [1m[36mbegin transaction[0m
  ↳ bin/rails:9
  [1m[36mActiveRecord::InternalMetadata Create (0.3ms)[0m  [1m[32mINSERT INTO "ar_internal_metadata" ("key", "value", "created_at", "updated_at") VALUES (?, ?, ?, ?)[0m  [["key", "environment"], ["value", "development"], ["created_at", "2020-08-07 16:18:17.984603"], ["updated_at", "2020-08-07 16:18:17.984603"]]
  ↳ bin/rails:9
  [1m[35m (0.7ms)[0m  [1m[36mcommit transaction[0m
  ↳ bin/rails:9
  [1m[35m (0.1ms)[0m  [1m[34mSELECT "schema_migrations"."version" FROM "schema_migrations" ORDER BY "schema_migrations"."version" ASC[0m
  ↳ bin/rails:9
  [1m[35m (0.1ms)[0m  [1m[34mSELECT "schema_migrations"."version" FROM "schema_migrations" ORDER BY "schema_migrations"."version" ASC[0m
  ↳ /Users/joeb/.rbenv/versions/2.5.1/bin/annotate:23
  [1m[35m (0.4ms)[0m  [1m[34mSELECT "schema_migrations"."version" FROM "schema_migrations" ORDER BY "schema_migrations"."version" ASC[0m
  ↳ bin/rails:9
  [1m[35m (0.1ms)[0m  [1m[36mbegin transaction[0m
  ↳ db/seeds.rb:8
  [1m[36mTea Load (0.4ms)[0m  [1m[34mSELECT "teas".* FROM "teas"[0m
  ↳ db/seeds.rb:9
  [1m[36mTea Create (0.7ms)[0m  [1m[32mINSERT INTO "teas" ("flavor", "amount", "created_at", "updated_at") VALUES (?, ?, ?, ?)[0m  [["flavor", "green"], ["amount", 1.75], ["created_at", "2020-08-07 16:19:44.303068"], ["updated_at", "2020-08-07 16:19:44.303068"]]
  ↳ db/seeds.rb:10
  [1m[36mTea Create (0.1ms)[0m  [1m[32mINSERT INTO "teas" ("flavor", "amount", "created_at", "updated_at") VALUES (?, ?, ?, ?)[0m  [["flavor", "oolong"], ["amount", 2.0], ["created_at", "2020-08-07 16:19:44.304815"], ["updated_at", "2020-08-07 16:19:44.304815"]]
  ↳ db/seeds.rb:11
  [1m[36mTea Create (0.1ms)[0m  [1m[32mINSERT INTO "teas" ("flavor", "amount", "created_at", "updated_at") VALUES (?, ?, ?, ?)[0m  [["flavor", "earl grey"], ["amount", 2.5], ["created_at", "2020-08-07 16:19:44.305451"], ["updated_at", "2020-08-07 16:19:44.305451"]]
  ↳ db/seeds.rb:12
  [1m[36mTea Create (0.1ms)[0m  [1m[32mINSERT INTO "teas" ("flavor", "amount", "created_at", "updated_at") VALUES (?, ?, ?, ?)[0m  [["flavor", "rooibos"], ["amount", 3.0], ["created_at", "2020-08-07 16:19:44.306094"], ["updated_at", "2020-08-07 16:19:44.306094"]]
  ↳ db/seeds.rb:13
  [1m[35m (0.8ms)[0m  [1m[36mcommit transaction[0m
  ↳ db/seeds.rb:8
  [1m[36mTea Load (1.8ms)[0m  [1m[34mSELECT "teas".* FROM "teas"[0m
Started GET "/" for ::1 at 2020-08-07 09:49:22 -0700
  [1m[35m (0.5ms)[0m  [1m[34mSELECT "schema_migrations"."version" FROM "schema_migrations" ORDER BY "schema_migrations"."version" ASC[0m
  ↳ /Users/joeb/.rbenv/versions/2.5.1/lib/ruby/gems/2.5.0/gems/activerecord-5.2.4.3/lib/active_record/log_subscriber.rb:98
Processing by StaticPagesController#root as HTML
  Rendering static_pages/root.html.erb within layouts/application
  Rendered static_pages/root.html.erb within layouts/application (1.4ms)
Completed 200 OK in 2103ms (Views: 2097.1ms | ActiveRecord: 0.0ms)


Started GET "/" for ::1 at 2020-08-07 09:55:54 -0700
Processing by StaticPagesController#root as HTML
  Rendering static_pages/root.html.erb within layouts/application
  Rendered static_pages/root.html.erb within layouts/application (0.3ms)
Completed 500 Internal Server Error in 34ms (ActiveRecord: 0.0ms)


  
ActionView::Template::Error (couldn't find file 'jquery' with type 'application/javascript'
Checked in these paths: 
  /Users/joeb/Desktop/JollyTeaShop/app/assets/config
  /Users/joeb/Desktop/JollyTeaShop/app/assets/images
  /Users/joeb/Desktop/JollyTeaShop/app/assets/javascripts
  /Users/joeb/Desktop/JollyTeaShop/app/assets/stylesheets
  /Users/joeb/.rbenv/versions/2.5.1/lib/ruby/gems/2.5.0/gems/coffee-rails-4.2.2/lib/assets/javascripts
  /Users/joeb/.rbenv/versions/2.5.1/lib/ruby/gems/2.5.0/gems/actioncable-5.2.4.3/lib/assets/compiled
  /Users/joeb/.rbenv/versions/2.5.1/lib/ruby/gems/2.5.0/gems/activestorage-5.2.4.3/app/assets/javascripts
  /Users/joeb/.rbenv/versions/2.5.1/lib/ruby/gems/2.5.0/gems/actionview-5.2.4.3/lib/assets/compiled
  /Users/joeb/.rbenv/versions/2.5.1/lib/ruby/gems/2.5.0/gems/turbolinks-source-5.2.0/lib/assets/javascripts
  /Users/joeb/Desktop/JollyTeaShop/node_modules):
     6:     <%= csp_meta_tag %>
     7: 
     8:     <%= stylesheet_link_tag    'application', media: 'all', 'data-turbolinks-track': 'reload' %>
     9:     <%= javascript_include_tag 'application', 'data-turbolinks-track': 'reload' %>
    10:   </head>
    11: 
    12:   <body>
  
app/assets/javascripts/application.js:13
app/views/layouts/application.html.erb:9:in `_app_views_layouts_application_html_erb__3498062750536000165_70179118286500'
app/controllers/static_pages_controller.rb:4:in `root'
Started GET "/" for ::1 at 2020-08-07 09:56:24 -0700
  [1m[35m (0.2ms)[0m  [1m[34mSELECT "schema_migrations"."version" FROM "schema_migrations" ORDER BY "schema_migrations"."version" ASC[0m
  ↳ /Users/joeb/.rbenv/versions/2.5.1/lib/ruby/gems/2.5.0/gems/activerecord-5.2.4.3/lib/active_record/log_subscriber.rb:98
Processing by StaticPagesController#root as HTML
  Rendering static_pages/root.html.erb within layouts/application
  Rendered static_pages/root.html.erb within layouts/application (1.5ms)
Completed 200 OK in 2039ms (Views: 2034.6ms | ActiveRecord: 0.0ms)


Started GET "/" for ::1 at 2020-08-07 10:06:13 -0700
Processing by StaticPagesController#root as HTML
  Rendering static_pages/root.html.erb within layouts/application
  Rendered static_pages/root.html.erb within layouts/application (0.3ms)
Completed 200 OK in 711ms (Views: 710.2ms | ActiveRecord: 0.0ms)


Started GET "/api/teas" for ::1 at 2020-08-07 10:07:14 -0700
Processing by Api::TeasController#index as JSON
  [1m[36mTea Load (0.5ms)[0m  [1m[34mSELECT "teas".* FROM "teas"[0m
  ↳ app/controllers/api/teas_controller.rb:5
Completed 200 OK in 11ms (Views: 7.1ms | ActiveRecord: 1.0ms)


Started POST "/api/teas" for ::1 at 2020-08-07 10:08:41 -0700
Processing by Api::TeasController#create as JSON
Completed 400 Bad Request in 1ms (ActiveRecord: 0.0ms)


  
ActionController::ParameterMissing (param is missing or the value is empty: tea):
  
app/controllers/api/teas_controller.rb:19:in `tea_params'
app/controllers/api/teas_controller.rb:9:in `create'
Started POST "/api/teas" for ::1 at 2020-08-07 10:10:05 -0700
Processing by Api::TeasController#create as JSON
Completed 400 Bad Request in 1ms (ActiveRecord: 0.0ms)


  
ActionController::ParameterMissing (param is missing or the value is empty: tea):
  
app/controllers/api/teas_controller.rb:19:in `tea_params'
app/controllers/api/teas_controller.rb:9:in `create'
Started GET "/" for ::1 at 2020-08-07 10:10:09 -0700
Processing by StaticPagesController#root as HTML
  Rendering static_pages/root.html.erb within layouts/application
  Rendered static_pages/root.html.erb within layouts/application (0.8ms)
Completed 200 OK in 671ms (Views: 670.0ms | ActiveRecord: 0.0ms)


Started GET "/" for ::1 at 2020-08-07 10:10:12 -0700
Processing by StaticPagesController#root as HTML
  Rendering static_pages/root.html.erb within layouts/application
  Rendered static_pages/root.html.erb within layouts/application (0.3ms)
Completed 200 OK in 32ms (Views: 31.1ms | ActiveRecord: 0.0ms)


Started POST "/api/teas" for ::1 at 2020-08-07 10:10:21 -0700
Processing by Api::TeasController#create as JSON
  Parameters: {"tea"=>{"flavor"=>"boba", "amount"=>"4.5"}}
  [1m[35m (0.1ms)[0m  [1m[36mbegin transaction[0m
  ↳ app/controllers/api/teas_controller.rb:11
  [1m[36mTea Create (1.3ms)[0m  [1m[32mINSERT INTO "teas" ("flavor", "amount", "created_at", "updated_at") VALUES (?, ?, ?, ?)[0m  [["flavor", "boba"], ["amount", 4.5], ["created_at", "2020-08-07 17:10:21.720596"], ["updated_at", "2020-08-07 17:10:21.720596"]]
  ↳ app/controllers/api/teas_controller.rb:11
  [1m[35m (0.9ms)[0m  [1m[36mcommit transaction[0m
  ↳ app/controllers/api/teas_controller.rb:11
Completed 200 OK in 6ms (Views: 0.3ms | ActiveRecord: 2.2ms)


Started GET "/api/teas" for ::1 at 2020-08-07 10:10:45 -0700
Processing by Api::TeasController#index as JSON
  [1m[36mTea Load (0.1ms)[0m  [1m[34mSELECT "teas".* FROM "teas"[0m
  ↳ app/controllers/api/teas_controller.rb:5
Completed 200 OK in 2ms (Views: 1.3ms | ActiveRecord: 0.1ms)


Started GET "/" for ::1 at 2020-08-07 10:46:28 -0700
Processing by StaticPagesController#root as HTML
  Rendering static_pages/root.html.erb within layouts/application
  Rendered static_pages/root.html.erb within layouts/application (0.3ms)
Completed 200 OK in 702ms (Views: 701.6ms | ActiveRecord: 0.0ms)


Started GET "/" for ::1 at 2020-08-07 10:46:30 -0700
Processing by StaticPagesController#root as HTML
  Rendering static_pages/root.html.erb within layouts/application
  Rendered static_pages/root.html.erb within layouts/application (0.3ms)
Completed 200 OK in 27ms (Views: 26.3ms | ActiveRecord: 0.0ms)


Started GET "/" for ::1 at 2020-08-07 10:47:47 -0700
Processing by StaticPagesController#root as HTML
  Rendering static_pages/root.html.erb within layouts/application
  Rendered static_pages/root.html.erb within layouts/application (0.2ms)
Completed 200 OK in 674ms (Views: 672.8ms | ActiveRecord: 0.0ms)


Started GET "/" for ::1 at 2020-08-07 11:08:37 -0700
Processing by StaticPagesController#root as HTML
  Rendering static_pages/root.html.erb within layouts/application
  Rendered static_pages/root.html.erb within layouts/application (0.3ms)
Completed 200 OK in 708ms (Views: 707.8ms | ActiveRecord: 0.0ms)


Started GET "/api/teas" for ::1 at 2020-08-07 11:11:31 -0700
Processing by Api::TeasController#index as JSON
  [1m[36mTea Load (0.2ms)[0m  [1m[34mSELECT "teas".* FROM "teas"[0m
  ↳ app/controllers/api/teas_controller.rb:5
Completed 200 OK in 2ms (Views: 1.3ms | ActiveRecord: 0.2ms)


Started GET "/" for ::1 at 2020-08-07 11:12:48 -0700
Processing by StaticPagesController#root as HTML
  Rendering static_pages/root.html.erb within layouts/application
  Rendered static_pages/root.html.erb within layouts/application (0.7ms)
Completed 200 OK in 711ms (Views: 710.4ms | ActiveRecord: 0.0ms)


Started GET "/api/teas" for ::1 at 2020-08-07 11:12:53 -0700
Processing by Api::TeasController#index as JSON
  [1m[36mTea Load (0.1ms)[0m  [1m[34mSELECT "teas".* FROM "teas"[0m
  ↳ app/controllers/api/teas_controller.rb:5
Completed 200 OK in 2ms (Views: 1.7ms | ActiveRecord: 0.1ms)


Started GET "/" for ::1 at 2020-08-07 11:12:55 -0700
Processing by StaticPagesController#root as HTML
  Rendering static_pages/root.html.erb within layouts/application
  Rendered static_pages/root.html.erb within layouts/application (0.3ms)
Completed 200 OK in 27ms (Views: 26.6ms | ActiveRecord: 0.0ms)


Started GET "/api/teas" for ::1 at 2020-08-07 11:19:25 -0700
Processing by Api::TeasController#index as JSON
  [1m[36mTea Load (0.1ms)[0m  [1m[34mSELECT "teas".* FROM "teas"[0m
  ↳ app/controllers/api/teas_controller.rb:5
Completed 200 OK in 2ms (Views: 1.5ms | ActiveRecord: 0.1ms)


Started GET "/" for ::1 at 2020-08-07 11:20:06 -0700
Processing by StaticPagesController#root as HTML
  Rendering static_pages/root.html.erb within layouts/application
  Rendered static_pages/root.html.erb within layouts/application (0.3ms)
Completed 200 OK in 723ms (Views: 722.9ms | ActiveRecord: 0.0ms)


Started GET "/api/teas" for ::1 at 2020-08-07 11:20:26 -0700
Processing by Api::TeasController#index as JSON
  [1m[36mTea Load (0.1ms)[0m  [1m[34mSELECT "teas".* FROM "teas"[0m
  ↳ app/controllers/api/teas_controller.rb:5
Completed 200 OK in 2ms (Views: 1.3ms | ActiveRecord: 0.1ms)


Started GET "/" for ::1 at 2020-08-07 11:22:03 -0700
Processing by StaticPagesController#root as HTML
  Rendering static_pages/root.html.erb within layouts/application
  Rendered static_pages/root.html.erb within layouts/application (0.3ms)
Completed 200 OK in 21ms (Views: 20.8ms | ActiveRecord: 0.0ms)


Started GET "/" for ::1 at 2020-08-07 11:26:27 -0700
Processing by StaticPagesController#root as HTML
  Rendering static_pages/root.html.erb within layouts/application
  Rendered static_pages/root.html.erb within layouts/application (0.2ms)
Completed 200 OK in 768ms (Views: 767.8ms | ActiveRecord: 0.0ms)


Started GET "/api/teas" for ::1 at 2020-08-07 11:26:28 -0700
Processing by Api::TeasController#index as JSON
  [1m[36mTea Load (0.2ms)[0m  [1m[34mSELECT "teas".* FROM "teas"[0m
  ↳ app/controllers/api/teas_controller.rb:5
Completed 200 OK in 3ms (Views: 1.7ms | ActiveRecord: 0.2ms)


Started GET "/" for ::1 at 2020-08-07 11:26:32 -0700
Processing by StaticPagesController#root as HTML
  Rendering static_pages/root.html.erb within layouts/application
  Rendered static_pages/root.html.erb within layouts/application (0.4ms)
Completed 200 OK in 24ms (Views: 23.1ms | ActiveRecord: 0.0ms)


Started GET "/api/teas" for ::1 at 2020-08-07 11:26:32 -0700
Processing by Api::TeasController#index as JSON
  [1m[36mTea Load (0.2ms)[0m  [1m[34mSELECT "teas".* FROM "teas"[0m
  ↳ app/controllers/api/teas_controller.rb:5
Completed 200 OK in 3ms (Views: 1.9ms | ActiveRecord: 0.2ms)


Started GET "/" for ::1 at 2020-08-07 11:26:35 -0700
Processing by StaticPagesController#root as HTML
  Rendering static_pages/root.html.erb within layouts/application
  Rendered static_pages/root.html.erb within layouts/application (0.3ms)
Completed 200 OK in 21ms (Views: 20.1ms | ActiveRecord: 0.0ms)


Started GET "/api/teas" for ::1 at 2020-08-07 11:26:36 -0700
Processing by Api::TeasController#index as JSON
  [1m[36mTea Load (0.2ms)[0m  [1m[34mSELECT "teas".* FROM "teas"[0m
  ↳ app/controllers/api/teas_controller.rb:5
Completed 200 OK in 4ms (Views: 2.7ms | ActiveRecord: 0.2ms)


Started GET "/" for ::1 at 2020-08-07 11:26:39 -0700
Processing by StaticPagesController#root as HTML
  Rendering static_pages/root.html.erb within layouts/application
  Rendered static_pages/root.html.erb within layouts/application (0.5ms)
Completed 200 OK in 30ms (Views: 29.9ms | ActiveRecord: 0.0ms)


Started GET "/api/teas" for ::1 at 2020-08-07 11:26:39 -0700
Processing by Api::TeasController#index as JSON
  [1m[36mTea Load (0.2ms)[0m  [1m[34mSELECT "teas".* FROM "teas"[0m
  ↳ app/controllers/api/teas_controller.rb:5
Completed 200 OK in 3ms (Views: 2.3ms | ActiveRecord: 0.2ms)


Started GET "/" for ::1 at 2020-08-07 11:30:02 -0700
Processing by StaticPagesController#root as HTML
  Rendering static_pages/root.html.erb within layouts/application
  Rendered static_pages/root.html.erb within layouts/application (0.3ms)
Completed 200 OK in 27ms (Views: 26.5ms | ActiveRecord: 0.0ms)


Started GET "/api/teas" for ::1 at 2020-08-07 11:30:03 -0700
Processing by Api::TeasController#index as JSON
  [1m[36mTea Load (0.2ms)[0m  [1m[34mSELECT "teas".* FROM "teas"[0m
  ↳ app/controllers/api/teas_controller.rb:5
Completed 200 OK in 3ms (Views: 1.8ms | ActiveRecord: 0.2ms)


Started GET "/" for ::1 at 2020-08-07 11:35:22 -0700
Processing by StaticPagesController#root as HTML
  Rendering static_pages/root.html.erb within layouts/application
  Rendered static_pages/root.html.erb within layouts/application (0.3ms)
Completed 200 OK in 765ms (Views: 764.9ms | ActiveRecord: 0.0ms)


Started GET "/api/teas" for ::1 at 2020-08-07 11:35:23 -0700
Processing by Api::TeasController#index as JSON
  [1m[36mTea Load (0.1ms)[0m  [1m[34mSELECT "teas".* FROM "teas"[0m
  ↳ app/controllers/api/teas_controller.rb:5
Completed 200 OK in 3ms (Views: 2.0ms | ActiveRecord: 0.1ms)


Started POST "/api/teas" for ::1 at 2020-08-07 11:35:33 -0700
Processing by Api::TeasController#create as JSON
  Parameters: {"tea"=>{"id"=>"370873", "flavor"=>"jasmine", "amount"=>"2.75"}}
Unpermitted parameter: :id
  [1m[35m (0.1ms)[0m  [1m[36mbegin transaction[0m
  ↳ app/controllers/api/teas_controller.rb:11
  [1m[36mTea Create (0.7ms)[0m  [1m[32mINSERT INTO "teas" ("flavor", "amount", "created_at", "updated_at") VALUES (?, ?, ?, ?)[0m  [["flavor", "jasmine"], ["amount", 2.75], ["created_at", "2020-08-07 18:35:33.043159"], ["updated_at", "2020-08-07 18:35:33.043159"]]
  ↳ app/controllers/api/teas_controller.rb:11
  [1m[35m (1.1ms)[0m  [1m[36mcommit transaction[0m
  ↳ app/controllers/api/teas_controller.rb:11
Completed 200 OK in 7ms (Views: 0.3ms | ActiveRecord: 2.0ms)


Started GET "/" for ::1 at 2020-08-07 11:36:14 -0700
Processing by StaticPagesController#root as HTML
  Rendering static_pages/root.html.erb within layouts/application
  Rendered static_pages/root.html.erb within layouts/application (0.3ms)
Completed 200 OK in 24ms (Views: 23.5ms | ActiveRecord: 0.0ms)


Started GET "/api/teas" for ::1 at 2020-08-07 11:36:15 -0700
Processing by Api::TeasController#index as JSON
  [1m[36mTea Load (0.2ms)[0m  [1m[34mSELECT "teas".* FROM "teas"[0m
  ↳ app/controllers/api/teas_controller.rb:5
Completed 200 OK in 4ms (Views: 3.1ms | ActiveRecord: 0.2ms)


Started GET "/" for ::1 at 2020-08-07 11:42:20 -0700
Processing by StaticPagesController#root as HTML
  Rendering static_pages/root.html.erb within layouts/application
  Rendered static_pages/root.html.erb within layouts/application (0.5ms)
Completed 200 OK in 711ms (Views: 710.7ms | ActiveRecord: 0.0ms)


Started GET "/api/teas" for ::1 at 2020-08-07 11:43:03 -0700
Processing by Api::TeasController#index as JSON
  [1m[36mTea Load (0.3ms)[0m  [1m[34mSELECT "teas".* FROM "teas"[0m
  ↳ app/controllers/api/teas_controller.rb:5
Completed 200 OK in 21ms (Views: 14.0ms | ActiveRecord: 1.2ms)


Started POST "/api/teas" for ::1 at 2020-08-07 11:45:26 -0700
Processing by Api::TeasController#create as JSON
  Parameters: {"tea"=>{"id"=>"414317", "flavor"=>"black ", "amount"=>"2.05"}}
Unpermitted parameter: :id
  [1m[35m (0.1ms)[0m  [1m[36mbegin transaction[0m
  ↳ app/controllers/api/teas_controller.rb:12
  [1m[36mTea Create (0.4ms)[0m  [1m[32mINSERT INTO "teas" ("flavor", "amount", "created_at", "updated_at") VALUES (?, ?, ?, ?)[0m  [["flavor", "black "], ["amount", 2.05], ["created_at", "2020-08-07 18:45:57.634216"], ["updated_at", "2020-08-07 18:45:57.634216"]]
  ↳ app/controllers/api/teas_controller.rb:12
  [1m[35m (0.6ms)[0m  [1m[36mcommit transaction[0m
  ↳ app/controllers/api/teas_controller.rb:12
Completed 200 OK in 31250ms (Views: 0.3ms | ActiveRecord: 1.1ms)


Started POST "/api/teas" for ::1 at 2020-08-07 11:52:03 -0700
Processing by Api::TeasController#create as JSON
  Parameters: {"tea"=>{"id"=>"986906", "flavor"=>"matcha", "amount"=>"5.46"}}
Unpermitted parameter: :id
  [1m[35m (0.1ms)[0m  [1m[36mbegin transaction[0m
  ↳ app/controllers/api/teas_controller.rb:12
  [1m[36mTea Create (0.4ms)[0m  [1m[32mINSERT INTO "teas" ("flavor", "amount", "created_at", "updated_at") VALUES (?, ?, ?, ?)[0m  [["flavor", "matcha"], ["amount", 5.46], ["created_at", "2020-08-07 18:52:33.733114"], ["updated_at", "2020-08-07 18:52:33.733114"]]
  ↳ app/controllers/api/teas_controller.rb:12
  [1m[35m (0.7ms)[0m  [1m[36mcommit transaction[0m
  ↳ app/controllers/api/teas_controller.rb:12
Completed 200 OK in 30041ms (Views: 0.3ms | ActiveRecord: 1.1ms)


Started GET "/" for ::1 at 2020-08-07 11:56:23 -0700
Processing by StaticPagesController#root as HTML
  Rendering static_pages/root.html.erb within layouts/application
  Rendered static_pages/root.html.erb within layouts/application (0.3ms)
Completed 200 OK in 36ms (Views: 35.9ms | ActiveRecord: 0.0ms)


Started GET "/" for ::1 at 2020-08-07 11:57:15 -0700
Processing by StaticPagesController#root as HTML
  Rendering static_pages/root.html.erb within layouts/application
  Rendered static_pages/root.html.erb within layouts/application (0.3ms)
Completed 200 OK in 756ms (Views: 755.5ms | ActiveRecord: 0.0ms)


Started GET "/api/teas" for ::1 at 2020-08-07 11:57:21 -0700
Processing by Api::TeasController#index as JSON
  [1m[36mTea Load (0.3ms)[0m  [1m[34mSELECT "teas".* FROM "teas"[0m
  ↳ app/controllers/api/teas_controller.rb:5
Completed 200 OK in 20ms (Views: 14.4ms | ActiveRecord: 1.5ms)


Started GET "/" for ::1 at 2020-08-07 11:57:28 -0700
Processing by StaticPagesController#root as HTML
  Rendering static_pages/root.html.erb within layouts/application
  Rendered static_pages/root.html.erb within layouts/application (0.4ms)
Completed 200 OK in 36ms (Views: 35.7ms | ActiveRecord: 0.0ms)


Started GET "/api/teas" for ::1 at 2020-08-07 11:57:31 -0700
Processing by Api::TeasController#index as JSON
  [1m[36mTea Load (0.1ms)[0m  [1m[34mSELECT "teas".* FROM "teas"[0m
  ↳ app/controllers/api/teas_controller.rb:5
Completed 200 OK in 3ms (Views: 2.1ms | ActiveRecord: 0.1ms)


Started GET "/" for ::1 at 2020-08-07 11:58:47 -0700
Processing by StaticPagesController#root as HTML
  Rendering static_pages/root.html.erb within layouts/application
  Rendered static_pages/root.html.erb within layouts/application (0.5ms)
Completed 200 OK in 30ms (Views: 29.3ms | ActiveRecord: 0.0ms)


Started GET "/api/teas" for ::1 at 2020-08-07 11:58:49 -0700
Processing by Api::TeasController#index as JSON
  [1m[36mTea Load (0.2ms)[0m  [1m[34mSELECT "teas".* FROM "teas"[0m
  ↳ app/controllers/api/teas_controller.rb:5
Completed 200 OK in 4ms (Views: 3.2ms | ActiveRecord: 0.2ms)


Started GET "/" for ::1 at 2020-08-07 12:01:09 -0700
Processing by StaticPagesController#root as HTML
  Rendering static_pages/root.html.erb within layouts/application
  Rendered static_pages/root.html.erb within layouts/application (0.3ms)
Completed 200 OK in 702ms (Views: 701.1ms | ActiveRecord: 0.0ms)


Started GET "/api/teas" for ::1 at 2020-08-07 12:01:12 -0700
Processing by Api::TeasController#index as JSON
  [1m[36mTea Load (0.2ms)[0m  [1m[34mSELECT "teas".* FROM "teas"[0m
  ↳ app/controllers/api/teas_controller.rb:5
Completed 200 OK in 4ms (Views: 2.9ms | ActiveRecord: 0.2ms)


Started GET "/" for ::1 at 2020-08-07 12:01:18 -0700
Processing by StaticPagesController#root as HTML
  Rendering static_pages/root.html.erb within layouts/application
  Rendered static_pages/root.html.erb within layouts/application (0.3ms)
Completed 200 OK in 35ms (Views: 33.8ms | ActiveRecord: 0.0ms)


Started GET "/api/teas" for ::1 at 2020-08-07 12:01:20 -0700
Processing by Api::TeasController#index as JSON
  [1m[36mTea Load (0.2ms)[0m  [1m[34mSELECT "teas".* FROM "teas"[0m
  ↳ app/controllers/api/teas_controller.rb:5
Completed 200 OK in 6ms (Views: 4.5ms | ActiveRecord: 0.2ms)


