  [1m[35m (99.9ms)[0m  [1m[35mCREATE DATABASE "TeaTime_development" ENCODING = 'unicode'[0m
  [1m[35m (32.5ms)[0m  [1m[35mCREATE DATABASE "TeaTime_test" ENCODING = 'unicode'[0m
  [1m[35m (11.4ms)[0m  [1m[35mCREATE TABLE "schema_migrations" ("version" character varying NOT NULL PRIMARY KEY)[0m
  [1m[35m (1.2ms)[0m  [1m[35mCREATE TABLE "ar_internal_metadata" ("key" character varying NOT NULL PRIMARY KEY, "value" character varying, "created_at" timestamp(6) NOT NULL, "updated_at" timestamp(6) NOT NULL)[0m
  [1m[35m (0.3ms)[0m  [1m[34mSELECT pg_try_advisory_lock(4383024509120929350)[0m
  [1m[36mActiveRecord::SchemaMigration Pluck (0.2ms)[0m  [1m[34mSELECT "schema_migrations"."version" FROM "schema_migrations" ORDER BY "schema_migrations"."version" ASC[0m
Migrating to CreateTeas (20230803163516)
  [1m[36mTRANSACTION (0.1ms)[0m  [1m[35mBEGIN[0m
  [1m[35m (2.5ms)[0m  [1m[35mCREATE TABLE "teas" ("id" bigserial primary key, "flavor" character varying NOT NULL, "price" float NOT NULL, "description" character varying, "amount" integer, "created_at" timestamp(6) NOT NULL, "updated_at" timestamp(6) NOT NULL)[0m
  [1m[35m (0.8ms)[0m  [1m[35mCREATE UNIQUE INDEX "index_teas_on_flavor" ON "teas" ("flavor")[0m
  [1m[36mActiveRecord::SchemaMigration Create (0.2ms)[0m  [1m[32mINSERT INTO "schema_migrations" ("version") VALUES ($1) RETURNING "version"[0m  [["version", "20230803163516"]]
  [1m[36mTRANSACTION (0.3ms)[0m  [1m[35mCOMMIT[0m
  [1m[36mActiveRecord::InternalMetadata Load (0.2ms)[0m  [1m[34mSELECT "ar_internal_metadata".* FROM "ar_internal_metadata" WHERE "ar_internal_metadata"."key" = $1 LIMIT $2[0m  [["key", "environment"], ["LIMIT", 1]]
  [1m[36mTRANSACTION (0.1ms)[0m  [1m[35mBEGIN[0m
  [1m[36mActiveRecord::InternalMetadata Create (0.6ms)[0m  [1m[32mINSERT INTO "ar_internal_metadata" ("key", "value", "created_at", "updated_at") VALUES ($1, $2, $3, $4) RETURNING "key"[0m  [["key", "environment"], ["value", "development"], ["created_at", "2023-08-03 16:40:09.089580"], ["updated_at", "2023-08-03 16:40:09.089580"]]
  [1m[36mTRANSACTION (0.1ms)[0m  [1m[35mCOMMIT[0m
  [1m[35m (0.1ms)[0m  [1m[34mSELECT pg_advisory_unlock(4383024509120929350)[0m
  [1m[36mActiveRecord::SchemaMigration Pluck (0.3ms)[0m  [1m[34mSELECT "schema_migrations"."version" FROM "schema_migrations" ORDER BY "schema_migrations"."version" ASC[0m
  [1m[36mActiveRecord::SchemaMigration Pluck (0.5ms)[0m  [1m[34mSELECT "schema_migrations"."version" FROM "schema_migrations" ORDER BY "schema_migrations"."version" ASC[0m
  [1m[35m (0.1ms)[0m  [1m[34mSELECT pg_try_advisory_lock(4383024509120929350)[0m
  [1m[36mActiveRecord::SchemaMigration Pluck (0.5ms)[0m  [1m[34mSELECT "schema_migrations"."version" FROM "schema_migrations" ORDER BY "schema_migrations"."version" ASC[0m
Migrating to CreateUsers (20230803164255)
  [1m[36mTRANSACTION (0.1ms)[0m  [1m[35mBEGIN[0m
  [1m[35m (7.6ms)[0m  [1m[35mCREATE TABLE "users" ("id" bigserial primary key, "username" character varying NOT NULL, "created_at" timestamp(6) NOT NULL, "updated_at" timestamp(6) NOT NULL)[0m
  [1m[35m (0.8ms)[0m  [1m[35mCREATE UNIQUE INDEX "index_users_on_username" ON "users" ("username")[0m
  [1m[36mActiveRecord::SchemaMigration Create (0.7ms)[0m  [1m[32mINSERT INTO "schema_migrations" ("version") VALUES ($1) RETURNING "version"[0m  [["version", "20230803164255"]]
  [1m[36mTRANSACTION (0.8ms)[0m  [1m[35mCOMMIT[0m
Migrating to CreateTransactions (20230803164309)
  [1m[36mTRANSACTION (0.4ms)[0m  [1m[35mBEGIN[0m
  [1m[35m (6.0ms)[0m  [1m[35mCREATE TABLE "transactions" ("id" bigserial primary key, "quantity" integer NOT NULL, "user_id" bigint NOT NULL, "tea_id" bigint NOT NULL, "created_at" timestamp(6) NOT NULL, "updated_at" timestamp(6) NOT NULL, CONSTRAINT "fk_rails_77364e6416"
FOREIGN KEY ("user_id")
  REFERENCES "users" ("id")
, CONSTRAINT "fk_rails_d165608510"
FOREIGN KEY ("tea_id")
  REFERENCES "teas" ("id")
)[0m
  [1m[35m (0.9ms)[0m  [1m[35mCREATE INDEX "index_transactions_on_user_id" ON "transactions" ("user_id")[0m
  [1m[35m (1.6ms)[0m  [1m[35mCREATE INDEX "index_transactions_on_tea_id" ON "transactions" ("tea_id")[0m
  [1m[36mActiveRecord::SchemaMigration Create (0.2ms)[0m  [1m[32mINSERT INTO "schema_migrations" ("version") VALUES ($1) RETURNING "version"[0m  [["version", "20230803164309"]]
  [1m[36mTRANSACTION (0.5ms)[0m  [1m[35mCOMMIT[0m
Migrating to CreateLikes (20230803164319)
  [1m[36mTRANSACTION (0.3ms)[0m  [1m[35mBEGIN[0m
  [1m[35m (3.3ms)[0m  [1m[35mCREATE TABLE "likes" ("id" bigserial primary key, "user_id" bigint NOT NULL, "tea_id" bigint NOT NULL, "created_at" timestamp(6) NOT NULL, "updated_at" timestamp(6) NOT NULL, CONSTRAINT "fk_rails_1e09b5dabf"
FOREIGN KEY ("user_id")
  REFERENCES "users" ("id")
, CONSTRAINT "fk_rails_42cb2ae4ad"
FOREIGN KEY ("tea_id")
  REFERENCES "teas" ("id")
)[0m
  [1m[35m (0.6ms)[0m  [1m[35mCREATE INDEX "index_likes_on_user_id" ON "likes" ("user_id")[0m
  [1m[35m (0.5ms)[0m  [1m[35mCREATE INDEX "index_likes_on_tea_id" ON "likes" ("tea_id")[0m
  [1m[36mActiveRecord::SchemaMigration Create (0.2ms)[0m  [1m[32mINSERT INTO "schema_migrations" ("version") VALUES ($1) RETURNING "version"[0m  [["version", "20230803164319"]]
  [1m[36mTRANSACTION (0.2ms)[0m  [1m[35mCOMMIT[0m
  [1m[36mActiveRecord::InternalMetadata Load (0.7ms)[0m  [1m[34mSELECT "ar_internal_metadata".* FROM "ar_internal_metadata" WHERE "ar_internal_metadata"."key" = $1 LIMIT $2[0m  [["key", "environment"], ["LIMIT", 1]]
  [1m[35m (0.4ms)[0m  [1m[34mSELECT pg_advisory_unlock(4383024509120929350)[0m
  [1m[36mActiveRecord::SchemaMigration Pluck (0.9ms)[0m  [1m[34mSELECT "schema_migrations"."version" FROM "schema_migrations" ORDER BY "schema_migrations"."version" ASC[0m
  [1m[36mActiveRecord::SchemaMigration Pluck (0.4ms)[0m  [1m[34mSELECT "schema_migrations"."version" FROM "schema_migrations" ORDER BY "schema_migrations"."version" ASC[0m
  [1m[36mActiveRecord::SchemaMigration Pluck (0.9ms)[0m  [1m[34mSELECT "schema_migrations"."version" FROM "schema_migrations" ORDER BY "schema_migrations"."version" ASC[0m
  [1m[36mTRANSACTION (0.1ms)[0m  [1m[35mBEGIN[0m
  [1m[36mLike Load (1.6ms)[0m  [1m[34mSELECT "likes".* FROM "likes"[0m
  [1m[36mTransaction Load (0.7ms)[0m  [1m[34mSELECT "transactions".* FROM "transactions"[0m
  [1m[36mUser Load (0.6ms)[0m  [1m[34mSELECT "users".* FROM "users"[0m
  [1m[36mTea Load (0.9ms)[0m  [1m[34mSELECT "teas".* FROM "teas"[0m
  [1m[36mTea Exists? (0.5ms)[0m  [1m[34mSELECT 1 AS one FROM "teas" WHERE "teas"."flavor" = $1 LIMIT $2[0m  [["flavor", "Green"], ["LIMIT", 1]]
  [1m[36mTea Create (0.7ms)[0m  [1m[32mINSERT INTO "teas" ("flavor", "price", "description", "amount", "created_at", "updated_at") VALUES ($1, $2, $3, $4, $5, $6) RETURNING "id"[0m  [["flavor", "Green"], ["price", 1.75], ["description", "Green tea is a type of tea that is made from Camellia sinensis leaves and buds that have not undergone the same withering and oxidation process used to make oolong teas and black teas. Green tea originated in China, but its production and manufacture has spread to other countries in East Asia."], ["amount", nil], ["created_at", "2023-08-03 17:06:13.149461"], ["updated_at", "2023-08-03 17:06:13.149461"]]
  [1m[36mTea Exists? (0.2ms)[0m  [1m[34mSELECT 1 AS one FROM "teas" WHERE "teas"."flavor" = $1 LIMIT $2[0m  [["flavor", "Oolong"], ["LIMIT", 1]]
  [1m[36mTea Create (0.3ms)[0m  [1m[32mINSERT INTO "teas" ("flavor", "price", "description", "amount", "created_at", "updated_at") VALUES ($1, $2, $3, $4, $5, $6) RETURNING "id"[0m  [["flavor", "Oolong"], ["price", 2.0], ["description", "Oolong tea is a type of tea that is sometimes called \"wulong\" (also pronounced \"oolong\") or \"black dragon\" tea. Oolong teas are semi-oxidized teas. They are sometimes called \"semi-fermented teas\" though this moniker is considered to be less technically correct than semi-oxidized teas. After the tea leaves are picked, they are rolled and allowed to oxidize. Oxidation produces floral notes that characterize many oolongs."], ["amount", nil], ["created_at", "2023-08-03 17:06:13.153310"], ["updated_at", "2023-08-03 17:06:13.153310"]]
  [1m[36mTea Exists? (0.2ms)[0m  [1m[34mSELECT 1 AS one FROM "teas" WHERE "teas"."flavor" = $1 LIMIT $2[0m  [["flavor", "Earl Grey"], ["LIMIT", 1]]
  [1m[36mTea Create (0.2ms)[0m  [1m[32mINSERT INTO "teas" ("flavor", "price", "description", "amount", "created_at", "updated_at") VALUES ($1, $2, $3, $4, $5, $6) RETURNING "id"[0m  [["flavor", "Earl Grey"], ["price", 2.5], ["description", "Earl Grey tea is a tea blend which has been flavoured with the addition of oil of bergamot. The rind's fragrant oil is added to black tea to give Earl Grey its unique taste. Traditionally, Earl Grey was made from black teas such as China keemun and therefore intended to be drunk without milk. However, tea companies have since begun to offer Earl Grey based upon stronger teas such as Ceylons which are better suited to the addition of milk or cream. Other varieties have been introduced as well, such as green or oolong."], ["amount", nil], ["created_at", "2023-08-03 17:06:13.155790"], ["updated_at", "2023-08-03 17:06:13.155790"]]
  [1m[36mTea Exists? (0.2ms)[0m  [1m[34mSELECT 1 AS one FROM "teas" WHERE "teas"."flavor" = $1 LIMIT $2[0m  [["flavor", "Rooibos"], ["LIMIT", 1]]
  [1m[36mTea Create (0.2ms)[0m  [1m[32mINSERT INTO "teas" ("flavor", "price", "description", "amount", "created_at", "updated_at") VALUES ($1, $2, $3, $4, $5, $6) RETURNING "id"[0m  [["flavor", "Rooibos"], ["price", 3.0], ["description", "Rooibos (/ËˆrÉ”ÉªbÉ’s/ ROY-boss; Afrikaans: [rÉ”ËibÉ”s]; Aspalathus linearis), meaning 'red bush'; is a broom-like member of the plant family Fabaceae that grows in South Africa's fynbos. The leaves are used to make a herbal tea that is called by the names: rooibos (especially in Southern Africa), bush tea, red tea, or redbush tea (predominantly in Great Britain). The tea has been popular in Southern Africa for generations, but is now consumed in many countries worldwide. It is sometimes spelled rooibosch in accordance with the original Dutch for 'red bush'. The tea has a taste and color somewhat similar to hibiscus tea, with more or less of an earthy flavor like yerba mate."], ["amount", nil], ["created_at", "2023-08-03 17:06:13.157836"], ["updated_at", "2023-08-03 17:06:13.157836"]]
  [1m[36mUser Exists? (0.4ms)[0m  [1m[34mSELECT 1 AS one FROM "users" WHERE "users"."username" = $1 LIMIT $2[0m  [["username", "madz"], ["LIMIT", 1]]
  [1m[36mUser Create (0.9ms)[0m  [1m[32mINSERT INTO "users" ("username", "created_at", "updated_at") VALUES ($1, $2, $3) RETURNING "id"[0m  [["username", "madz"], ["created_at", "2023-08-03 17:06:13.173817"], ["updated_at", "2023-08-03 17:06:13.173817"]]
  [1m[36mUser Exists? (0.3ms)[0m  [1m[34mSELECT 1 AS one FROM "users" WHERE "users"."username" = $1 LIMIT $2[0m  [["username", "papi"], ["LIMIT", 1]]
  [1m[36mUser Create (0.2ms)[0m  [1m[32mINSERT INTO "users" ("username", "created_at", "updated_at") VALUES ($1, $2, $3) RETURNING "id"[0m  [["username", "papi"], ["created_at", "2023-08-03 17:06:13.176905"], ["updated_at", "2023-08-03 17:06:13.176905"]]
  [1m[36mUser Exists? (0.1ms)[0m  [1m[34mSELECT 1 AS one FROM "users" WHERE "users"."username" = $1 LIMIT $2[0m  [["username", "kriz"], ["LIMIT", 1]]
  [1m[36mUser Create (0.1ms)[0m  [1m[32mINSERT INTO "users" ("username", "created_at", "updated_at") VALUES ($1, $2, $3) RETURNING "id"[0m  [["username", "kriz"], ["created_at", "2023-08-03 17:06:13.179047"], ["updated_at", "2023-08-03 17:06:13.179047"]]
  [1m[36mUser Exists? (0.1ms)[0m  [1m[34mSELECT 1 AS one FROM "users" WHERE "users"."username" = $1 LIMIT $2[0m  [["username", "abz"], ["LIMIT", 1]]
  [1m[36mUser Create (0.1ms)[0m  [1m[32mINSERT INTO "users" ("username", "created_at", "updated_at") VALUES ($1, $2, $3) RETURNING "id"[0m  [["username", "abz"], ["created_at", "2023-08-03 17:06:13.180566"], ["updated_at", "2023-08-03 17:06:13.180566"]]
  [1m[36mUser Exists? (0.1ms)[0m  [1m[34mSELECT 1 AS one FROM "users" WHERE "users"."username" = $1 LIMIT $2[0m  [["username", "darude"], ["LIMIT", 1]]
  [1m[36mUser Create (0.1ms)[0m  [1m[32mINSERT INTO "users" ("username", "created_at", "updated_at") VALUES ($1, $2, $3) RETURNING "id"[0m  [["username", "darude"], ["created_at", "2023-08-03 17:06:13.182349"], ["updated_at", "2023-08-03 17:06:13.182349"]]
  [1m[36mUser Exists? (0.1ms)[0m  [1m[34mSELECT 1 AS one FROM "users" WHERE "users"."username" = $1 LIMIT $2[0m  [["username", "didi"], ["LIMIT", 1]]
  [1m[36mUser Create (0.1ms)[0m  [1m[32mINSERT INTO "users" ("username", "created_at", "updated_at") VALUES ($1, $2, $3) RETURNING "id"[0m  [["username", "didi"], ["created_at", "2023-08-03 17:06:13.184067"], ["updated_at", "2023-08-03 17:06:13.184067"]]
  [1m[36mUser Exists? (0.2ms)[0m  [1m[34mSELECT 1 AS one FROM "users" WHERE "users"."username" = $1 LIMIT $2[0m  [["username", "taytay"], ["LIMIT", 1]]
  [1m[36mUser Create (0.2ms)[0m  [1m[32mINSERT INTO "users" ("username", "created_at", "updated_at") VALUES ($1, $2, $3) RETURNING "id"[0m  [["username", "taytay"], ["created_at", "2023-08-03 17:06:13.185776"], ["updated_at", "2023-08-03 17:06:13.185776"]]
  [1m[36mUser Exists? (0.3ms)[0m  [1m[34mSELECT 1 AS one FROM "users" WHERE "users"."username" = $1 LIMIT $2[0m  [["username", "diz"], ["LIMIT", 1]]
  [1m[36mUser Create (0.3ms)[0m  [1m[32mINSERT INTO "users" ("username", "created_at", "updated_at") VALUES ($1, $2, $3) RETURNING "id"[0m  [["username", "diz"], ["created_at", "2023-08-03 17:06:13.188134"], ["updated_at", "2023-08-03 17:06:13.188134"]]
  [1m[36mUser Load (0.3ms)[0m  [1m[34mSELECT "users".* FROM "users" WHERE "users"."id" = $1 LIMIT $2[0m  [["id", 2], ["LIMIT", 1]]
  [1m[36mTea Load (0.3ms)[0m  [1m[34mSELECT "teas".* FROM "teas" WHERE "teas"."id" = $1 LIMIT $2[0m  [["id", 1], ["LIMIT", 1]]
  [1m[36mTransaction Create (1.6ms)[0m  [1m[32mINSERT INTO "transactions" ("quantity", "user_id", "tea_id", "created_at", "updated_at") VALUES ($1, $2, $3, $4, $5) RETURNING "id"[0m  [["quantity", 1], ["user_id", 2], ["tea_id", 1], ["created_at", "2023-08-03 17:06:13.207341"], ["updated_at", "2023-08-03 17:06:13.207341"]]
  [1m[36mUser Load (0.1ms)[0m  [1m[34mSELECT "users".* FROM "users" WHERE "users"."id" = $1 LIMIT $2[0m  [["id", 3], ["LIMIT", 1]]
  [1m[36mTea Load (0.1ms)[0m  [1m[34mSELECT "teas".* FROM "teas" WHERE "teas"."id" = $1 LIMIT $2[0m  [["id", 1], ["LIMIT", 1]]
  [1m[36mTransaction Create (0.2ms)[0m  [1m[32mINSERT INTO "transactions" ("quantity", "user_id", "tea_id", "created_at", "updated_at") VALUES ($1, $2, $3, $4, $5) RETURNING "id"[0m  [["quantity", 2], ["user_id", 3], ["tea_id", 1], ["created_at", "2023-08-03 17:06:13.212210"], ["updated_at", "2023-08-03 17:06:13.212210"]]
  [1m[36mUser Load (0.1ms)[0m  [1m[34mSELECT "users".* FROM "users" WHERE "users"."id" = $1 LIMIT $2[0m  [["id", 4], ["LIMIT", 1]]
  [1m[36mTea Load (0.1ms)[0m  [1m[34mSELECT "teas".* FROM "teas" WHERE "teas"."id" = $1 LIMIT $2[0m  [["id", 1], ["LIMIT", 1]]
  [1m[36mTransaction Create (0.2ms)[0m  [1m[32mINSERT INTO "transactions" ("quantity", "user_id", "tea_id", "created_at", "updated_at") VALUES ($1, $2, $3, $4, $5) RETURNING "id"[0m  [["quantity", 1], ["user_id", 4], ["tea_id", 1], ["created_at", "2023-08-03 17:06:13.215124"], ["updated_at", "2023-08-03 17:06:13.215124"]]
  [1m[36mUser Load (0.1ms)[0m  [1m[34mSELECT "users".* FROM "users" WHERE "users"."id" = $1 LIMIT $2[0m  [["id", 3], ["LIMIT", 1]]
  [1m[36mTea Load (0.1ms)[0m  [1m[34mSELECT "teas".* FROM "teas" WHERE "teas"."id" = $1 LIMIT $2[0m  [["id", 1], ["LIMIT", 1]]
  [1m[36mTransaction Create (0.2ms)[0m  [1m[32mINSERT INTO "transactions" ("quantity", "user_id", "tea_id", "created_at", "updated_at") VALUES ($1, $2, $3, $4, $5) RETURNING "id"[0m  [["quantity", 3], ["user_id", 3], ["tea_id", 1], ["created_at", "2023-08-03 17:06:13.217773"], ["updated_at", "2023-08-03 17:06:13.217773"]]
  [1m[36mUser Load (0.1ms)[0m  [1m[34mSELECT "users".* FROM "users" WHERE "users"."id" = $1 LIMIT $2[0m  [["id", 1], ["LIMIT", 1]]
  [1m[36mTea Load (0.2ms)[0m  [1m[34mSELECT "teas".* FROM "teas" WHERE "teas"."id" = $1 LIMIT $2[0m  [["id", 2], ["LIMIT", 1]]
  [1m[36mTransaction Create (0.5ms)[0m  [1m[32mINSERT INTO "transactions" ("quantity", "user_id", "tea_id", "created_at", "updated_at") VALUES ($1, $2, $3, $4, $5) RETURNING "id"[0m  [["quantity", 1], ["user_id", 1], ["tea_id", 2], ["created_at", "2023-08-03 17:06:13.220676"], ["updated_at", "2023-08-03 17:06:13.220676"]]
  [1m[36mUser Load (0.2ms)[0m  [1m[34mSELECT "users".* FROM "users" WHERE "users"."id" = $1 LIMIT $2[0m  [["id", 5], ["LIMIT", 1]]
  [1m[36mTea Load (0.1ms)[0m  [1m[34mSELECT "teas".* FROM "teas" WHERE "teas"."id" = $1 LIMIT $2[0m  [["id", 2], ["LIMIT", 1]]
  [1m[36mTransaction Create (0.4ms)[0m  [1m[32mINSERT INTO "transactions" ("quantity", "user_id", "tea_id", "created_at", "updated_at") VALUES ($1, $2, $3, $4, $5) RETURNING "id"[0m  [["quantity", 1], ["user_id", 5], ["tea_id", 2], ["created_at", "2023-08-03 17:06:13.224199"], ["updated_at", "2023-08-03 17:06:13.224199"]]
  [1m[36mUser Load (0.4ms)[0m  [1m[34mSELECT "users".* FROM "users" WHERE "users"."id" = $1 LIMIT $2[0m  [["id", 1], ["LIMIT", 1]]
  [1m[36mTea Load (0.1ms)[0m  [1m[34mSELECT "teas".* FROM "teas" WHERE "teas"."id" = $1 LIMIT $2[0m  [["id", 2], ["LIMIT", 1]]
  [1m[36mTransaction Create (0.4ms)[0m  [1m[32mINSERT INTO "transactions" ("quantity", "user_id", "tea_id", "created_at", "updated_at") VALUES ($1, $2, $3, $4, $5) RETURNING "id"[0m  [["quantity", 5], ["user_id", 1], ["tea_id", 2], ["created_at", "2023-08-03 17:06:13.227803"], ["updated_at", "2023-08-03 17:06:13.227803"]]
  [1m[36mUser Load (0.1ms)[0m  [1m[34mSELECT "users".* FROM "users" WHERE "users"."id" = $1 LIMIT $2[0m  [["id", 1], ["LIMIT", 1]]
  [1m[36mTea Load (0.1ms)[0m  [1m[34mSELECT "teas".* FROM "teas" WHERE "teas"."id" = $1 LIMIT $2[0m  [["id", 2], ["LIMIT", 1]]
  [1m[36mTransaction Create (0.2ms)[0m  [1m[32mINSERT INTO "transactions" ("quantity", "user_id", "tea_id", "created_at", "updated_at") VALUES ($1, $2, $3, $4, $5) RETURNING "id"[0m  [["quantity", 3], ["user_id", 1], ["tea_id", 2], ["created_at", "2023-08-03 17:06:13.231501"], ["updated_at", "2023-08-03 17:06:13.231501"]]
  [1m[36mUser Load (0.1ms)[0m  [1m[34mSELECT "users".* FROM "users" WHERE "users"."id" = $1 LIMIT $2[0m  [["id", 1], ["LIMIT", 1]]
  [1m[36mTea Load (0.1ms)[0m  [1m[34mSELECT "teas".* FROM "teas" WHERE "teas"."id" = $1 LIMIT $2[0m  [["id", 2], ["LIMIT", 1]]
  [1m[36mTransaction Create (0.2ms)[0m  [1m[32mINSERT INTO "transactions" ("quantity", "user_id", "tea_id", "created_at", "updated_at") VALUES ($1, $2, $3, $4, $5) RETURNING "id"[0m  [["quantity", 2], ["user_id", 1], ["tea_id", 2], ["created_at", "2023-08-03 17:06:13.234189"], ["updated_at", "2023-08-03 17:06:13.234189"]]
  [1m[36mUser Load (0.1ms)[0m  [1m[34mSELECT "users".* FROM "users" WHERE "users"."id" = $1 LIMIT $2[0m  [["id", 6], ["LIMIT", 1]]
  [1m[36mTea Load (0.1ms)[0m  [1m[34mSELECT "teas".* FROM "teas" WHERE "teas"."id" = $1 LIMIT $2[0m  [["id", 2], ["LIMIT", 1]]
  [1m[36mTransaction Create (0.3ms)[0m  [1m[32mINSERT INTO "transactions" ("quantity", "user_id", "tea_id", "created_at", "updated_at") VALUES ($1, $2, $3, $4, $5) RETURNING "id"[0m  [["quantity", 1], ["user_id", 6], ["tea_id", 2], ["created_at", "2023-08-03 17:06:13.237367"], ["updated_at", "2023-08-03 17:06:13.237367"]]
  [1m[36mUser Load (0.1ms)[0m  [1m[34mSELECT "users".* FROM "users" WHERE "users"."id" = $1 LIMIT $2[0m  [["id", 6], ["LIMIT", 1]]
  [1m[36mTea Load (0.1ms)[0m  [1m[34mSELECT "teas".* FROM "teas" WHERE "teas"."id" = $1 LIMIT $2[0m  [["id", 3], ["LIMIT", 1]]
  [1m[36mTransaction Create (0.4ms)[0m  [1m[32mINSERT INTO "transactions" ("quantity", "user_id", "tea_id", "created_at", "updated_at") VALUES ($1, $2, $3, $4, $5) RETURNING "id"[0m  [["quantity", 1], ["user_id", 6], ["tea_id", 3], ["created_at", "2023-08-03 17:06:13.240356"], ["updated_at", "2023-08-03 17:06:13.240356"]]
  [1m[36mUser Load (0.1ms)[0m  [1m[34mSELECT "users".* FROM "users" WHERE "users"."id" = $1 LIMIT $2[0m  [["id", 2], ["LIMIT", 1]]
  [1m[36mTea Load (0.1ms)[0m  [1m[34mSELECT "teas".* FROM "teas" WHERE "teas"."id" = $1 LIMIT $2[0m  [["id", 3], ["LIMIT", 1]]
  [1m[36mTransaction Create (0.2ms)[0m  [1m[32mINSERT INTO "transactions" ("quantity", "user_id", "tea_id", "created_at", "updated_at") VALUES ($1, $2, $3, $4, $5) RETURNING "id"[0m  [["quantity", 2], ["user_id", 2], ["tea_id", 3], ["created_at", "2023-08-03 17:06:13.243165"], ["updated_at", "2023-08-03 17:06:13.243165"]]
  [1m[36mUser Load (0.1ms)[0m  [1m[34mSELECT "users".* FROM "users" WHERE "users"."id" = $1 LIMIT $2[0m  [["id", 6], ["LIMIT", 1]]
  [1m[36mTea Load (0.1ms)[0m  [1m[34mSELECT "teas".* FROM "teas" WHERE "teas"."id" = $1 LIMIT $2[0m  [["id", 3], ["LIMIT", 1]]
  [1m[36mTransaction Create (0.3ms)[0m  [1m[32mINSERT INTO "transactions" ("quantity", "user_id", "tea_id", "created_at", "updated_at") VALUES ($1, $2, $3, $4, $5) RETURNING "id"[0m  [["quantity", 3], ["user_id", 6], ["tea_id", 3], ["created_at", "2023-08-03 17:06:13.246192"], ["updated_at", "2023-08-03 17:06:13.246192"]]
  [1m[36mUser Load (0.1ms)[0m  [1m[34mSELECT "users".* FROM "users" WHERE "users"."id" = $1 LIMIT $2[0m  [["id", 7], ["LIMIT", 1]]
  [1m[36mTea Load (0.1ms)[0m  [1m[34mSELECT "teas".* FROM "teas" WHERE "teas"."id" = $1 LIMIT $2[0m  [["id", 3], ["LIMIT", 1]]
  [1m[36mTransaction Create (0.2ms)[0m  [1m[32mINSERT INTO "transactions" ("quantity", "user_id", "tea_id", "created_at", "updated_at") VALUES ($1, $2, $3, $4, $5) RETURNING "id"[0m  [["quantity", 15], ["user_id", 7], ["tea_id", 3], ["created_at", "2023-08-03 17:06:13.249414"], ["updated_at", "2023-08-03 17:06:13.249414"]]
  [1m[36mUser Load (0.1ms)[0m  [1m[34mSELECT "users".* FROM "users" WHERE "users"."id" = $1 LIMIT $2[0m  [["id", 8], ["LIMIT", 1]]
  [1m[36mTea Load (0.1ms)[0m  [1m[34mSELECT "teas".* FROM "teas" WHERE "teas"."id" = $1 LIMIT $2[0m  [["id", 3], ["LIMIT", 1]]
  [1m[36mTransaction Create (0.1ms)[0m  [1m[32mINSERT INTO "transactions" ("quantity", "user_id", "tea_id", "created_at", "updated_at") VALUES ($1, $2, $3, $4, $5) RETURNING "id"[0m  [["quantity", 2], ["user_id", 8], ["tea_id", 3], ["created_at", "2023-08-03 17:06:13.251925"], ["updated_at", "2023-08-03 17:06:13.251925"]]
  [1m[36mUser Load (0.1ms)[0m  [1m[34mSELECT "users".* FROM "users" WHERE "users"."id" = $1 LIMIT $2[0m  [["id", 8], ["LIMIT", 1]]
  [1m[36mTea Load (0.1ms)[0m  [1m[34mSELECT "teas".* FROM "teas" WHERE "teas"."id" = $1 LIMIT $2[0m  [["id", 4], ["LIMIT", 1]]
  [1m[36mTransaction Create (0.4ms)[0m  [1m[32mINSERT INTO "transactions" ("quantity", "user_id", "tea_id", "created_at", "updated_at") VALUES ($1, $2, $3, $4, $5) RETURNING "id"[0m  [["quantity", 2], ["user_id", 8], ["tea_id", 4], ["created_at", "2023-08-03 17:06:13.254388"], ["updated_at", "2023-08-03 17:06:13.254388"]]
  [1m[36mUser Load (0.1ms)[0m  [1m[34mSELECT "users".* FROM "users" WHERE "users"."id" = $1 LIMIT $2[0m  [["id", 7], ["LIMIT", 1]]
  [1m[36mTea Load (0.1ms)[0m  [1m[34mSELECT "teas".* FROM "teas" WHERE "teas"."id" = $1 LIMIT $2[0m  [["id", 4], ["LIMIT", 1]]
  [1m[36mTransaction Create (0.3ms)[0m  [1m[32mINSERT INTO "transactions" ("quantity", "user_id", "tea_id", "created_at", "updated_at") VALUES ($1, $2, $3, $4, $5) RETURNING "id"[0m  [["quantity", 1], ["user_id", 7], ["tea_id", 4], ["created_at", "2023-08-03 17:06:13.257368"], ["updated_at", "2023-08-03 17:06:13.257368"]]
  [1m[36mUser Load (0.1ms)[0m  [1m[34mSELECT "users".* FROM "users" WHERE "users"."id" = $1 LIMIT $2[0m  [["id", 8], ["LIMIT", 1]]
  [1m[36mTea Load (0.1ms)[0m  [1m[34mSELECT "teas".* FROM "teas" WHERE "teas"."id" = $1 LIMIT $2[0m  [["id", 4], ["LIMIT", 1]]
  [1m[36mTransaction Create (0.3ms)[0m  [1m[32mINSERT INTO "transactions" ("quantity", "user_id", "tea_id", "created_at", "updated_at") VALUES ($1, $2, $3, $4, $5) RETURNING "id"[0m  [["quantity", 3], ["user_id", 8], ["tea_id", 4], ["created_at", "2023-08-03 17:06:13.260218"], ["updated_at", "2023-08-03 17:06:13.260218"]]
  [1m[36mUser Load (0.1ms)[0m  [1m[34mSELECT "users".* FROM "users" WHERE "users"."id" = $1 LIMIT $2[0m  [["id", 4], ["LIMIT", 1]]
  [1m[36mTea Load (0.1ms)[0m  [1m[34mSELECT "teas".* FROM "teas" WHERE "teas"."id" = $1 LIMIT $2[0m  [["id", 4], ["LIMIT", 1]]
  [1m[36mTransaction Create (0.2ms)[0m  [1m[32mINSERT INTO "transactions" ("quantity", "user_id", "tea_id", "created_at", "updated_at") VALUES ($1, $2, $3, $4, $5) RETURNING "id"[0m  [["quantity", 2], ["user_id", 4], ["tea_id", 4], ["created_at", "2023-08-03 17:06:13.263583"], ["updated_at", "2023-08-03 17:06:13.263583"]]
  [1m[36mUser Load (0.1ms)[0m  [1m[34mSELECT "users".* FROM "users" WHERE "users"."id" = $1 LIMIT $2[0m  [["id", 5], ["LIMIT", 1]]
  [1m[36mTea Load (0.1ms)[0m  [1m[34mSELECT "teas".* FROM "teas" WHERE "teas"."id" = $1 LIMIT $2[0m  [["id", 4], ["LIMIT", 1]]
  [1m[36mTransaction Create (0.2ms)[0m  [1m[32mINSERT INTO "transactions" ("quantity", "user_id", "tea_id", "created_at", "updated_at") VALUES ($1, $2, $3, $4, $5) RETURNING "id"[0m  [["quantity", 1], ["user_id", 5], ["tea_id", 4], ["created_at", "2023-08-03 17:06:13.266197"], ["updated_at", "2023-08-03 17:06:13.266197"]]
  [1m[36mUser Load (0.1ms)[0m  [1m[34mSELECT "users".* FROM "users" WHERE "users"."id" = $1 LIMIT $2[0m  [["id", 3], ["LIMIT", 1]]
  [1m[36mTea Load (0.1ms)[0m  [1m[34mSELECT "teas".* FROM "teas" WHERE "teas"."id" = $1 LIMIT $2[0m  [["id", 1], ["LIMIT", 1]]
  [1m[36mLike Create (0.7ms)[0m  [1m[32mINSERT INTO "likes" ("user_id", "tea_id", "created_at", "updated_at") VALUES ($1, $2, $3, $4) RETURNING "id"[0m  [["user_id", 3], ["tea_id", 1], ["created_at", "2023-08-03 17:06:13.275146"], ["updated_at", "2023-08-03 17:06:13.275146"]]
  [1m[36mUser Load (0.1ms)[0m  [1m[34mSELECT "users".* FROM "users" WHERE "users"."id" = $1 LIMIT $2[0m  [["id", 2], ["LIMIT", 1]]
  [1m[36mTea Load (0.1ms)[0m  [1m[34mSELECT "teas".* FROM "teas" WHERE "teas"."id" = $1 LIMIT $2[0m  [["id", 1], ["LIMIT", 1]]
  [1m[36mLike Create (0.2ms)[0m  [1m[32mINSERT INTO "likes" ("user_id", "tea_id", "created_at", "updated_at") VALUES ($1, $2, $3, $4) RETURNING "id"[0m  [["user_id", 2], ["tea_id", 1], ["created_at", "2023-08-03 17:06:13.278260"], ["updated_at", "2023-08-03 17:06:13.278260"]]
  [1m[36mUser Load (0.1ms)[0m  [1m[34mSELECT "users".* FROM "users" WHERE "users"."id" = $1 LIMIT $2[0m  [["id", 4], ["LIMIT", 1]]
  [1m[36mTea Load (0.1ms)[0m  [1m[34mSELECT "teas".* FROM "teas" WHERE "teas"."id" = $1 LIMIT $2[0m  [["id", 1], ["LIMIT", 1]]
  [1m[36mLike Create (0.2ms)[0m  [1m[32mINSERT INTO "likes" ("user_id", "tea_id", "created_at", "updated_at") VALUES ($1, $2, $3, $4) RETURNING "id"[0m  [["user_id", 4], ["tea_id", 1], ["created_at", "2023-08-03 17:06:13.280746"], ["updated_at", "2023-08-03 17:06:13.280746"]]
  [1m[36mUser Load (0.1ms)[0m  [1m[34mSELECT "users".* FROM "users" WHERE "users"."id" = $1 LIMIT $2[0m  [["id", 5], ["LIMIT", 1]]
  [1m[36mTea Load (0.1ms)[0m  [1m[34mSELECT "teas".* FROM "teas" WHERE "teas"."id" = $1 LIMIT $2[0m  [["id", 1], ["LIMIT", 1]]
  [1m[36mLike Create (0.2ms)[0m  [1m[32mINSERT INTO "likes" ("user_id", "tea_id", "created_at", "updated_at") VALUES ($1, $2, $3, $4) RETURNING "id"[0m  [["user_id", 5], ["tea_id", 1], ["created_at", "2023-08-03 17:06:13.283264"], ["updated_at", "2023-08-03 17:06:13.283264"]]
  [1m[36mUser Load (0.1ms)[0m  [1m[34mSELECT "users".* FROM "users" WHERE "users"."id" = $1 LIMIT $2[0m  [["id", 1], ["LIMIT", 1]]
  [1m[36mTea Load (0.1ms)[0m  [1m[34mSELECT "teas".* FROM "teas" WHERE "teas"."id" = $1 LIMIT $2[0m  [["id", 2], ["LIMIT", 1]]
  [1m[36mLike Create (0.7ms)[0m  [1m[32mINSERT INTO "likes" ("user_id", "tea_id", "created_at", "updated_at") VALUES ($1, $2, $3, $4) RETURNING "id"[0m  [["user_id", 1], ["tea_id", 2], ["created_at", "2023-08-03 17:06:13.285728"], ["updated_at", "2023-08-03 17:06:13.285728"]]
  [1m[36mUser Load (0.3ms)[0m  [1m[34mSELECT "users".* FROM "users" WHERE "users"."id" = $1 LIMIT $2[0m  [["id", 5], ["LIMIT", 1]]
  [1m[36mTea Load (0.2ms)[0m  [1m[34mSELECT "teas".* FROM "teas" WHERE "teas"."id" = $1 LIMIT $2[0m  [["id", 2], ["LIMIT", 1]]
  [1m[36mLike Create (0.7ms)[0m  [1m[32mINSERT INTO "likes" ("user_id", "tea_id", "created_at", "updated_at") VALUES ($1, $2, $3, $4) RETURNING "id"[0m  [["user_id", 5], ["tea_id", 2], ["created_at", "2023-08-03 17:06:13.289471"], ["updated_at", "2023-08-03 17:06:13.289471"]]
  [1m[36mUser Load (0.1ms)[0m  [1m[34mSELECT "users".* FROM "users" WHERE "users"."id" = $1 LIMIT $2[0m  [["id", 5], ["LIMIT", 1]]
  [1m[36mTea Load (0.1ms)[0m  [1m[34mSELECT "teas".* FROM "teas" WHERE "teas"."id" = $1 LIMIT $2[0m  [["id", 3], ["LIMIT", 1]]
  [1m[36mLike Create (0.4ms)[0m  [1m[32mINSERT INTO "likes" ("user_id", "tea_id", "created_at", "updated_at") VALUES ($1, $2, $3, $4) RETURNING "id"[0m  [["user_id", 5], ["tea_id", 3], ["created_at", "2023-08-03 17:06:13.295379"], ["updated_at", "2023-08-03 17:06:13.295379"]]
  [1m[36mUser Load (0.1ms)[0m  [1m[34mSELECT "users".* FROM "users" WHERE "users"."id" = $1 LIMIT $2[0m  [["id", 2], ["LIMIT", 1]]
  [1m[36mTea Load (0.1ms)[0m  [1m[34mSELECT "teas".* FROM "teas" WHERE "teas"."id" = $1 LIMIT $2[0m  [["id", 3], ["LIMIT", 1]]
  [1m[36mLike Create (0.2ms)[0m  [1m[32mINSERT INTO "likes" ("user_id", "tea_id", "created_at", "updated_at") VALUES ($1, $2, $3, $4) RETURNING "id"[0m  [["user_id", 2], ["tea_id", 3], ["created_at", "2023-08-03 17:06:13.298960"], ["updated_at", "2023-08-03 17:06:13.298960"]]
  [1m[36mUser Load (0.1ms)[0m  [1m[34mSELECT "users".* FROM "users" WHERE "users"."id" = $1 LIMIT $2[0m  [["id", 6], ["LIMIT", 1]]
  [1m[36mTea Load (0.1ms)[0m  [1m[34mSELECT "teas".* FROM "teas" WHERE "teas"."id" = $1 LIMIT $2[0m  [["id", 3], ["LIMIT", 1]]
  [1m[36mLike Create (0.1ms)[0m  [1m[32mINSERT INTO "likes" ("user_id", "tea_id", "created_at", "updated_at") VALUES ($1, $2, $3, $4) RETURNING "id"[0m  [["user_id", 6], ["tea_id", 3], ["created_at", "2023-08-03 17:06:13.301728"], ["updated_at", "2023-08-03 17:06:13.301728"]]
  [1m[36mUser Load (0.1ms)[0m  [1m[34mSELECT "users".* FROM "users" WHERE "users"."id" = $1 LIMIT $2[0m  [["id", 7], ["LIMIT", 1]]
  [1m[36mTea Load (0.1ms)[0m  [1m[34mSELECT "teas".* FROM "teas" WHERE "teas"."id" = $1 LIMIT $2[0m  [["id", 3], ["LIMIT", 1]]
  [1m[36mLike Create (0.3ms)[0m  [1m[32mINSERT INTO "likes" ("user_id", "tea_id", "created_at", "updated_at") VALUES ($1, $2, $3, $4) RETURNING "id"[0m  [["user_id", 7], ["tea_id", 3], ["created_at", "2023-08-03 17:06:13.304456"], ["updated_at", "2023-08-03 17:06:13.304456"]]
  [1m[36mUser Load (0.1ms)[0m  [1m[34mSELECT "users".* FROM "users" WHERE "users"."id" = $1 LIMIT $2[0m  [["id", 6], ["LIMIT", 1]]
  [1m[36mTea Load (0.1ms)[0m  [1m[34mSELECT "teas".* FROM "teas" WHERE "teas"."id" = $1 LIMIT $2[0m  [["id", 4], ["LIMIT", 1]]
  [1m[36mLike Create (0.3ms)[0m  [1m[32mINSERT INTO "likes" ("user_id", "tea_id", "created_at", "updated_at") VALUES ($1, $2, $3, $4) RETURNING "id"[0m  [["user_id", 6], ["tea_id", 4], ["created_at", "2023-08-03 17:06:13.307298"], ["updated_at", "2023-08-03 17:06:13.307298"]]
  [1m[36mUser Load (0.2ms)[0m  [1m[34mSELECT "users".* FROM "users" WHERE "users"."id" = $1 LIMIT $2[0m  [["id", 8], ["LIMIT", 1]]
  [1m[36mTea Load (0.1ms)[0m  [1m[34mSELECT "teas".* FROM "teas" WHERE "teas"."id" = $1 LIMIT $2[0m  [["id", 4], ["LIMIT", 1]]
  [1m[36mLike Create (0.3ms)[0m  [1m[32mINSERT INTO "likes" ("user_id", "tea_id", "created_at", "updated_at") VALUES ($1, $2, $3, $4) RETURNING "id"[0m  [["user_id", 8], ["tea_id", 4], ["created_at", "2023-08-03 17:06:13.310090"], ["updated_at", "2023-08-03 17:06:13.310090"]]
  [1m[36mUser Load (0.1ms)[0m  [1m[34mSELECT "users".* FROM "users" WHERE "users"."id" = $1 LIMIT $2[0m  [["id", 4], ["LIMIT", 1]]
  [1m[36mTea Load (0.1ms)[0m  [1m[34mSELECT "teas".* FROM "teas" WHERE "teas"."id" = $1 LIMIT $2[0m  [["id", 4], ["LIMIT", 1]]
  [1m[36mLike Create (0.2ms)[0m  [1m[32mINSERT INTO "likes" ("user_id", "tea_id", "created_at", "updated_at") VALUES ($1, $2, $3, $4) RETURNING "id"[0m  [["user_id", 4], ["tea_id", 4], ["created_at", "2023-08-03 17:06:13.312875"], ["updated_at", "2023-08-03 17:06:13.312875"]]
  [1m[36mUser Load (0.1ms)[0m  [1m[34mSELECT "users".* FROM "users" WHERE "users"."id" = $1 LIMIT $2[0m  [["id", 5], ["LIMIT", 1]]
  [1m[36mTea Load (0.1ms)[0m  [1m[34mSELECT "teas".* FROM "teas" WHERE "teas"."id" = $1 LIMIT $2[0m  [["id", 4], ["LIMIT", 1]]
  [1m[36mLike Create (0.2ms)[0m  [1m[32mINSERT INTO "likes" ("user_id", "tea_id", "created_at", "updated_at") VALUES ($1, $2, $3, $4) RETURNING "id"[0m  [["user_id", 5], ["tea_id", 4], ["created_at", "2023-08-03 17:06:13.315436"], ["updated_at", "2023-08-03 17:06:13.315436"]]
  [1m[36mUser Load (0.1ms)[0m  [1m[34mSELECT "users".* FROM "users" WHERE "users"."id" = $1 LIMIT $2[0m  [["id", 7], ["LIMIT", 1]]
  [1m[36mTea Load (0.1ms)[0m  [1m[34mSELECT "teas".* FROM "teas" WHERE "teas"."id" = $1 LIMIT $2[0m  [["id", 4], ["LIMIT", 1]]
  [1m[36mLike Create (0.2ms)[0m  [1m[32mINSERT INTO "likes" ("user_id", "tea_id", "created_at", "updated_at") VALUES ($1, $2, $3, $4) RETURNING "id"[0m  [["user_id", 7], ["tea_id", 4], ["created_at", "2023-08-03 17:06:13.318045"], ["updated_at", "2023-08-03 17:06:13.318045"]]
  [1m[36mTRANSACTION (0.6ms)[0m  [1m[35mCOMMIT[0m
  [1m[36mUser Load (0.6ms)[0m  [1m[34mSELECT "users".* FROM "users"[0m
Started GET "/api/teas" for ::1 at 2023-08-03 10:34:08 -0700
  [1m[36mActiveRecord::SchemaMigration Pluck (0.5ms)[0m  [1m[34mSELECT "schema_migrations"."version" FROM "schema_migrations" ORDER BY "schema_migrations"."version" ASC[0m
Processing by Api::TeasController#index as JSON
  Parameters: {"prompt"=>"Taylor Swift", "tea"=>{}}
  [1m[36mTea Load (0.9ms)[0m  [1m[34mSELECT "teas".* FROM "teas"[0m
  â†³ app/controllers/api/teas_controller.rb:5:in `index'
Completed 200 OK in 18ms (Views: 7.3ms | ActiveRecord: 5.7ms | Allocations: 8729)


Started POST "/api/teas" for ::1 at 2023-08-03 10:44:12 -0700
Processing by Api::TeasController#create as JSON
  Parameters: {"tea"=>{"flavor"=>"herbal", "price"=>"7000"}}
  [1m[36mTRANSACTION (0.1ms)[0m  [1m[35mBEGIN[0m
  â†³ app/controllers/api/teas_controller.rb:10:in `create'
  [1m[36mTea Exists? (1.2ms)[0m  [1m[34mSELECT 1 AS one FROM "teas" WHERE "teas"."flavor" = $1 LIMIT $2[0m  [["flavor", "herbal"], ["LIMIT", 1]]
  â†³ app/controllers/api/teas_controller.rb:10:in `create'
  [1m[36mTea Create (1.1ms)[0m  [1m[32mINSERT INTO "teas" ("flavor", "price", "description", "amount", "created_at", "updated_at") VALUES ($1, $2, $3, $4, $5, $6) RETURNING "id"[0m  [["flavor", "herbal"], ["price", 7000.0], ["description", nil], ["amount", nil], ["created_at", "2023-08-03 17:44:12.280260"], ["updated_at", "2023-08-03 17:44:12.280260"]]
  â†³ app/controllers/api/teas_controller.rb:10:in `create'
  [1m[36mTRANSACTION (0.8ms)[0m  [1m[35mCOMMIT[0m
  â†³ app/controllers/api/teas_controller.rb:10:in `create'
Completed 200 OK in 35ms (Views: 0.3ms | ActiveRecord: 11.1ms | Allocations: 14102)


Started GET "/api/teas" for ::1 at 2023-08-03 11:05:30 -0700
  [1m[36mActiveRecord::SchemaMigration Pluck (0.8ms)[0m  [1m[34mSELECT "schema_migrations"."version" FROM "schema_migrations" ORDER BY "schema_migrations"."version" ASC[0m
Processing by Api::TeasController#index as JSON
  Parameters: {"tea"=>{"flavor"=>"herbal", "price"=>"7000"}}
  Rendering api/teas/index.json.jbuilder
  Rendered api/teas/index.json.jbuilder (Duration: 1.7ms | Allocations: 411)
Completed 200 OK in 16ms (Views: 10.8ms | ActiveRecord: 0.0ms | Allocations: 6945)


Started GET "/api/teas" for ::1 at 2023-08-03 11:09:55 -0700
Processing by Api::TeasController#index as JSON
  Parameters: {"tea"=>{"flavor"=>"herbal", "price"=>"7000"}}
  Rendering api/teas/index.json.jbuilder
  [1m[36mTea Load (3.8ms)[0m  [1m[34mSELECT "teas".* FROM "teas"[0m
  â†³ app/views/api/teas/index.json.jbuilder:6
  Rendered api/teas/index.json.jbuilder (Duration: 28.4ms | Allocations: 5822)
Completed 200 OK in 33ms (Views: 23.6ms | ActiveRecord: 8.3ms | Allocations: 6531)


Started GET "/api/teas" for ::1 at 2023-08-03 11:11:34 -0700
Processing by Api::TeasController#index as JSON
  Parameters: {"tea"=>{"flavor"=>"herbal", "price"=>"7000"}}
  Rendering api/teas/index.json.jbuilder
  [1m[36mTea Load (0.3ms)[0m  [1m[34mSELECT "teas".* FROM "teas"[0m
  â†³ app/views/api/teas/index.json.jbuilder:6
  Rendered api/teas/index.json.jbuilder (Duration: 4.7ms | Allocations: 1029)
Completed 200 OK in 9ms (Views: 7.9ms | ActiveRecord: 0.3ms | Allocations: 1720)


Started GET "/api/teas" for ::1 at 2023-08-03 11:12:33 -0700
Processing by Api::TeasController#index as JSON
  Parameters: {"tea"=>{"flavor"=>"herbal", "price"=>"7000"}}
  Rendering api/teas/index.json.jbuilder
  [1m[36mTea Load (0.4ms)[0m  [1m[34mSELECT "teas".* FROM "teas"[0m
  â†³ app/views/api/teas/index.json.jbuilder:6
  Rendered api/teas/index.json.jbuilder (Duration: 7.3ms | Allocations: 1069)
Completed 200 OK in 19ms (Views: 15.7ms | ActiveRecord: 0.4ms | Allocations: 1747)


Started POST "/api/teas" for ::1 at 2023-08-03 11:25:43 -0700
Processing by Api::TeasController#create as JSON
  Parameters: {"tea"=>{"flavor"=>"herbal", "price"=>"7000"}}
  [1m[36mTRANSACTION (0.2ms)[0m  [1m[35mBEGIN[0m
  â†³ app/controllers/api/teas_controller.rb:11:in `create'
  [1m[36mTea Exists? (1.6ms)[0m  [1m[34mSELECT 1 AS one FROM "teas" WHERE "teas"."flavor" = $1 LIMIT $2[0m  [["flavor", "herbal"], ["LIMIT", 1]]
  â†³ app/controllers/api/teas_controller.rb:11:in `create'
  [1m[36mTRANSACTION (1.2ms)[0m  [1m[31mROLLBACK[0m
  â†³ app/controllers/api/teas_controller.rb:11:in `create'
Completed 422 Unprocessable Entity in 32ms (Views: 0.4ms | ActiveRecord: 8.5ms | Allocations: 12493)


Started POST "/api/teas" for ::1 at 2023-08-03 11:25:58 -0700
Processing by Api::TeasController#create as JSON
  Parameters: {"tea"=>{"flavor"=>"chai", "price"=>"7000"}}
  [1m[36mTRANSACTION (0.6ms)[0m  [1m[35mBEGIN[0m
  â†³ app/controllers/api/teas_controller.rb:11:in `create'
  [1m[36mTea Exists? (1.0ms)[0m  [1m[34mSELECT 1 AS one FROM "teas" WHERE "teas"."flavor" = $1 LIMIT $2[0m  [["flavor", "chai"], ["LIMIT", 1]]
  â†³ app/controllers/api/teas_controller.rb:11:in `create'
  [1m[36mTea Create (2.3ms)[0m  [1m[32mINSERT INTO "teas" ("flavor", "price", "description", "amount", "created_at", "updated_at") VALUES ($1, $2, $3, $4, $5, $6) RETURNING "id"[0m  [["flavor", "chai"], ["price", 7000.0], ["description", nil], ["amount", nil], ["created_at", "2023-08-03 18:25:58.662067"], ["updated_at", "2023-08-03 18:25:58.662067"]]
  â†³ app/controllers/api/teas_controller.rb:11:in `create'
  [1m[36mTRANSACTION (1.2ms)[0m  [1m[35mCOMMIT[0m
  â†³ app/controllers/api/teas_controller.rb:11:in `create'
  Rendering api/teas/tea_abrev.json.jbuilder
  Rendered api/teas/_tea.json.jbuilder (Duration: 0.4ms | Allocations: 83)
  Rendered api/teas/tea_abrev.json.jbuilder (Duration: 2.1ms | Allocations: 447)
Completed 200 OK in 23ms (Views: 3.7ms | ActiveRecord: 5.0ms | Allocations: 5947)


Started GET "/api/teas/1" for ::1 at 2023-08-03 12:04:21 -0700
  [1m[36mActiveRecord::SchemaMigration Pluck (1.0ms)[0m  [1m[34mSELECT "schema_migrations"."version" FROM "schema_migrations" ORDER BY "schema_migrations"."version" ASC[0m
Processing by Api::TeasController#show as JSON
  Parameters: {"tea"=>{"flavor"=>"chai", "price"=>"7000"}, "id"=>"1"}
  [1m[36mTea Load (2.5ms)[0m  [1m[34mSELECT "teas".* FROM "teas" WHERE (1) LIMIT $1[0m  [["LIMIT", 1]]
  â†³ app/controllers/api/teas_controller.rb:20:in `show'
Completed 500 Internal Server Error in 8ms (ActiveRecord: 2.5ms | Allocations: 5546)



ActiveRecord::StatementInvalid - PG::DatatypeMismatch: ERROR:  argument of WHERE must be type boolean, not type integer
LINE 1: SELECT "teas".* FROM "teas" WHERE (1) LIMIT $1
                                           ^:
  app/controllers/api/teas_controller.rb:20:in `show'

Started GET "/api/teas/1" for ::1 at 2023-08-03 12:05:16 -0700
Processing by Api::TeasController#show as JSON
  Parameters: {"tea"=>{"flavor"=>"chai", "price"=>"7000"}, "id"=>"1"}
  [1m[36mTea Load (0.7ms)[0m  [1m[34mSELECT "teas".* FROM "teas" WHERE "teas"."id" = $1 LIMIT $2[0m  [["id", 1], ["LIMIT", 1]]
  â†³ app/controllers/api/teas_controller.rb:20:in `show'
  Rendering api/teas/show.json.jbuilder
  [1m[36mTransaction Load (1.7ms)[0m  [1m[34mSELECT "transactions".* FROM "transactions" WHERE "transactions"."tea_id" = $1[0m  [["tea_id", 1]]
  â†³ app/views/api/teas/show.json.jbuilder:4
  Rendered api/teas/show.json.jbuilder (Duration: 19.6ms | Allocations: 10772)
Completed 200 OK in 47ms (Views: 23.3ms | ActiveRecord: 11.9ms | Allocations: 23651)


Started GET "/api/teas/1" for ::1 at 2023-08-03 12:07:00 -0700
Processing by Api::TeasController#show as JSON
  Parameters: {"tea"=>{"flavor"=>"chai", "price"=>"7000"}, "id"=>"1"}
  [1m[36mTea Load (0.5ms)[0m  [1m[34mSELECT "teas".* FROM "teas" WHERE "teas"."id" = $1 LIMIT $2[0m  [["id", 1], ["LIMIT", 1]]
  â†³ app/controllers/api/teas_controller.rb:20:in `show'
  Rendering api/teas/show.json.jbuilder
  [1m[36mTransaction Load (0.4ms)[0m  [1m[34mSELECT "transactions".* FROM "transactions" WHERE "transactions"."tea_id" = $1[0m  [["tea_id", 1]]
  â†³ app/views/api/teas/show.json.jbuilder:6
  Rendered api/teas/show.json.jbuilder (Duration: 5.8ms | Allocations: 1406)
Completed 200 OK in 16ms (Views: 9.0ms | ActiveRecord: 0.9ms | Allocations: 2580)


Started GET "/api/teas/1" for ::1 at 2023-08-03 12:11:01 -0700
Processing by Api::TeasController#show as JSON
  Parameters: {"tea"=>{"flavor"=>"chai", "price"=>"7000"}, "id"=>"1"}
  [1m[36mTea Load (0.6ms)[0m  [1m[34mSELECT "teas".* FROM "teas" WHERE "teas"."id" = $1 LIMIT $2[0m  [["id", 1], ["LIMIT", 1]]
  â†³ app/controllers/api/teas_controller.rb:20:in `show'
  Rendering api/teas/show.json.jbuilder
  [1m[36mTransaction Load (0.4ms)[0m  [1m[34mSELECT "transactions".* FROM "transactions" WHERE "transactions"."tea_id" = $1[0m  [["tea_id", 1]]
  â†³ app/views/api/teas/show.json.jbuilder:6
  [1m[36mUser Load (1.1ms)[0m  [1m[34mSELECT "users".* FROM "users" WHERE "users"."id" = $1 LIMIT $2[0m  [["id", 2], ["LIMIT", 1]]
  â†³ app/views/api/teas/show.json.jbuilder:9
  [1m[36mUser Load (0.3ms)[0m  [1m[34mSELECT "users".* FROM "users" WHERE "users"."id" = $1 LIMIT $2[0m  [["id", 3], ["LIMIT", 1]]
  â†³ app/views/api/teas/show.json.jbuilder:9
  [1m[36mUser Load (0.3ms)[0m  [1m[34mSELECT "users".* FROM "users" WHERE "users"."id" = $1 LIMIT $2[0m  [["id", 4], ["LIMIT", 1]]
  â†³ app/views/api/teas/show.json.jbuilder:9
  [1m[36mCACHE User Load (0.0ms)[0m  [1m[34mSELECT "users".* FROM "users" WHERE "users"."id" = $1 LIMIT $2[0m  [["id", 3], ["LIMIT", 1]]
  â†³ app/views/api/teas/show.json.jbuilder:9
  Rendered api/teas/show.json.jbuilder (Duration: 32.3ms | Allocations: 10003)
Completed 200 OK in 44ms (Views: 30.9ms | ActiveRecord: 6.4ms | Allocations: 11195)


Started GET "/api/teas/1" for ::1 at 2023-08-03 12:15:51 -0700
Processing by Api::TeasController#show as JSON
  Parameters: {"tea"=>{"flavor"=>"chai", "price"=>"7000"}, "id"=>"1"}
  [1m[36mTea Load (0.3ms)[0m  [1m[34mSELECT "teas".* FROM "teas" WHERE "teas"."id" = $1 LIMIT $2[0m  [["id", 1], ["LIMIT", 1]]
  â†³ app/controllers/api/teas_controller.rb:20:in `show'
  [1m[36mTransaction Load (0.3ms)[0m  [1m[34mSELECT "transactions".* FROM "transactions" WHERE "transactions"."tea_id" = $1[0m  [["tea_id", 1]]
  â†³ app/controllers/api/teas_controller.rb:20:in `show'
  [1m[36mUser Load (0.8ms)[0m  [1m[34mSELECT "users".* FROM "users" WHERE "users"."id" IN ($1, $2, $3)[0m  [["id", 2], ["id", 3], ["id", 4]]
  â†³ app/controllers/api/teas_controller.rb:20:in `show'
  Rendering api/teas/show.json.jbuilder
  Rendered api/teas/show.json.jbuilder (Duration: 0.7ms | Allocations: 638)
Completed 200 OK in 57ms (Views: 1.8ms | ActiveRecord: 12.4ms | Allocations: 15959)


  [1m[35m (1.5ms)[0m  [1m[35mCREATE DATABASE "TeaTime_development" ENCODING = 'unicode'[0m
  [1m[35m (0.2ms)[0m  [1m[35mCREATE DATABASE "TeaTime_test" ENCODING = 'unicode'[0m
  [1m[36mActiveRecord::SchemaMigration Pluck (1.3ms)[0m  [1m[34mSELECT "schema_migrations"."version" FROM "schema_migrations" ORDER BY "schema_migrations"."version" ASC[0m
  [1m[36mActiveRecord::InternalMetadata Pluck (0.2ms)[0m  [1m[34mSELECT "ar_internal_metadata"."value" FROM "ar_internal_metadata" WHERE "ar_internal_metadata"."key" = $1 LIMIT $2[0m  [["key", "environment"], ["LIMIT", 1]]
  [1m[36mActiveRecord::SchemaMigration Pluck (0.1ms)[0m  [1m[34mSELECT "schema_migrations"."version" FROM "schema_migrations" ORDER BY "schema_migrations"."version" ASC[0m
  [1m[36mActiveRecord::InternalMetadata Pluck (0.0ms)[0m  [1m[34mSELECT "ar_internal_metadata"."value" FROM "ar_internal_metadata" WHERE "ar_internal_metadata"."key" = $1 LIMIT $2[0m  [["key", "environment"], ["LIMIT", 1]]
  [1m[36mActiveRecord::SchemaMigration Pluck (0.1ms)[0m  [1m[34mSELECT "schema_migrations"."version" FROM "schema_migrations" ORDER BY "schema_migrations"."version" ASC[0m
  [1m[36mActiveRecord::InternalMetadata Pluck (0.1ms)[0m  [1m[34mSELECT "ar_internal_metadata"."value" FROM "ar_internal_metadata" WHERE "ar_internal_metadata"."key" = $1 LIMIT $2[0m  [["key", "environment"], ["LIMIT", 1]]
  [1m[35mSQL (0.8ms)[0m  [1m[35mCREATE EXTENSION IF NOT EXISTS "plpgsql"[0m
  [1m[35m (0.1ms)[0m  [1m[35mDROP TABLE IF EXISTS "likes" CASCADE[0m
  [1m[35m (12.1ms)[0m  [1m[35mCREATE TABLE "likes" ("id" bigserial primary key, "user_id" bigint NOT NULL, "tea_id" bigint NOT NULL, "created_at" timestamp(6) NOT NULL, "updated_at" timestamp(6) NOT NULL)[0m
  [1m[35m (0.5ms)[0m  [1m[35mCREATE INDEX "index_likes_on_tea_id" ON "likes" ("tea_id")[0m
  [1m[35m (0.4ms)[0m  [1m[35mCREATE INDEX "index_likes_on_user_id" ON "likes" ("user_id")[0m
  [1m[35m (4.7ms)[0m  [1m[35mDROP TABLE IF EXISTS "teas" CASCADE[0m
  [1m[35m (1.6ms)[0m  [1m[35mCREATE TABLE "teas" ("id" bigserial primary key, "flavor" character varying NOT NULL, "price" float NOT NULL, "description" character varying, "amount" integer, "created_at" timestamp(6) NOT NULL, "updated_at" timestamp(6) NOT NULL)[0m
  [1m[35m (0.7ms)[0m  [1m[35mCREATE UNIQUE INDEX "index_teas_on_flavor" ON "teas" ("flavor")[0m
  [1m[35m (0.0ms)[0m  [1m[35mDROP TABLE IF EXISTS "transactions" CASCADE[0m
  [1m[35m (0.8ms)[0m  [1m[35mCREATE TABLE "transactions" ("id" bigserial primary key, "quantity" integer NOT NULL, "user_id" bigint NOT NULL, "tea_id" bigint NOT NULL, "created_at" timestamp(6) NOT NULL, "updated_at" timestamp(6) NOT NULL)[0m
  [1m[35m (0.5ms)[0m  [1m[35mCREATE INDEX "index_transactions_on_tea_id" ON "transactions" ("tea_id")[0m
  [1m[35m (0.4ms)[0m  [1m[35mCREATE INDEX "index_transactions_on_user_id" ON "transactions" ("user_id")[0m
  [1m[35m (0.0ms)[0m  [1m[35mDROP TABLE IF EXISTS "users" CASCADE[0m
  [1m[35m (1.2ms)[0m  [1m[35mCREATE TABLE "users" ("id" bigserial primary key, "username" character varying NOT NULL, "created_at" timestamp(6) NOT NULL, "updated_at" timestamp(6) NOT NULL)[0m
  [1m[35m (0.4ms)[0m  [1m[35mCREATE UNIQUE INDEX "index_users_on_username" ON "users" ("username")[0m
  [1m[35m (2.6ms)[0m  [1m[35mALTER TABLE "likes" ADD CONSTRAINT "fk_rails_42cb2ae4ad"
FOREIGN KEY ("tea_id")
  REFERENCES "teas" ("id")
[0m
  [1m[35m (0.3ms)[0m  [1m[35mALTER TABLE "likes" ADD CONSTRAINT "fk_rails_1e09b5dabf"
FOREIGN KEY ("user_id")
  REFERENCES "users" ("id")
[0m
  [1m[35m (0.4ms)[0m  [1m[35mALTER TABLE "transactions" ADD CONSTRAINT "fk_rails_d165608510"
FOREIGN KEY ("tea_id")
  REFERENCES "teas" ("id")
[0m
  [1m[35m (0.3ms)[0m  [1m[35mALTER TABLE "transactions" ADD CONSTRAINT "fk_rails_77364e6416"
FOREIGN KEY ("user_id")
  REFERENCES "users" ("id")
[0m
  [1m[36mActiveRecord::SchemaMigration Pluck (0.2ms)[0m  [1m[34mSELECT "schema_migrations"."version" FROM "schema_migrations" ORDER BY "schema_migrations"."version" ASC[0m
  [1m[35m (0.4ms)[0m  [1m[32mINSERT INTO "schema_migrations" (version) VALUES (20230803164319)[0m
  [1m[35m (0.3ms)[0m  [1m[32mINSERT INTO "schema_migrations" (version) VALUES
(20230803163516),
(20230803164255),
(20230803164309);

[0m
  [1m[36mActiveRecord::InternalMetadata Load (0.2ms)[0m  [1m[34mSELECT "ar_internal_metadata".* FROM "ar_internal_metadata" WHERE "ar_internal_metadata"."key" = $1 LIMIT $2[0m  [["key", "environment"], ["LIMIT", 1]]
  [1m[36mActiveRecord::InternalMetadata Load (0.1ms)[0m  [1m[34mSELECT "ar_internal_metadata".* FROM "ar_internal_metadata" WHERE "ar_internal_metadata"."key" = $1 LIMIT $2[0m  [["key", "environment"], ["LIMIT", 1]]
  [1m[36mActiveRecord::InternalMetadata Load (0.1ms)[0m  [1m[34mSELECT "ar_internal_metadata".* FROM "ar_internal_metadata" WHERE "ar_internal_metadata"."key" = $1 LIMIT $2[0m  [["key", "schema_sha1"], ["LIMIT", 1]]
  [1m[36mTRANSACTION (0.0ms)[0m  [1m[35mBEGIN[0m
  [1m[36mActiveRecord::InternalMetadata Create (0.3ms)[0m  [1m[32mINSERT INTO "ar_internal_metadata" ("key", "value", "created_at", "updated_at") VALUES ($1, $2, $3, $4) RETURNING "key"[0m  [["key", "schema_sha1"], ["value", "e42cb8da928a61ce5a2b9e88f0deacab142bc8ad"], ["created_at", "2023-08-04 16:09:39.021279"], ["updated_at", "2023-08-04 16:09:39.021279"]]
  [1m[36mTRANSACTION (0.1ms)[0m  [1m[35mCOMMIT[0m
  [1m[35mSQL (0.5ms)[0m  [1m[35mCREATE EXTENSION IF NOT EXISTS "plpgsql"[0m
  [1m[35m (0.1ms)[0m  [1m[35mDROP TABLE IF EXISTS "likes" CASCADE[0m
  [1m[35m (10.4ms)[0m  [1m[35mCREATE TABLE "likes" ("id" bigserial primary key, "user_id" bigint NOT NULL, "tea_id" bigint NOT NULL, "created_at" timestamp(6) NOT NULL, "updated_at" timestamp(6) NOT NULL)[0m
  [1m[35m (0.3ms)[0m  [1m[35mCREATE INDEX "index_likes_on_tea_id" ON "likes" ("tea_id")[0m
  [1m[35m (0.4ms)[0m  [1m[35mCREATE INDEX "index_likes_on_user_id" ON "likes" ("user_id")[0m
  [1m[35m (0.0ms)[0m  [1m[35mDROP TABLE IF EXISTS "teas" CASCADE[0m
  [1m[35m (1.1ms)[0m  [1m[35mCREATE TABLE "teas" ("id" bigserial primary key, "flavor" character varying NOT NULL, "price" float NOT NULL, "description" character varying, "amount" integer, "created_at" timestamp(6) NOT NULL, "updated_at" timestamp(6) NOT NULL)[0m
  [1m[35m (0.7ms)[0m  [1m[35mCREATE UNIQUE INDEX "index_teas_on_flavor" ON "teas" ("flavor")[0m
  [1m[35m (0.0ms)[0m  [1m[35mDROP TABLE IF EXISTS "transactions" CASCADE[0m
  [1m[35m (0.6ms)[0m  [1m[35mCREATE TABLE "transactions" ("id" bigserial primary key, "quantity" integer NOT NULL, "user_id" bigint NOT NULL, "tea_id" bigint NOT NULL, "created_at" timestamp(6) NOT NULL, "updated_at" timestamp(6) NOT NULL)[0m
  [1m[35m (0.3ms)[0m  [1m[35mCREATE INDEX "index_transactions_on_tea_id" ON "transactions" ("tea_id")[0m
  [1m[35m (0.4ms)[0m  [1m[35mCREATE INDEX "index_transactions_on_user_id" ON "transactions" ("user_id")[0m
  [1m[35m (0.0ms)[0m  [1m[35mDROP TABLE IF EXISTS "users" CASCADE[0m
  [1m[35m (0.9ms)[0m  [1m[35mCREATE TABLE "users" ("id" bigserial primary key, "username" character varying NOT NULL, "created_at" timestamp(6) NOT NULL, "updated_at" timestamp(6) NOT NULL)[0m
  [1m[35m (0.3ms)[0m  [1m[35mCREATE UNIQUE INDEX "index_users_on_username" ON "users" ("username")[0m
  [1m[35m (2.3ms)[0m  [1m[35mALTER TABLE "likes" ADD CONSTRAINT "fk_rails_42cb2ae4ad"
FOREIGN KEY ("tea_id")
  REFERENCES "teas" ("id")
[0m
  [1m[35m (0.3ms)[0m  [1m[35mALTER TABLE "likes" ADD CONSTRAINT "fk_rails_1e09b5dabf"
FOREIGN KEY ("user_id")
  REFERENCES "users" ("id")
[0m
  [1m[35m (0.3ms)[0m  [1m[35mALTER TABLE "transactions" ADD CONSTRAINT "fk_rails_d165608510"
FOREIGN KEY ("tea_id")
  REFERENCES "teas" ("id")
[0m
  [1m[35m (0.2ms)[0m  [1m[35mALTER TABLE "transactions" ADD CONSTRAINT "fk_rails_77364e6416"
FOREIGN KEY ("user_id")
  REFERENCES "users" ("id")
[0m
  [1m[35m (0.7ms)[0m  [1m[35mCREATE TABLE "schema_migrations" ("version" character varying NOT NULL PRIMARY KEY)[0m
  [1m[36mActiveRecord::SchemaMigration Pluck (0.2ms)[0m  [1m[34mSELECT "schema_migrations"."version" FROM "schema_migrations" ORDER BY "schema_migrations"."version" ASC[0m
  [1m[35m (0.1ms)[0m  [1m[32mINSERT INTO "schema_migrations" (version) VALUES (20230803164319)[0m
  [1m[35m (0.1ms)[0m  [1m[32mINSERT INTO "schema_migrations" (version) VALUES
(20230803163516),
(20230803164255),
(20230803164309);

[0m
  [1m[35m (1.9ms)[0m  [1m[35mCREATE TABLE "ar_internal_metadata" ("key" character varying NOT NULL PRIMARY KEY, "value" character varying, "created_at" timestamp(6) NOT NULL, "updated_at" timestamp(6) NOT NULL)[0m
  [1m[36mActiveRecord::InternalMetadata Load (0.1ms)[0m  [1m[34mSELECT "ar_internal_metadata".* FROM "ar_internal_metadata" WHERE "ar_internal_metadata"."key" = $1 LIMIT $2[0m  [["key", "environment"], ["LIMIT", 1]]
  [1m[36mTRANSACTION (0.0ms)[0m  [1m[35mBEGIN[0m
  [1m[36mActiveRecord::InternalMetadata Create (0.3ms)[0m  [1m[32mINSERT INTO "ar_internal_metadata" ("key", "value", "created_at", "updated_at") VALUES ($1, $2, $3, $4) RETURNING "key"[0m  [["key", "environment"], ["value", "development"], ["created_at", "2023-08-04 16:09:39.077069"], ["updated_at", "2023-08-04 16:09:39.077069"]]
  [1m[36mTRANSACTION (0.0ms)[0m  [1m[35mCOMMIT[0m
  [1m[36mActiveRecord::InternalMetadata Load (0.0ms)[0m  [1m[34mSELECT "ar_internal_metadata".* FROM "ar_internal_metadata" WHERE "ar_internal_metadata"."key" = $1 LIMIT $2[0m  [["key", "environment"], ["LIMIT", 1]]
  [1m[36mTRANSACTION (0.0ms)[0m  [1m[35mBEGIN[0m
  [1m[36mActiveRecord::InternalMetadata Update (0.1ms)[0m  [1m[33mUPDATE "ar_internal_metadata" SET "value" = $1, "updated_at" = $2 WHERE "ar_internal_metadata"."key" = $3[0m  [["value", "test"], ["updated_at", "2023-08-04 16:09:39.079023"], ["key", "environment"]]
  [1m[36mTRANSACTION (0.1ms)[0m  [1m[35mCOMMIT[0m
  [1m[36mActiveRecord::InternalMetadata Load (0.0ms)[0m  [1m[34mSELECT "ar_internal_metadata".* FROM "ar_internal_metadata" WHERE "ar_internal_metadata"."key" = $1 LIMIT $2[0m  [["key", "schema_sha1"], ["LIMIT", 1]]
  [1m[36mTRANSACTION (0.0ms)[0m  [1m[35mBEGIN[0m
  [1m[36mActiveRecord::InternalMetadata Create (0.0ms)[0m  [1m[32mINSERT INTO "ar_internal_metadata" ("key", "value", "created_at", "updated_at") VALUES ($1, $2, $3, $4) RETURNING "key"[0m  [["key", "schema_sha1"], ["value", "e42cb8da928a61ce5a2b9e88f0deacab142bc8ad"], ["created_at", "2023-08-04 16:09:39.080468"], ["updated_at", "2023-08-04 16:09:39.080468"]]
  [1m[36mTRANSACTION (0.1ms)[0m  [1m[35mCOMMIT[0m
  [1m[36mActiveRecord::SchemaMigration Pluck (0.2ms)[0m  [1m[34mSELECT "schema_migrations"."version" FROM "schema_migrations" ORDER BY "schema_migrations"."version" ASC[0m
  [1m[36mTRANSACTION (0.0ms)[0m  [1m[35mBEGIN[0m
  [1m[36mLike Load (0.2ms)[0m  [1m[34mSELECT "likes".* FROM "likes"[0m
  [1m[36mTransaction Load (0.1ms)[0m  [1m[34mSELECT "transactions".* FROM "transactions"[0m
  [1m[36mUser Load (0.1ms)[0m  [1m[34mSELECT "users".* FROM "users"[0m
  [1m[36mTea Load (0.1ms)[0m  [1m[34mSELECT "teas".* FROM "teas"[0m
  [1m[36mTea Exists? (0.2ms)[0m  [1m[34mSELECT 1 AS one FROM "teas" WHERE "teas"."flavor" = $1 LIMIT $2[0m  [["flavor", "Green"], ["LIMIT", 1]]
  [1m[36mTea Create (0.4ms)[0m  [1m[32mINSERT INTO "teas" ("flavor", "price", "description", "amount", "created_at", "updated_at") VALUES ($1, $2, $3, $4, $5, $6) RETURNING "id"[0m  [["flavor", "Green"], ["price", 1.75], ["description", "Green tea is a type of tea that is made from Camellia sinensis leaves and buds that have not undergone the same withering and oxidation process used to make oolong teas and black teas. Green tea originated in China, but its production and manufacture has spread to other countries in East Asia."], ["amount", nil], ["created_at", "2023-08-04 16:09:39.112107"], ["updated_at", "2023-08-04 16:09:39.112107"]]
  [1m[36mTea Exists? (0.1ms)[0m  [1m[34mSELECT 1 AS one FROM "teas" WHERE "teas"."flavor" = $1 LIMIT $2[0m  [["flavor", "Oolong"], ["LIMIT", 1]]
  [1m[36mTea Create (0.1ms)[0m  [1m[32mINSERT INTO "teas" ("flavor", "price", "description", "amount", "created_at", "updated_at") VALUES ($1, $2, $3, $4, $5, $6) RETURNING "id"[0m  [["flavor", "Oolong"], ["price", 2.0], ["description", "Oolong tea is a type of tea that is sometimes called \"wulong\" (also pronounced \"oolong\") or \"black dragon\" tea. Oolong teas are semi-oxidized teas. They are sometimes called \"semi-fermented teas\" though this moniker is considered to be less technically correct than semi-oxidized teas. After the tea leaves are picked, they are rolled and allowed to oxidize. Oxidation produces floral notes that characterize many oolongs."], ["amount", nil], ["created_at", "2023-08-04 16:09:39.114171"], ["updated_at", "2023-08-04 16:09:39.114171"]]
  [1m[36mTea Exists? (0.0ms)[0m  [1m[34mSELECT 1 AS one FROM "teas" WHERE "teas"."flavor" = $1 LIMIT $2[0m  [["flavor", "Earl Grey"], ["LIMIT", 1]]
  [1m[36mTea Create (0.0ms)[0m  [1m[32mINSERT INTO "teas" ("flavor", "price", "description", "amount", "created_at", "updated_at") VALUES ($1, $2, $3, $4, $5, $6) RETURNING "id"[0m  [["flavor", "Earl Grey"], ["price", 2.5], ["description", "Earl Grey tea is a tea blend which has been flavoured with the addition of oil of bergamot. The rind's fragrant oil is added to black tea to give Earl Grey its unique taste. Traditionally, Earl Grey was made from black teas such as China keemun and therefore intended to be drunk without milk. However, tea companies have since begun to offer Earl Grey based upon stronger teas such as Ceylons which are better suited to the addition of milk or cream. Other varieties have been introduced as well, such as green or oolong."], ["amount", nil], ["created_at", "2023-08-04 16:09:39.115187"], ["updated_at", "2023-08-04 16:09:39.115187"]]
  [1m[36mTea Exists? (0.1ms)[0m  [1m[34mSELECT 1 AS one FROM "teas" WHERE "teas"."flavor" = $1 LIMIT $2[0m  [["flavor", "Rooibos"], ["LIMIT", 1]]
  [1m[36mTea Create (0.1ms)[0m  [1m[32mINSERT INTO "teas" ("flavor", "price", "description", "amount", "created_at", "updated_at") VALUES ($1, $2, $3, $4, $5, $6) RETURNING "id"[0m  [["flavor", "Rooibos"], ["price", 3.0], ["description", "Rooibos (/ËˆrÉ”ÉªbÉ’s/ ROY-boss; Afrikaans: [rÉ”ËibÉ”s]; Aspalathus linearis), meaning 'red bush'; is a broom-like member of the plant family Fabaceae that grows in South Africa's fynbos. The leaves are used to make a herbal tea that is called by the names: rooibos (especially in Southern Africa), bush tea, red tea, or redbush tea (predominantly in Great Britain). The tea has been popular in Southern Africa for generations, but is now consumed in many countries worldwide. It is sometimes spelled rooibosch in accordance with the original Dutch for 'red bush'. The tea has a taste and color somewhat similar to hibiscus tea, with more or less of an earthy flavor like yerba mate."], ["amount", nil], ["created_at", "2023-08-04 16:09:39.116124"], ["updated_at", "2023-08-04 16:09:39.116124"]]
  [1m[36mUser Exists? (0.1ms)[0m  [1m[34mSELECT 1 AS one FROM "users" WHERE "users"."username" = $1 LIMIT $2[0m  [["username", "madz"], ["LIMIT", 1]]
  [1m[36mUser Create (0.4ms)[0m  [1m[32mINSERT INTO "users" ("username", "created_at", "updated_at") VALUES ($1, $2, $3) RETURNING "id"[0m  [["username", "madz"], ["created_at", "2023-08-04 16:09:39.118947"], ["updated_at", "2023-08-04 16:09:39.118947"]]
  [1m[36mUser Exists? (0.0ms)[0m  [1m[34mSELECT 1 AS one FROM "users" WHERE "users"."username" = $1 LIMIT $2[0m  [["username", "papi"], ["LIMIT", 1]]
  [1m[36mUser Create (0.0ms)[0m  [1m[32mINSERT INTO "users" ("username", "created_at", "updated_at") VALUES ($1, $2, $3) RETURNING "id"[0m  [["username", "papi"], ["created_at", "2023-08-04 16:09:39.120219"], ["updated_at", "2023-08-04 16:09:39.120219"]]
  [1m[36mUser Exists? (0.0ms)[0m  [1m[34mSELECT 1 AS one FROM "users" WHERE "users"."username" = $1 LIMIT $2[0m  [["username", "kriz"], ["LIMIT", 1]]
  [1m[36mUser Create (0.0ms)[0m  [1m[32mINSERT INTO "users" ("username", "created_at", "updated_at") VALUES ($1, $2, $3) RETURNING "id"[0m  [["username", "kriz"], ["created_at", "2023-08-04 16:09:39.121065"], ["updated_at", "2023-08-04 16:09:39.121065"]]
  [1m[36mUser Exists? (0.0ms)[0m  [1m[34mSELECT 1 AS one FROM "users" WHERE "users"."username" = $1 LIMIT $2[0m  [["username", "abz"], ["LIMIT", 1]]
  [1m[36mUser Create (0.0ms)[0m  [1m[32mINSERT INTO "users" ("username", "created_at", "updated_at") VALUES ($1, $2, $3) RETURNING "id"[0m  [["username", "abz"], ["created_at", "2023-08-04 16:09:39.121908"], ["updated_at", "2023-08-04 16:09:39.121908"]]
  [1m[36mUser Exists? (0.0ms)[0m  [1m[34mSELECT 1 AS one FROM "users" WHERE "users"."username" = $1 LIMIT $2[0m  [["username", "darude"], ["LIMIT", 1]]
  [1m[36mUser Create (0.1ms)[0m  [1m[32mINSERT INTO "users" ("username", "created_at", "updated_at") VALUES ($1, $2, $3) RETURNING "id"[0m  [["username", "darude"], ["created_at", "2023-08-04 16:09:39.122759"], ["updated_at", "2023-08-04 16:09:39.122759"]]
  [1m[36mUser Exists? (0.0ms)[0m  [1m[34mSELECT 1 AS one FROM "users" WHERE "users"."username" = $1 LIMIT $2[0m  [["username", "didi"], ["LIMIT", 1]]
  [1m[36mUser Create (0.0ms)[0m  [1m[32mINSERT INTO "users" ("username", "created_at", "updated_at") VALUES ($1, $2, $3) RETURNING "id"[0m  [["username", "didi"], ["created_at", "2023-08-04 16:09:39.123638"], ["updated_at", "2023-08-04 16:09:39.123638"]]
  [1m[36mUser Exists? (0.0ms)[0m  [1m[34mSELECT 1 AS one FROM "users" WHERE "users"."username" = $1 LIMIT $2[0m  [["username", "taytay"], ["LIMIT", 1]]
  [1m[36mUser Create (0.0ms)[0m  [1m[32mINSERT INTO "users" ("username", "created_at", "updated_at") VALUES ($1, $2, $3) RETURNING "id"[0m  [["username", "taytay"], ["created_at", "2023-08-04 16:09:39.124426"], ["updated_at", "2023-08-04 16:09:39.124426"]]
  [1m[36mUser Exists? (0.0ms)[0m  [1m[34mSELECT 1 AS one FROM "users" WHERE "users"."username" = $1 LIMIT $2[0m  [["username", "diz"], ["LIMIT", 1]]
  [1m[36mUser Create (0.0ms)[0m  [1m[32mINSERT INTO "users" ("username", "created_at", "updated_at") VALUES ($1, $2, $3) RETURNING "id"[0m  [["username", "diz"], ["created_at", "2023-08-04 16:09:39.125247"], ["updated_at", "2023-08-04 16:09:39.125247"]]
  [1m[36mUser Load (0.1ms)[0m  [1m[34mSELECT "users".* FROM "users" WHERE "users"."id" = $1 LIMIT $2[0m  [["id", 2], ["LIMIT", 1]]
  [1m[36mTea Load (0.1ms)[0m  [1m[34mSELECT "teas".* FROM "teas" WHERE "teas"."id" = $1 LIMIT $2[0m  [["id", 1], ["LIMIT", 1]]
  [1m[36mTransaction Create (0.3ms)[0m  [1m[32mINSERT INTO "transactions" ("quantity", "user_id", "tea_id", "created_at", "updated_at") VALUES ($1, $2, $3, $4, $5) RETURNING "id"[0m  [["quantity", 1], ["user_id", 2], ["tea_id", 1], ["created_at", "2023-08-04 16:09:39.133359"], ["updated_at", "2023-08-04 16:09:39.133359"]]
  [1m[36mUser Load (0.0ms)[0m  [1m[34mSELECT "users".* FROM "users" WHERE "users"."id" = $1 LIMIT $2[0m  [["id", 3], ["LIMIT", 1]]
  [1m[36mTea Load (0.0ms)[0m  [1m[34mSELECT "teas".* FROM "teas" WHERE "teas"."id" = $1 LIMIT $2[0m  [["id", 1], ["LIMIT", 1]]
  [1m[36mTransaction Create (0.1ms)[0m  [1m[32mINSERT INTO "transactions" ("quantity", "user_id", "tea_id", "created_at", "updated_at") VALUES ($1, $2, $3, $4, $5) RETURNING "id"[0m  [["quantity", 2], ["user_id", 3], ["tea_id", 1], ["created_at", "2023-08-04 16:09:39.135328"], ["updated_at", "2023-08-04 16:09:39.135328"]]
  [1m[36mUser Load (0.0ms)[0m  [1m[34mSELECT "users".* FROM "users" WHERE "users"."id" = $1 LIMIT $2[0m  [["id", 4], ["LIMIT", 1]]
  [1m[36mTea Load (0.1ms)[0m  [1m[34mSELECT "teas".* FROM "teas" WHERE "teas"."id" = $1 LIMIT $2[0m  [["id", 1], ["LIMIT", 1]]
  [1m[36mTransaction Create (0.1ms)[0m  [1m[32mINSERT INTO "transactions" ("quantity", "user_id", "tea_id", "created_at", "updated_at") VALUES ($1, $2, $3, $4, $5) RETURNING "id"[0m  [["quantity", 1], ["user_id", 4], ["tea_id", 1], ["created_at", "2023-08-04 16:09:39.136909"], ["updated_at", "2023-08-04 16:09:39.136909"]]
  [1m[36mUser Load (0.0ms)[0m  [1m[34mSELECT "users".* FROM "users" WHERE "users"."id" = $1 LIMIT $2[0m  [["id", 3], ["LIMIT", 1]]
  [1m[36mTea Load (0.1ms)[0m  [1m[34mSELECT "teas".* FROM "teas" WHERE "teas"."id" = $1 LIMIT $2[0m  [["id", 1], ["LIMIT", 1]]
  [1m[36mTransaction Create (0.1ms)[0m  [1m[32mINSERT INTO "transactions" ("quantity", "user_id", "tea_id", "created_at", "updated_at") VALUES ($1, $2, $3, $4, $5) RETURNING "id"[0m  [["quantity", 3], ["user_id", 3], ["tea_id", 1], ["created_at", "2023-08-04 16:09:39.138518"], ["updated_at", "2023-08-04 16:09:39.138518"]]
  [1m[36mUser Load (0.0ms)[0m  [1m[34mSELECT "users".* FROM "users" WHERE "users"."id" = $1 LIMIT $2[0m  [["id", 1], ["LIMIT", 1]]
  [1m[36mTea Load (0.0ms)[0m  [1m[34mSELECT "teas".* FROM "teas" WHERE "teas"."id" = $1 LIMIT $2[0m  [["id", 2], ["LIMIT", 1]]
  [1m[36mTransaction Create (0.1ms)[0m  [1m[32mINSERT INTO "transactions" ("quantity", "user_id", "tea_id", "created_at", "updated_at") VALUES ($1, $2, $3, $4, $5) RETURNING "id"[0m  [["quantity", 1], ["user_id", 1], ["tea_id", 2], ["created_at", "2023-08-04 16:09:39.140128"], ["updated_at", "2023-08-04 16:09:39.140128"]]
  [1m[36mUser Load (0.1ms)[0m  [1m[34mSELECT "users".* FROM "users" WHERE "users"."id" = $1 LIMIT $2[0m  [["id", 5], ["LIMIT", 1]]
  [1m[36mTea Load (0.1ms)[0m  [1m[34mSELECT "teas".* FROM "teas" WHERE "teas"."id" = $1 LIMIT $2[0m  [["id", 2], ["LIMIT", 1]]
  [1m[36mTransaction Create (0.1ms)[0m  [1m[32mINSERT INTO "transactions" ("quantity", "user_id", "tea_id", "created_at", "updated_at") VALUES ($1, $2, $3, $4, $5) RETURNING "id"[0m  [["quantity", 1], ["user_id", 5], ["tea_id", 2], ["created_at", "2023-08-04 16:09:39.145178"], ["updated_at", "2023-08-04 16:09:39.145178"]]
  [1m[36mUser Load (0.0ms)[0m  [1m[34mSELECT "users".* FROM "users" WHERE "users"."id" = $1 LIMIT $2[0m  [["id", 1], ["LIMIT", 1]]
  [1m[36mTea Load (0.0ms)[0m  [1m[34mSELECT "teas".* FROM "teas" WHERE "teas"."id" = $1 LIMIT $2[0m  [["id", 2], ["LIMIT", 1]]
  [1m[36mTransaction Create (0.1ms)[0m  [1m[32mINSERT INTO "transactions" ("quantity", "user_id", "tea_id", "created_at", "updated_at") VALUES ($1, $2, $3, $4, $5) RETURNING "id"[0m  [["quantity", 5], ["user_id", 1], ["tea_id", 2], ["created_at", "2023-08-04 16:09:39.147098"], ["updated_at", "2023-08-04 16:09:39.147098"]]
  [1m[36mUser Load (0.0ms)[0m  [1m[34mSELECT "users".* FROM "users" WHERE "users"."id" = $1 LIMIT $2[0m  [["id", 1], ["LIMIT", 1]]
  [1m[36mTea Load (0.0ms)[0m  [1m[34mSELECT "teas".* FROM "teas" WHERE "teas"."id" = $1 LIMIT $2[0m  [["id", 2], ["LIMIT", 1]]
  [1m[36mTransaction Create (0.1ms)[0m  [1m[32mINSERT INTO "transactions" ("quantity", "user_id", "tea_id", "created_at", "updated_at") VALUES ($1, $2, $3, $4, $5) RETURNING "id"[0m  [["quantity", 3], ["user_id", 1], ["tea_id", 2], ["created_at", "2023-08-04 16:09:39.148681"], ["updated_at", "2023-08-04 16:09:39.148681"]]
  [1m[36mUser Load (0.0ms)[0m  [1m[34mSELECT "users".* FROM "users" WHERE "users"."id" = $1 LIMIT $2[0m  [["id", 1], ["LIMIT", 1]]
  [1m[36mTea Load (0.0ms)[0m  [1m[34mSELECT "teas".* FROM "teas" WHERE "teas"."id" = $1 LIMIT $2[0m  [["id", 2], ["LIMIT", 1]]
  [1m[36mTransaction Create (0.1ms)[0m  [1m[32mINSERT INTO "transactions" ("quantity", "user_id", "tea_id", "created_at", "updated_at") VALUES ($1, $2, $3, $4, $5) RETURNING "id"[0m  [["quantity", 2], ["user_id", 1], ["tea_id", 2], ["created_at", "2023-08-04 16:09:39.150363"], ["updated_at", "2023-08-04 16:09:39.150363"]]
  [1m[36mUser Load (0.0ms)[0m  [1m[34mSELECT "users".* FROM "users" WHERE "users"."id" = $1 LIMIT $2[0m  [["id", 6], ["LIMIT", 1]]
  [1m[36mTea Load (0.0ms)[0m  [1m[34mSELECT "teas".* FROM "teas" WHERE "teas"."id" = $1 LIMIT $2[0m  [["id", 2], ["LIMIT", 1]]
  [1m[36mTransaction Create (0.1ms)[0m  [1m[32mINSERT INTO "transactions" ("quantity", "user_id", "tea_id", "created_at", "updated_at") VALUES ($1, $2, $3, $4, $5) RETURNING "id"[0m  [["quantity", 1], ["user_id", 6], ["tea_id", 2], ["created_at", "2023-08-04 16:09:39.151900"], ["updated_at", "2023-08-04 16:09:39.151900"]]
  [1m[36mUser Load (0.0ms)[0m  [1m[34mSELECT "users".* FROM "users" WHERE "users"."id" = $1 LIMIT $2[0m  [["id", 6], ["LIMIT", 1]]
  [1m[36mTea Load (0.0ms)[0m  [1m[34mSELECT "teas".* FROM "teas" WHERE "teas"."id" = $1 LIMIT $2[0m  [["id", 3], ["LIMIT", 1]]
  [1m[36mTransaction Create (0.1ms)[0m  [1m[32mINSERT INTO "transactions" ("quantity", "user_id", "tea_id", "created_at", "updated_at") VALUES ($1, $2, $3, $4, $5) RETURNING "id"[0m  [["quantity", 1], ["user_id", 6], ["tea_id", 3], ["created_at", "2023-08-04 16:09:39.153333"], ["updated_at", "2023-08-04 16:09:39.153333"]]
  [1m[36mUser Load (0.0ms)[0m  [1m[34mSELECT "users".* FROM "users" WHERE "users"."id" = $1 LIMIT $2[0m  [["id", 2], ["LIMIT", 1]]
  [1m[36mTea Load (0.0ms)[0m  [1m[34mSELECT "teas".* FROM "teas" WHERE "teas"."id" = $1 LIMIT $2[0m  [["id", 3], ["LIMIT", 1]]
  [1m[36mTransaction Create (0.1ms)[0m  [1m[32mINSERT INTO "transactions" ("quantity", "user_id", "tea_id", "created_at", "updated_at") VALUES ($1, $2, $3, $4, $5) RETURNING "id"[0m  [["quantity", 2], ["user_id", 2], ["tea_id", 3], ["created_at", "2023-08-04 16:09:39.154845"], ["updated_at", "2023-08-04 16:09:39.154845"]]
  [1m[36mUser Load (0.0ms)[0m  [1m[34mSELECT "users".* FROM "users" WHERE "users"."id" = $1 LIMIT $2[0m  [["id", 6], ["LIMIT", 1]]
  [1m[36mTea Load (0.0ms)[0m  [1m[34mSELECT "teas".* FROM "teas" WHERE "teas"."id" = $1 LIMIT $2[0m  [["id", 3], ["LIMIT", 1]]
  [1m[36mTransaction Create (0.1ms)[0m  [1m[32mINSERT INTO "transactions" ("quantity", "user_id", "tea_id", "created_at", "updated_at") VALUES ($1, $2, $3, $4, $5) RETURNING "id"[0m  [["quantity", 3], ["user_id", 6], ["tea_id", 3], ["created_at", "2023-08-04 16:09:39.156271"], ["updated_at", "2023-08-04 16:09:39.156271"]]
  [1m[36mUser Load (0.0ms)[0m  [1m[34mSELECT "users".* FROM "users" WHERE "users"."id" = $1 LIMIT $2[0m  [["id", 7], ["LIMIT", 1]]
  [1m[36mTea Load (0.0ms)[0m  [1m[34mSELECT "teas".* FROM "teas" WHERE "teas"."id" = $1 LIMIT $2[0m  [["id", 3], ["LIMIT", 1]]
  [1m[36mTransaction Create (0.1ms)[0m  [1m[32mINSERT INTO "transactions" ("quantity", "user_id", "tea_id", "created_at", "updated_at") VALUES ($1, $2, $3, $4, $5) RETURNING "id"[0m  [["quantity", 15], ["user_id", 7], ["tea_id", 3], ["created_at", "2023-08-04 16:09:39.157699"], ["updated_at", "2023-08-04 16:09:39.157699"]]
  [1m[36mUser Load (0.0ms)[0m  [1m[34mSELECT "users".* FROM "users" WHERE "users"."id" = $1 LIMIT $2[0m  [["id", 8], ["LIMIT", 1]]
  [1m[36mTea Load (0.0ms)[0m  [1m[34mSELECT "teas".* FROM "teas" WHERE "teas"."id" = $1 LIMIT $2[0m  [["id", 3], ["LIMIT", 1]]
  [1m[36mTransaction Create (0.1ms)[0m  [1m[32mINSERT INTO "transactions" ("quantity", "user_id", "tea_id", "created_at", "updated_at") VALUES ($1, $2, $3, $4, $5) RETURNING "id"[0m  [["quantity", 2], ["user_id", 8], ["tea_id", 3], ["created_at", "2023-08-04 16:09:39.159204"], ["updated_at", "2023-08-04 16:09:39.159204"]]
  [1m[36mUser Load (0.0ms)[0m  [1m[34mSELECT "users".* FROM "users" WHERE "users"."id" = $1 LIMIT $2[0m  [["id", 8], ["LIMIT", 1]]
  [1m[36mTea Load (0.0ms)[0m  [1m[34mSELECT "teas".* FROM "teas" WHERE "teas"."id" = $1 LIMIT $2[0m  [["id", 4], ["LIMIT", 1]]
  [1m[36mTransaction Create (0.1ms)[0m  [1m[32mINSERT INTO "transactions" ("quantity", "user_id", "tea_id", "created_at", "updated_at") VALUES ($1, $2, $3, $4, $5) RETURNING "id"[0m  [["quantity", 2], ["user_id", 8], ["tea_id", 4], ["created_at", "2023-08-04 16:09:39.160586"], ["updated_at", "2023-08-04 16:09:39.160586"]]
  [1m[36mUser Load (0.0ms)[0m  [1m[34mSELECT "users".* FROM "users" WHERE "users"."id" = $1 LIMIT $2[0m  [["id", 7], ["LIMIT", 1]]
  [1m[36mTea Load (0.0ms)[0m  [1m[34mSELECT "teas".* FROM "teas" WHERE "teas"."id" = $1 LIMIT $2[0m  [["id", 4], ["LIMIT", 1]]
  [1m[36mTransaction Create (0.1ms)[0m  [1m[32mINSERT INTO "transactions" ("quantity", "user_id", "tea_id", "created_at", "updated_at") VALUES ($1, $2, $3, $4, $5) RETURNING "id"[0m  [["quantity", 1], ["user_id", 7], ["tea_id", 4], ["created_at", "2023-08-04 16:09:39.161964"], ["updated_at", "2023-08-04 16:09:39.161964"]]
  [1m[36mUser Load (0.0ms)[0m  [1m[34mSELECT "users".* FROM "users" WHERE "users"."id" = $1 LIMIT $2[0m  [["id", 8], ["LIMIT", 1]]
  [1m[36mTea Load (0.0ms)[0m  [1m[34mSELECT "teas".* FROM "teas" WHERE "teas"."id" = $1 LIMIT $2[0m  [["id", 4], ["LIMIT", 1]]
  [1m[36mTransaction Create (0.1ms)[0m  [1m[32mINSERT INTO "transactions" ("quantity", "user_id", "tea_id", "created_at", "updated_at") VALUES ($1, $2, $3, $4, $5) RETURNING "id"[0m  [["quantity", 3], ["user_id", 8], ["tea_id", 4], ["created_at", "2023-08-04 16:09:39.163394"], ["updated_at", "2023-08-04 16:09:39.163394"]]
  [1m[36mUser Load (0.0ms)[0m  [1m[34mSELECT "users".* FROM "users" WHERE "users"."id" = $1 LIMIT $2[0m  [["id", 4], ["LIMIT", 1]]
  [1m[36mTea Load (0.0ms)[0m  [1m[34mSELECT "teas".* FROM "teas" WHERE "teas"."id" = $1 LIMIT $2[0m  [["id", 4], ["LIMIT", 1]]
  [1m[36mTransaction Create (0.1ms)[0m  [1m[32mINSERT INTO "transactions" ("quantity", "user_id", "tea_id", "created_at", "updated_at") VALUES ($1, $2, $3, $4, $5) RETURNING "id"[0m  [["quantity", 2], ["user_id", 4], ["tea_id", 4], ["created_at", "2023-08-04 16:09:39.164854"], ["updated_at", "2023-08-04 16:09:39.164854"]]
  [1m[36mUser Load (0.0ms)[0m  [1m[34mSELECT "users".* FROM "users" WHERE "users"."id" = $1 LIMIT $2[0m  [["id", 5], ["LIMIT", 1]]
  [1m[36mTea Load (0.0ms)[0m  [1m[34mSELECT "teas".* FROM "teas" WHERE "teas"."id" = $1 LIMIT $2[0m  [["id", 4], ["LIMIT", 1]]
  [1m[36mTransaction Create (0.1ms)[0m  [1m[32mINSERT INTO "transactions" ("quantity", "user_id", "tea_id", "created_at", "updated_at") VALUES ($1, $2, $3, $4, $5) RETURNING "id"[0m  [["quantity", 1], ["user_id", 5], ["tea_id", 4], ["created_at", "2023-08-04 16:09:39.166375"], ["updated_at", "2023-08-04 16:09:39.166375"]]
  [1m[36mUser Load (0.0ms)[0m  [1m[34mSELECT "users".* FROM "users" WHERE "users"."id" = $1 LIMIT $2[0m  [["id", 3], ["LIMIT", 1]]
  [1m[36mTea Load (0.1ms)[0m  [1m[34mSELECT "teas".* FROM "teas" WHERE "teas"."id" = $1 LIMIT $2[0m  [["id", 1], ["LIMIT", 1]]
  [1m[36mLike Create (0.4ms)[0m  [1m[32mINSERT INTO "likes" ("user_id", "tea_id", "created_at", "updated_at") VALUES ($1, $2, $3, $4) RETURNING "id"[0m  [["user_id", 3], ["tea_id", 1], ["created_at", "2023-08-04 16:09:39.170921"], ["updated_at", "2023-08-04 16:09:39.170921"]]
  [1m[36mUser Load (0.1ms)[0m  [1m[34mSELECT "users".* FROM "users" WHERE "users"."id" = $1 LIMIT $2[0m  [["id", 2], ["LIMIT", 1]]
  [1m[36mTea Load (0.1ms)[0m  [1m[34mSELECT "teas".* FROM "teas" WHERE "teas"."id" = $1 LIMIT $2[0m  [["id", 1], ["LIMIT", 1]]
  [1m[36mLike Create (0.2ms)[0m  [1m[32mINSERT INTO "likes" ("user_id", "tea_id", "created_at", "updated_at") VALUES ($1, $2, $3, $4) RETURNING "id"[0m  [["user_id", 2], ["tea_id", 1], ["created_at", "2023-08-04 16:09:39.175017"], ["updated_at", "2023-08-04 16:09:39.175017"]]
  [1m[36mUser Load (0.0ms)[0m  [1m[34mSELECT "users".* FROM "users" WHERE "users"."id" = $1 LIMIT $2[0m  [["id", 4], ["LIMIT", 1]]
  [1m[36mTea Load (0.0ms)[0m  [1m[34mSELECT "teas".* FROM "teas" WHERE "teas"."id" = $1 LIMIT $2[0m  [["id", 1], ["LIMIT", 1]]
  [1m[36mLike Create (0.1ms)[0m  [1m[32mINSERT INTO "likes" ("user_id", "tea_id", "created_at", "updated_at") VALUES ($1, $2, $3, $4) RETURNING "id"[0m  [["user_id", 4], ["tea_id", 1], ["created_at", "2023-08-04 16:09:39.176879"], ["updated_at", "2023-08-04 16:09:39.176879"]]
  [1m[36mUser Load (0.0ms)[0m  [1m[34mSELECT "users".* FROM "users" WHERE "users"."id" = $1 LIMIT $2[0m  [["id", 5], ["LIMIT", 1]]
  [1m[36mTea Load (0.0ms)[0m  [1m[34mSELECT "teas".* FROM "teas" WHERE "teas"."id" = $1 LIMIT $2[0m  [["id", 1], ["LIMIT", 1]]
  [1m[36mLike Create (0.2ms)[0m  [1m[32mINSERT INTO "likes" ("user_id", "tea_id", "created_at", "updated_at") VALUES ($1, $2, $3, $4) RETURNING "id"[0m  [["user_id", 5], ["tea_id", 1], ["created_at", "2023-08-04 16:09:39.178675"], ["updated_at", "2023-08-04 16:09:39.178675"]]
  [1m[36mUser Load (0.1ms)[0m  [1m[34mSELECT "users".* FROM "users" WHERE "users"."id" = $1 LIMIT $2[0m  [["id", 1], ["LIMIT", 1]]
  [1m[36mTea Load (0.0ms)[0m  [1m[34mSELECT "teas".* FROM "teas" WHERE "teas"."id" = $1 LIMIT $2[0m  [["id", 2], ["LIMIT", 1]]
  [1m[36mLike Create (0.2ms)[0m  [1m[32mINSERT INTO "likes" ("user_id", "tea_id", "created_at", "updated_at") VALUES ($1, $2, $3, $4) RETURNING "id"[0m  [["user_id", 1], ["tea_id", 2], ["created_at", "2023-08-04 16:09:39.180899"], ["updated_at", "2023-08-04 16:09:39.180899"]]
  [1m[36mUser Load (0.0ms)[0m  [1m[34mSELECT "users".* FROM "users" WHERE "users"."id" = $1 LIMIT $2[0m  [["id", 5], ["LIMIT", 1]]
  [1m[36mTea Load (0.0ms)[0m  [1m[34mSELECT "teas".* FROM "teas" WHERE "teas"."id" = $1 LIMIT $2[0m  [["id", 2], ["LIMIT", 1]]
  [1m[36mLike Create (0.1ms)[0m  [1m[32mINSERT INTO "likes" ("user_id", "tea_id", "created_at", "updated_at") VALUES ($1, $2, $3, $4) RETURNING "id"[0m  [["user_id", 5], ["tea_id", 2], ["created_at", "2023-08-04 16:09:39.182984"], ["updated_at", "2023-08-04 16:09:39.182984"]]
  [1m[36mUser Load (0.0ms)[0m  [1m[34mSELECT "users".* FROM "users" WHERE "users"."id" = $1 LIMIT $2[0m  [["id", 5], ["LIMIT", 1]]
  [1m[36mTea Load (0.0ms)[0m  [1m[34mSELECT "teas".* FROM "teas" WHERE "teas"."id" = $1 LIMIT $2[0m  [["id", 3], ["LIMIT", 1]]
  [1m[36mLike Create (0.1ms)[0m  [1m[32mINSERT INTO "likes" ("user_id", "tea_id", "created_at", "updated_at") VALUES ($1, $2, $3, $4) RETURNING "id"[0m  [["user_id", 5], ["tea_id", 3], ["created_at", "2023-08-04 16:09:39.184621"], ["updated_at", "2023-08-04 16:09:39.184621"]]
  [1m[36mUser Load (0.0ms)[0m  [1m[34mSELECT "users".* FROM "users" WHERE "users"."id" = $1 LIMIT $2[0m  [["id", 2], ["LIMIT", 1]]
  [1m[36mTea Load (0.0ms)[0m  [1m[34mSELECT "teas".* FROM "teas" WHERE "teas"."id" = $1 LIMIT $2[0m  [["id", 3], ["LIMIT", 1]]
  [1m[36mLike Create (0.1ms)[0m  [1m[32mINSERT INTO "likes" ("user_id", "tea_id", "created_at", "updated_at") VALUES ($1, $2, $3, $4) RETURNING "id"[0m  [["user_id", 2], ["tea_id", 3], ["created_at", "2023-08-04 16:09:39.185996"], ["updated_at", "2023-08-04 16:09:39.185996"]]
  [1m[36mUser Load (0.0ms)[0m  [1m[34mSELECT "users".* FROM "users" WHERE "users"."id" = $1 LIMIT $2[0m  [["id", 6], ["LIMIT", 1]]
  [1m[36mTea Load (0.0ms)[0m  [1m[34mSELECT "teas".* FROM "teas" WHERE "teas"."id" = $1 LIMIT $2[0m  [["id", 3], ["LIMIT", 1]]
  [1m[36mLike Create (0.1ms)[0m  [1m[32mINSERT INTO "likes" ("user_id", "tea_id", "created_at", "updated_at") VALUES ($1, $2, $3, $4) RETURNING "id"[0m  [["user_id", 6], ["tea_id", 3], ["created_at", "2023-08-04 16:09:39.187442"], ["updated_at", "2023-08-04 16:09:39.187442"]]
  [1m[36mUser Load (0.0ms)[0m  [1m[34mSELECT "users".* FROM "users" WHERE "users"."id" = $1 LIMIT $2[0m  [["id", 7], ["LIMIT", 1]]
  [1m[36mTea Load (0.1ms)[0m  [1m[34mSELECT "teas".* FROM "teas" WHERE "teas"."id" = $1 LIMIT $2[0m  [["id", 3], ["LIMIT", 1]]
  [1m[36mLike Create (0.1ms)[0m  [1m[32mINSERT INTO "likes" ("user_id", "tea_id", "created_at", "updated_at") VALUES ($1, $2, $3, $4) RETURNING "id"[0m  [["user_id", 7], ["tea_id", 3], ["created_at", "2023-08-04 16:09:39.188872"], ["updated_at", "2023-08-04 16:09:39.188872"]]
  [1m[36mUser Load (0.0ms)[0m  [1m[34mSELECT "users".* FROM "users" WHERE "users"."id" = $1 LIMIT $2[0m  [["id", 6], ["LIMIT", 1]]
  [1m[36mTea Load (0.0ms)[0m  [1m[34mSELECT "teas".* FROM "teas" WHERE "teas"."id" = $1 LIMIT $2[0m  [["id", 4], ["LIMIT", 1]]
  [1m[36mLike Create (0.1ms)[0m  [1m[32mINSERT INTO "likes" ("user_id", "tea_id", "created_at", "updated_at") VALUES ($1, $2, $3, $4) RETURNING "id"[0m  [["user_id", 6], ["tea_id", 4], ["created_at", "2023-08-04 16:09:39.190272"], ["updated_at", "2023-08-04 16:09:39.190272"]]
  [1m[36mUser Load (0.0ms)[0m  [1m[34mSELECT "users".* FROM "users" WHERE "users"."id" = $1 LIMIT $2[0m  [["id", 8], ["LIMIT", 1]]
  [1m[36mTea Load (0.0ms)[0m  [1m[34mSELECT "teas".* FROM "teas" WHERE "teas"."id" = $1 LIMIT $2[0m  [["id", 4], ["LIMIT", 1]]
  [1m[36mLike Create (0.1ms)[0m  [1m[32mINSERT INTO "likes" ("user_id", "tea_id", "created_at", "updated_at") VALUES ($1, $2, $3, $4) RETURNING "id"[0m  [["user_id", 8], ["tea_id", 4], ["created_at", "2023-08-04 16:09:39.191702"], ["updated_at", "2023-08-04 16:09:39.191702"]]
  [1m[36mUser Load (0.0ms)[0m  [1m[34mSELECT "users".* FROM "users" WHERE "users"."id" = $1 LIMIT $2[0m  [["id", 4], ["LIMIT", 1]]
  [1m[36mTea Load (0.0ms)[0m  [1m[34mSELECT "teas".* FROM "teas" WHERE "teas"."id" = $1 LIMIT $2[0m  [["id", 4], ["LIMIT", 1]]
  [1m[36mLike Create (0.1ms)[0m  [1m[32mINSERT INTO "likes" ("user_id", "tea_id", "created_at", "updated_at") VALUES ($1, $2, $3, $4) RETURNING "id"[0m  [["user_id", 4], ["tea_id", 4], ["created_at", "2023-08-04 16:09:39.193026"], ["updated_at", "2023-08-04 16:09:39.193026"]]
  [1m[36mUser Load (0.0ms)[0m  [1m[34mSELECT "users".* FROM "users" WHERE "users"."id" = $1 LIMIT $2[0m  [["id", 5], ["LIMIT", 1]]
  [1m[36mTea Load (0.0ms)[0m  [1m[34mSELECT "teas".* FROM "teas" WHERE "teas"."id" = $1 LIMIT $2[0m  [["id", 4], ["LIMIT", 1]]
  [1m[36mLike Create (0.1ms)[0m  [1m[32mINSERT INTO "likes" ("user_id", "tea_id", "created_at", "updated_at") VALUES ($1, $2, $3, $4) RETURNING "id"[0m  [["user_id", 5], ["tea_id", 4], ["created_at", "2023-08-04 16:09:39.194317"], ["updated_at", "2023-08-04 16:09:39.194317"]]
  [1m[36mUser Load (0.0ms)[0m  [1m[34mSELECT "users".* FROM "users" WHERE "users"."id" = $1 LIMIT $2[0m  [["id", 7], ["LIMIT", 1]]
  [1m[36mTea Load (0.0ms)[0m  [1m[34mSELECT "teas".* FROM "teas" WHERE "teas"."id" = $1 LIMIT $2[0m  [["id", 4], ["LIMIT", 1]]
  [1m[36mLike Create (0.1ms)[0m  [1m[32mINSERT INTO "likes" ("user_id", "tea_id", "created_at", "updated_at") VALUES ($1, $2, $3, $4) RETURNING "id"[0m  [["user_id", 7], ["tea_id", 4], ["created_at", "2023-08-04 16:09:39.195621"], ["updated_at", "2023-08-04 16:09:39.195621"]]
  [1m[36mTRANSACTION (0.2ms)[0m  [1m[35mCOMMIT[0m
Started GET "/" for ::1 at 2023-08-04 09:10:02 -0700
  [1m[36mActiveRecord::SchemaMigration Pluck (0.7ms)[0m  [1m[34mSELECT "schema_migrations"."version" FROM "schema_migrations" ORDER BY "schema_migrations"."version" ASC[0m
Processing by Rails::WelcomeController#index as HTML
  Rendering /Users/deid/.rbenv/versions/3.1.1/lib/ruby/gems/3.1.0/gems/railties-7.0.6/lib/rails/templates/rails/welcome/index.html.erb
  Rendered /Users/deid/.rbenv/versions/3.1.1/lib/ruby/gems/3.1.0/gems/railties-7.0.6/lib/rails/templates/rails/welcome/index.html.erb (Duration: 0.9ms | Allocations: 526)
Completed 200 OK in 8ms (Views: 2.6ms | ActiveRecord: 0.0ms | Allocations: 4560)


Started GET "/api/teas" for ::1 at 2023-08-04 09:11:23 -0700
Processing by Api::TeasController#index as JSON
  Rendering api/teas/index.json.jbuilder
  [1m[36mTea Load (1.2ms)[0m  [1m[34mSELECT "teas".* FROM "teas"[0m
  â†³ app/views/api/teas/index.json.jbuilder:6
  Rendered api/teas/_tea.json.jbuilder (Duration: 0.8ms | Allocations: 147)
  Rendered api/teas/_tea.json.jbuilder (Duration: 0.0ms | Allocations: 12)
  Rendered api/teas/_tea.json.jbuilder (Duration: 0.0ms | Allocations: 12)
  Rendered api/teas/_tea.json.jbuilder (Duration: 0.0ms | Allocations: 12)
  Rendered api/teas/index.json.jbuilder (Duration: 22.7ms | Allocations: 6439)
Completed 200 OK in 33ms (Views: 18.1ms | ActiveRecord: 6.4ms | Allocations: 9890)


Started GET "/favicon.ico" for ::1 at 2023-08-04 09:11:24 -0700
  
ActionController::RoutingError (No route matches [GET] "/favicon.ico"):
  
Started GET "/api/teas/1" for ::1 at 2023-08-04 09:11:33 -0700
Processing by Api::TeasController#show as JSON
  Parameters: {"id"=>"1"}
  [1m[36mTea Load (0.3ms)[0m  [1m[34mSELECT "teas".* FROM "teas" WHERE "teas"."id" = $1 LIMIT $2[0m  [["id", 1], ["LIMIT", 1]]
  â†³ app/controllers/api/teas_controller.rb:20:in `show'
  [1m[36mTransaction Load (1.0ms)[0m  [1m[34mSELECT "transactions".* FROM "transactions" WHERE "transactions"."tea_id" = $1[0m  [["tea_id", 1]]
  â†³ app/controllers/api/teas_controller.rb:20:in `show'
  [1m[36mUser Load (0.8ms)[0m  [1m[34mSELECT "users".* FROM "users" WHERE "users"."id" IN ($1, $2, $3)[0m  [["id", 2], ["id", 3], ["id", 4]]
  â†³ app/controllers/api/teas_controller.rb:20:in `show'
  Rendering api/teas/show.json.jbuilder
  Rendered api/teas/show.json.jbuilder (Duration: 1.1ms | Allocations: 834)
Completed 200 OK in 68ms (Views: 1.8ms | ActiveRecord: 8.8ms | Allocations: 19222)


Started GET "/api/teas" for ::1 at 2023-08-04 09:11:44 -0700
Processing by Api::TeasController#index as JSON
  Rendering api/teas/index.json.jbuilder
  [1m[36mTea Load (0.7ms)[0m  [1m[34mSELECT "teas".* FROM "teas"[0m
  â†³ app/views/api/teas/index.json.jbuilder:6
  Rendered api/teas/_tea.json.jbuilder (Duration: 0.7ms | Allocations: 46)
  Rendered api/teas/_tea.json.jbuilder (Duration: 0.0ms | Allocations: 12)
  Rendered api/teas/_tea.json.jbuilder (Duration: 0.0ms | Allocations: 12)
  Rendered api/teas/_tea.json.jbuilder (Duration: 0.0ms | Allocations: 12)
  Rendered api/teas/index.json.jbuilder (Duration: 20.9ms | Allocations: 1137)
Completed 200 OK in 24ms (Views: 21.7ms | ActiveRecord: 0.7ms | Allocations: 1317)


Started GET "/api/teas/3" for ::1 at 2023-08-04 09:12:32 -0700
Processing by Api::TeasController#show as JSON
  Parameters: {"id"=>"3"}
  [1m[36mTea Load (0.6ms)[0m  [1m[34mSELECT "teas".* FROM "teas" WHERE "teas"."id" = $1 LIMIT $2[0m  [["id", 3], ["LIMIT", 1]]
  â†³ app/controllers/api/teas_controller.rb:20:in `show'
  [1m[36mTransaction Load (0.5ms)[0m  [1m[34mSELECT "transactions".* FROM "transactions" WHERE "transactions"."tea_id" = $1[0m  [["tea_id", 3]]
  â†³ app/controllers/api/teas_controller.rb:20:in `show'
  [1m[36mUser Load (0.8ms)[0m  [1m[34mSELECT "users".* FROM "users" WHERE "users"."id" IN ($1, $2, $3, $4)[0m  [["id", 6], ["id", 2], ["id", 7], ["id", 8]]
  â†³ app/controllers/api/teas_controller.rb:20:in `show'
  Rendering api/teas/show.json.jbuilder
  Rendered api/teas/show.json.jbuilder (Duration: 2.3ms | Allocations: 598)
Completed 200 OK in 36ms (Views: 3.7ms | ActiveRecord: 1.8ms | Allocations: 3203)


