  [1m[35m (239.1ms)[0m  [1m[35mCREATE DATABASE "TeaTime_development" ENCODING = 'unicode'[0m
  ↳ bin/rails:9
  [1m[35m (98.1ms)[0m  [1m[35mCREATE DATABASE "TeaTime_test" ENCODING = 'unicode'[0m
  ↳ bin/rails:9
  [1m[35m (47.9ms)[0m  [1m[35mCREATE TABLE "schema_migrations" ("version" character varying NOT NULL PRIMARY KEY)[0m
  ↳ bin/rails:9
  [1m[35m (29.5ms)[0m  [1m[35mCREATE TABLE "ar_internal_metadata" ("key" character varying NOT NULL PRIMARY KEY, "value" character varying, "created_at" timestamp NOT NULL, "updated_at" timestamp NOT NULL)[0m
  ↳ bin/rails:9
  [1m[35m (0.6ms)[0m  [1m[34mSELECT pg_try_advisory_lock(4383024509120929350)[0m
  ↳ bin/rails:9
  [1m[35m (0.6ms)[0m  [1m[34mSELECT "schema_migrations"."version" FROM "schema_migrations" ORDER BY "schema_migrations"."version" ASC[0m
  ↳ bin/rails:9
Migrating to CreateTeas (20210201173605)
  [1m[35m (6.1ms)[0m  [1m[35mCREATE  INDEX  "index_teas_on_flavor" ON "teas"  ("flavor")[0m
  ↳ db/migrate/20210201173605_create_teas.rb:9
  [1m[35m (1.4ms)[0m  [1m[35mCREATE  INDEX  "index_teas_on_flavor" ON "teas"  ("flavor")[0m
  ↳ db/migrate/20210201173605_create_teas.rb:9
  [1m[35m (0.3ms)[0m  [1m[34mSELECT pg_advisory_unlock(4383024509120929350)[0m
  ↳ bin/rails:9
  [1m[35m (0.2ms)[0m  [1m[34mSELECT pg_try_advisory_lock(4383024509120929350)[0m
  ↳ bin/rails:9
  [1m[35m (1.1ms)[0m  [1m[34mSELECT "schema_migrations"."version" FROM "schema_migrations" ORDER BY "schema_migrations"."version" ASC[0m
  ↳ bin/rails:9
Migrating to CreateTeas (20210201174128)
  [1m[35m (8.7ms)[0m  [1m[35mCREATE  INDEX  "index_teas_on_flavor" ON "teas"  ("flavor")[0m
  ↳ db/migrate/20210201174128_create_teas.rb:9
  [1m[35m (0.8ms)[0m  [1m[35mCREATE  INDEX  "index_teas_on_flavor" ON "teas"  ("flavor")[0m
  ↳ db/migrate/20210201174128_create_teas.rb:9
  [1m[35m (0.2ms)[0m  [1m[34mSELECT pg_advisory_unlock(4383024509120929350)[0m
  ↳ bin/rails:9
  [1m[35m (0.2ms)[0m  [1m[34mSELECT pg_try_advisory_lock(4383024509120929350)[0m
  ↳ bin/rails:9
  [1m[35m (0.9ms)[0m  [1m[34mSELECT "schema_migrations"."version" FROM "schema_migrations" ORDER BY "schema_migrations"."version" ASC[0m
  ↳ bin/rails:9
Migrating to CreateTeas (20210201174128)
  [1m[35m (0.7ms)[0m  [1m[35mBEGIN[0m
  ↳ bin/rails:9
  [1m[35m (13.0ms)[0m  [1m[35mCREATE TABLE "teas" ("id" bigserial primary key, "flavor" character varying NOT NULL, "amount" float NOT NULL, "created_at" timestamp NOT NULL, "updated_at" timestamp NOT NULL)[0m
  ↳ db/migrate/20210201174128_create_teas.rb:3
  [1m[35m (1.1ms)[0m  [1m[35mCREATE  INDEX  "index_teas_on_flavor" ON "teas"  ("flavor")[0m
  ↳ db/migrate/20210201174128_create_teas.rb:8
  [1m[36mActiveRecord::SchemaMigration Create (4.4ms)[0m  [1m[32mINSERT INTO "schema_migrations" ("version") VALUES ($1) RETURNING "version"[0m  [["version", "20210201174128"]]
  ↳ bin/rails:9
  [1m[35m (0.6ms)[0m  [1m[35mCOMMIT[0m
  ↳ bin/rails:9
  [1m[36mActiveRecord::InternalMetadata Load (17.9ms)[0m  [1m[34mSELECT  "ar_internal_metadata".* FROM "ar_internal_metadata" WHERE "ar_internal_metadata"."key" = $1 LIMIT $2[0m  [["key", "environment"], ["LIMIT", 1]]
  ↳ bin/rails:9
  [1m[35m (0.1ms)[0m  [1m[35mBEGIN[0m
  ↳ bin/rails:9
  [1m[36mActiveRecord::InternalMetadata Create (1.1ms)[0m  [1m[32mINSERT INTO "ar_internal_metadata" ("key", "value", "created_at", "updated_at") VALUES ($1, $2, $3, $4) RETURNING "key"[0m  [["key", "environment"], ["value", "development"], ["created_at", "2021-02-01 17:42:45.743688"], ["updated_at", "2021-02-01 17:42:45.743688"]]
  ↳ bin/rails:9
  [1m[35m (0.4ms)[0m  [1m[35mCOMMIT[0m
  ↳ bin/rails:9
  [1m[35m (0.2ms)[0m  [1m[34mSELECT pg_advisory_unlock(4383024509120929350)[0m
  ↳ bin/rails:9
  [1m[35m (0.6ms)[0m  [1m[34mSELECT "schema_migrations"."version" FROM "schema_migrations" ORDER BY "schema_migrations"."version" ASC[0m
  ↳ bin/rails:9
  [1m[35m (1.3ms)[0m  [1m[34mSELECT "schema_migrations"."version" FROM "schema_migrations" ORDER BY "schema_migrations"."version" ASC[0m
  ↳ bin/rails:9
  [1m[35m (0.5ms)[0m  [1m[35mBEGIN[0m
  ↳ db/seeds.rb:8
  [1m[36mTea Load (20.4ms)[0m  [1m[34mSELECT "teas".* FROM "teas"[0m
  ↳ db/seeds.rb:9
  [1m[36mTea Create (1.1ms)[0m  [1m[32mINSERT INTO "teas" ("flavor", "amount", "created_at", "updated_at") VALUES ($1, $2, $3, $4) RETURNING "id"[0m  [["flavor", "green"], ["amount", 1.75], ["created_at", "2021-02-01 17:44:32.903755"], ["updated_at", "2021-02-01 17:44:32.903755"]]
  ↳ db/seeds.rb:10
  [1m[36mTea Create (0.3ms)[0m  [1m[32mINSERT INTO "teas" ("flavor", "amount", "created_at", "updated_at") VALUES ($1, $2, $3, $4) RETURNING "id"[0m  [["flavor", "oolong"], ["amount", 2.0], ["created_at", "2021-02-01 17:44:32.905928"], ["updated_at", "2021-02-01 17:44:32.905928"]]
  ↳ db/seeds.rb:11
  [1m[36mTea Create (0.2ms)[0m  [1m[32mINSERT INTO "teas" ("flavor", "amount", "created_at", "updated_at") VALUES ($1, $2, $3, $4) RETURNING "id"[0m  [["flavor", "earl grey"], ["amount", 2.5], ["created_at", "2021-02-01 17:44:32.906784"], ["updated_at", "2021-02-01 17:44:32.906784"]]
  ↳ db/seeds.rb:12
  [1m[36mTea Create (0.2ms)[0m  [1m[32mINSERT INTO "teas" ("flavor", "amount", "created_at", "updated_at") VALUES ($1, $2, $3, $4) RETURNING "id"[0m  [["flavor", "rooibos"], ["amount", 3.0], ["created_at", "2021-02-01 17:44:32.907580"], ["updated_at", "2021-02-01 17:44:32.907580"]]
  ↳ db/seeds.rb:13
  [1m[35m (0.7ms)[0m  [1m[35mCOMMIT[0m
  ↳ db/seeds.rb:8
Started GET "/" for ::1 at 2021-02-01 09:59:20 -0800
  [1m[35m (1.1ms)[0m  [1m[34mSELECT "schema_migrations"."version" FROM "schema_migrations" ORDER BY "schema_migrations"."version" ASC[0m
  ↳ /Users/juliawang/.rbenv/versions/2.5.1/lib/ruby/gems/2.5.0/gems/activerecord-5.2.4.4/lib/active_record/log_subscriber.rb:98
Processing by StaticPagesController#root as HTML
  Rendering static_pages/root.html.erb within layouts/application
  Rendered static_pages/root.html.erb within layouts/application (2.6ms)
Completed 200 OK in 1152ms (Views: 1142.9ms | ActiveRecord: 0.0ms)


Started GET "/" for ::1 at 2021-02-01 10:00:15 -0800
Processing by StaticPagesController#root as HTML
  Rendering static_pages/root.html.erb within layouts/application
  Rendered static_pages/root.html.erb within layouts/application (0.7ms)
Completed 200 OK in 63ms (Views: 58.4ms | ActiveRecord: 0.0ms)


Started GET "/" for ::1 at 2021-02-01 10:16:10 -0800
Processing by StaticPagesController#root as HTML
  Rendering static_pages/root.html.erb within layouts/application
  Rendered static_pages/root.html.erb within layouts/application (1.9ms)
Completed 200 OK in 714ms (Views: 706.7ms | ActiveRecord: 0.0ms)


Started GET "/" for ::1 at 2021-02-01 10:27:25 -0800
Processing by StaticPagesController#root as HTML
  Rendering static_pages/root.html.erb within layouts/application
  Rendered static_pages/root.html.erb within layouts/application (1.8ms)
Completed 200 OK in 640ms (Views: 635.2ms | ActiveRecord: 0.0ms)


Started GET "/" for ::1 at 2021-02-01 10:30:09 -0800
  [1m[35m (7.8ms)[0m  [1m[34mSELECT "schema_migrations"."version" FROM "schema_migrations" ORDER BY "schema_migrations"."version" ASC[0m
  ↳ /Users/juliawang/.rbenv/versions/2.5.1/lib/ruby/gems/2.5.0/gems/activerecord-5.2.4.4/lib/active_record/log_subscriber.rb:98
Processing by StaticPagesController#root as HTML
  Rendering static_pages/root.html.erb within layouts/application
  Rendered static_pages/root.html.erb within layouts/application (1.2ms)
Completed 200 OK in 2019ms (Views: 2016.9ms | ActiveRecord: 0.0ms)


Started GET "/api/teas" for ::1 at 2021-02-01 10:30:16 -0800
Processing by Api::TeasController#index as JSON
  [1m[36mTea Load (46.9ms)[0m  [1m[34mSELECT "teas".* FROM "teas"[0m
  ↳ app/controllers/api/teas_controller.rb:5
Completed 200 OK in 74ms (Views: 10.8ms | ActiveRecord: 57.2ms)


Started GET "/api/teas" for ::1 at 2021-02-01 10:30:51 -0800
Processing by Api::TeasController#index as JSON
  [1m[36mTea Load (0.3ms)[0m  [1m[34mSELECT "teas".* FROM "teas"[0m
  ↳ app/controllers/api/teas_controller.rb:5
Completed 200 OK in 2ms (Views: 1.5ms | ActiveRecord: 0.3ms)


Started POST "/api/teas" for ::1 at 2021-02-01 10:35:55 -0800
Processing by Api::TeasController#create as JSON
  Parameters: {"tea"=>{"flavor"=>"chamomile", "amount"=>"10"}}
  [1m[35m (0.2ms)[0m  [1m[35mBEGIN[0m
  ↳ app/controllers/api/teas_controller.rb:10
  [1m[36mTea Create (9.9ms)[0m  [1m[32mINSERT INTO "teas" ("flavor", "amount", "created_at", "updated_at") VALUES ($1, $2, $3, $4) RETURNING "id"[0m  [["flavor", "chamomile"], ["amount", 10.0], ["created_at", "2021-02-01 18:35:55.825202"], ["updated_at", "2021-02-01 18:35:55.825202"]]
  ↳ app/controllers/api/teas_controller.rb:10
  [1m[35m (9.9ms)[0m  [1m[35mCOMMIT[0m
  ↳ app/controllers/api/teas_controller.rb:10
Completed 200 OK in 27ms (Views: 0.3ms | ActiveRecord: 20.0ms)


Started GET "/" for ::1 at 2021-02-01 11:05:01 -0800
Processing by StaticPagesController#root as HTML
  Rendering static_pages/root.html.erb within layouts/application
  Rendered static_pages/root.html.erb within layouts/application (1.1ms)
Completed 200 OK in 753ms (Views: 749.1ms | ActiveRecord: 0.0ms)


Started GET "/" for ::1 at 2021-02-01 11:05:27 -0800
Processing by StaticPagesController#root as HTML
  Rendering static_pages/root.html.erb within layouts/application
  Rendered static_pages/root.html.erb within layouts/application (0.4ms)
Completed 200 OK in 510ms (Views: 501.5ms | ActiveRecord: 0.0ms)


Started GET "/api/teas" for ::1 at 2021-02-01 11:06:49 -0800
Processing by Api::TeasController#index as JSON
  [1m[36mTea Load (2.1ms)[0m  [1m[34mSELECT "teas".* FROM "teas"[0m
  ↳ app/controllers/api/teas_controller.rb:5
Completed 200 OK in 12ms (Views: 9.3ms | ActiveRecord: 2.1ms)


Started GET "/" for ::1 at 2021-02-01 11:32:27 -0800
Processing by StaticPagesController#root as HTML
  Rendering static_pages/root.html.erb within layouts/application
  Rendered static_pages/root.html.erb within layouts/application (1.1ms)
Completed 200 OK in 817ms (Views: 810.7ms | ActiveRecord: 0.0ms)


Started GET "/api/teas" for ::1 at 2021-02-01 11:32:47 -0800
Processing by Api::TeasController#index as JSON
  [1m[36mTea Load (2.1ms)[0m  [1m[34mSELECT "teas".* FROM "teas"[0m
  ↳ app/controllers/api/teas_controller.rb:5
Completed 200 OK in 7ms (Views: 4.2ms | ActiveRecord: 2.1ms)


Started GET "/" for ::1 at 2021-02-01 11:33:14 -0800
Processing by StaticPagesController#root as HTML
  Rendering static_pages/root.html.erb within layouts/application
  Rendered static_pages/root.html.erb within layouts/application (1.7ms)
Completed 200 OK in 570ms (Views: 566.6ms | ActiveRecord: 0.0ms)


Started GET "/api/teas" for ::1 at 2021-02-01 11:33:18 -0800
Processing by Api::TeasController#index as JSON
  [1m[36mTea Load (1.7ms)[0m  [1m[34mSELECT "teas".* FROM "teas"[0m
  ↳ app/controllers/api/teas_controller.rb:5
Completed 200 OK in 10ms (Views: 8.0ms | ActiveRecord: 1.7ms)


Started GET "/" for ::1 at 2021-02-01 11:38:55 -0800
Processing by StaticPagesController#root as HTML
  Rendering static_pages/root.html.erb within layouts/application
  Rendered static_pages/root.html.erb within layouts/application (0.6ms)
Completed 200 OK in 532ms (Views: 527.9ms | ActiveRecord: 0.0ms)


Started GET "/api/teas" for ::1 at 2021-02-01 11:39:55 -0800
Processing by Api::TeasController#index as JSON
  [1m[36mTea Load (0.5ms)[0m  [1m[34mSELECT "teas".* FROM "teas"[0m
  ↳ app/controllers/api/teas_controller.rb:5
Completed 200 OK in 18ms (Views: 17.4ms | ActiveRecord: 0.5ms)


Started GET "/" for ::1 at 2021-02-01 11:40:22 -0800
Processing by StaticPagesController#root as HTML
  Rendering static_pages/root.html.erb within layouts/application
  Rendered static_pages/root.html.erb within layouts/application (0.3ms)
Completed 200 OK in 617ms (Views: 614.6ms | ActiveRecord: 0.0ms)


Started GET "/" for ::1 at 2021-02-01 11:41:29 -0800
Processing by StaticPagesController#root as HTML
  Rendering static_pages/root.html.erb within layouts/application
  Rendered static_pages/root.html.erb within layouts/application (0.8ms)
Completed 200 OK in 583ms (Views: 576.6ms | ActiveRecord: 0.0ms)


Started GET "/" for ::1 at 2021-02-01 11:46:48 -0800
Processing by StaticPagesController#root as HTML
  Rendering static_pages/root.html.erb within layouts/application
  Rendered static_pages/root.html.erb within layouts/application (0.7ms)
Completed 200 OK in 519ms (Views: 515.3ms | ActiveRecord: 0.0ms)


Started GET "/api/teas" for ::1 at 2021-02-01 11:46:49 -0800
Processing by Api::TeasController#index as JSON
  [1m[36mTea Load (2.0ms)[0m  [1m[34mSELECT "teas".* FROM "teas"[0m
  ↳ app/controllers/api/teas_controller.rb:5
Completed 200 OK in 6ms (Views: 4.0ms | ActiveRecord: 2.0ms)


Started GET "/" for ::1 at 2021-02-01 11:49:53 -0800
Processing by StaticPagesController#root as HTML
  Rendering static_pages/root.html.erb within layouts/application
  Rendered static_pages/root.html.erb within layouts/application (0.3ms)
Completed 200 OK in 36ms (Views: 34.5ms | ActiveRecord: 0.0ms)


Started GET "/api/teas" for ::1 at 2021-02-01 11:49:54 -0800
Processing by Api::TeasController#index as JSON
  [1m[36mTea Load (0.9ms)[0m  [1m[34mSELECT "teas".* FROM "teas"[0m
  ↳ app/controllers/api/teas_controller.rb:5
Completed 200 OK in 5ms (Views: 3.6ms | ActiveRecord: 0.9ms)


Started GET "/" for ::1 at 2021-02-01 11:51:58 -0800
Processing by StaticPagesController#root as HTML
  Rendering static_pages/root.html.erb within layouts/application
  Rendered static_pages/root.html.erb within layouts/application (0.7ms)
Completed 200 OK in 497ms (Views: 493.9ms | ActiveRecord: 0.0ms)


Started GET "/api/teas" for ::1 at 2021-02-01 11:51:59 -0800
Processing by Api::TeasController#index as JSON
  [1m[36mTea Load (0.4ms)[0m  [1m[34mSELECT "teas".* FROM "teas"[0m
  ↳ app/controllers/api/teas_controller.rb:5
Completed 200 OK in 3ms (Views: 2.0ms | ActiveRecord: 0.4ms)


Started POST "/api/teas" for ::1 at 2021-02-01 11:52:17 -0800
Processing by Api::TeasController#create as JSON
  Parameters: {"tea"=>{"flavor"=>"Purple", "amount"=>"5"}}
  [1m[35m (0.1ms)[0m  [1m[35mBEGIN[0m
  ↳ app/controllers/api/teas_controller.rb:10
  [1m[36mTea Create (1.8ms)[0m  [1m[32mINSERT INTO "teas" ("flavor", "amount", "created_at", "updated_at") VALUES ($1, $2, $3, $4) RETURNING "id"[0m  [["flavor", "Purple"], ["amount", 5.0], ["created_at", "2021-02-01 19:52:17.996963"], ["updated_at", "2021-02-01 19:52:17.996963"]]
  ↳ app/controllers/api/teas_controller.rb:10
  [1m[35m (14.6ms)[0m  [1m[35mCOMMIT[0m
  ↳ app/controllers/api/teas_controller.rb:10
Completed 200 OK in 23ms (Views: 0.4ms | ActiveRecord: 16.5ms)


Started GET "/" for ::1 at 2021-02-01 11:52:23 -0800
Processing by StaticPagesController#root as HTML
  Rendering static_pages/root.html.erb within layouts/application
  Rendered static_pages/root.html.erb within layouts/application (0.3ms)
Completed 200 OK in 34ms (Views: 30.7ms | ActiveRecord: 0.0ms)


Started GET "/api/teas" for ::1 at 2021-02-01 11:52:24 -0800
Processing by Api::TeasController#index as JSON
  [1m[36mTea Load (0.5ms)[0m  [1m[34mSELECT "teas".* FROM "teas"[0m
  ↳ app/controllers/api/teas_controller.rb:5
Completed 200 OK in 3ms (Views: 2.0ms | ActiveRecord: 0.5ms)


Started POST "/api/teas" for ::1 at 2021-02-01 11:52:50 -0800
Processing by Api::TeasController#create as JSON
  Parameters: {"tea"=>{"flavor"=>"mr. bubble ", "amount"=>"9001"}}
  [1m[35m (0.4ms)[0m  [1m[35mBEGIN[0m
  ↳ app/controllers/api/teas_controller.rb:10
  [1m[36mTea Create (0.8ms)[0m  [1m[32mINSERT INTO "teas" ("flavor", "amount", "created_at", "updated_at") VALUES ($1, $2, $3, $4) RETURNING "id"[0m  [["flavor", "mr. bubble "], ["amount", 9001.0], ["created_at", "2021-02-01 19:52:50.819174"], ["updated_at", "2021-02-01 19:52:50.819174"]]
  ↳ app/controllers/api/teas_controller.rb:10
  [1m[35m (6.0ms)[0m  [1m[35mCOMMIT[0m
  ↳ app/controllers/api/teas_controller.rb:10
Completed 200 OK in 12ms (Views: 0.5ms | ActiveRecord: 7.2ms)


Started GET "/" for ::1 at 2021-02-01 11:52:59 -0800
Processing by StaticPagesController#root as HTML
  Rendering static_pages/root.html.erb within layouts/application
  Rendered static_pages/root.html.erb within layouts/application (0.3ms)
Completed 200 OK in 64ms (Views: 54.7ms | ActiveRecord: 0.0ms)


Started GET "/api/teas" for ::1 at 2021-02-01 11:53:00 -0800
Processing by Api::TeasController#index as JSON
  [1m[36mTea Load (41.6ms)[0m  [1m[34mSELECT "teas".* FROM "teas"[0m
  ↳ app/controllers/api/teas_controller.rb:5
Completed 200 OK in 45ms (Views: 3.6ms | ActiveRecord: 41.6ms)


Started GET "/" for ::1 at 2021-02-01 11:54:25 -0800
Processing by StaticPagesController#root as HTML
  Rendering static_pages/root.html.erb within layouts/application
  Rendered static_pages/root.html.erb within layouts/application (0.4ms)
Completed 200 OK in 544ms (Views: 539.8ms | ActiveRecord: 0.0ms)


Started GET "/api/teas" for ::1 at 2021-02-01 11:54:26 -0800
Processing by Api::TeasController#index as JSON
  [1m[36mTea Load (25.1ms)[0m  [1m[34mSELECT "teas".* FROM "teas"[0m
  ↳ app/controllers/api/teas_controller.rb:5
Completed 200 OK in 28ms (Views: 3.0ms | ActiveRecord: 25.1ms)


Started POST "/api/teas" for ::1 at 2021-02-01 11:54:52 -0800
Processing by Api::TeasController#create as JSON
  Parameters: {"tea"=>{"flavor"=>"Green ", "amount"=>"6"}}
  [1m[35m (0.1ms)[0m  [1m[35mBEGIN[0m
  ↳ app/controllers/api/teas_controller.rb:10
  [1m[36mTea Create (0.3ms)[0m  [1m[32mINSERT INTO "teas" ("flavor", "amount", "created_at", "updated_at") VALUES ($1, $2, $3, $4) RETURNING "id"[0m  [["flavor", "Green "], ["amount", 6.0], ["created_at", "2021-02-01 19:54:52.135517"], ["updated_at", "2021-02-01 19:54:52.135517"]]
  ↳ app/controllers/api/teas_controller.rb:10
  [1m[35m (5.4ms)[0m  [1m[35mCOMMIT[0m
  ↳ app/controllers/api/teas_controller.rb:10
Completed 200 OK in 10ms (Views: 0.7ms | ActiveRecord: 5.8ms)


