Started GET "/" for ::1 at 2021-11-11 10:48:46 -0800

ActiveRecord::NoDatabaseError - FATAL:  database "TeaTime_development" does not exist:

Started POST "/__better_errors/965d4051e28ba9ed/variables" for ::1 at 2021-11-11 10:48:46 -0800
  [1m[35m (296.9ms)[0m  [1m[35mCREATE DATABASE "TeaTime_development" ENCODING = 'unicode'[0m
  ↳ bin/rails:9
  [1m[35m (219.7ms)[0m  [1m[35mCREATE DATABASE "TeaTime_test" ENCODING = 'unicode'[0m
  ↳ bin/rails:9
Started GET "/" for ::1 at 2021-11-11 10:50:37 -0800
Processing by StaticPagesController#root as HTML
  Rendering static_pages/root.html.erb within layouts/application
  Rendered static_pages/root.html.erb within layouts/application (1.9ms)
Completed 200 OK in 6024ms (Views: 6022.9ms | ActiveRecord: 0.0ms)


Started GET "/" for ::1 at 2021-11-11 10:52:04 -0800
Processing by StaticPagesController#root as HTML
  Rendering static_pages/root.html.erb within layouts/application
  Rendered static_pages/root.html.erb within layouts/application (0.6ms)
Completed 200 OK in 1640ms (Views: 1639.9ms | ActiveRecord: 0.0ms)


  [1m[35m (115.3ms)[0m  [1m[35mCREATE TABLE "schema_migrations" ("version" character varying NOT NULL PRIMARY KEY)[0m
  ↳ bin/rails:9
  [1m[35m (4.7ms)[0m  [1m[35mCREATE TABLE "ar_internal_metadata" ("key" character varying NOT NULL PRIMARY KEY, "value" character varying, "created_at" timestamp NOT NULL, "updated_at" timestamp NOT NULL)[0m
  ↳ bin/rails:9
  [1m[35m (1.4ms)[0m  [1m[34mSELECT pg_try_advisory_lock(4383024509120929350)[0m
  ↳ bin/rails:9
  [1m[35m (1.2ms)[0m  [1m[34mSELECT "schema_migrations"."version" FROM "schema_migrations" ORDER BY "schema_migrations"."version" ASC[0m
  ↳ bin/rails:9
Migrating to CreateTeas (20211111185440)
  [1m[35m (0.5ms)[0m  [1m[35mBEGIN[0m
  ↳ bin/rails:9
  [1m[35m (40.1ms)[0m  [1m[35mCREATE TABLE "teas" ("id" bigserial primary key, "flavor" character varying NOT NULL, "cost" float NOT NULL, "description" text, "created_at" timestamp NOT NULL, "updated_at" timestamp NOT NULL)[0m
  ↳ db/migrate/20211111185440_create_teas.rb:3
  [1m[35m (7.6ms)[0m  [1m[35mCREATE UNIQUE INDEX  "index_teas_on_flavor" ON "teas"  ("flavor")[0m
  ↳ db/migrate/20211111185440_create_teas.rb:10
  [1m[36mActiveRecord::SchemaMigration Create (17.8ms)[0m  [1m[32mINSERT INTO "schema_migrations" ("version") VALUES ($1) RETURNING "version"[0m  [["version", "20211111185440"]]
  ↳ bin/rails:9
  [1m[35m (0.8ms)[0m  [1m[35mCOMMIT[0m
  ↳ bin/rails:9
Migrating to CreateUsers (20211111185501)
  [1m[35m (0.7ms)[0m  [1m[35mBEGIN[0m
  ↳ bin/rails:9
  [1m[35m (48.5ms)[0m  [1m[35mCREATE TABLE "users" ("id" bigserial primary key, "username" character varying NOT NULL, "created_at" timestamp NOT NULL, "updated_at" timestamp NOT NULL)[0m
  ↳ db/migrate/20211111185501_create_users.rb:3
  [1m[35m (1.8ms)[0m  [1m[35mCREATE UNIQUE INDEX  "index_users_on_username" ON "users"  ("username")[0m
  ↳ db/migrate/20211111185501_create_users.rb:8
  [1m[36mActiveRecord::SchemaMigration Create (0.6ms)[0m  [1m[32mINSERT INTO "schema_migrations" ("version") VALUES ($1) RETURNING "version"[0m  [["version", "20211111185501"]]
  ↳ bin/rails:9
  [1m[35m (0.7ms)[0m  [1m[35mCOMMIT[0m
  ↳ bin/rails:9
Migrating to CreateTransactions (20211111185601)
  [1m[35m (0.8ms)[0m  [1m[35mBEGIN[0m
  ↳ bin/rails:9
  [1m[35m (90.2ms)[0m  [1m[35mCREATE TABLE "transactions" ("id" bigserial primary key, "tea_id" integer NOT NULL, "user_id" integer NOT NULL, "quantity" integer NOT NULL, "created_at" timestamp NOT NULL, "updated_at" timestamp NOT NULL)[0m
  ↳ db/migrate/20211111185601_create_transactions.rb:3
  [1m[35m (17.4ms)[0m  [1m[35mCREATE  INDEX  "index_transactions_on_tea_id" ON "transactions"  ("tea_id")[0m
  ↳ db/migrate/20211111185601_create_transactions.rb:10
  [1m[35m (7.6ms)[0m  [1m[35mCREATE  INDEX  "index_transactions_on_user_id" ON "transactions"  ("user_id")[0m
  ↳ db/migrate/20211111185601_create_transactions.rb:11
  [1m[36mActiveRecord::SchemaMigration Create (4.9ms)[0m  [1m[32mINSERT INTO "schema_migrations" ("version") VALUES ($1) RETURNING "version"[0m  [["version", "20211111185601"]]
  ↳ bin/rails:9
  [1m[35m (18.8ms)[0m  [1m[35mCOMMIT[0m
  ↳ bin/rails:9
  [1m[36mActiveRecord::InternalMetadata Load (11.2ms)[0m  [1m[34mSELECT  "ar_internal_metadata".* FROM "ar_internal_metadata" WHERE "ar_internal_metadata"."key" = $1 LIMIT $2[0m  [["key", "environment"], ["LIMIT", 1]]
  ↳ bin/rails:9
  [1m[35m (19.6ms)[0m  [1m[35mBEGIN[0m
  ↳ bin/rails:9
  [1m[36mActiveRecord::InternalMetadata Create (19.6ms)[0m  [1m[32mINSERT INTO "ar_internal_metadata" ("key", "value", "created_at", "updated_at") VALUES ($1, $2, $3, $4) RETURNING "key"[0m  [["key", "environment"], ["value", "development"], ["created_at", "2021-11-11 18:58:42.728061"], ["updated_at", "2021-11-11 18:58:42.728061"]]
  ↳ bin/rails:9
  [1m[35m (0.6ms)[0m  [1m[35mCOMMIT[0m
  ↳ bin/rails:9
  [1m[35m (0.5ms)[0m  [1m[34mSELECT pg_advisory_unlock(4383024509120929350)[0m
  ↳ bin/rails:9
  [1m[35m (0.8ms)[0m  [1m[34mSELECT "schema_migrations"."version" FROM "schema_migrations" ORDER BY "schema_migrations"."version" ASC[0m
  ↳ bin/rails:9
  [1m[35m (16.1ms)[0m  [1m[34mSELECT "schema_migrations"."version" FROM "schema_migrations" ORDER BY "schema_migrations"."version" ASC[0m
  ↳ /Users/paulobocanegra/.rbenv/versions/2.5.1/bin/annotate:23
  [1m[35m (2.2ms)[0m  [1m[34mSELECT "schema_migrations"."version" FROM "schema_migrations" ORDER BY "schema_migrations"."version" ASC[0m
  ↳ bin/rails:9
  [1m[35m (0.3ms)[0m  [1m[35mBEGIN[0m
  ↳ db/seeds.rb:8
  [1m[36mTea Load (1.7ms)[0m  [1m[34mSELECT "teas".* FROM "teas"[0m
  ↳ db/seeds.rb:9
  [1m[36mUser Load (2.5ms)[0m  [1m[34mSELECT "users".* FROM "users"[0m
  ↳ db/seeds.rb:10
  [1m[36mTransaction Load (2.3ms)[0m  [1m[34mSELECT "transactions".* FROM "transactions"[0m
  ↳ db/seeds.rb:11
  [1m[36mTea Exists (4.5ms)[0m  [1m[34mSELECT  1 AS one FROM "teas" WHERE "teas"."flavor" = $1 LIMIT $2[0m  [["flavor", "Green"], ["LIMIT", 1]]
  ↳ db/seeds.rb:15
  [1m[36mTea Create (14.0ms)[0m  [1m[32mINSERT INTO "teas" ("flavor", "cost", "description", "created_at", "updated_at") VALUES ($1, $2, $3, $4, $5) RETURNING "id"[0m  [["flavor", "Green"], ["cost", 1.75], ["description", "Green tea is a type of tea that is made from Camellia sinensis leaves and buds that have not undergone the same withering and oxidation process used to make oolong teas and black teas. Green tea originated in China, but its production and manufacture has spread to other countries in East Asia."], ["created_at", "2021-11-11 19:02:48.537489"], ["updated_at", "2021-11-11 19:02:48.537489"]]
  ↳ db/seeds.rb:15
  [1m[36mTea Exists (1.0ms)[0m  [1m[34mSELECT  1 AS one FROM "teas" WHERE "teas"."flavor" = $1 LIMIT $2[0m  [["flavor", "Oolong"], ["LIMIT", 1]]
  ↳ db/seeds.rb:16
  [1m[36mTea Create (5.3ms)[0m  [1m[32mINSERT INTO "teas" ("flavor", "cost", "description", "created_at", "updated_at") VALUES ($1, $2, $3, $4, $5) RETURNING "id"[0m  [["flavor", "Oolong"], ["cost", 2.0], ["description", "Oolong tea is a type of tea that is sometimes called \"wulong\" (also pronounced \"oolong\") or \"black dragon\" tea. Oolong teas are semi-oxidized teas. They are sometimes called \"semi-fermented teas\" though this moniker is considered to be less technically correct than semi-oxidized teas. After the tea leaves are picked, they are rolled and allowed to oxidize. Oxidation produces floral notes that characterize many oolongs."], ["created_at", "2021-11-11 19:02:48.558379"], ["updated_at", "2021-11-11 19:02:48.558379"]]
  ↳ db/seeds.rb:16
  [1m[36mTea Exists (0.5ms)[0m  [1m[34mSELECT  1 AS one FROM "teas" WHERE "teas"."flavor" = $1 LIMIT $2[0m  [["flavor", "Earl Grey"], ["LIMIT", 1]]
  ↳ db/seeds.rb:17
  [1m[36mTea Create (0.4ms)[0m  [1m[32mINSERT INTO "teas" ("flavor", "cost", "description", "created_at", "updated_at") VALUES ($1, $2, $3, $4, $5) RETURNING "id"[0m  [["flavor", "Earl Grey"], ["cost", 2.5], ["description", "Earl Grey tea is a tea blend which has been flavoured with the addition of oil of bergamot. The rind's fragrant oil is added to black tea to give Earl Grey its unique taste. Traditionally, Earl Grey was made from black teas such as China keemun and therefore intended to be drunk without milk. However, tea companies have since begun to offer Earl Grey based upon stronger teas such as Ceylons which are better suited to the addition of milk or cream. Other varieties have been introduced as well, such as green or oolong."], ["created_at", "2021-11-11 19:02:48.567561"], ["updated_at", "2021-11-11 19:02:48.567561"]]
  ↳ db/seeds.rb:17
  [1m[36mTea Exists (0.3ms)[0m  [1m[34mSELECT  1 AS one FROM "teas" WHERE "teas"."flavor" = $1 LIMIT $2[0m  [["flavor", "Rooibos"], ["LIMIT", 1]]
  ↳ db/seeds.rb:18
  [1m[36mTea Create (2.1ms)[0m  [1m[32mINSERT INTO "teas" ("flavor", "cost", "description", "created_at", "updated_at") VALUES ($1, $2, $3, $4, $5) RETURNING "id"[0m  [["flavor", "Rooibos"], ["cost", 3.0], ["description", "Rooibos (/ˈrɔɪbɒs/ ROY-boss; Afrikaans: [rɔːibɔs]; Aspalathus linearis), meaning 'red bush'; is a broom-like member of the plant family Fabaceae that grows in South Africa's fynbos. The leaves are used to make a herbal tea that is called by the names: rooibos (especially in Southern Africa), bush tea, red tea, or redbush tea (predominantly in Great Britain). The tea has been popular in Southern Africa for generations, but is now consumed in many countries worldwide. It is sometimes spelled rooibosch in accordance with the original Dutch for 'red bush'. The tea has a taste and color somewhat similar to hibiscus tea, with more or less of an earthy flavor like yerba mate."], ["created_at", "2021-11-11 19:02:48.570087"], ["updated_at", "2021-11-11 19:02:48.570087"]]
  ↳ db/seeds.rb:18
  [1m[36mUser Exists (5.1ms)[0m  [1m[34mSELECT  1 AS one FROM "users" WHERE "users"."username" = $1 LIMIT $2[0m  [["username", "Mapa"], ["LIMIT", 1]]
  ↳ db/seeds.rb:22
  [1m[36mUser Create (2.0ms)[0m  [1m[32mINSERT INTO "users" ("username", "created_at", "updated_at") VALUES ($1, $2, $3) RETURNING "id"[0m  [["username", "Mapa"], ["created_at", "2021-11-11 19:02:48.631724"], ["updated_at", "2021-11-11 19:02:48.631724"]]
  ↳ db/seeds.rb:22
  [1m[36mUser Exists (1.2ms)[0m  [1m[34mSELECT  1 AS one FROM "users" WHERE "users"."username" = $1 LIMIT $2[0m  [["username", "JenKen"], ["LIMIT", 1]]
  ↳ db/seeds.rb:23
  [1m[36mUser Create (1.2ms)[0m  [1m[32mINSERT INTO "users" ("username", "created_at", "updated_at") VALUES ($1, $2, $3) RETURNING "id"[0m  [["username", "JenKen"], ["created_at", "2021-11-11 19:02:48.638597"], ["updated_at", "2021-11-11 19:02:48.638597"]]
  ↳ db/seeds.rb:23
  [1m[36mUser Exists (0.5ms)[0m  [1m[34mSELECT  1 AS one FROM "users" WHERE "users"."username" = $1 LIMIT $2[0m  [["username", "erik"], ["LIMIT", 1]]
  ↳ db/seeds.rb:24
  [1m[36mUser Create (0.6ms)[0m  [1m[32mINSERT INTO "users" ("username", "created_at", "updated_at") VALUES ($1, $2, $3) RETURNING "id"[0m  [["username", "erik"], ["created_at", "2021-11-11 19:02:48.645398"], ["updated_at", "2021-11-11 19:02:48.645398"]]
  ↳ db/seeds.rb:24
  [1m[36mUser Exists (1.4ms)[0m  [1m[34mSELECT  1 AS one FROM "users" WHERE "users"."username" = $1 LIMIT $2[0m  [["username", "lina"], ["LIMIT", 1]]
  ↳ db/seeds.rb:25
  [1m[36mUser Create (0.5ms)[0m  [1m[32mINSERT INTO "users" ("username", "created_at", "updated_at") VALUES ($1, $2, $3) RETURNING "id"[0m  [["username", "lina"], ["created_at", "2021-11-11 19:02:48.649502"], ["updated_at", "2021-11-11 19:02:48.649502"]]
  ↳ db/seeds.rb:25
  [1m[36mUser Exists (0.4ms)[0m  [1m[34mSELECT  1 AS one FROM "users" WHERE "users"."username" = $1 LIMIT $2[0m  [["username", "julia"], ["LIMIT", 1]]
  ↳ db/seeds.rb:26
  [1m[36mUser Create (2.3ms)[0m  [1m[32mINSERT INTO "users" ("username", "created_at", "updated_at") VALUES ($1, $2, $3) RETURNING "id"[0m  [["username", "julia"], ["created_at", "2021-11-11 19:02:48.652091"], ["updated_at", "2021-11-11 19:02:48.652091"]]
  ↳ db/seeds.rb:26
  [1m[36mUser Exists (3.3ms)[0m  [1m[34mSELECT  1 AS one FROM "users" WHERE "users"."username" = $1 LIMIT $2[0m  [["username", "zack"], ["LIMIT", 1]]
  ↳ db/seeds.rb:27
  [1m[36mUser Create (0.8ms)[0m  [1m[32mINSERT INTO "users" ("username", "created_at", "updated_at") VALUES ($1, $2, $3) RETURNING "id"[0m  [["username", "zack"], ["created_at", "2021-11-11 19:02:48.661993"], ["updated_at", "2021-11-11 19:02:48.661993"]]
  ↳ db/seeds.rb:27
  [1m[36mUser Exists (20.9ms)[0m  [1m[34mSELECT  1 AS one FROM "users" WHERE "users"."username" = $1 LIMIT $2[0m  [["username", "charlos"], ["LIMIT", 1]]
  ↳ db/seeds.rb:28
  [1m[36mUser Create (3.6ms)[0m  [1m[32mINSERT INTO "users" ("username", "created_at", "updated_at") VALUES ($1, $2, $3) RETURNING "id"[0m  [["username", "charlos"], ["created_at", "2021-11-11 19:02:48.696787"], ["updated_at", "2021-11-11 19:02:48.696787"]]
  ↳ db/seeds.rb:28
  [1m[36mUser Exists (1.0ms)[0m  [1m[34mSELECT  1 AS one FROM "users" WHERE "users"."username" = $1 LIMIT $2[0m  [["username", "anony"], ["LIMIT", 1]]
  ↳ db/seeds.rb:29
  [1m[36mUser Create (0.5ms)[0m  [1m[32mINSERT INTO "users" ("username", "created_at", "updated_at") VALUES ($1, $2, $3) RETURNING "id"[0m  [["username", "anony"], ["created_at", "2021-11-11 19:02:48.712027"], ["updated_at", "2021-11-11 19:02:48.712027"]]
  ↳ db/seeds.rb:29
  [1m[36mTransaction Exists (11.9ms)[0m  [1m[34mSELECT  1 AS one FROM "transactions" WHERE "transactions"."tea_id" = $1 LIMIT $2[0m  [["tea_id", 1], ["LIMIT", 1]]
  ↳ db/seeds.rb:34
  [1m[36mTransaction Exists (0.5ms)[0m  [1m[34mSELECT  1 AS one FROM "transactions" WHERE "transactions"."user_id" = $1 LIMIT $2[0m  [["user_id", 1], ["LIMIT", 1]]
  ↳ db/seeds.rb:34
  [1m[36mTea Load (1.9ms)[0m  [1m[34mSELECT  "teas".* FROM "teas" WHERE "teas"."id" = $1 LIMIT $2[0m  [["id", 1], ["LIMIT", 1]]
  ↳ db/seeds.rb:34
  [1m[36mUser Load (0.3ms)[0m  [1m[34mSELECT  "users".* FROM "users" WHERE "users"."id" = $1 LIMIT $2[0m  [["id", 1], ["LIMIT", 1]]
  ↳ db/seeds.rb:34
  [1m[36mTransaction Create (19.7ms)[0m  [1m[32mINSERT INTO "transactions" ("tea_id", "user_id", "quantity", "created_at", "updated_at") VALUES ($1, $2, $3, $4, $5) RETURNING "id"[0m  [["tea_id", 1], ["user_id", 1], ["quantity", 1], ["created_at", "2021-11-11 19:02:48.811347"], ["updated_at", "2021-11-11 19:02:48.811347"]]
  ↳ db/seeds.rb:34
  [1m[36mTransaction Exists (0.5ms)[0m  [1m[34mSELECT  1 AS one FROM "transactions" WHERE "transactions"."tea_id" = $1 LIMIT $2[0m  [["tea_id", 1], ["LIMIT", 1]]
  ↳ db/seeds.rb:35
  [1m[36mTransaction Exists (0.4ms)[0m  [1m[34mSELECT  1 AS one FROM "transactions" WHERE "transactions"."user_id" = $1 LIMIT $2[0m  [["user_id", 5], ["LIMIT", 1]]
  ↳ db/seeds.rb:35
  [1m[36mTea Load (1.9ms)[0m  [1m[34mSELECT  "teas".* FROM "teas" WHERE "teas"."id" = $1 LIMIT $2[0m  [["id", 1], ["LIMIT", 1]]
  ↳ db/seeds.rb:35
  [1m[36mUser Load (0.6ms)[0m  [1m[34mSELECT  "users".* FROM "users" WHERE "users"."id" = $1 LIMIT $2[0m  [["id", 5], ["LIMIT", 1]]
  ↳ db/seeds.rb:35
  [1m[35m (0.3ms)[0m  [1m[31mROLLBACK[0m
  ↳ db/seeds.rb:8
  [1m[35m (1.0ms)[0m  [1m[34mSELECT "schema_migrations"."version" FROM "schema_migrations" ORDER BY "schema_migrations"."version" ASC[0m
  ↳ bin/rails:9
  [1m[35m (0.5ms)[0m  [1m[34mSELECT "ar_internal_metadata"."value" FROM "ar_internal_metadata" WHERE "ar_internal_metadata"."key" = $1[0m  [["key", "environment"]]
  ↳ bin/rails:9
  [1m[35m (0.9ms)[0m  [1m[34mSELECT "schema_migrations"."version" FROM "schema_migrations" ORDER BY "schema_migrations"."version" ASC[0m
  ↳ bin/rails:9
  [1m[35m (0.3ms)[0m  [1m[34mSELECT "ar_internal_metadata"."value" FROM "ar_internal_metadata" WHERE "ar_internal_metadata"."key" = $1[0m  [["key", "environment"]]
  ↳ bin/rails:9
  [1m[35m (0.2ms)[0m  [1m[34mSELECT "schema_migrations"."version" FROM "schema_migrations" ORDER BY "schema_migrations"."version" ASC[0m
  ↳ bin/rails:9
  [1m[35m (0.3ms)[0m  [1m[34mSELECT "ar_internal_metadata"."value" FROM "ar_internal_metadata" WHERE "ar_internal_metadata"."key" = $1[0m  [["key", "environment"]]
  ↳ bin/rails:9
  [1m[35m (60.1ms)[0m  [1m[35mDROP DATABASE IF EXISTS "TeaTime_development"[0m
  ↳ bin/rails:9
  [1m[35m (68.8ms)[0m  [1m[35mDROP DATABASE IF EXISTS "TeaTime_test"[0m
  ↳ bin/rails:9
  [1m[35m (383.7ms)[0m  [1m[35mCREATE DATABASE "TeaTime_development" ENCODING = 'unicode'[0m
  ↳ bin/rails:9
  [1m[35m (159.9ms)[0m  [1m[35mCREATE DATABASE "TeaTime_test" ENCODING = 'unicode'[0m
  ↳ bin/rails:9
  [1m[35mSQL (7.6ms)[0m  [1m[35mCREATE EXTENSION IF NOT EXISTS "plpgsql"[0m
  ↳ db/schema.rb:16
  [1m[35m (1.5ms)[0m  [1m[35mDROP TABLE IF EXISTS "teas" CASCADE[0m
  ↳ db/schema.rb:18
  [1m[35m (19.0ms)[0m  [1m[35mCREATE TABLE "teas" ("id" bigserial primary key, "flavor" character varying NOT NULL, "cost" float NOT NULL, "description" text, "created_at" timestamp NOT NULL, "updated_at" timestamp NOT NULL)[0m
  ↳ db/schema.rb:18
  [1m[35m (13.5ms)[0m  [1m[35mCREATE UNIQUE INDEX  "index_teas_on_flavor" ON "teas"  ("flavor")[0m
  ↳ db/schema.rb:18
  [1m[35m (0.7ms)[0m  [1m[35mDROP TABLE IF EXISTS "transactions" CASCADE[0m
  ↳ db/schema.rb:27
  [1m[35m (7.1ms)[0m  [1m[35mCREATE TABLE "transactions" ("id" bigserial primary key, "tea_id" integer NOT NULL, "user_id" integer NOT NULL, "quantity" integer NOT NULL, "created_at" timestamp NOT NULL, "updated_at" timestamp NOT NULL)[0m
  ↳ db/schema.rb:27
  [1m[35m (1.8ms)[0m  [1m[35mCREATE  INDEX  "index_transactions_on_tea_id" ON "transactions"  ("tea_id")[0m
  ↳ db/schema.rb:27
  [1m[35m (4.3ms)[0m  [1m[35mCREATE  INDEX  "index_transactions_on_user_id" ON "transactions"  ("user_id")[0m
  ↳ db/schema.rb:27
  [1m[35m (10.1ms)[0m  [1m[35mDROP TABLE IF EXISTS "users" CASCADE[0m
  ↳ db/schema.rb:37
  [1m[35m (22.5ms)[0m  [1m[35mCREATE TABLE "users" ("id" bigserial primary key, "username" character varying NOT NULL, "created_at" timestamp NOT NULL, "updated_at" timestamp NOT NULL)[0m
  ↳ db/schema.rb:37
  [1m[35m (6.7ms)[0m  [1m[35mCREATE UNIQUE INDEX  "index_users_on_username" ON "users"  ("username")[0m
  ↳ db/schema.rb:37
  [1m[35m (27.2ms)[0m  [1m[35mCREATE TABLE "schema_migrations" ("version" character varying NOT NULL PRIMARY KEY)[0m
  ↳ db/schema.rb:13
  [1m[35m (0.8ms)[0m  [1m[34mSELECT "schema_migrations"."version" FROM "schema_migrations" ORDER BY "schema_migrations"."version" ASC[0m
  ↳ db/schema.rb:13
  [1m[35m (0.7ms)[0m  [1m[32mINSERT INTO "schema_migrations" (version) VALUES (20211111185601)[0m
  ↳ db/schema.rb:13
  [1m[35m (0.9ms)[0m  [1m[32mINSERT INTO "schema_migrations" (version) VALUES
(20211111185440),
(20211111185501);

[0m
  ↳ db/schema.rb:13
  [1m[35m (9.3ms)[0m  [1m[35mCREATE TABLE "ar_internal_metadata" ("key" character varying NOT NULL PRIMARY KEY, "value" character varying, "created_at" timestamp NOT NULL, "updated_at" timestamp NOT NULL)[0m
  ↳ db/schema.rb:13
  [1m[36mActiveRecord::InternalMetadata Load (1.5ms)[0m  [1m[34mSELECT  "ar_internal_metadata".* FROM "ar_internal_metadata" WHERE "ar_internal_metadata"."key" = $1 LIMIT $2[0m  [["key", "environment"], ["LIMIT", 1]]
  ↳ db/schema.rb:13
  [1m[35m (4.7ms)[0m  [1m[35mBEGIN[0m
  ↳ db/schema.rb:13
  [1m[36mActiveRecord::InternalMetadata Create (0.6ms)[0m  [1m[32mINSERT INTO "ar_internal_metadata" ("key", "value", "created_at", "updated_at") VALUES ($1, $2, $3, $4) RETURNING "key"[0m  [["key", "environment"], ["value", "development"], ["created_at", "2021-11-11 19:04:33.367504"], ["updated_at", "2021-11-11 19:04:33.367504"]]
  ↳ db/schema.rb:13
  [1m[35m (0.6ms)[0m  [1m[35mCOMMIT[0m
  ↳ db/schema.rb:13
  [1m[36mActiveRecord::InternalMetadata Load (1.4ms)[0m  [1m[34mSELECT  "ar_internal_metadata".* FROM "ar_internal_metadata" WHERE "ar_internal_metadata"."key" = $1 LIMIT $2[0m  [["key", "environment"], ["LIMIT", 1]]
  ↳ bin/rails:9
  [1m[35m (0.1ms)[0m  [1m[35mBEGIN[0m
  ↳ bin/rails:9
  [1m[35m (0.2ms)[0m  [1m[35mCOMMIT[0m
  ↳ bin/rails:9
  [1m[35mSQL (0.4ms)[0m  [1m[35mCREATE EXTENSION IF NOT EXISTS "plpgsql"[0m
  ↳ db/schema.rb:16
  [1m[35m (1.9ms)[0m  [1m[35mDROP TABLE IF EXISTS "teas" CASCADE[0m
  ↳ db/schema.rb:18
  [1m[35m (57.0ms)[0m  [1m[35mCREATE TABLE "teas" ("id" bigserial primary key, "flavor" character varying NOT NULL, "cost" float NOT NULL, "description" text, "created_at" timestamp NOT NULL, "updated_at" timestamp NOT NULL)[0m
  ↳ db/schema.rb:18
  [1m[35m (2.7ms)[0m  [1m[35mCREATE UNIQUE INDEX  "index_teas_on_flavor" ON "teas"  ("flavor")[0m
  ↳ db/schema.rb:18
  [1m[35m (0.9ms)[0m  [1m[35mDROP TABLE IF EXISTS "transactions" CASCADE[0m
  ↳ db/schema.rb:27
  [1m[35m (12.0ms)[0m  [1m[35mCREATE TABLE "transactions" ("id" bigserial primary key, "tea_id" integer NOT NULL, "user_id" integer NOT NULL, "quantity" integer NOT NULL, "created_at" timestamp NOT NULL, "updated_at" timestamp NOT NULL)[0m
  ↳ db/schema.rb:27
  [1m[35m (3.5ms)[0m  [1m[35mCREATE  INDEX  "index_transactions_on_tea_id" ON "transactions"  ("tea_id")[0m
  ↳ db/schema.rb:27
  [1m[35m (2.7ms)[0m  [1m[35mCREATE  INDEX  "index_transactions_on_user_id" ON "transactions"  ("user_id")[0m
  ↳ db/schema.rb:27
  [1m[35m (1.8ms)[0m  [1m[35mDROP TABLE IF EXISTS "users" CASCADE[0m
  ↳ db/schema.rb:37
  [1m[35m (47.6ms)[0m  [1m[35mCREATE TABLE "users" ("id" bigserial primary key, "username" character varying NOT NULL, "created_at" timestamp NOT NULL, "updated_at" timestamp NOT NULL)[0m
  ↳ db/schema.rb:37
  [1m[35m (2.4ms)[0m  [1m[35mCREATE UNIQUE INDEX  "index_users_on_username" ON "users"  ("username")[0m
  ↳ db/schema.rb:37
  [1m[35m (19.7ms)[0m  [1m[35mCREATE TABLE "schema_migrations" ("version" character varying NOT NULL PRIMARY KEY)[0m
  ↳ db/schema.rb:13
  [1m[35m (1.3ms)[0m  [1m[34mSELECT "schema_migrations"."version" FROM "schema_migrations" ORDER BY "schema_migrations"."version" ASC[0m
  ↳ db/schema.rb:13
  [1m[35m (1.3ms)[0m  [1m[32mINSERT INTO "schema_migrations" (version) VALUES (20211111185601)[0m
  ↳ db/schema.rb:13
  [1m[35m (3.1ms)[0m  [1m[32mINSERT INTO "schema_migrations" (version) VALUES
(20211111185440),
(20211111185501);

[0m
  ↳ db/schema.rb:13
  [1m[35m (13.3ms)[0m  [1m[35mCREATE TABLE "ar_internal_metadata" ("key" character varying NOT NULL PRIMARY KEY, "value" character varying, "created_at" timestamp NOT NULL, "updated_at" timestamp NOT NULL)[0m
  ↳ db/schema.rb:13
  [1m[36mActiveRecord::InternalMetadata Load (1.0ms)[0m  [1m[34mSELECT  "ar_internal_metadata".* FROM "ar_internal_metadata" WHERE "ar_internal_metadata"."key" = $1 LIMIT $2[0m  [["key", "environment"], ["LIMIT", 1]]
  ↳ db/schema.rb:13
  [1m[35m (0.2ms)[0m  [1m[35mBEGIN[0m
  ↳ db/schema.rb:13
  [1m[36mActiveRecord::InternalMetadata Create (1.1ms)[0m  [1m[32mINSERT INTO "ar_internal_metadata" ("key", "value", "created_at", "updated_at") VALUES ($1, $2, $3, $4) RETURNING "key"[0m  [["key", "environment"], ["value", "development"], ["created_at", "2021-11-11 19:04:33.682838"], ["updated_at", "2021-11-11 19:04:33.682838"]]
  ↳ db/schema.rb:13
  [1m[35m (0.5ms)[0m  [1m[35mCOMMIT[0m
  ↳ db/schema.rb:13
  [1m[36mActiveRecord::InternalMetadata Load (0.5ms)[0m  [1m[34mSELECT  "ar_internal_metadata".* FROM "ar_internal_metadata" WHERE "ar_internal_metadata"."key" = $1 LIMIT $2[0m  [["key", "environment"], ["LIMIT", 1]]
  ↳ bin/rails:9
  [1m[35m (0.2ms)[0m  [1m[35mBEGIN[0m
  ↳ bin/rails:9
  [1m[36mActiveRecord::InternalMetadata Update (2.9ms)[0m  [1m[33mUPDATE "ar_internal_metadata" SET "value" = $1, "updated_at" = $2 WHERE "ar_internal_metadata"."key" = $3[0m  [["value", "test"], ["updated_at", "2021-11-11 19:04:33.691256"], ["key", "environment"]]
  ↳ bin/rails:9
  [1m[35m (0.5ms)[0m  [1m[35mCOMMIT[0m
  ↳ bin/rails:9
  [1m[35m (2.5ms)[0m  [1m[34mSELECT "schema_migrations"."version" FROM "schema_migrations" ORDER BY "schema_migrations"."version" ASC[0m
  ↳ bin/rails:9
  [1m[35m (0.2ms)[0m  [1m[35mBEGIN[0m
  ↳ db/seeds.rb:8
  [1m[36mTea Load (1.2ms)[0m  [1m[34mSELECT "teas".* FROM "teas"[0m
  ↳ db/seeds.rb:9
  [1m[36mUser Load (1.1ms)[0m  [1m[34mSELECT "users".* FROM "users"[0m
  ↳ db/seeds.rb:10
  [1m[36mTransaction Load (1.0ms)[0m  [1m[34mSELECT "transactions".* FROM "transactions"[0m
  ↳ db/seeds.rb:11
  [1m[36mTea Exists (2.4ms)[0m  [1m[34mSELECT  1 AS one FROM "teas" WHERE "teas"."flavor" = $1 LIMIT $2[0m  [["flavor", "Green"], ["LIMIT", 1]]
  ↳ db/seeds.rb:15
  [1m[36mTea Create (1.5ms)[0m  [1m[32mINSERT INTO "teas" ("flavor", "cost", "description", "created_at", "updated_at") VALUES ($1, $2, $3, $4, $5) RETURNING "id"[0m  [["flavor", "Green"], ["cost", 1.75], ["description", "Green tea is a type of tea that is made from Camellia sinensis leaves and buds that have not undergone the same withering and oxidation process used to make oolong teas and black teas. Green tea originated in China, but its production and manufacture has spread to other countries in East Asia."], ["created_at", "2021-11-11 19:04:33.793542"], ["updated_at", "2021-11-11 19:04:33.793542"]]
  ↳ db/seeds.rb:15
  [1m[36mTea Exists (0.6ms)[0m  [1m[34mSELECT  1 AS one FROM "teas" WHERE "teas"."flavor" = $1 LIMIT $2[0m  [["flavor", "Oolong"], ["LIMIT", 1]]
  ↳ db/seeds.rb:16
  [1m[36mTea Create (0.8ms)[0m  [1m[32mINSERT INTO "teas" ("flavor", "cost", "description", "created_at", "updated_at") VALUES ($1, $2, $3, $4, $5) RETURNING "id"[0m  [["flavor", "Oolong"], ["cost", 2.0], ["description", "Oolong tea is a type of tea that is sometimes called \"wulong\" (also pronounced \"oolong\") or \"black dragon\" tea. Oolong teas are semi-oxidized teas. They are sometimes called \"semi-fermented teas\" though this moniker is considered to be less technically correct than semi-oxidized teas. After the tea leaves are picked, they are rolled and allowed to oxidize. Oxidation produces floral notes that characterize many oolongs."], ["created_at", "2021-11-11 19:04:33.798243"], ["updated_at", "2021-11-11 19:04:33.798243"]]
  ↳ db/seeds.rb:16
  [1m[36mTea Exists (0.8ms)[0m  [1m[34mSELECT  1 AS one FROM "teas" WHERE "teas"."flavor" = $1 LIMIT $2[0m  [["flavor", "Earl Grey"], ["LIMIT", 1]]
  ↳ db/seeds.rb:17
  [1m[36mTea Create (0.7ms)[0m  [1m[32mINSERT INTO "teas" ("flavor", "cost", "description", "created_at", "updated_at") VALUES ($1, $2, $3, $4, $5) RETURNING "id"[0m  [["flavor", "Earl Grey"], ["cost", 2.5], ["description", "Earl Grey tea is a tea blend which has been flavoured with the addition of oil of bergamot. The rind's fragrant oil is added to black tea to give Earl Grey its unique taste. Traditionally, Earl Grey was made from black teas such as China keemun and therefore intended to be drunk without milk. However, tea companies have since begun to offer Earl Grey based upon stronger teas such as Ceylons which are better suited to the addition of milk or cream. Other varieties have been introduced as well, such as green or oolong."], ["created_at", "2021-11-11 19:04:33.802223"], ["updated_at", "2021-11-11 19:04:33.802223"]]
  ↳ db/seeds.rb:17
  [1m[36mTea Exists (0.5ms)[0m  [1m[34mSELECT  1 AS one FROM "teas" WHERE "teas"."flavor" = $1 LIMIT $2[0m  [["flavor", "Rooibos"], ["LIMIT", 1]]
  ↳ db/seeds.rb:18
  [1m[36mTea Create (0.4ms)[0m  [1m[32mINSERT INTO "teas" ("flavor", "cost", "description", "created_at", "updated_at") VALUES ($1, $2, $3, $4, $5) RETURNING "id"[0m  [["flavor", "Rooibos"], ["cost", 3.0], ["description", "Rooibos (/ˈrɔɪbɒs/ ROY-boss; Afrikaans: [rɔːibɔs]; Aspalathus linearis), meaning 'red bush'; is a broom-like member of the plant family Fabaceae that grows in South Africa's fynbos. The leaves are used to make a herbal tea that is called by the names: rooibos (especially in Southern Africa), bush tea, red tea, or redbush tea (predominantly in Great Britain). The tea has been popular in Southern Africa for generations, but is now consumed in many countries worldwide. It is sometimes spelled rooibosch in accordance with the original Dutch for 'red bush'. The tea has a taste and color somewhat similar to hibiscus tea, with more or less of an earthy flavor like yerba mate."], ["created_at", "2021-11-11 19:04:33.805728"], ["updated_at", "2021-11-11 19:04:33.805728"]]
  ↳ db/seeds.rb:18
  [1m[36mUser Exists (8.3ms)[0m  [1m[34mSELECT  1 AS one FROM "users" WHERE "users"."username" = $1 LIMIT $2[0m  [["username", "Mapa"], ["LIMIT", 1]]
  ↳ db/seeds.rb:22
  [1m[36mUser Create (1.2ms)[0m  [1m[32mINSERT INTO "users" ("username", "created_at", "updated_at") VALUES ($1, $2, $3) RETURNING "id"[0m  [["username", "Mapa"], ["created_at", "2021-11-11 19:04:33.833080"], ["updated_at", "2021-11-11 19:04:33.833080"]]
  ↳ db/seeds.rb:22
  [1m[36mUser Exists (0.6ms)[0m  [1m[34mSELECT  1 AS one FROM "users" WHERE "users"."username" = $1 LIMIT $2[0m  [["username", "JenKen"], ["LIMIT", 1]]
  ↳ db/seeds.rb:23
  [1m[36mUser Create (1.1ms)[0m  [1m[32mINSERT INTO "users" ("username", "created_at", "updated_at") VALUES ($1, $2, $3) RETURNING "id"[0m  [["username", "JenKen"], ["created_at", "2021-11-11 19:04:33.837438"], ["updated_at", "2021-11-11 19:04:33.837438"]]
  ↳ db/seeds.rb:23
  [1m[36mUser Exists (8.2ms)[0m  [1m[34mSELECT  1 AS one FROM "users" WHERE "users"."username" = $1 LIMIT $2[0m  [["username", "erik"], ["LIMIT", 1]]
  ↳ db/seeds.rb:24
  [1m[36mUser Create (0.5ms)[0m  [1m[32mINSERT INTO "users" ("username", "created_at", "updated_at") VALUES ($1, $2, $3) RETURNING "id"[0m  [["username", "erik"], ["created_at", "2021-11-11 19:04:33.849310"], ["updated_at", "2021-11-11 19:04:33.849310"]]
  ↳ db/seeds.rb:24
  [1m[36mUser Exists (0.3ms)[0m  [1m[34mSELECT  1 AS one FROM "users" WHERE "users"."username" = $1 LIMIT $2[0m  [["username", "lina"], ["LIMIT", 1]]
  ↳ db/seeds.rb:25
  [1m[36mUser Create (1.1ms)[0m  [1m[32mINSERT INTO "users" ("username", "created_at", "updated_at") VALUES ($1, $2, $3) RETURNING "id"[0m  [["username", "lina"], ["created_at", "2021-11-11 19:04:33.852361"], ["updated_at", "2021-11-11 19:04:33.852361"]]
  ↳ db/seeds.rb:25
  [1m[36mUser Exists (0.7ms)[0m  [1m[34mSELECT  1 AS one FROM "users" WHERE "users"."username" = $1 LIMIT $2[0m  [["username", "julia"], ["LIMIT", 1]]
  ↳ db/seeds.rb:26
  [1m[36mUser Create (1.5ms)[0m  [1m[32mINSERT INTO "users" ("username", "created_at", "updated_at") VALUES ($1, $2, $3) RETURNING "id"[0m  [["username", "julia"], ["created_at", "2021-11-11 19:04:33.857291"], ["updated_at", "2021-11-11 19:04:33.857291"]]
  ↳ db/seeds.rb:26
  [1m[36mUser Exists (0.4ms)[0m  [1m[34mSELECT  1 AS one FROM "users" WHERE "users"."username" = $1 LIMIT $2[0m  [["username", "zack"], ["LIMIT", 1]]
  ↳ db/seeds.rb:27
  [1m[36mUser Create (2.5ms)[0m  [1m[32mINSERT INTO "users" ("username", "created_at", "updated_at") VALUES ($1, $2, $3) RETURNING "id"[0m  [["username", "zack"], ["created_at", "2021-11-11 19:04:33.862033"], ["updated_at", "2021-11-11 19:04:33.862033"]]
  ↳ db/seeds.rb:27
  [1m[36mUser Exists (0.5ms)[0m  [1m[34mSELECT  1 AS one FROM "users" WHERE "users"."username" = $1 LIMIT $2[0m  [["username", "charlos"], ["LIMIT", 1]]
  ↳ db/seeds.rb:28
  [1m[36mUser Create (0.5ms)[0m  [1m[32mINSERT INTO "users" ("username", "created_at", "updated_at") VALUES ($1, $2, $3) RETURNING "id"[0m  [["username", "charlos"], ["created_at", "2021-11-11 19:04:33.869404"], ["updated_at", "2021-11-11 19:04:33.869404"]]
  ↳ db/seeds.rb:28
  [1m[36mUser Exists (0.4ms)[0m  [1m[34mSELECT  1 AS one FROM "users" WHERE "users"."username" = $1 LIMIT $2[0m  [["username", "anony"], ["LIMIT", 1]]
  ↳ db/seeds.rb:29
  [1m[36mUser Create (0.5ms)[0m  [1m[32mINSERT INTO "users" ("username", "created_at", "updated_at") VALUES ($1, $2, $3) RETURNING "id"[0m  [["username", "anony"], ["created_at", "2021-11-11 19:04:33.872587"], ["updated_at", "2021-11-11 19:04:33.872587"]]
  ↳ db/seeds.rb:29
  [1m[36mTransaction Exists (9.4ms)[0m  [1m[34mSELECT  1 AS one FROM "transactions" WHERE "transactions"."tea_id" = $1 LIMIT $2[0m  [["tea_id", 1], ["LIMIT", 1]]
  ↳ db/seeds.rb:34
  [1m[36mTransaction Exists (2.4ms)[0m  [1m[34mSELECT  1 AS one FROM "transactions" WHERE "transactions"."user_id" = $1 LIMIT $2[0m  [["user_id", 1], ["LIMIT", 1]]
  ↳ db/seeds.rb:34
  [1m[36mTea Load (0.5ms)[0m  [1m[34mSELECT  "teas".* FROM "teas" WHERE "teas"."id" = $1 LIMIT $2[0m  [["id", 1], ["LIMIT", 1]]
  ↳ db/seeds.rb:34
  [1m[36mUser Load (0.5ms)[0m  [1m[34mSELECT  "users".* FROM "users" WHERE "users"."id" = $1 LIMIT $2[0m  [["id", 1], ["LIMIT", 1]]
  ↳ db/seeds.rb:34
  [1m[36mTransaction Create (2.8ms)[0m  [1m[32mINSERT INTO "transactions" ("tea_id", "user_id", "quantity", "created_at", "updated_at") VALUES ($1, $2, $3, $4, $5) RETURNING "id"[0m  [["tea_id", 1], ["user_id", 1], ["quantity", 1], ["created_at", "2021-11-11 19:04:33.940392"], ["updated_at", "2021-11-11 19:04:33.940392"]]
  ↳ db/seeds.rb:34
  [1m[36mTransaction Exists (0.6ms)[0m  [1m[34mSELECT  1 AS one FROM "transactions" WHERE "transactions"."tea_id" = $1 LIMIT $2[0m  [["tea_id", 1], ["LIMIT", 1]]
  ↳ db/seeds.rb:35
  [1m[36mTransaction Exists (1.4ms)[0m  [1m[34mSELECT  1 AS one FROM "transactions" WHERE "transactions"."user_id" = $1 LIMIT $2[0m  [["user_id", 5], ["LIMIT", 1]]
  ↳ db/seeds.rb:35
  [1m[36mTea Load (0.4ms)[0m  [1m[34mSELECT  "teas".* FROM "teas" WHERE "teas"."id" = $1 LIMIT $2[0m  [["id", 1], ["LIMIT", 1]]
  ↳ db/seeds.rb:35
  [1m[36mUser Load (0.4ms)[0m  [1m[34mSELECT  "users".* FROM "users" WHERE "users"."id" = $1 LIMIT $2[0m  [["id", 5], ["LIMIT", 1]]
  ↳ db/seeds.rb:35
  [1m[35m (0.8ms)[0m  [1m[31mROLLBACK[0m
  ↳ db/seeds.rb:8
  [1m[35m (1.0ms)[0m  [1m[34mSELECT "schema_migrations"."version" FROM "schema_migrations" ORDER BY "schema_migrations"."version" ASC[0m
  ↳ bin/rails:9
  [1m[35m (0.5ms)[0m  [1m[34mSELECT "ar_internal_metadata"."value" FROM "ar_internal_metadata" WHERE "ar_internal_metadata"."key" = $1[0m  [["key", "environment"]]
  ↳ bin/rails:9
  [1m[35m (0.3ms)[0m  [1m[34mSELECT "schema_migrations"."version" FROM "schema_migrations" ORDER BY "schema_migrations"."version" ASC[0m
  ↳ bin/rails:9
  [1m[35m (0.2ms)[0m  [1m[34mSELECT "ar_internal_metadata"."value" FROM "ar_internal_metadata" WHERE "ar_internal_metadata"."key" = $1[0m  [["key", "environment"]]
  ↳ bin/rails:9
  [1m[35m (0.3ms)[0m  [1m[34mSELECT "schema_migrations"."version" FROM "schema_migrations" ORDER BY "schema_migrations"."version" ASC[0m
  ↳ bin/rails:9
  [1m[35m (0.4ms)[0m  [1m[34mSELECT "ar_internal_metadata"."value" FROM "ar_internal_metadata" WHERE "ar_internal_metadata"."key" = $1[0m  [["key", "environment"]]
  ↳ bin/rails:9
  [1m[35m (78.9ms)[0m  [1m[35mDROP DATABASE IF EXISTS "TeaTime_development"[0m
  ↳ bin/rails:9
  [1m[35m (71.4ms)[0m  [1m[35mDROP DATABASE IF EXISTS "TeaTime_test"[0m
  ↳ bin/rails:9
  [1m[35m (180.5ms)[0m  [1m[35mCREATE DATABASE "TeaTime_development" ENCODING = 'unicode'[0m
  ↳ bin/rails:9
  [1m[35m (145.6ms)[0m  [1m[35mCREATE DATABASE "TeaTime_test" ENCODING = 'unicode'[0m
  ↳ bin/rails:9
  [1m[35mSQL (0.7ms)[0m  [1m[35mCREATE EXTENSION IF NOT EXISTS "plpgsql"[0m
  ↳ db/schema.rb:16
  [1m[35m (3.2ms)[0m  [1m[35mDROP TABLE IF EXISTS "teas" CASCADE[0m
  ↳ db/schema.rb:18
  [1m[35m (42.7ms)[0m  [1m[35mCREATE TABLE "teas" ("id" bigserial primary key, "flavor" character varying NOT NULL, "cost" float NOT NULL, "description" text, "created_at" timestamp NOT NULL, "updated_at" timestamp NOT NULL)[0m
  ↳ db/schema.rb:18
  [1m[35m (2.3ms)[0m  [1m[35mCREATE UNIQUE INDEX  "index_teas_on_flavor" ON "teas"  ("flavor")[0m
  ↳ db/schema.rb:18
  [1m[35m (2.4ms)[0m  [1m[35mDROP TABLE IF EXISTS "transactions" CASCADE[0m
  ↳ db/schema.rb:27
  [1m[35m (12.1ms)[0m  [1m[35mCREATE TABLE "transactions" ("id" bigserial primary key, "tea_id" integer NOT NULL, "user_id" integer NOT NULL, "quantity" integer NOT NULL, "created_at" timestamp NOT NULL, "updated_at" timestamp NOT NULL)[0m
  ↳ db/schema.rb:27
  [1m[35m (2.3ms)[0m  [1m[35mCREATE  INDEX  "index_transactions_on_tea_id" ON "transactions"  ("tea_id")[0m
  ↳ db/schema.rb:27
  [1m[35m (7.8ms)[0m  [1m[35mCREATE  INDEX  "index_transactions_on_user_id" ON "transactions"  ("user_id")[0m
  ↳ db/schema.rb:27
  [1m[35m (0.2ms)[0m  [1m[35mDROP TABLE IF EXISTS "users" CASCADE[0m
  ↳ db/schema.rb:37
  [1m[35m (29.1ms)[0m  [1m[35mCREATE TABLE "users" ("id" bigserial primary key, "username" character varying NOT NULL, "created_at" timestamp NOT NULL, "updated_at" timestamp NOT NULL)[0m
  ↳ db/schema.rb:37
  [1m[35m (1.8ms)[0m  [1m[35mCREATE UNIQUE INDEX  "index_users_on_username" ON "users"  ("username")[0m
  ↳ db/schema.rb:37
  [1m[35m (51.6ms)[0m  [1m[35mCREATE TABLE "schema_migrations" ("version" character varying NOT NULL PRIMARY KEY)[0m
  ↳ db/schema.rb:13
  [1m[35m (1.9ms)[0m  [1m[34mSELECT "schema_migrations"."version" FROM "schema_migrations" ORDER BY "schema_migrations"."version" ASC[0m
  ↳ db/schema.rb:13
  [1m[35m (0.9ms)[0m  [1m[32mINSERT INTO "schema_migrations" (version) VALUES (20211111185601)[0m
  ↳ db/schema.rb:13
  [1m[35m (0.9ms)[0m  [1m[32mINSERT INTO "schema_migrations" (version) VALUES
(20211111185440),
(20211111185501);

[0m
  ↳ db/schema.rb:13
  [1m[35m (6.7ms)[0m  [1m[35mCREATE TABLE "ar_internal_metadata" ("key" character varying NOT NULL PRIMARY KEY, "value" character varying, "created_at" timestamp NOT NULL, "updated_at" timestamp NOT NULL)[0m
  ↳ db/schema.rb:13
  [1m[36mActiveRecord::InternalMetadata Load (1.0ms)[0m  [1m[34mSELECT  "ar_internal_metadata".* FROM "ar_internal_metadata" WHERE "ar_internal_metadata"."key" = $1 LIMIT $2[0m  [["key", "environment"], ["LIMIT", 1]]
  ↳ db/schema.rb:13
  [1m[35m (0.2ms)[0m  [1m[35mBEGIN[0m
  ↳ db/schema.rb:13
  [1m[36mActiveRecord::InternalMetadata Create (0.9ms)[0m  [1m[32mINSERT INTO "ar_internal_metadata" ("key", "value", "created_at", "updated_at") VALUES ($1, $2, $3, $4) RETURNING "key"[0m  [["key", "environment"], ["value", "development"], ["created_at", "2021-11-11 19:05:50.745922"], ["updated_at", "2021-11-11 19:05:50.745922"]]
  ↳ db/schema.rb:13
  [1m[35m (0.8ms)[0m  [1m[35mCOMMIT[0m
  ↳ db/schema.rb:13
  [1m[36mActiveRecord::InternalMetadata Load (0.4ms)[0m  [1m[34mSELECT  "ar_internal_metadata".* FROM "ar_internal_metadata" WHERE "ar_internal_metadata"."key" = $1 LIMIT $2[0m  [["key", "environment"], ["LIMIT", 1]]
  ↳ bin/rails:9
  [1m[35m (0.2ms)[0m  [1m[35mBEGIN[0m
  ↳ bin/rails:9
  [1m[35m (0.2ms)[0m  [1m[35mCOMMIT[0m
  ↳ bin/rails:9
  [1m[35mSQL (0.6ms)[0m  [1m[35mCREATE EXTENSION IF NOT EXISTS "plpgsql"[0m
  ↳ db/schema.rb:16
  [1m[35m (24.5ms)[0m  [1m[35mDROP TABLE IF EXISTS "teas" CASCADE[0m
  ↳ db/schema.rb:18
  [1m[35m (29.8ms)[0m  [1m[35mCREATE TABLE "teas" ("id" bigserial primary key, "flavor" character varying NOT NULL, "cost" float NOT NULL, "description" text, "created_at" timestamp NOT NULL, "updated_at" timestamp NOT NULL)[0m
  ↳ db/schema.rb:18
  [1m[35m (3.3ms)[0m  [1m[35mCREATE UNIQUE INDEX  "index_teas_on_flavor" ON "teas"  ("flavor")[0m
  ↳ db/schema.rb:18
  [1m[35m (0.3ms)[0m  [1m[35mDROP TABLE IF EXISTS "transactions" CASCADE[0m
  ↳ db/schema.rb:27
  [1m[35m (15.4ms)[0m  [1m[35mCREATE TABLE "transactions" ("id" bigserial primary key, "tea_id" integer NOT NULL, "user_id" integer NOT NULL, "quantity" integer NOT NULL, "created_at" timestamp NOT NULL, "updated_at" timestamp NOT NULL)[0m
  ↳ db/schema.rb:27
  [1m[35m (16.8ms)[0m  [1m[35mCREATE  INDEX  "index_transactions_on_tea_id" ON "transactions"  ("tea_id")[0m
  ↳ db/schema.rb:27
  [1m[35m (8.9ms)[0m  [1m[35mCREATE  INDEX  "index_transactions_on_user_id" ON "transactions"  ("user_id")[0m
  ↳ db/schema.rb:27
  [1m[35m (0.4ms)[0m  [1m[35mDROP TABLE IF EXISTS "users" CASCADE[0m
  ↳ db/schema.rb:37
  [1m[35m (27.7ms)[0m  [1m[35mCREATE TABLE "users" ("id" bigserial primary key, "username" character varying NOT NULL, "created_at" timestamp NOT NULL, "updated_at" timestamp NOT NULL)[0m
  ↳ db/schema.rb:37
  [1m[35m (4.4ms)[0m  [1m[35mCREATE UNIQUE INDEX  "index_users_on_username" ON "users"  ("username")[0m
  ↳ db/schema.rb:37
  [1m[35m (17.8ms)[0m  [1m[35mCREATE TABLE "schema_migrations" ("version" character varying NOT NULL PRIMARY KEY)[0m
  ↳ db/schema.rb:13
  [1m[35m (2.4ms)[0m  [1m[34mSELECT "schema_migrations"."version" FROM "schema_migrations" ORDER BY "schema_migrations"."version" ASC[0m
  ↳ db/schema.rb:13
  [1m[35m (1.3ms)[0m  [1m[32mINSERT INTO "schema_migrations" (version) VALUES (20211111185601)[0m
  ↳ db/schema.rb:13
  [1m[35m (0.7ms)[0m  [1m[32mINSERT INTO "schema_migrations" (version) VALUES
(20211111185440),
(20211111185501);

[0m
  ↳ db/schema.rb:13
  [1m[35m (18.5ms)[0m  [1m[35mCREATE TABLE "ar_internal_metadata" ("key" character varying NOT NULL PRIMARY KEY, "value" character varying, "created_at" timestamp NOT NULL, "updated_at" timestamp NOT NULL)[0m
  ↳ db/schema.rb:13
  [1m[36mActiveRecord::InternalMetadata Load (0.5ms)[0m  [1m[34mSELECT  "ar_internal_metadata".* FROM "ar_internal_metadata" WHERE "ar_internal_metadata"."key" = $1 LIMIT $2[0m  [["key", "environment"], ["LIMIT", 1]]
  ↳ db/schema.rb:13
  [1m[35m (0.3ms)[0m  [1m[35mBEGIN[0m
  ↳ db/schema.rb:13
  [1m[36mActiveRecord::InternalMetadata Create (0.7ms)[0m  [1m[32mINSERT INTO "ar_internal_metadata" ("key", "value", "created_at", "updated_at") VALUES ($1, $2, $3, $4) RETURNING "key"[0m  [["key", "environment"], ["value", "development"], ["created_at", "2021-11-11 19:05:51.113991"], ["updated_at", "2021-11-11 19:05:51.113991"]]
  ↳ db/schema.rb:13
  [1m[35m (0.8ms)[0m  [1m[35mCOMMIT[0m
  ↳ db/schema.rb:13
  [1m[36mActiveRecord::InternalMetadata Load (0.7ms)[0m  [1m[34mSELECT  "ar_internal_metadata".* FROM "ar_internal_metadata" WHERE "ar_internal_metadata"."key" = $1 LIMIT $2[0m  [["key", "environment"], ["LIMIT", 1]]
  ↳ bin/rails:9
  [1m[35m (0.2ms)[0m  [1m[35mBEGIN[0m
  ↳ bin/rails:9
  [1m[36mActiveRecord::InternalMetadata Update (0.5ms)[0m  [1m[33mUPDATE "ar_internal_metadata" SET "value" = $1, "updated_at" = $2 WHERE "ar_internal_metadata"."key" = $3[0m  [["value", "test"], ["updated_at", "2021-11-11 19:05:51.121842"], ["key", "environment"]]
  ↳ bin/rails:9
  [1m[35m (0.4ms)[0m  [1m[35mCOMMIT[0m
  ↳ bin/rails:9
  [1m[35m (1.1ms)[0m  [1m[34mSELECT "schema_migrations"."version" FROM "schema_migrations" ORDER BY "schema_migrations"."version" ASC[0m
  ↳ bin/rails:9
  [1m[35m (0.2ms)[0m  [1m[35mBEGIN[0m
  ↳ db/seeds.rb:8
  [1m[36mTea Load (2.5ms)[0m  [1m[34mSELECT "teas".* FROM "teas"[0m
  ↳ db/seeds.rb:9
  [1m[36mUser Load (1.0ms)[0m  [1m[34mSELECT "users".* FROM "users"[0m
  ↳ db/seeds.rb:10
  [1m[36mTransaction Load (1.1ms)[0m  [1m[34mSELECT "transactions".* FROM "transactions"[0m
  ↳ db/seeds.rb:11
  [1m[36mTea Exists (10.4ms)[0m  [1m[34mSELECT  1 AS one FROM "teas" WHERE "teas"."flavor" = $1 LIMIT $2[0m  [["flavor", "Green"], ["LIMIT", 1]]
  ↳ db/seeds.rb:15
  [1m[36mTea Create (8.5ms)[0m  [1m[32mINSERT INTO "teas" ("flavor", "cost", "description", "created_at", "updated_at") VALUES ($1, $2, $3, $4, $5) RETURNING "id"[0m  [["flavor", "Green"], ["cost", 1.75], ["description", "Green tea is a type of tea that is made from Camellia sinensis leaves and buds that have not undergone the same withering and oxidation process used to make oolong teas and black teas. Green tea originated in China, but its production and manufacture has spread to other countries in East Asia."], ["created_at", "2021-11-11 19:05:51.241775"], ["updated_at", "2021-11-11 19:05:51.241775"]]
  ↳ db/seeds.rb:15
  [1m[36mTea Exists (0.5ms)[0m  [1m[34mSELECT  1 AS one FROM "teas" WHERE "teas"."flavor" = $1 LIMIT $2[0m  [["flavor", "Oolong"], ["LIMIT", 1]]
  ↳ db/seeds.rb:16
  [1m[36mTea Create (1.2ms)[0m  [1m[32mINSERT INTO "teas" ("flavor", "cost", "description", "created_at", "updated_at") VALUES ($1, $2, $3, $4, $5) RETURNING "id"[0m  [["flavor", "Oolong"], ["cost", 2.0], ["description", "Oolong tea is a type of tea that is sometimes called \"wulong\" (also pronounced \"oolong\") or \"black dragon\" tea. Oolong teas are semi-oxidized teas. They are sometimes called \"semi-fermented teas\" though this moniker is considered to be less technically correct than semi-oxidized teas. After the tea leaves are picked, they are rolled and allowed to oxidize. Oxidation produces floral notes that characterize many oolongs."], ["created_at", "2021-11-11 19:05:51.254953"], ["updated_at", "2021-11-11 19:05:51.254953"]]
  ↳ db/seeds.rb:16
  [1m[36mTea Exists (2.7ms)[0m  [1m[34mSELECT  1 AS one FROM "teas" WHERE "teas"."flavor" = $1 LIMIT $2[0m  [["flavor", "Earl Grey"], ["LIMIT", 1]]
  ↳ db/seeds.rb:17
  [1m[36mTea Create (0.8ms)[0m  [1m[32mINSERT INTO "teas" ("flavor", "cost", "description", "created_at", "updated_at") VALUES ($1, $2, $3, $4, $5) RETURNING "id"[0m  [["flavor", "Earl Grey"], ["cost", 2.5], ["description", "Earl Grey tea is a tea blend which has been flavoured with the addition of oil of bergamot. The rind's fragrant oil is added to black tea to give Earl Grey its unique taste. Traditionally, Earl Grey was made from black teas such as China keemun and therefore intended to be drunk without milk. However, tea companies have since begun to offer Earl Grey based upon stronger teas such as Ceylons which are better suited to the addition of milk or cream. Other varieties have been introduced as well, such as green or oolong."], ["created_at", "2021-11-11 19:05:51.263628"], ["updated_at", "2021-11-11 19:05:51.263628"]]
  ↳ db/seeds.rb:17
  [1m[36mTea Exists (0.5ms)[0m  [1m[34mSELECT  1 AS one FROM "teas" WHERE "teas"."flavor" = $1 LIMIT $2[0m  [["flavor", "Rooibos"], ["LIMIT", 1]]
  ↳ db/seeds.rb:18
  [1m[36mTea Create (0.5ms)[0m  [1m[32mINSERT INTO "teas" ("flavor", "cost", "description", "created_at", "updated_at") VALUES ($1, $2, $3, $4, $5) RETURNING "id"[0m  [["flavor", "Rooibos"], ["cost", 3.0], ["description", "Rooibos (/ˈrɔɪbɒs/ ROY-boss; Afrikaans: [rɔːibɔs]; Aspalathus linearis), meaning 'red bush'; is a broom-like member of the plant family Fabaceae that grows in South Africa's fynbos. The leaves are used to make a herbal tea that is called by the names: rooibos (especially in Southern Africa), bush tea, red tea, or redbush tea (predominantly in Great Britain). The tea has been popular in Southern Africa for generations, but is now consumed in many countries worldwide. It is sometimes spelled rooibosch in accordance with the original Dutch for 'red bush'. The tea has a taste and color somewhat similar to hibiscus tea, with more or less of an earthy flavor like yerba mate."], ["created_at", "2021-11-11 19:05:51.268162"], ["updated_at", "2021-11-11 19:05:51.268162"]]
  ↳ db/seeds.rb:18
  [1m[36mUser Exists (2.5ms)[0m  [1m[34mSELECT  1 AS one FROM "users" WHERE "users"."username" = $1 LIMIT $2[0m  [["username", "Mapa"], ["LIMIT", 1]]
  ↳ db/seeds.rb:22
  [1m[36mUser Create (1.0ms)[0m  [1m[32mINSERT INTO "users" ("username", "created_at", "updated_at") VALUES ($1, $2, $3) RETURNING "id"[0m  [["username", "Mapa"], ["created_at", "2021-11-11 19:05:51.286153"], ["updated_at", "2021-11-11 19:05:51.286153"]]
  ↳ db/seeds.rb:22
  [1m[36mUser Exists (0.7ms)[0m  [1m[34mSELECT  1 AS one FROM "users" WHERE "users"."username" = $1 LIMIT $2[0m  [["username", "JenKen"], ["LIMIT", 1]]
  ↳ db/seeds.rb:23
  [1m[36mUser Create (2.5ms)[0m  [1m[32mINSERT INTO "users" ("username", "created_at", "updated_at") VALUES ($1, $2, $3) RETURNING "id"[0m  [["username", "JenKen"], ["created_at", "2021-11-11 19:05:51.290406"], ["updated_at", "2021-11-11 19:05:51.290406"]]
  ↳ db/seeds.rb:23
  [1m[36mUser Exists (0.5ms)[0m  [1m[34mSELECT  1 AS one FROM "users" WHERE "users"."username" = $1 LIMIT $2[0m  [["username", "erik"], ["LIMIT", 1]]
  ↳ db/seeds.rb:24
  [1m[36mUser Create (0.5ms)[0m  [1m[32mINSERT INTO "users" ("username", "created_at", "updated_at") VALUES ($1, $2, $3) RETURNING "id"[0m  [["username", "erik"], ["created_at", "2021-11-11 19:05:51.295799"], ["updated_at", "2021-11-11 19:05:51.295799"]]
  ↳ db/seeds.rb:24
  [1m[36mUser Exists (15.2ms)[0m  [1m[34mSELECT  1 AS one FROM "users" WHERE "users"."username" = $1 LIMIT $2[0m  [["username", "lina"], ["LIMIT", 1]]
  ↳ db/seeds.rb:25
  [1m[36mUser Create (0.5ms)[0m  [1m[32mINSERT INTO "users" ("username", "created_at", "updated_at") VALUES ($1, $2, $3) RETURNING "id"[0m  [["username", "lina"], ["created_at", "2021-11-11 19:05:51.314539"], ["updated_at", "2021-11-11 19:05:51.314539"]]
  ↳ db/seeds.rb:25
  [1m[36mUser Exists (0.4ms)[0m  [1m[34mSELECT  1 AS one FROM "users" WHERE "users"."username" = $1 LIMIT $2[0m  [["username", "julia"], ["LIMIT", 1]]
  ↳ db/seeds.rb:26
  [1m[36mUser Create (0.7ms)[0m  [1m[32mINSERT INTO "users" ("username", "created_at", "updated_at") VALUES ($1, $2, $3) RETURNING "id"[0m  [["username", "julia"], ["created_at", "2021-11-11 19:05:51.318108"], ["updated_at", "2021-11-11 19:05:51.318108"]]
  ↳ db/seeds.rb:26
  [1m[36mUser Exists (0.5ms)[0m  [1m[34mSELECT  1 AS one FROM "users" WHERE "users"."username" = $1 LIMIT $2[0m  [["username", "zack"], ["LIMIT", 1]]
  ↳ db/seeds.rb:27
  [1m[36mUser Create (0.5ms)[0m  [1m[32mINSERT INTO "users" ("username", "created_at", "updated_at") VALUES ($1, $2, $3) RETURNING "id"[0m  [["username", "zack"], ["created_at", "2021-11-11 19:05:51.321938"], ["updated_at", "2021-11-11 19:05:51.321938"]]
  ↳ db/seeds.rb:27
  [1m[36mUser Exists (0.5ms)[0m  [1m[34mSELECT  1 AS one FROM "users" WHERE "users"."username" = $1 LIMIT $2[0m  [["username", "charlos"], ["LIMIT", 1]]
  ↳ db/seeds.rb:28
  [1m[36mUser Create (0.9ms)[0m  [1m[32mINSERT INTO "users" ("username", "created_at", "updated_at") VALUES ($1, $2, $3) RETURNING "id"[0m  [["username", "charlos"], ["created_at", "2021-11-11 19:05:51.324956"], ["updated_at", "2021-11-11 19:05:51.324956"]]
  ↳ db/seeds.rb:28
  [1m[36mUser Exists (0.4ms)[0m  [1m[34mSELECT  1 AS one FROM "users" WHERE "users"."username" = $1 LIMIT $2[0m  [["username", "anony"], ["LIMIT", 1]]
  ↳ db/seeds.rb:29
  [1m[36mUser Create (0.6ms)[0m  [1m[32mINSERT INTO "users" ("username", "created_at", "updated_at") VALUES ($1, $2, $3) RETURNING "id"[0m  [["username", "anony"], ["created_at", "2021-11-11 19:05:51.329261"], ["updated_at", "2021-11-11 19:05:51.329261"]]
  ↳ db/seeds.rb:29
  [1m[36mTea Load (0.4ms)[0m  [1m[34mSELECT  "teas".* FROM "teas" WHERE "teas"."id" = $1 LIMIT $2[0m  [["id", 1], ["LIMIT", 1]]
  ↳ db/seeds.rb:34
  [1m[36mUser Load (0.4ms)[0m  [1m[34mSELECT  "users".* FROM "users" WHERE "users"."id" = $1 LIMIT $2[0m  [["id", 1], ["LIMIT", 1]]
  ↳ db/seeds.rb:34
  [1m[36mTransaction Create (1.1ms)[0m  [1m[32mINSERT INTO "transactions" ("tea_id", "user_id", "quantity", "created_at", "updated_at") VALUES ($1, $2, $3, $4, $5) RETURNING "id"[0m  [["tea_id", 1], ["user_id", 1], ["quantity", 1], ["created_at", "2021-11-11 19:05:51.388423"], ["updated_at", "2021-11-11 19:05:51.388423"]]
  ↳ db/seeds.rb:34
  [1m[36mTea Load (1.0ms)[0m  [1m[34mSELECT  "teas".* FROM "teas" WHERE "teas"."id" = $1 LIMIT $2[0m  [["id", 1], ["LIMIT", 1]]
  ↳ db/seeds.rb:35
  [1m[36mUser Load (0.6ms)[0m  [1m[34mSELECT  "users".* FROM "users" WHERE "users"."id" = $1 LIMIT $2[0m  [["id", 5], ["LIMIT", 1]]
  ↳ db/seeds.rb:35
  [1m[36mTransaction Create (0.5ms)[0m  [1m[32mINSERT INTO "transactions" ("tea_id", "user_id", "quantity", "created_at", "updated_at") VALUES ($1, $2, $3, $4, $5) RETURNING "id"[0m  [["tea_id", 1], ["user_id", 5], ["quantity", 2], ["created_at", "2021-11-11 19:05:51.396073"], ["updated_at", "2021-11-11 19:05:51.396073"]]
  ↳ db/seeds.rb:35
  [1m[36mTea Load (0.4ms)[0m  [1m[34mSELECT  "teas".* FROM "teas" WHERE "teas"."id" = $1 LIMIT $2[0m  [["id", 1], ["LIMIT", 1]]
  ↳ db/seeds.rb:36
  [1m[36mUser Load (0.4ms)[0m  [1m[34mSELECT  "users".* FROM "users" WHERE "users"."id" = $1 LIMIT $2[0m  [["id", 6], ["LIMIT", 1]]
  ↳ db/seeds.rb:36
  [1m[36mTransaction Create (0.4ms)[0m  [1m[32mINSERT INTO "transactions" ("tea_id", "user_id", "quantity", "created_at", "updated_at") VALUES ($1, $2, $3, $4, $5) RETURNING "id"[0m  [["tea_id", 1], ["user_id", 6], ["quantity", 1], ["created_at", "2021-11-11 19:05:51.401193"], ["updated_at", "2021-11-11 19:05:51.401193"]]
  ↳ db/seeds.rb:36
  [1m[36mTea Load (0.3ms)[0m  [1m[34mSELECT  "teas".* FROM "teas" WHERE "teas"."id" = $1 LIMIT $2[0m  [["id", 1], ["LIMIT", 1]]
  ↳ db/seeds.rb:37
  [1m[36mUser Load (0.5ms)[0m  [1m[34mSELECT  "users".* FROM "users" WHERE "users"."id" = $1 LIMIT $2[0m  [["id", 5], ["LIMIT", 1]]
  ↳ db/seeds.rb:37
  [1m[36mTransaction Create (0.3ms)[0m  [1m[32mINSERT INTO "transactions" ("tea_id", "user_id", "quantity", "created_at", "updated_at") VALUES ($1, $2, $3, $4, $5) RETURNING "id"[0m  [["tea_id", 1], ["user_id", 5], ["quantity", 3], ["created_at", "2021-11-11 19:05:51.406331"], ["updated_at", "2021-11-11 19:05:51.406331"]]
  ↳ db/seeds.rb:37
  [1m[36mTea Load (0.3ms)[0m  [1m[34mSELECT  "teas".* FROM "teas" WHERE "teas"."id" = $1 LIMIT $2[0m  [["id", 2], ["LIMIT", 1]]
  ↳ db/seeds.rb:40
  [1m[36mUser Load (0.3ms)[0m  [1m[34mSELECT  "users".* FROM "users" WHERE "users"."id" = $1 LIMIT $2[0m  [["id", 3], ["LIMIT", 1]]
  ↳ db/seeds.rb:40
  [1m[36mTransaction Create (0.4ms)[0m  [1m[32mINSERT INTO "transactions" ("tea_id", "user_id", "quantity", "created_at", "updated_at") VALUES ($1, $2, $3, $4, $5) RETURNING "id"[0m  [["tea_id", 2], ["user_id", 3], ["quantity", 1], ["created_at", "2021-11-11 19:05:51.409913"], ["updated_at", "2021-11-11 19:05:51.409913"]]
  ↳ db/seeds.rb:40
  [1m[36mTea Load (0.3ms)[0m  [1m[34mSELECT  "teas".* FROM "teas" WHERE "teas"."id" = $1 LIMIT $2[0m  [["id", 2], ["LIMIT", 1]]
  ↳ db/seeds.rb:41
  [1m[36mUser Load (0.2ms)[0m  [1m[34mSELECT  "users".* FROM "users" WHERE "users"."id" = $1 LIMIT $2[0m  [["id", 4], ["LIMIT", 1]]
  ↳ db/seeds.rb:41
  [1m[36mTransaction Create (0.4ms)[0m  [1m[32mINSERT INTO "transactions" ("tea_id", "user_id", "quantity", "created_at", "updated_at") VALUES ($1, $2, $3, $4, $5) RETURNING "id"[0m  [["tea_id", 2], ["user_id", 4], ["quantity", 1], ["created_at", "2021-11-11 19:05:51.413737"], ["updated_at", "2021-11-11 19:05:51.413737"]]
  ↳ db/seeds.rb:41
  [1m[36mTea Load (0.2ms)[0m  [1m[34mSELECT  "teas".* FROM "teas" WHERE "teas"."id" = $1 LIMIT $2[0m  [["id", 2], ["LIMIT", 1]]
  ↳ db/seeds.rb:42
  [1m[36mUser Load (0.3ms)[0m  [1m[34mSELECT  "users".* FROM "users" WHERE "users"."id" = $1 LIMIT $2[0m  [["id", 3], ["LIMIT", 1]]
  ↳ db/seeds.rb:42
  [1m[36mTransaction Create (0.5ms)[0m  [1m[32mINSERT INTO "transactions" ("tea_id", "user_id", "quantity", "created_at", "updated_at") VALUES ($1, $2, $3, $4, $5) RETURNING "id"[0m  [["tea_id", 2], ["user_id", 3], ["quantity", 5], ["created_at", "2021-11-11 19:05:51.419493"], ["updated_at", "2021-11-11 19:05:51.419493"]]
  ↳ db/seeds.rb:42
  [1m[36mTea Load (3.7ms)[0m  [1m[34mSELECT  "teas".* FROM "teas" WHERE "teas"."id" = $1 LIMIT $2[0m  [["id", 2], ["LIMIT", 1]]
  ↳ db/seeds.rb:43
  [1m[36mUser Load (0.3ms)[0m  [1m[34mSELECT  "users".* FROM "users" WHERE "users"."id" = $1 LIMIT $2[0m  [["id", 3], ["LIMIT", 1]]
  ↳ db/seeds.rb:43
  [1m[36mTransaction Create (0.5ms)[0m  [1m[32mINSERT INTO "transactions" ("tea_id", "user_id", "quantity", "created_at", "updated_at") VALUES ($1, $2, $3, $4, $5) RETURNING "id"[0m  [["tea_id", 2], ["user_id", 3], ["quantity", 3], ["created_at", "2021-11-11 19:05:51.428715"], ["updated_at", "2021-11-11 19:05:51.428715"]]
  ↳ db/seeds.rb:43
  [1m[36mTea Load (0.3ms)[0m  [1m[34mSELECT  "teas".* FROM "teas" WHERE "teas"."id" = $1 LIMIT $2[0m  [["id", 2], ["LIMIT", 1]]
  ↳ db/seeds.rb:44
  [1m[36mUser Load (0.5ms)[0m  [1m[34mSELECT  "users".* FROM "users" WHERE "users"."id" = $1 LIMIT $2[0m  [["id", 3], ["LIMIT", 1]]
  ↳ db/seeds.rb:44
  [1m[36mTransaction Create (1.1ms)[0m  [1m[32mINSERT INTO "transactions" ("tea_id", "user_id", "quantity", "created_at", "updated_at") VALUES ($1, $2, $3, $4, $5) RETURNING "id"[0m  [["tea_id", 2], ["user_id", 3], ["quantity", 2], ["created_at", "2021-11-11 19:05:51.435479"], ["updated_at", "2021-11-11 19:05:51.435479"]]
  ↳ db/seeds.rb:44
  [1m[36mTea Load (1.0ms)[0m  [1m[34mSELECT  "teas".* FROM "teas" WHERE "teas"."id" = $1 LIMIT $2[0m  [["id", 2], ["LIMIT", 1]]
  ↳ db/seeds.rb:45
  [1m[36mUser Load (0.2ms)[0m  [1m[34mSELECT  "users".* FROM "users" WHERE "users"."id" = $1 LIMIT $2[0m  [["id", 8], ["LIMIT", 1]]
  ↳ db/seeds.rb:45
  [1m[36mTransaction Create (1.5ms)[0m  [1m[32mINSERT INTO "transactions" ("tea_id", "user_id", "quantity", "created_at", "updated_at") VALUES ($1, $2, $3, $4, $5) RETURNING "id"[0m  [["tea_id", 2], ["user_id", 8], ["quantity", 1], ["created_at", "2021-11-11 19:05:51.442183"], ["updated_at", "2021-11-11 19:05:51.442183"]]
  ↳ db/seeds.rb:45
  [1m[36mTea Load (0.3ms)[0m  [1m[34mSELECT  "teas".* FROM "teas" WHERE "teas"."id" = $1 LIMIT $2[0m  [["id", 3], ["LIMIT", 1]]
  ↳ db/seeds.rb:48
  [1m[36mUser Load (0.3ms)[0m  [1m[34mSELECT  "users".* FROM "users" WHERE "users"."id" = $1 LIMIT $2[0m  [["id", 8], ["LIMIT", 1]]
  ↳ db/seeds.rb:48
  [1m[36mTransaction Create (0.4ms)[0m  [1m[32mINSERT INTO "transactions" ("tea_id", "user_id", "quantity", "created_at", "updated_at") VALUES ($1, $2, $3, $4, $5) RETURNING "id"[0m  [["tea_id", 3], ["user_id", 8], ["quantity", 1], ["created_at", "2021-11-11 19:05:51.448764"], ["updated_at", "2021-11-11 19:05:51.448764"]]
  ↳ db/seeds.rb:48
  [1m[36mTea Load (0.2ms)[0m  [1m[34mSELECT  "teas".* FROM "teas" WHERE "teas"."id" = $1 LIMIT $2[0m  [["id", 3], ["LIMIT", 1]]
  ↳ db/seeds.rb:49
  [1m[36mUser Load (0.2ms)[0m  [1m[34mSELECT  "users".* FROM "users" WHERE "users"."id" = $1 LIMIT $2[0m  [["id", 1], ["LIMIT", 1]]
  ↳ db/seeds.rb:49
  [1m[36mTransaction Create (0.4ms)[0m  [1m[32mINSERT INTO "transactions" ("tea_id", "user_id", "quantity", "created_at", "updated_at") VALUES ($1, $2, $3, $4, $5) RETURNING "id"[0m  [["tea_id", 3], ["user_id", 1], ["quantity", 2], ["created_at", "2021-11-11 19:05:51.452779"], ["updated_at", "2021-11-11 19:05:51.452779"]]
  ↳ db/seeds.rb:49
  [1m[36mTea Load (0.2ms)[0m  [1m[34mSELECT  "teas".* FROM "teas" WHERE "teas"."id" = $1 LIMIT $2[0m  [["id", 3], ["LIMIT", 1]]
  ↳ db/seeds.rb:50
  [1m[36mUser Load (0.2ms)[0m  [1m[34mSELECT  "users".* FROM "users" WHERE "users"."id" = $1 LIMIT $2[0m  [["id", 8], ["LIMIT", 1]]
  ↳ db/seeds.rb:50
  [1m[36mTransaction Create (0.4ms)[0m  [1m[32mINSERT INTO "transactions" ("tea_id", "user_id", "quantity", "created_at", "updated_at") VALUES ($1, $2, $3, $4, $5) RETURNING "id"[0m  [["tea_id", 3], ["user_id", 8], ["quantity", 3], ["created_at", "2021-11-11 19:05:51.456006"], ["updated_at", "2021-11-11 19:05:51.456006"]]
  ↳ db/seeds.rb:50
  [1m[36mTea Load (0.8ms)[0m  [1m[34mSELECT  "teas".* FROM "teas" WHERE "teas"."id" = $1 LIMIT $2[0m  [["id", 3], ["LIMIT", 1]]
  ↳ db/seeds.rb:51
  [1m[36mUser Load (0.3ms)[0m  [1m[34mSELECT  "users".* FROM "users" WHERE "users"."id" = $1 LIMIT $2[0m  [["id", 7], ["LIMIT", 1]]
  ↳ db/seeds.rb:51
  [1m[36mTransaction Create (0.4ms)[0m  [1m[32mINSERT INTO "transactions" ("tea_id", "user_id", "quantity", "created_at", "updated_at") VALUES ($1, $2, $3, $4, $5) RETURNING "id"[0m  [["tea_id", 3], ["user_id", 7], ["quantity", 15], ["created_at", "2021-11-11 19:05:51.461217"], ["updated_at", "2021-11-11 19:05:51.461217"]]
  ↳ db/seeds.rb:51
  [1m[36mTea Load (0.3ms)[0m  [1m[34mSELECT  "teas".* FROM "teas" WHERE "teas"."id" = $1 LIMIT $2[0m  [["id", 3], ["LIMIT", 1]]
  ↳ db/seeds.rb:52
  [1m[36mUser Load (0.2ms)[0m  [1m[34mSELECT  "users".* FROM "users" WHERE "users"."id" = $1 LIMIT $2[0m  [["id", 2], ["LIMIT", 1]]
  ↳ db/seeds.rb:52
  [1m[36mTransaction Create (0.3ms)[0m  [1m[32mINSERT INTO "transactions" ("tea_id", "user_id", "quantity", "created_at", "updated_at") VALUES ($1, $2, $3, $4, $5) RETURNING "id"[0m  [["tea_id", 3], ["user_id", 2], ["quantity", 2], ["created_at", "2021-11-11 19:05:51.467296"], ["updated_at", "2021-11-11 19:05:51.467296"]]
  ↳ db/seeds.rb:52
  [1m[36mTea Load (0.2ms)[0m  [1m[34mSELECT  "teas".* FROM "teas" WHERE "teas"."id" = $1 LIMIT $2[0m  [["id", 4], ["LIMIT", 1]]
  ↳ db/seeds.rb:55
  [1m[36mUser Load (0.2ms)[0m  [1m[34mSELECT  "users".* FROM "users" WHERE "users"."id" = $1 LIMIT $2[0m  [["id", 2], ["LIMIT", 1]]
  ↳ db/seeds.rb:55
  [1m[36mTransaction Create (0.4ms)[0m  [1m[32mINSERT INTO "transactions" ("tea_id", "user_id", "quantity", "created_at", "updated_at") VALUES ($1, $2, $3, $4, $5) RETURNING "id"[0m  [["tea_id", 4], ["user_id", 2], ["quantity", 2], ["created_at", "2021-11-11 19:05:51.470919"], ["updated_at", "2021-11-11 19:05:51.470919"]]
  ↳ db/seeds.rb:55
  [1m[36mTea Load (0.2ms)[0m  [1m[34mSELECT  "teas".* FROM "teas" WHERE "teas"."id" = $1 LIMIT $2[0m  [["id", 4], ["LIMIT", 1]]
  ↳ db/seeds.rb:56
  [1m[36mUser Load (0.2ms)[0m  [1m[34mSELECT  "users".* FROM "users" WHERE "users"."id" = $1 LIMIT $2[0m  [["id", 7], ["LIMIT", 1]]
  ↳ db/seeds.rb:56
  [1m[36mTransaction Create (0.8ms)[0m  [1m[32mINSERT INTO "transactions" ("tea_id", "user_id", "quantity", "created_at", "updated_at") VALUES ($1, $2, $3, $4, $5) RETURNING "id"[0m  [["tea_id", 4], ["user_id", 7], ["quantity", 1], ["created_at", "2021-11-11 19:05:51.474492"], ["updated_at", "2021-11-11 19:05:51.474492"]]
  ↳ db/seeds.rb:56
  [1m[36mTea Load (0.2ms)[0m  [1m[34mSELECT  "teas".* FROM "teas" WHERE "teas"."id" = $1 LIMIT $2[0m  [["id", 4], ["LIMIT", 1]]
  ↳ db/seeds.rb:57
  [1m[36mUser Load (0.2ms)[0m  [1m[34mSELECT  "users".* FROM "users" WHERE "users"."id" = $1 LIMIT $2[0m  [["id", 2], ["LIMIT", 1]]
  ↳ db/seeds.rb:57
  [1m[36mTransaction Create (0.6ms)[0m  [1m[32mINSERT INTO "transactions" ("tea_id", "user_id", "quantity", "created_at", "updated_at") VALUES ($1, $2, $3, $4, $5) RETURNING "id"[0m  [["tea_id", 4], ["user_id", 2], ["quantity", 3], ["created_at", "2021-11-11 19:05:51.478415"], ["updated_at", "2021-11-11 19:05:51.478415"]]
  ↳ db/seeds.rb:57
  [1m[36mTea Load (0.3ms)[0m  [1m[34mSELECT  "teas".* FROM "teas" WHERE "teas"."id" = $1 LIMIT $2[0m  [["id", 4], ["LIMIT", 1]]
  ↳ db/seeds.rb:58
  [1m[36mUser Load (0.3ms)[0m  [1m[34mSELECT  "users".* FROM "users" WHERE "users"."id" = $1 LIMIT $2[0m  [["id", 6], ["LIMIT", 1]]
  ↳ db/seeds.rb:58
  [1m[36mTransaction Create (1.4ms)[0m  [1m[32mINSERT INTO "transactions" ("tea_id", "user_id", "quantity", "created_at", "updated_at") VALUES ($1, $2, $3, $4, $5) RETURNING "id"[0m  [["tea_id", 4], ["user_id", 6], ["quantity", 2], ["created_at", "2021-11-11 19:05:51.483890"], ["updated_at", "2021-11-11 19:05:51.483890"]]
  ↳ db/seeds.rb:58
  [1m[36mTea Load (0.3ms)[0m  [1m[34mSELECT  "teas".* FROM "teas" WHERE "teas"."id" = $1 LIMIT $2[0m  [["id", 4], ["LIMIT", 1]]
  ↳ db/seeds.rb:59
  [1m[36mUser Load (0.4ms)[0m  [1m[34mSELECT  "users".* FROM "users" WHERE "users"."id" = $1 LIMIT $2[0m  [["id", 4], ["LIMIT", 1]]
  ↳ db/seeds.rb:59
  [1m[36mTransaction Create (0.5ms)[0m  [1m[32mINSERT INTO "transactions" ("tea_id", "user_id", "quantity", "created_at", "updated_at") VALUES ($1, $2, $3, $4, $5) RETURNING "id"[0m  [["tea_id", 4], ["user_id", 4], ["quantity", 1], ["created_at", "2021-11-11 19:05:51.491219"], ["updated_at", "2021-11-11 19:05:51.491219"]]
  ↳ db/seeds.rb:59
  [1m[35m (2.1ms)[0m  [1m[35mCOMMIT[0m
  ↳ db/seeds.rb:8
Started GET "/" for ::1 at 2021-11-11 11:13:39 -0800
  [1m[35m (2.0ms)[0m  [1m[34mSELECT "schema_migrations"."version" FROM "schema_migrations" ORDER BY "schema_migrations"."version" ASC[0m
  ↳ /Users/paulobocanegra/.rbenv/versions/2.5.1/lib/ruby/gems/2.5.0/gems/activerecord-5.2.6/lib/active_record/log_subscriber.rb:98
Processing by StaticPagesController#root as HTML
  Rendering static_pages/root.html.erb within layouts/application
  Rendered static_pages/root.html.erb within layouts/application (1.6ms)
Completed 200 OK in 2934ms (Views: 2933.2ms | ActiveRecord: 0.0ms)


Started GET "/" for ::1 at 2021-11-11 11:39:13 -0800
Processing by StaticPagesController#root as HTML
  Rendering static_pages/root.html.erb within layouts/application
  Rendered static_pages/root.html.erb within layouts/application (0.7ms)
Completed 500 Internal Server Error in 144ms (ActiveRecord: 0.0ms)



Sprockets::FileNotFound - couldn't find file 'jquery' with type 'application/javascript'
Checked in these paths: 
  /Users/paulobocanegra/Desktop/AppAcademy DOCS/Lecture/W11D4/skeleton/TeaTime/app/assets/config
  /Users/paulobocanegra/Desktop/AppAcademy DOCS/Lecture/W11D4/skeleton/TeaTime/app/assets/images
  /Users/paulobocanegra/Desktop/AppAcademy DOCS/Lecture/W11D4/skeleton/TeaTime/app/assets/javascripts
  /Users/paulobocanegra/Desktop/AppAcademy DOCS/Lecture/W11D4/skeleton/TeaTime/app/assets/stylesheets
  /Users/paulobocanegra/.rbenv/versions/2.5.1/lib/ruby/gems/2.5.0/gems/coffee-rails-4.2.2/lib/assets/javascripts
  /Users/paulobocanegra/.rbenv/versions/2.5.1/lib/ruby/gems/2.5.0/gems/actioncable-5.2.6/lib/assets/compiled
  /Users/paulobocanegra/.rbenv/versions/2.5.1/lib/ruby/gems/2.5.0/gems/activestorage-5.2.6/app/assets/javascripts
  /Users/paulobocanegra/.rbenv/versions/2.5.1/lib/ruby/gems/2.5.0/gems/actionview-5.2.6/lib/assets/compiled
  /Users/paulobocanegra/Desktop/AppAcademy DOCS/Lecture/W11D4/skeleton/TeaTime/node_modules:
  app/views/layouts/application.html.erb:9:in `_app_views_layouts_application_html_erb___361256834764020893_70128306024460'
  app/controllers/static_pages_controller.rb:3:in `root'

Started POST "/__better_errors/90fe2f1bd2b06788/variables" for ::1 at 2021-11-11 11:39:14 -0800
Started GET "/" for ::1 at 2021-11-11 11:39:32 -0800
  [1m[35m (2.0ms)[0m  [1m[34mSELECT "schema_migrations"."version" FROM "schema_migrations" ORDER BY "schema_migrations"."version" ASC[0m
  ↳ /Users/paulobocanegra/.rbenv/versions/2.5.1/lib/ruby/gems/2.5.0/gems/activerecord-5.2.6/lib/active_record/log_subscriber.rb:98
Processing by StaticPagesController#root as HTML
  Rendering static_pages/root.html.erb within layouts/application
  Rendered static_pages/root.html.erb within layouts/application (2.4ms)
Completed 500 Internal Server Error in 258ms (ActiveRecord: 0.0ms)



Sprockets::FileNotFound - couldn't find file 'jquery' with type 'application/javascript'
Checked in these paths: 
  /Users/paulobocanegra/Desktop/AppAcademy DOCS/Lecture/W11D4/skeleton/TeaTime/app/assets/config
  /Users/paulobocanegra/Desktop/AppAcademy DOCS/Lecture/W11D4/skeleton/TeaTime/app/assets/images
  /Users/paulobocanegra/Desktop/AppAcademy DOCS/Lecture/W11D4/skeleton/TeaTime/app/assets/javascripts
  /Users/paulobocanegra/Desktop/AppAcademy DOCS/Lecture/W11D4/skeleton/TeaTime/app/assets/stylesheets
  /Users/paulobocanegra/.rbenv/versions/2.5.1/lib/ruby/gems/2.5.0/gems/coffee-rails-4.2.2/lib/assets/javascripts
  /Users/paulobocanegra/.rbenv/versions/2.5.1/lib/ruby/gems/2.5.0/gems/actioncable-5.2.6/lib/assets/compiled
  /Users/paulobocanegra/.rbenv/versions/2.5.1/lib/ruby/gems/2.5.0/gems/activestorage-5.2.6/app/assets/javascripts
  /Users/paulobocanegra/.rbenv/versions/2.5.1/lib/ruby/gems/2.5.0/gems/actionview-5.2.6/lib/assets/compiled
  /Users/paulobocanegra/Desktop/AppAcademy DOCS/Lecture/W11D4/skeleton/TeaTime/node_modules:
  app/views/layouts/application.html.erb:8:in `_app_views_layouts_application_html_erb__3254782842195171091_70274747830860'
  app/controllers/static_pages_controller.rb:3:in `root'

Started POST "/__better_errors/4d31c8a6f2280856/variables" for ::1 at 2021-11-11 11:39:33 -0800
Started GET "/" for ::1 at 2021-11-11 11:39:34 -0800
Processing by StaticPagesController#root as HTML
  Rendering static_pages/root.html.erb within layouts/application
  Rendered static_pages/root.html.erb within layouts/application (0.5ms)
Completed 500 Internal Server Error in 57ms (ActiveRecord: 0.0ms)



Sprockets::FileNotFound - couldn't find file 'jquery' with type 'application/javascript'
Checked in these paths: 
  /Users/paulobocanegra/Desktop/AppAcademy DOCS/Lecture/W11D4/skeleton/TeaTime/app/assets/config
  /Users/paulobocanegra/Desktop/AppAcademy DOCS/Lecture/W11D4/skeleton/TeaTime/app/assets/images
  /Users/paulobocanegra/Desktop/AppAcademy DOCS/Lecture/W11D4/skeleton/TeaTime/app/assets/javascripts
  /Users/paulobocanegra/Desktop/AppAcademy DOCS/Lecture/W11D4/skeleton/TeaTime/app/assets/stylesheets
  /Users/paulobocanegra/.rbenv/versions/2.5.1/lib/ruby/gems/2.5.0/gems/coffee-rails-4.2.2/lib/assets/javascripts
  /Users/paulobocanegra/.rbenv/versions/2.5.1/lib/ruby/gems/2.5.0/gems/actioncable-5.2.6/lib/assets/compiled
  /Users/paulobocanegra/.rbenv/versions/2.5.1/lib/ruby/gems/2.5.0/gems/activestorage-5.2.6/app/assets/javascripts
  /Users/paulobocanegra/.rbenv/versions/2.5.1/lib/ruby/gems/2.5.0/gems/actionview-5.2.6/lib/assets/compiled
  /Users/paulobocanegra/Desktop/AppAcademy DOCS/Lecture/W11D4/skeleton/TeaTime/node_modules:
  app/views/layouts/application.html.erb:8:in `_app_views_layouts_application_html_erb__3254782842195171091_70274775949940'
  app/controllers/static_pages_controller.rb:3:in `root'

Started POST "/__better_errors/6c0f4706574f191e/variables" for ::1 at 2021-11-11 11:39:35 -0800
Started GET "/" for ::1 at 2021-11-11 11:39:40 -0800
Processing by StaticPagesController#root as HTML
  Rendering static_pages/root.html.erb within layouts/application
  Rendered static_pages/root.html.erb within layouts/application (0.6ms)
Completed 500 Internal Server Error in 54ms (ActiveRecord: 0.0ms)



Sprockets::FileNotFound - couldn't find file 'jquery' with type 'application/javascript'
Checked in these paths: 
  /Users/paulobocanegra/Desktop/AppAcademy DOCS/Lecture/W11D4/skeleton/TeaTime/app/assets/config
  /Users/paulobocanegra/Desktop/AppAcademy DOCS/Lecture/W11D4/skeleton/TeaTime/app/assets/images
  /Users/paulobocanegra/Desktop/AppAcademy DOCS/Lecture/W11D4/skeleton/TeaTime/app/assets/javascripts
  /Users/paulobocanegra/Desktop/AppAcademy DOCS/Lecture/W11D4/skeleton/TeaTime/app/assets/stylesheets
  /Users/paulobocanegra/.rbenv/versions/2.5.1/lib/ruby/gems/2.5.0/gems/coffee-rails-4.2.2/lib/assets/javascripts
  /Users/paulobocanegra/.rbenv/versions/2.5.1/lib/ruby/gems/2.5.0/gems/actioncable-5.2.6/lib/assets/compiled
  /Users/paulobocanegra/.rbenv/versions/2.5.1/lib/ruby/gems/2.5.0/gems/activestorage-5.2.6/app/assets/javascripts
  /Users/paulobocanegra/.rbenv/versions/2.5.1/lib/ruby/gems/2.5.0/gems/actionview-5.2.6/lib/assets/compiled
  /Users/paulobocanegra/Desktop/AppAcademy DOCS/Lecture/W11D4/skeleton/TeaTime/node_modules:
  app/views/layouts/application.html.erb:8:in `_app_views_layouts_application_html_erb__3254782842195171091_70274776330100'
  app/controllers/static_pages_controller.rb:3:in `root'

Started POST "/__better_errors/829bf95b8e27e1bd/variables" for ::1 at 2021-11-11 11:39:41 -0800
Started GET "/" for ::1 at 2021-11-11 11:40:32 -0800
  [1m[35m (2.8ms)[0m  [1m[34mSELECT "schema_migrations"."version" FROM "schema_migrations" ORDER BY "schema_migrations"."version" ASC[0m
  ↳ /Users/paulobocanegra/.rbenv/versions/2.5.1/lib/ruby/gems/2.5.0/gems/activerecord-5.2.6/lib/active_record/log_subscriber.rb:98
Processing by StaticPagesController#root as HTML
  Rendering static_pages/root.html.erb within layouts/application
  Rendered static_pages/root.html.erb within layouts/application (1.3ms)
Completed 500 Internal Server Error in 356ms (ActiveRecord: 0.0ms)



Sprockets::FileNotFound - couldn't find file 'jquery' with type 'application/javascript'
Checked in these paths: 
  /Users/paulobocanegra/Desktop/AppAcademy DOCS/Lecture/W11D4/skeleton/TeaTime/app/assets/config
  /Users/paulobocanegra/Desktop/AppAcademy DOCS/Lecture/W11D4/skeleton/TeaTime/app/assets/images
  /Users/paulobocanegra/Desktop/AppAcademy DOCS/Lecture/W11D4/skeleton/TeaTime/app/assets/javascripts
  /Users/paulobocanegra/Desktop/AppAcademy DOCS/Lecture/W11D4/skeleton/TeaTime/app/assets/stylesheets
  /Users/paulobocanegra/.rbenv/versions/2.5.1/lib/ruby/gems/2.5.0/gems/coffee-rails-4.2.2/lib/assets/javascripts
  /Users/paulobocanegra/.rbenv/versions/2.5.1/lib/ruby/gems/2.5.0/gems/actioncable-5.2.6/lib/assets/compiled
  /Users/paulobocanegra/.rbenv/versions/2.5.1/lib/ruby/gems/2.5.0/gems/activestorage-5.2.6/app/assets/javascripts
  /Users/paulobocanegra/.rbenv/versions/2.5.1/lib/ruby/gems/2.5.0/gems/actionview-5.2.6/lib/assets/compiled
  /Users/paulobocanegra/Desktop/AppAcademy DOCS/Lecture/W11D4/skeleton/TeaTime/node_modules:
  app/views/layouts/application.html.erb:8:in `_app_views_layouts_application_html_erb__2900877963131092165_70268664585140'
  app/controllers/static_pages_controller.rb:3:in `root'

Started POST "/__better_errors/4e70929bc58f46f5/variables" for ::1 at 2021-11-11 11:40:32 -0800
Started GET "/" for ::1 at 2021-11-11 11:41:40 -0800
  [1m[35m (1.5ms)[0m  [1m[34mSELECT "schema_migrations"."version" FROM "schema_migrations" ORDER BY "schema_migrations"."version" ASC[0m
  ↳ /Users/paulobocanegra/.rbenv/versions/2.5.1/lib/ruby/gems/2.5.0/gems/activerecord-5.2.6/lib/active_record/log_subscriber.rb:98
Processing by StaticPagesController#root as HTML
  Rendering static_pages/root.html.erb within layouts/application
  Rendered static_pages/root.html.erb within layouts/application (2.3ms)
Completed 500 Internal Server Error in 460ms (ActiveRecord: 0.0ms)



Sprockets::FileNotFound - couldn't find file 'jquery' with type 'application/javascript'
Checked in these paths: 
  /Users/paulobocanegra/Desktop/AppAcademy DOCS/Lecture/W11D4/skeleton/TeaTime/app/assets/config
  /Users/paulobocanegra/Desktop/AppAcademy DOCS/Lecture/W11D4/skeleton/TeaTime/app/assets/images
  /Users/paulobocanegra/Desktop/AppAcademy DOCS/Lecture/W11D4/skeleton/TeaTime/app/assets/javascripts
  /Users/paulobocanegra/Desktop/AppAcademy DOCS/Lecture/W11D4/skeleton/TeaTime/app/assets/stylesheets
  /Users/paulobocanegra/.rbenv/versions/2.5.1/lib/ruby/gems/2.5.0/gems/coffee-rails-4.2.2/lib/assets/javascripts
  /Users/paulobocanegra/.rbenv/versions/2.5.1/lib/ruby/gems/2.5.0/gems/actioncable-5.2.6/lib/assets/compiled
  /Users/paulobocanegra/.rbenv/versions/2.5.1/lib/ruby/gems/2.5.0/gems/activestorage-5.2.6/app/assets/javascripts
  /Users/paulobocanegra/.rbenv/versions/2.5.1/lib/ruby/gems/2.5.0/gems/actionview-5.2.6/lib/assets/compiled
  /Users/paulobocanegra/Desktop/AppAcademy DOCS/Lecture/W11D4/skeleton/TeaTime/node_modules:
  app/views/layouts/application.html.erb:8:in `_app_views_layouts_application_html_erb___3563590896976477862_70312569031880'
  app/controllers/static_pages_controller.rb:3:in `root'

Started POST "/__better_errors/106485ca13ef479b/variables" for ::1 at 2021-11-11 11:41:41 -0800
Started GET "/" for ::1 at 2021-11-11 11:41:43 -0800
Processing by StaticPagesController#root as HTML
  Rendering static_pages/root.html.erb within layouts/application
  Rendered static_pages/root.html.erb within layouts/application (1.5ms)
Completed 500 Internal Server Error in 79ms (ActiveRecord: 0.0ms)



Sprockets::FileNotFound - couldn't find file 'jquery' with type 'application/javascript'
Checked in these paths: 
  /Users/paulobocanegra/Desktop/AppAcademy DOCS/Lecture/W11D4/skeleton/TeaTime/app/assets/config
  /Users/paulobocanegra/Desktop/AppAcademy DOCS/Lecture/W11D4/skeleton/TeaTime/app/assets/images
  /Users/paulobocanegra/Desktop/AppAcademy DOCS/Lecture/W11D4/skeleton/TeaTime/app/assets/javascripts
  /Users/paulobocanegra/Desktop/AppAcademy DOCS/Lecture/W11D4/skeleton/TeaTime/app/assets/stylesheets
  /Users/paulobocanegra/.rbenv/versions/2.5.1/lib/ruby/gems/2.5.0/gems/coffee-rails-4.2.2/lib/assets/javascripts
  /Users/paulobocanegra/.rbenv/versions/2.5.1/lib/ruby/gems/2.5.0/gems/actioncable-5.2.6/lib/assets/compiled
  /Users/paulobocanegra/.rbenv/versions/2.5.1/lib/ruby/gems/2.5.0/gems/activestorage-5.2.6/app/assets/javascripts
  /Users/paulobocanegra/.rbenv/versions/2.5.1/lib/ruby/gems/2.5.0/gems/actionview-5.2.6/lib/assets/compiled
  /Users/paulobocanegra/Desktop/AppAcademy DOCS/Lecture/W11D4/skeleton/TeaTime/node_modules:
  app/views/layouts/application.html.erb:8:in `_app_views_layouts_application_html_erb___3563590896976477862_70312611884660'
  app/controllers/static_pages_controller.rb:3:in `root'

Started POST "/__better_errors/c3c72c636ccfa6c5/variables" for ::1 at 2021-11-11 11:41:43 -0800
Started GET "/" for ::1 at 2021-11-11 11:42:48 -0800
  [1m[35m (4.8ms)[0m  [1m[34mSELECT "schema_migrations"."version" FROM "schema_migrations" ORDER BY "schema_migrations"."version" ASC[0m
  ↳ /Users/paulobocanegra/.rbenv/versions/2.5.1/lib/ruby/gems/2.5.0/gems/activerecord-5.2.6/lib/active_record/log_subscriber.rb:98
Processing by StaticPagesController#root as HTML
  Rendering static_pages/root.html.erb within layouts/application
  Rendered static_pages/root.html.erb within layouts/application (2.3ms)
Completed 200 OK in 5655ms (Views: 5654.7ms | ActiveRecord: 0.0ms)


Started GET "/" for ::1 at 2021-11-11 11:43:58 -0800
  [1m[35m (1.4ms)[0m  [1m[34mSELECT "schema_migrations"."version" FROM "schema_migrations" ORDER BY "schema_migrations"."version" ASC[0m
  ↳ /Users/paulobocanegra/.rbenv/versions/2.5.1/lib/ruby/gems/2.5.0/gems/activerecord-5.2.6/lib/active_record/log_subscriber.rb:98
Processing by StaticPagesController#root as HTML
  Rendering static_pages/root.html.erb within layouts/application
  Rendered static_pages/root.html.erb within layouts/application (3.8ms)
Completed 200 OK in 3102ms (Views: 3101.2ms | ActiveRecord: 0.0ms)


Started GET "/api/teas" for ::1 at 2021-11-11 11:44:24 -0800
Processing by Api::TeasController#index as JSON
  [1m[36mTea Load (1.1ms)[0m  [1m[34mSELECT "teas".* FROM "teas"[0m
  ↳ app/controllers/api/teas_controller.rb:4
Completed 200 OK in 39ms (Views: 11.3ms | ActiveRecord: 17.3ms)


Started GET "/api/teas" for ::1 at 2021-11-11 11:44:58 -0800
Processing by Api::TeasController#index as JSON
  [1m[36mTea Load (1.8ms)[0m  [1m[34mSELECT "teas".* FROM "teas"[0m
  ↳ app/controllers/api/teas_controller.rb:4
Completed 200 OK in 5ms (Views: 2.4ms | ActiveRecord: 1.8ms)


Started POST "/api/teas" for ::1 at 2021-11-11 11:46:42 -0800
Processing by Api::TeasController#create as JSON
  Parameters: {"tea"=>{"flavor"=>"Passion", "cost"=>"99", "description"=>"worth it"}}
  [1m[35m (32.7ms)[0m  [1m[35mBEGIN[0m
  ↳ app/controllers/api/teas_controller.rb:9
  [1m[36mTea Exists (5.4ms)[0m  [1m[34mSELECT  1 AS one FROM "teas" WHERE "teas"."flavor" = $1 LIMIT $2[0m  [["flavor", "Passion"], ["LIMIT", 1]]
  ↳ app/controllers/api/teas_controller.rb:9
  [1m[36mTea Create (16.6ms)[0m  [1m[32mINSERT INTO "teas" ("flavor", "cost", "description", "created_at", "updated_at") VALUES ($1, $2, $3, $4, $5) RETURNING "id"[0m  [["flavor", "Passion"], ["cost", 99.0], ["description", "worth it"], ["created_at", "2021-11-11 19:46:42.533022"], ["updated_at", "2021-11-11 19:46:42.533022"]]
  ↳ app/controllers/api/teas_controller.rb:9
  [1m[35m (11.0ms)[0m  [1m[35mCOMMIT[0m
  ↳ app/controllers/api/teas_controller.rb:9
Completed 200 OK in 79ms (Views: 0.6ms | ActiveRecord: 65.7ms)


Started POST "/api/teas" for ::1 at 2021-11-11 11:47:14 -0800
Processing by Api::TeasController#create as JSON
  Parameters: {"tea"=>{"flavor"=>"Passion Fruit", "cost"=>"98", "description"=>"worth it"}}
  [1m[35m (1.3ms)[0m  [1m[35mBEGIN[0m
  ↳ app/controllers/api/teas_controller.rb:9
  [1m[36mTea Exists (2.8ms)[0m  [1m[34mSELECT  1 AS one FROM "teas" WHERE "teas"."flavor" = $1 LIMIT $2[0m  [["flavor", "Passion Fruit"], ["LIMIT", 1]]
  ↳ app/controllers/api/teas_controller.rb:9
  [1m[36mTea Create (6.3ms)[0m  [1m[32mINSERT INTO "teas" ("flavor", "cost", "description", "created_at", "updated_at") VALUES ($1, $2, $3, $4, $5) RETURNING "id"[0m  [["flavor", "Passion Fruit"], ["cost", 98.0], ["description", "worth it"], ["created_at", "2021-11-11 19:47:14.150873"], ["updated_at", "2021-11-11 19:47:14.150873"]]
  ↳ app/controllers/api/teas_controller.rb:9
  [1m[35m (7.2ms)[0m  [1m[35mCOMMIT[0m
  ↳ app/controllers/api/teas_controller.rb:9
Completed 200 OK in 26ms (Views: 0.5ms | ActiveRecord: 17.6ms)


Started GET "/" for ::1 at 2021-11-11 12:18:15 -0800
Processing by StaticPagesController#root as HTML
  Rendering static_pages/root.html.erb within layouts/application
  Rendered static_pages/root.html.erb within layouts/application (0.5ms)
Completed 200 OK in 1470ms (Views: 1469.1ms | ActiveRecord: 0.0ms)


Started GET "/api/teas" for ::1 at 2021-11-11 12:19:00 -0800
Processing by Api::TeasController#index as JSON
  [1m[36mTea Load (15.2ms)[0m  [1m[34mSELECT "teas".* FROM "teas"[0m
  ↳ app/controllers/api/teas_controller.rb:4
Completed 200 OK in 19ms (Views: 3.1ms | ActiveRecord: 15.2ms)


Started GET "/" for ::1 at 2021-11-11 13:55:55 -0800
Processing by StaticPagesController#root as HTML
  Rendering static_pages/root.html.erb within layouts/application
  Rendered static_pages/root.html.erb within layouts/application (0.5ms)
Completed 200 OK in 859ms (Views: 858.0ms | ActiveRecord: 0.0ms)


Started GET "/" for ::1 at 2021-11-11 13:58:43 -0800
  [1m[35m (1.8ms)[0m  [1m[34mSELECT "schema_migrations"."version" FROM "schema_migrations" ORDER BY "schema_migrations"."version" ASC[0m
  ↳ /Users/paulobocanegra/.rbenv/versions/2.5.1/lib/ruby/gems/2.5.0/gems/activerecord-5.2.6/lib/active_record/log_subscriber.rb:98
Processing by StaticPagesController#root as HTML
  Rendering static_pages/root.html.erb within layouts/application
  Rendered static_pages/root.html.erb within layouts/application (1.9ms)
Completed 200 OK in 3264ms (Views: 3264.0ms | ActiveRecord: 0.0ms)


Started GET "/api/teas" for ::1 at 2021-11-11 13:58:48 -0800
Processing by Api::TeasController#index as JSON
  [1m[36mTea Load (32.6ms)[0m  [1m[34mSELECT "teas".* FROM "teas"[0m
  ↳ app/controllers/api/teas_controller.rb:4
Completed 200 OK in 220ms (Views: 17.3ms | ActiveRecord: 193.6ms)


Started GET "/" for ::1 at 2021-11-11 13:58:54 -0800
Processing by StaticPagesController#root as HTML
  Rendering static_pages/root.html.erb within layouts/application
  Rendered static_pages/root.html.erb within layouts/application (0.4ms)
Completed 200 OK in 68ms (Views: 51.8ms | ActiveRecord: 0.0ms)


Started GET "/api/teas" for ::1 at 2021-11-11 13:58:55 -0800
Started GET "/" for ::1 at 2021-11-11 13:58:55 -0800
Processing by Api::TeasController#index as JSON
Processing by StaticPagesController#root as HTML
  Rendering static_pages/root.html.erb within layouts/application
  Rendered static_pages/root.html.erb within layouts/application (0.4ms)
  [1m[36mTea Load (42.3ms)[0m  [1m[34mSELECT "teas".* FROM "teas"[0m
  ↳ app/controllers/api/teas_controller.rb:4
Completed 200 OK in 47ms (Views: 4.7ms | ActiveRecord: 42.3ms)


Completed 200 OK in 63ms (Views: 62.5ms | ActiveRecord: 0.0ms)


Started GET "/api/teas" for ::1 at 2021-11-11 13:58:56 -0800
Processing by Api::TeasController#index as JSON
  [1m[36mTea Load (2.4ms)[0m  [1m[34mSELECT "teas".* FROM "teas"[0m
  ↳ app/controllers/api/teas_controller.rb:4
Completed 200 OK in 14ms (Views: 11.6ms | ActiveRecord: 2.4ms)


Started GET "/" for ::1 at 2021-11-11 13:58:57 -0800
Processing by StaticPagesController#root as HTML
  Rendering static_pages/root.html.erb within layouts/application
  Rendered static_pages/root.html.erb within layouts/application (1.0ms)
Completed 200 OK in 64ms (Views: 61.0ms | ActiveRecord: 0.0ms)


Started GET "/api/teas" for ::1 at 2021-11-11 13:58:58 -0800
Processing by Api::TeasController#index as JSON
  [1m[36mTea Load (4.8ms)[0m  [1m[34mSELECT "teas".* FROM "teas"[0m
  ↳ app/controllers/api/teas_controller.rb:4
Completed 200 OK in 12ms (Views: 5.9ms | ActiveRecord: 4.8ms)


Started GET "/" for ::1 at 2021-11-11 13:59:35 -0800
Processing by StaticPagesController#root as HTML
  Rendering static_pages/root.html.erb within layouts/application
  Rendered static_pages/root.html.erb within layouts/application (0.6ms)
Completed 200 OK in 55ms (Views: 54.9ms | ActiveRecord: 0.0ms)


Started GET "/api/teas" for ::1 at 2021-11-11 13:59:36 -0800
Processing by Api::TeasController#index as JSON
  [1m[36mTea Load (0.8ms)[0m  [1m[34mSELECT "teas".* FROM "teas"[0m
  ↳ app/controllers/api/teas_controller.rb:4
Completed 200 OK in 9ms (Views: 6.7ms | ActiveRecord: 0.8ms)


Started GET "/" for ::1 at 2021-11-11 14:06:40 -0800
Processing by StaticPagesController#root as HTML
  Rendering static_pages/root.html.erb within layouts/application
  Rendered static_pages/root.html.erb within layouts/application (0.4ms)
Completed 200 OK in 650ms (Views: 649.5ms | ActiveRecord: 0.0ms)


Started GET "/api/teas" for ::1 at 2021-11-11 14:06:42 -0800
Processing by Api::TeasController#index as JSON
  [1m[36mTea Load (2.4ms)[0m  [1m[34mSELECT "teas".* FROM "teas"[0m
  ↳ app/controllers/api/teas_controller.rb:4
Completed 200 OK in 13ms (Views: 6.1ms | ActiveRecord: 2.4ms)


Started GET "/" for ::1 at 2021-11-11 14:07:29 -0800
  [1m[35m (8.4ms)[0m  [1m[34mSELECT "schema_migrations"."version" FROM "schema_migrations" ORDER BY "schema_migrations"."version" ASC[0m
  ↳ /Users/paulobocanegra/.rbenv/versions/2.5.1/lib/ruby/gems/2.5.0/gems/activerecord-5.2.6/lib/active_record/log_subscriber.rb:98
Processing by StaticPagesController#root as HTML
  Rendering static_pages/root.html.erb within layouts/application
  Rendered static_pages/root.html.erb within layouts/application (3.1ms)
Completed 200 OK in 2516ms (Views: 2515.1ms | ActiveRecord: 0.0ms)


Started GET "/api/teas" for ::1 at 2021-11-11 14:07:33 -0800
Processing by Api::TeasController#index as JSON
  [1m[36mTea Load (2.3ms)[0m  [1m[34mSELECT "teas".* FROM "teas"[0m
  ↳ app/controllers/api/teas_controller.rb:4
Completed 200 OK in 60ms (Views: 25.9ms | ActiveRecord: 23.5ms)


Started GET "/" for ::1 at 2021-11-11 14:07:34 -0800
Processing by StaticPagesController#root as HTML
  Rendering static_pages/root.html.erb within layouts/application
  Rendered static_pages/root.html.erb within layouts/application (0.5ms)
Completed 200 OK in 74ms (Views: 73.5ms | ActiveRecord: 0.0ms)


Started GET "/api/teas" for ::1 at 2021-11-11 14:07:35 -0800
Processing by Api::TeasController#index as JSON
  [1m[36mTea Load (8.2ms)[0m  [1m[34mSELECT "teas".* FROM "teas"[0m
  ↳ app/controllers/api/teas_controller.rb:4
Completed 200 OK in 12ms (Views: 3.8ms | ActiveRecord: 8.2ms)


Started POST "/api/teas" for ::1 at 2021-11-11 14:07:41 -0800
Processing by Api::TeasController#create as JSON
  Parameters: {"tea"=>{"flavor"=>"Mint", "cost"=>"99"}}
  [1m[35m (0.2ms)[0m  [1m[35mBEGIN[0m
  ↳ app/controllers/api/teas_controller.rb:9
  [1m[36mTea Exists (1.8ms)[0m  [1m[34mSELECT  1 AS one FROM "teas" WHERE "teas"."flavor" = $1 LIMIT $2[0m  [["flavor", "Mint"], ["LIMIT", 1]]
  ↳ app/controllers/api/teas_controller.rb:9
  [1m[36mTea Create (3.1ms)[0m  [1m[32mINSERT INTO "teas" ("flavor", "cost", "created_at", "updated_at") VALUES ($1, $2, $3, $4) RETURNING "id"[0m  [["flavor", "Mint"], ["cost", 99.0], ["created_at", "2021-11-11 22:07:41.183612"], ["updated_at", "2021-11-11 22:07:41.183612"]]
  ↳ app/controllers/api/teas_controller.rb:9
  [1m[35m (8.0ms)[0m  [1m[35mCOMMIT[0m
  ↳ app/controllers/api/teas_controller.rb:9
Completed 200 OK in 22ms (Views: 0.8ms | ActiveRecord: 13.0ms)


Started POST "/api/teas" for ::1 at 2021-11-11 14:07:48 -0800
Processing by Api::TeasController#create as JSON
  Parameters: {"tea"=>{"flavor"=>"Chai", "cost"=>"85"}}
  [1m[35m (2.6ms)[0m  [1m[35mBEGIN[0m
  ↳ app/controllers/api/teas_controller.rb:9
  [1m[36mTea Exists (1.2ms)[0m  [1m[34mSELECT  1 AS one FROM "teas" WHERE "teas"."flavor" = $1 LIMIT $2[0m  [["flavor", "Chai"], ["LIMIT", 1]]
  ↳ app/controllers/api/teas_controller.rb:9
  [1m[36mTea Create (1.4ms)[0m  [1m[32mINSERT INTO "teas" ("flavor", "cost", "created_at", "updated_at") VALUES ($1, $2, $3, $4) RETURNING "id"[0m  [["flavor", "Chai"], ["cost", 85.0], ["created_at", "2021-11-11 22:07:48.068915"], ["updated_at", "2021-11-11 22:07:48.068915"]]
  ↳ app/controllers/api/teas_controller.rb:9
  [1m[35m (4.0ms)[0m  [1m[35mCOMMIT[0m
  ↳ app/controllers/api/teas_controller.rb:9
Completed 200 OK in 15ms (Views: 0.5ms | ActiveRecord: 9.2ms)


Started GET "/" for ::1 at 2021-11-11 14:07:50 -0800
Processing by StaticPagesController#root as HTML
  Rendering static_pages/root.html.erb within layouts/application
  Rendered static_pages/root.html.erb within layouts/application (0.8ms)
Completed 200 OK in 64ms (Views: 64.1ms | ActiveRecord: 0.0ms)


Started GET "/api/teas" for ::1 at 2021-11-11 14:07:51 -0800
Processing by Api::TeasController#index as JSON
  [1m[36mTea Load (42.9ms)[0m  [1m[34mSELECT "teas".* FROM "teas"[0m
  ↳ app/controllers/api/teas_controller.rb:4
Completed 200 OK in 49ms (Views: 5.6ms | ActiveRecord: 42.9ms)


Started GET "/" for ::1 at 2021-11-11 14:08:46 -0800
Processing by StaticPagesController#root as HTML
  Rendering static_pages/root.html.erb within layouts/application
  Rendered static_pages/root.html.erb within layouts/application (0.6ms)
Completed 200 OK in 739ms (Views: 738.7ms | ActiveRecord: 0.0ms)


Started GET "/api/teas" for ::1 at 2021-11-11 14:08:48 -0800
Processing by Api::TeasController#index as JSON
  [1m[36mTea Load (0.5ms)[0m  [1m[34mSELECT "teas".* FROM "teas"[0m
  ↳ app/controllers/api/teas_controller.rb:4
Completed 200 OK in 9ms (Views: 6.3ms | ActiveRecord: 0.5ms)


Started POST "/api/teas" for ::1 at 2021-11-11 14:09:38 -0800
Processing by Api::TeasController#create as JSON
  Parameters: {"tea"=>{"flavor"=>"dontknow", "cost"=>"77"}}
  [1m[35m (2.9ms)[0m  [1m[35mBEGIN[0m
  ↳ app/controllers/api/teas_controller.rb:9
  [1m[36mTea Exists (1.3ms)[0m  [1m[34mSELECT  1 AS one FROM "teas" WHERE "teas"."flavor" = $1 LIMIT $2[0m  [["flavor", "dontknow"], ["LIMIT", 1]]
  ↳ app/controllers/api/teas_controller.rb:9
  [1m[36mTea Create (5.0ms)[0m  [1m[32mINSERT INTO "teas" ("flavor", "cost", "created_at", "updated_at") VALUES ($1, $2, $3, $4) RETURNING "id"[0m  [["flavor", "dontknow"], ["cost", 77.0], ["created_at", "2021-11-11 22:09:38.883686"], ["updated_at", "2021-11-11 22:09:38.883686"]]
  ↳ app/controllers/api/teas_controller.rb:9
  [1m[35m (5.0ms)[0m  [1m[35mCOMMIT[0m
  ↳ app/controllers/api/teas_controller.rb:9
Completed 200 OK in 22ms (Views: 0.4ms | ActiveRecord: 14.2ms)


Started GET "/" for ::1 at 2021-11-11 14:10:57 -0800
Processing by StaticPagesController#root as HTML
  Rendering static_pages/root.html.erb within layouts/application
  Rendered static_pages/root.html.erb within layouts/application (0.3ms)
Completed 200 OK in 803ms (Views: 799.5ms | ActiveRecord: 0.0ms)


Started GET "/api/teas" for ::1 at 2021-11-11 14:10:59 -0800
Processing by Api::TeasController#index as JSON
  [1m[36mTea Load (10.3ms)[0m  [1m[34mSELECT "teas".* FROM "teas"[0m
  ↳ app/controllers/api/teas_controller.rb:4
Completed 200 OK in 21ms (Views: 10.3ms | ActiveRecord: 10.3ms)


