  [1m[35m (316.7ms)[0m  [1m[35mCREATE DATABASE "teatime_development" ENCODING = 'unicode'[0m
  [1m[35m (210.5ms)[0m  [1m[35mCREATE DATABASE "teatime_test" ENCODING = 'unicode'[0m
  [1m[35m (47.2ms)[0m  [1m[35mCREATE TABLE "schema_migrations" ("version" character varying NOT NULL PRIMARY KEY)[0m
  [1m[35m (7.8ms)[0m  [1m[35mCREATE TABLE "ar_internal_metadata" ("key" character varying NOT NULL PRIMARY KEY, "value" character varying, "created_at" timestamp(6) NOT NULL, "updated_at" timestamp(6) NOT NULL)[0m
  [1m[35m (0.6ms)[0m  [1m[34mSELECT pg_try_advisory_lock(2704736276874159675)[0m
  [1m[36mActiveRecord::SchemaMigration Pluck (0.8ms)[0m  [1m[34mSELECT "schema_migrations"."version" FROM "schema_migrations" ORDER BY "schema_migrations"."version" ASC[0m
Migrating to CreateTeas (20220825164849)
  [1m[36mTRANSACTION (0.2ms)[0m  [1m[35mBEGIN[0m
  [1m[35m (15.3ms)[0m  [1m[35mCREATE TABLE "teas" ("id" bigserial primary key, "flavor" character varying NOT NULL, "price" float NOT NULL, "description" character varying, "created_at" timestamp(6) NOT NULL, "updated_at" timestamp(6) NOT NULL)[0m
  [1m[35m (15.3ms)[0m  [1m[35mCREATE UNIQUE INDEX "index_teas_on_flavor" ON "teas" ("flavor")[0m
  [1m[36mActiveRecord::SchemaMigration Create (5.8ms)[0m  [1m[32mINSERT INTO "schema_migrations" ("version") VALUES ($1) RETURNING "version"[0m  [["version", "20220825164849"]]
  [1m[36mTRANSACTION (7.9ms)[0m  [1m[35mCOMMIT[0m
  [1m[36mActiveRecord::InternalMetadata Load (0.4ms)[0m  [1m[34mSELECT "ar_internal_metadata".* FROM "ar_internal_metadata" WHERE "ar_internal_metadata"."key" = $1 LIMIT $2[0m  [["key", "environment"], ["LIMIT", 1]]
  [1m[36mTRANSACTION (0.3ms)[0m  [1m[35mBEGIN[0m
  [1m[36mActiveRecord::InternalMetadata Create (16.4ms)[0m  [1m[32mINSERT INTO "ar_internal_metadata" ("key", "value", "created_at", "updated_at") VALUES ($1, $2, $3, $4) RETURNING "key"[0m  [["key", "environment"], ["value", "development"], ["created_at", "2022-08-25 16:53:03.958349"], ["updated_at", "2022-08-25 16:53:03.958349"]]
  [1m[36mTRANSACTION (0.5ms)[0m  [1m[35mCOMMIT[0m
  [1m[35m (0.2ms)[0m  [1m[34mSELECT pg_advisory_unlock(2704736276874159675)[0m
  [1m[36mActiveRecord::SchemaMigration Pluck (0.9ms)[0m  [1m[34mSELECT "schema_migrations"."version" FROM "schema_migrations" ORDER BY "schema_migrations"."version" ASC[0m
  [1m[35m (0.2ms)[0m  [1m[34mSELECT pg_try_advisory_lock(2704736276874159675)[0m
  [1m[36mActiveRecord::SchemaMigration Pluck (5.5ms)[0m  [1m[34mSELECT "schema_migrations"."version" FROM "schema_migrations" ORDER BY "schema_migrations"."version" ASC[0m
  [1m[36mActiveRecord::InternalMetadata Load (0.4ms)[0m  [1m[34mSELECT "ar_internal_metadata".* FROM "ar_internal_metadata" WHERE "ar_internal_metadata"."key" = $1 LIMIT $2[0m  [["key", "environment"], ["LIMIT", 1]]
  [1m[35m (0.2ms)[0m  [1m[34mSELECT pg_advisory_unlock(2704736276874159675)[0m
  [1m[36mActiveRecord::SchemaMigration Pluck (0.5ms)[0m  [1m[34mSELECT "schema_migrations"."version" FROM "schema_migrations" ORDER BY "schema_migrations"."version" ASC[0m
  [1m[36mActiveRecord::SchemaMigration Pluck (7.9ms)[0m  [1m[34mSELECT "schema_migrations"."version" FROM "schema_migrations" ORDER BY "schema_migrations"."version" ASC[0m
  [1m[36mActiveRecord::SchemaMigration Pluck (1.6ms)[0m  [1m[34mSELECT "schema_migrations"."version" FROM "schema_migrations" ORDER BY "schema_migrations"."version" ASC[0m
  [1m[36mTRANSACTION (0.1ms)[0m  [1m[35mBEGIN[0m
  [1m[36mTea Load (5.1ms)[0m  [1m[34mSELECT "teas".* FROM "teas"[0m
  [1m[36mTRANSACTION (3.5ms)[0m  [1m[31mROLLBACK[0m
  [1m[36mActiveRecord::SchemaMigration Pluck (0.7ms)[0m  [1m[34mSELECT "schema_migrations"."version" FROM "schema_migrations" ORDER BY "schema_migrations"."version" ASC[0m
  [1m[36mTRANSACTION (0.1ms)[0m  [1m[35mBEGIN[0m
  [1m[36mTea Load (0.6ms)[0m  [1m[34mSELECT "teas".* FROM "teas"[0m
  [1m[36mTea Exists? (7.8ms)[0m  [1m[34mSELECT 1 AS one FROM "teas" WHERE "teas"."flavor" = $1 LIMIT $2[0m  [["flavor", "Green"], ["LIMIT", 1]]
  [1m[36mTea Create (2.8ms)[0m  [1m[32mINSERT INTO "teas" ("flavor", "price", "description", "created_at", "updated_at") VALUES ($1, $2, $3, $4, $5) RETURNING "id"[0m  [["flavor", "Green"], ["price", 1.75], ["description", "Green tea is a type of tea that is made from Camellia sinensis leaves and buds that have not undergone the same withering and oxidation process used to make oolong teas and black teas. Green tea originated in China, but its production and manufacture has spread to other countries in East Asia."], ["created_at", "2022-08-25 16:57:21.866506"], ["updated_at", "2022-08-25 16:57:21.866506"]]
  [1m[36mTea Exists? (0.2ms)[0m  [1m[34mSELECT 1 AS one FROM "teas" WHERE "teas"."flavor" = $1 LIMIT $2[0m  [["flavor", "Oolong"], ["LIMIT", 1]]
  [1m[36mTea Create (0.2ms)[0m  [1m[32mINSERT INTO "teas" ("flavor", "price", "description", "created_at", "updated_at") VALUES ($1, $2, $3, $4, $5) RETURNING "id"[0m  [["flavor", "Oolong"], ["price", 2.0], ["description", "Oolong tea is a type of tea that is sometimes called \"wulong\" (also pronounced \"oolong\") or \"black dragon\" tea. Oolong teas are semi-oxidized teas. They are sometimes called \"semi-fermented teas\" though this moniker is considered to be less technically correct than semi-oxidized teas. After the tea leaves are picked, they are rolled and allowed to oxidize. Oxidation produces floral notes that characterize many oolongs."], ["created_at", "2022-08-25 16:57:21.870928"], ["updated_at", "2022-08-25 16:57:21.870928"]]
  [1m[36mTea Exists? (0.1ms)[0m  [1m[34mSELECT 1 AS one FROM "teas" WHERE "teas"."flavor" = $1 LIMIT $2[0m  [["flavor", "Earl Grey"], ["LIMIT", 1]]
  [1m[36mTea Create (0.1ms)[0m  [1m[32mINSERT INTO "teas" ("flavor", "price", "description", "created_at", "updated_at") VALUES ($1, $2, $3, $4, $5) RETURNING "id"[0m  [["flavor", "Earl Grey"], ["price", 2.5], ["description", "Earl Grey tea is a tea blend which has been flavoured with the addition of oil of bergamot. The rind's fragrant oil is added to black tea to give Earl Grey its unique taste. Traditionally, Earl Grey was made from black teas such as China keemun and therefore intended to be drunk without milk. However, tea companies have since begun to offer Earl Grey based upon stronger teas such as Ceylons which are better suited to the addition of milk or cream. Other varieties have been introduced as well, such as green or oolong."], ["created_at", "2022-08-25 16:57:21.872309"], ["updated_at", "2022-08-25 16:57:21.872309"]]
  [1m[36mTea Exists? (0.1ms)[0m  [1m[34mSELECT 1 AS one FROM "teas" WHERE "teas"."flavor" = $1 LIMIT $2[0m  [["flavor", "Rooibos"], ["LIMIT", 1]]
  [1m[36mTea Create (0.2ms)[0m  [1m[32mINSERT INTO "teas" ("flavor", "price", "description", "created_at", "updated_at") VALUES ($1, $2, $3, $4, $5) RETURNING "id"[0m  [["flavor", "Rooibos"], ["price", 3.0], ["description", "Rooibos (/ËˆrÉ”ÉªbÉ’s/ ROY-boss; Afrikaans: [rÉ”ËibÉ”s]; Aspalathus linearis), meaning 'red bush'; is a broom-like member of the plant family Fabaceae that grows in South Africa's fynbos. The leaves are used to make a herbal tea that is called by the names: rooibos (especially in Southern Africa), bush tea, red tea, or redbush tea (predominantly in Great Britain). The tea has been popular in Southern Africa for generations, but is now consumed in many countries worldwide. It is sometimes spelled rooibosch in accordance with the original Dutch for 'red bush'. The tea has a taste and color somewhat similar to hibiscus tea, with more or less of an earthy flavor like yerba mate."], ["created_at", "2022-08-25 16:57:21.873738"], ["updated_at", "2022-08-25 16:57:21.873738"]]
  [1m[36mTRANSACTION (0.8ms)[0m  [1m[35mCOMMIT[0m
  [1m[36mTea Load (0.7ms)[0m  [1m[34mSELECT "teas".* FROM "teas"[0m
Started GET "/api/teas" for 127.0.0.1 at 2022-08-25 10:32:50 -0700
  [1m[36mActiveRecord::SchemaMigration Pluck (2.3ms)[0m  [1m[34mSELECT "schema_migrations"."version" FROM "schema_migrations" ORDER BY "schema_migrations"."version" ASC[0m
Processing by Api::TeasController#index as JSON
  [1m[36mTea Load (5.7ms)[0m  [1m[34mSELECT "teas".* FROM "teas"[0m
  â†³ app/controllers/api/teas_controller.rb:6:in `index'
Completed 200 OK in 34ms (Views: 5.1ms | ActiveRecord: 23.4ms | Allocations: 9636)


Started POST "/api/teas" for 127.0.0.1 at 2022-08-25 10:34:14 -0700
Processing by Api::TeasController#create as JSON
Completed 400 Bad Request in 34ms (ActiveRecord: 0.0ms | Allocations: 696)



ActionController::ParameterMissing - param is missing or the value is empty: tea:
  app/controllers/api/teas_controller.rb:19:in `tea_params'
  app/controllers/api/teas_controller.rb:10:in `create'

Started POST "/api/teas" for 127.0.0.1 at 2022-08-25 10:37:32 -0700
Processing by Api::TeasController#create as JSON
  Parameters: {"tea"=>{"flavor"=>"par", "price"=>5, "description"=>"its par tea time"}}
  [1m[36mTRANSACTION (0.2ms)[0m  [1m[35mBEGIN[0m
  â†³ app/controllers/api/teas_controller.rb:11:in `create'
  [1m[36mTea Exists? (34.5ms)[0m  [1m[34mSELECT 1 AS one FROM "teas" WHERE "teas"."flavor" = $1 LIMIT $2[0m  [["flavor", "par"], ["LIMIT", 1]]
  â†³ app/controllers/api/teas_controller.rb:11:in `create'
  [1m[36mTea Create (21.2ms)[0m  [1m[32mINSERT INTO "teas" ("flavor", "price", "description", "created_at", "updated_at") VALUES ($1, $2, $3, $4, $5) RETURNING "id"[0m  [["flavor", "par"], ["price", 5.0], ["description", "its par tea time"], ["created_at", "2022-08-25 17:37:32.492252"], ["updated_at", "2022-08-25 17:37:32.492252"]]
  â†³ app/controllers/api/teas_controller.rb:11:in `create'
  [1m[36mTRANSACTION (6.8ms)[0m  [1m[35mCOMMIT[0m
  â†³ app/controllers/api/teas_controller.rb:11:in `create'
Completed 200 OK in 209ms (Views: 3.9ms | ActiveRecord: 62.6ms | Allocations: 6632)


Started POST "/api/teas" for 127.0.0.1 at 2022-08-25 10:38:19 -0700
Processing by Api::TeasController#create as JSON
Completed 400 Bad Request in 30ms (ActiveRecord: 0.0ms | Allocations: 567)



ActionController::ParameterMissing - param is missing or the value is empty: tea:
  app/controllers/api/teas_controller.rb:19:in `tea_params'
  app/controllers/api/teas_controller.rb:10:in `create'

Started POST "/api/teas" for 127.0.0.1 at 2022-08-25 10:39:40 -0700
Processing by Api::TeasController#create as JSON
Completed 400 Bad Request in 38ms (ActiveRecord: 0.0ms | Allocations: 530)



ActionController::ParameterMissing - param is missing or the value is empty: tea:
  app/controllers/api/teas_controller.rb:19:in `tea_params'
  app/controllers/api/teas_controller.rb:10:in `create'

Started POST "/api/teas" for 127.0.0.1 at 2022-08-25 10:39:53 -0700
Processing by Api::TeasController#create as JSON
  Parameters: {"flavor"=>"par", "price"=>5, "description"=>"its par tea time", "tea"=>{"flavor"=>"par", "price"=>5, "description"=>"its par tea time"}}
  [1m[36mTRANSACTION (0.1ms)[0m  [1m[35mBEGIN[0m
  â†³ app/controllers/api/teas_controller.rb:11:in `create'
  [1m[36mTea Exists? (214.0ms)[0m  [1m[34mSELECT 1 AS one FROM "teas" WHERE "teas"."flavor" = $1 LIMIT $2[0m  [["flavor", "par"], ["LIMIT", 1]]
  â†³ app/controllers/api/teas_controller.rb:11:in `create'
  [1m[36mTRANSACTION (33.4ms)[0m  [1m[31mROLLBACK[0m
  â†³ app/controllers/api/teas_controller.rb:11:in `create'
Completed 422 Unprocessable Entity in 322ms (Views: 0.1ms | ActiveRecord: 247.4ms | Allocations: 5057)


Started GET "/api/teas" for 127.0.0.1 at 2022-08-25 10:41:28 -0700
Processing by Api::TeasController#index as JSON
  [1m[36mTea Load (66.9ms)[0m  [1m[34mSELECT "teas".* FROM "teas"[0m
  â†³ app/controllers/api/teas_controller.rb:6:in `index'
Completed 200 OK in 102ms (Views: 31.5ms | ActiveRecord: 66.9ms | Allocations: 1208)


Started GET "/api/teas" for 127.0.0.1 at 2022-08-25 10:47:44 -0700
Processing by Api::TeasController#index as JSON
  [1m[36mTea Load (7.3ms)[0m  [1m[34mSELECT "teas".* FROM "teas"[0m
  â†³ app/controllers/api/teas_controller.rb:6:in `index'
Completed 200 OK in 211ms (Views: 184.6ms | ActiveRecord: 66.1ms | Allocations: 4242)


Started GET "/api/teas" for 127.0.0.1 at 2022-08-25 10:48:21 -0700
Processing by Api::TeasController#index as JSON
  [1m[36mTea Load (0.9ms)[0m  [1m[34mSELECT "teas".* FROM "teas"[0m
  â†³ app/controllers/api/teas_controller.rb:6:in `index'
Completed 200 OK in 11ms (Views: 7.3ms | ActiveRecord: 0.9ms | Allocations: 1195)


Started GET "/api/teas" for 127.0.0.1 at 2022-08-25 11:13:11 -0700
Processing by Api::TeasController#index as JSON
  [1m[36mTea Load (9.3ms)[0m  [1m[34mSELECT "teas".* FROM "teas"[0m
  â†³ app/controllers/api/teas_controller.rb:6:in `index'
Completed 200 OK in 228ms (Views: 220.7ms | ActiveRecord: 93.6ms | Allocations: 4082)


Started GET "/api/teas" for 127.0.0.1 at 2022-08-25 11:16:25 -0700
Processing by Api::TeasController#index as JSON
  [1m[36mTea Load (9.7ms)[0m  [1m[34mSELECT "teas".* FROM "teas"[0m
  â†³ app/controllers/api/teas_controller.rb:6:in `index'
Completed 200 OK in 46ms (Views: 33.2ms | ActiveRecord: 9.7ms | Allocations: 1183)


Started GET "/api/teas" for 127.0.0.1 at 2022-08-25 11:17:57 -0700
Processing by Api::TeasController#index as JSON
  [1m[36mTea Load (14.6ms)[0m  [1m[34mSELECT "teas".* FROM "teas"[0m
  â†³ app/controllers/api/teas_controller.rb:6:in `index'
Completed 200 OK in 53ms (Views: 24.7ms | ActiveRecord: 14.6ms | Allocations: 1183)


Started GET "/api/teas" for 127.0.0.1 at 2022-08-25 11:18:23 -0700
Processing by Api::TeasController#index as JSON
  [1m[36mTea Load (0.5ms)[0m  [1m[34mSELECT "teas".* FROM "teas"[0m
  â†³ app/controllers/api/teas_controller.rb:6:in `index'
Completed 200 OK in 16ms (Views: 13.4ms | ActiveRecord: 0.5ms | Allocations: 1183)


Started GET "/api/teas" for 127.0.0.1 at 2022-08-25 11:19:37 -0700
Processing by Api::TeasController#index as JSON
  [1m[36mTea Load (0.4ms)[0m  [1m[34mSELECT "teas".* FROM "teas"[0m
  â†³ app/controllers/api/teas_controller.rb:6:in `index'
Completed 200 OK in 37ms (Views: 9.8ms | ActiveRecord: 0.4ms | Allocations: 1183)


Started GET "/api/teas" for 127.0.0.1 at 2022-08-25 11:22:09 -0700
Processing by Api::TeasController#index as JSON
  [1m[36mTea Load (3.4ms)[0m  [1m[34mSELECT "teas".* FROM "teas"[0m
  â†³ app/controllers/api/teas_controller.rb:6:in `index'
Completed 200 OK in 72ms (Views: 48.1ms | ActiveRecord: 3.4ms | Allocations: 1183)


Started GET "/api/teas" for 127.0.0.1 at 2022-08-25 11:22:18 -0700
Processing by Api::TeasController#index as JSON
  [1m[36mTea Load (23.8ms)[0m  [1m[34mSELECT "teas".* FROM "teas"[0m
  â†³ app/controllers/api/teas_controller.rb:6:in `index'
Completed 200 OK in 37ms (Views: 12.1ms | ActiveRecord: 23.8ms | Allocations: 1183)


Started GET "/api/teas" for 127.0.0.1 at 2022-08-25 11:22:19 -0700
Processing by Api::TeasController#index as JSON
  [1m[36mTea Load (0.3ms)[0m  [1m[34mSELECT "teas".* FROM "teas"[0m
  â†³ app/controllers/api/teas_controller.rb:6:in `index'
Completed 200 OK in 3ms (Views: 2.7ms | ActiveRecord: 0.3ms | Allocations: 1184)


Started GET "/api/teas" for 127.0.0.1 at 2022-08-25 11:22:20 -0700
Processing by Api::TeasController#index as JSON
  [1m[36mTea Load (1.0ms)[0m  [1m[34mSELECT "teas".* FROM "teas"[0m
  â†³ app/controllers/api/teas_controller.rb:6:in `index'
Completed 200 OK in 9ms (Views: 7.8ms | ActiveRecord: 1.0ms | Allocations: 1183)


Started GET "/api/teas" for 127.0.0.1 at 2022-08-25 11:22:46 -0700
Processing by Api::TeasController#index as JSON
  [1m[36mTea Load (0.8ms)[0m  [1m[34mSELECT "teas".* FROM "teas"[0m
  â†³ app/controllers/api/teas_controller.rb:6:in `index'
Completed 200 OK in 17ms (Views: 15.1ms | ActiveRecord: 0.8ms | Allocations: 1183)


Started GET "/api/teas" for 127.0.0.1 at 2022-08-25 11:24:35 -0700
Processing by Api::TeasController#index as JSON
  [1m[36mTea Load (0.5ms)[0m  [1m[34mSELECT "teas".* FROM "teas"[0m
  â†³ app/controllers/api/teas_controller.rb:6:in `index'
Completed 200 OK in 14ms (Views: 11.7ms | ActiveRecord: 0.5ms | Allocations: 1183)


Started GET "/api/teas" for 127.0.0.1 at 2022-08-25 11:41:49 -0700
Processing by Api::TeasController#index as JSON
  [1m[36mTea Load (35.5ms)[0m  [1m[34mSELECT "teas".* FROM "teas"[0m
  â†³ app/controllers/api/teas_controller.rb:6:in `index'
Completed 200 OK in 736ms (Views: 697.7ms | ActiveRecord: 101.8ms | Allocations: 4070)


Started GET "/api/teas" for 127.0.0.1 at 2022-08-25 11:42:39 -0700
Processing by Api::TeasController#index as JSON
  [1m[36mTea Load (0.6ms)[0m  [1m[34mSELECT "teas".* FROM "teas"[0m
  â†³ app/controllers/api/teas_controller.rb:6:in `index'
Completed 200 OK in 52ms (Views: 45.0ms | ActiveRecord: 0.6ms | Allocations: 1184)


Started GET "/api/teas" for 127.0.0.1 at 2022-08-25 11:52:26 -0700
Processing by Api::TeasController#index as JSON
  [1m[36mTea Load (7.7ms)[0m  [1m[34mSELECT "teas".* FROM "teas"[0m
  â†³ app/controllers/api/teas_controller.rb:6:in `index'
Completed 200 OK in 711ms (Views: 672.8ms | ActiveRecord: 280.8ms | Allocations: 4071)


Started POST "/api/teas" for 127.0.0.1 at 2022-08-25 11:53:53 -0700
Processing by Api::TeasController#create as JSON
  Parameters: {"id"=>564, "flavor"=>"not", "price"=>"7", "tea"=>{"id"=>564, "flavor"=>"not", "price"=>"7"}}
[31mUnpermitted parameter: :id. Context: { controller: Api::TeasController, action: create, request: #<ActionDispatch::Request:0x00000001121d5ae8>, params: {"id"=>564, "flavor"=>"not", "price"=>"7", "format"=>:json, "controller"=>"api/teas", "action"=>"create", "tea"=>{"id"=>564, "flavor"=>"not", "price"=>"7"}} }[0m
  [1m[36mTRANSACTION (0.2ms)[0m  [1m[35mBEGIN[0m
  â†³ app/controllers/api/teas_controller.rb:11:in `create'
  [1m[36mTea Exists? (55.8ms)[0m  [1m[34mSELECT 1 AS one FROM "teas" WHERE "teas"."flavor" = $1 LIMIT $2[0m  [["flavor", "not"], ["LIMIT", 1]]
  â†³ app/controllers/api/teas_controller.rb:11:in `create'
  [1m[36mTea Create (25.1ms)[0m  [1m[32mINSERT INTO "teas" ("flavor", "price", "description", "created_at", "updated_at") VALUES ($1, $2, $3, $4, $5) RETURNING "id"[0m  [["flavor", "not"], ["price", 7.0], ["description", nil], ["created_at", "2022-08-25 18:53:53.447344"], ["updated_at", "2022-08-25 18:53:53.447344"]]
  â†³ app/controllers/api/teas_controller.rb:11:in `create'
  [1m[36mTRANSACTION (51.8ms)[0m  [1m[35mCOMMIT[0m
  â†³ app/controllers/api/teas_controller.rb:11:in `create'
Completed 200 OK in 266ms (Views: 2.9ms | ActiveRecord: 132.9ms | Allocations: 3696)


Started GET "/api/teas" for 127.0.0.1 at 2022-08-25 11:53:57 -0700
Processing by Api::TeasController#index as JSON
  [1m[36mTea Load (0.4ms)[0m  [1m[34mSELECT "teas".* FROM "teas"[0m
  â†³ app/controllers/api/teas_controller.rb:6:in `index'
Completed 200 OK in 31ms (Views: 30.1ms | ActiveRecord: 0.4ms | Allocations: 1272)


Started GET "/api/teas" for 127.0.0.1 at 2022-08-25 11:55:03 -0700
Processing by Api::TeasController#index as JSON
  [1m[36mTea Load (35.4ms)[0m  [1m[34mSELECT "teas".* FROM "teas"[0m
  â†³ app/controllers/api/teas_controller.rb:6:in `index'
Completed 200 OK in 148ms (Views: 106.4ms | ActiveRecord: 35.4ms | Allocations: 1272)


Started GET "/api/teas" for 127.0.0.1 at 2022-08-25 11:55:43 -0700
Processing by Api::TeasController#index as JSON
  [1m[36mTea Load (0.6ms)[0m  [1m[34mSELECT "teas".* FROM "teas"[0m
  â†³ app/controllers/api/teas_controller.rb:6:in `index'
Completed 200 OK in 68ms (Views: 66.2ms | ActiveRecord: 0.6ms | Allocations: 1272)


Started POST "/api/teas" for 127.0.0.1 at 2022-08-25 11:58:27 -0700
Processing by Api::TeasController#create as JSON
  Parameters: {"id"=>248, "flavor"=>"test", "price"=>"99", "tea"=>{"id"=>248, "flavor"=>"test", "price"=>"99"}}
[31mUnpermitted parameter: :id. Context: { controller: Api::TeasController, action: create, request: #<ActionDispatch::Request:0x00000001139fcc20>, params: {"id"=>248, "flavor"=>"test", "price"=>"99", "format"=>:json, "controller"=>"api/teas", "action"=>"create", "tea"=>{"id"=>248, "flavor"=>"test", "price"=>"99"}} }[0m
[31mUnpermitted parameter: :id. Context: { controller: Api::TeasController, action: create, request: #<ActionDispatch::Request:0x00000001139fcc20>, params: {"id"=>248, "flavor"=>"test", "price"=>"99", "format"=>:json, "controller"=>"api/teas", "action"=>"create", "tea"=>{"id"=>248, "flavor"=>"test", "price"=>"99"}} }[0m
  [1m[36mTRANSACTION (0.2ms)[0m  [1m[35mBEGIN[0m
  â†³ app/controllers/api/teas_controller.rb:12:in `create'
  [1m[36mTea Exists? (0.4ms)[0m  [1m[34mSELECT 1 AS one FROM "teas" WHERE "teas"."flavor" = $1 LIMIT $2[0m  [["flavor", "test"], ["LIMIT", 1]]
  â†³ app/controllers/api/teas_controller.rb:12:in `create'
  [1m[36mTea Create (0.5ms)[0m  [1m[32mINSERT INTO "teas" ("flavor", "price", "description", "created_at", "updated_at") VALUES ($1, $2, $3, $4, $5) RETURNING "id"[0m  [["flavor", "test"], ["price", 99.0], ["description", nil], ["created_at", "2022-08-25 18:59:44.615498"], ["updated_at", "2022-08-25 18:59:44.615498"]]
  â†³ app/controllers/api/teas_controller.rb:12:in `create'
  [1m[36mTRANSACTION (15.4ms)[0m  [1m[35mCOMMIT[0m
  â†³ app/controllers/api/teas_controller.rb:12:in `create'
Completed 200 OK in 76238ms (Views: 4.0ms | ActiveRecord: 588.4ms | Allocations: 89794)


