  [1m[35m (2305.9ms)[0m  [1m[35mCREATE DATABASE "DogeBird_development" ENCODING = 'unicode'[0m
  ↳ bin/rails:9
  [1m[35m (1205.3ms)[0m  [1m[35mCREATE DATABASE "DogeBird_test" ENCODING = 'unicode'[0m
  ↳ bin/rails:9
  [1m[35m (31.3ms)[0m  [1m[35mCREATE TABLE "schema_migrations" ("version" character varying NOT NULL PRIMARY KEY)[0m
  ↳ bin/rails:9
  [1m[35m (7.1ms)[0m  [1m[35mCREATE TABLE "ar_internal_metadata" ("key" character varying NOT NULL PRIMARY KEY, "value" character varying, "created_at" timestamp NOT NULL, "updated_at" timestamp NOT NULL)[0m
  ↳ bin/rails:9
  [1m[35m (1.0ms)[0m  [1m[34mSELECT pg_try_advisory_lock(3310928071694628840)[0m
  ↳ bin/rails:9
  [1m[35m (4.0ms)[0m  [1m[34mSELECT "schema_migrations"."version" FROM "schema_migrations" ORDER BY "schema_migrations"."version" ASC[0m
  ↳ bin/rails:9
Migrating to CreateUsers (20220519164646)
  [1m[35m (0.2ms)[0m  [1m[35mBEGIN[0m
  ↳ bin/rails:9
  [1m[35m (11.8ms)[0m  [1m[35mCREATE TABLE "users" ("id" bigserial primary key, "username" character varying NOT NULL, "email" character varying NOT NULL, "created_at" timestamp NOT NULL, "updated_at" timestamp NOT NULL)[0m
  ↳ db/migrate/20220519164646_create_users.rb:3
  [1m[35m (3.1ms)[0m  [1m[35mCREATE UNIQUE INDEX  "index_users_on_username" ON "users"  ("username")[0m
  ↳ db/migrate/20220519164646_create_users.rb:9
  [1m[35m (2.4ms)[0m  [1m[35mCREATE UNIQUE INDEX  "index_users_on_email" ON "users"  ("email")[0m
  ↳ db/migrate/20220519164646_create_users.rb:10
  [1m[36mActiveRecord::SchemaMigration Create (2.0ms)[0m  [1m[32mINSERT INTO "schema_migrations" ("version") VALUES ($1) RETURNING "version"[0m  [["version", "20220519164646"]]
  ↳ bin/rails:9
  [1m[35m (0.4ms)[0m  [1m[35mCOMMIT[0m
  ↳ bin/rails:9
  [1m[36mActiveRecord::InternalMetadata Load (5.3ms)[0m  [1m[34mSELECT  "ar_internal_metadata".* FROM "ar_internal_metadata" WHERE "ar_internal_metadata"."key" = $1 LIMIT $2[0m  [["key", "environment"], ["LIMIT", 1]]
  ↳ bin/rails:9
  [1m[35m (0.3ms)[0m  [1m[35mBEGIN[0m
  ↳ bin/rails:9
  [1m[36mActiveRecord::InternalMetadata Create (1.1ms)[0m  [1m[32mINSERT INTO "ar_internal_metadata" ("key", "value", "created_at", "updated_at") VALUES ($1, $2, $3, $4) RETURNING "key"[0m  [["key", "environment"], ["value", "development"], ["created_at", "2022-05-19 16:58:52.287743"], ["updated_at", "2022-05-19 16:58:52.287743"]]
  ↳ bin/rails:9
  [1m[35m (0.3ms)[0m  [1m[35mCOMMIT[0m
  ↳ bin/rails:9
  [1m[35m (0.2ms)[0m  [1m[34mSELECT pg_advisory_unlock(3310928071694628840)[0m
  ↳ bin/rails:9
  [1m[35m (1.2ms)[0m  [1m[34mSELECT "schema_migrations"."version" FROM "schema_migrations" ORDER BY "schema_migrations"."version" ASC[0m
  ↳ bin/rails:9
  [1m[35m (10.7ms)[0m  [1m[34mSELECT "schema_migrations"."version" FROM "schema_migrations" ORDER BY "schema_migrations"."version" ASC[0m
  ↳ bin/rails:9
  [1m[35m (0.8ms)[0m  [1m[34mSELECT pg_try_advisory_lock(3310928071694628840)[0m
  ↳ bin/rails:9
  [1m[35m (1.4ms)[0m  [1m[34mSELECT "schema_migrations"."version" FROM "schema_migrations" ORDER BY "schema_migrations"."version" ASC[0m
  ↳ bin/rails:9
Migrating to AddFavoriteCoinToUsers (20220519171711)
  [1m[35m (0.2ms)[0m  [1m[35mBEGIN[0m
  ↳ bin/rails:9
  [1m[35m (9.0ms)[0m  [1m[35mALTER TABLE "users" ADD "favorite_coin" character varying NOT NULL[0m
  ↳ db/migrate/20220519171711_add_favorite_coin_to_users.rb:3
  [1m[35m (0.4ms)[0m  [1m[35mALTER TABLE "users" ADD "age" integer NOT NULL[0m
  ↳ db/migrate/20220519171711_add_favorite_coin_to_users.rb:4
  [1m[36mActiveRecord::SchemaMigration Create (0.5ms)[0m  [1m[32mINSERT INTO "schema_migrations" ("version") VALUES ($1) RETURNING "version"[0m  [["version", "20220519171711"]]
  ↳ bin/rails:9
  [1m[35m (7.1ms)[0m  [1m[35mCOMMIT[0m
  ↳ bin/rails:9
  [1m[36mActiveRecord::InternalMetadata Load (9.5ms)[0m  [1m[34mSELECT  "ar_internal_metadata".* FROM "ar_internal_metadata" WHERE "ar_internal_metadata"."key" = $1 LIMIT $2[0m  [["key", "environment"], ["LIMIT", 1]]
  ↳ bin/rails:9
  [1m[35m (0.2ms)[0m  [1m[35mBEGIN[0m
  ↳ bin/rails:9
  [1m[35m (0.2ms)[0m  [1m[35mCOMMIT[0m
  ↳ bin/rails:9
  [1m[35m (0.2ms)[0m  [1m[34mSELECT pg_advisory_unlock(3310928071694628840)[0m
  ↳ bin/rails:9
  [1m[35m (0.3ms)[0m  [1m[34mSELECT "schema_migrations"."version" FROM "schema_migrations" ORDER BY "schema_migrations"."version" ASC[0m
  ↳ bin/rails:9
  [1m[35m (0.5ms)[0m  [1m[34mSELECT "schema_migrations"."version" FROM "schema_migrations" ORDER BY "schema_migrations"."version" ASC[0m
  ↳ bin/rails:9
  [1m[35m (0.8ms)[0m  [1m[34mSELECT pg_try_advisory_lock(3310928071694628840)[0m
  ↳ bin/rails:9
  [1m[35m (11.3ms)[0m  [1m[34mSELECT "schema_migrations"."version" FROM "schema_migrations" ORDER BY "schema_migrations"."version" ASC[0m
  ↳ bin/rails:9
  [1m[36mActiveRecord::InternalMetadata Load (5.8ms)[0m  [1m[34mSELECT  "ar_internal_metadata".* FROM "ar_internal_metadata" WHERE "ar_internal_metadata"."key" = $1 LIMIT $2[0m  [["key", "environment"], ["LIMIT", 1]]
  ↳ bin/rails:9
  [1m[35m (0.2ms)[0m  [1m[35mBEGIN[0m
  ↳ bin/rails:9
  [1m[35m (0.2ms)[0m  [1m[35mCOMMIT[0m
  ↳ bin/rails:9
  [1m[35m (0.3ms)[0m  [1m[34mSELECT pg_advisory_unlock(3310928071694628840)[0m
  ↳ bin/rails:9
  [1m[35m (0.3ms)[0m  [1m[34mSELECT "schema_migrations"."version" FROM "schema_migrations" ORDER BY "schema_migrations"."version" ASC[0m
  ↳ bin/rails:9
  [1m[35m (1.3ms)[0m  [1m[34mSELECT "schema_migrations"."version" FROM "schema_migrations" ORDER BY "schema_migrations"."version" ASC[0m
  ↳ bin/rails:9
  [1m[35m (0.6ms)[0m  [1m[34mSELECT "schema_migrations"."version" FROM "schema_migrations" ORDER BY "schema_migrations"."version" ASC[0m
  ↳ bin/rails:9
  [1m[35m (0.2ms)[0m  [1m[34mSELECT "schema_migrations"."version" FROM "schema_migrations" ORDER BY "schema_migrations"."version" ASC[0m
  ↳ bin/rails:9
  [1m[35m (0.2ms)[0m  [1m[34mSELECT "schema_migrations"."version" FROM "schema_migrations" ORDER BY "schema_migrations"."version" ASC[0m
  ↳ bin/rails:9
  [1m[35m (0.2ms)[0m  [1m[34mSELECT pg_try_advisory_lock(3310928071694628840)[0m
  ↳ bin/rails:9
  [1m[35m (0.2ms)[0m  [1m[34mSELECT "schema_migrations"."version" FROM "schema_migrations" ORDER BY "schema_migrations"."version" ASC[0m
  ↳ bin/rails:9
Migrating to AddFavoriteCoinToUsers (20220519171711)
  [1m[35m (0.2ms)[0m  [1m[35mBEGIN[0m
  ↳ bin/rails:9
  [1m[35m (9.6ms)[0m  [1m[35mALTER TABLE "users" DROP COLUMN "age"[0m
  ↳ bin/rails:9
  [1m[35m (0.4ms)[0m  [1m[35mALTER TABLE "users" DROP COLUMN "favorite_coin"[0m
  ↳ bin/rails:9
  [1m[36mActiveRecord::SchemaMigration Destroy (3.2ms)[0m  [1m[31mDELETE FROM "schema_migrations" WHERE "schema_migrations"."version" = $1[0m  [["version", "20220519171711"]]
  ↳ bin/rails:9
  [1m[35m (12.0ms)[0m  [1m[35mCOMMIT[0m
  ↳ bin/rails:9
  [1m[35m (0.7ms)[0m  [1m[34mSELECT pg_advisory_unlock(3310928071694628840)[0m
  ↳ bin/rails:9
  [1m[35m (0.6ms)[0m  [1m[34mSELECT "schema_migrations"."version" FROM "schema_migrations" ORDER BY "schema_migrations"."version" ASC[0m
  ↳ bin/rails:9
  [1m[35m (1.0ms)[0m  [1m[34mSELECT "schema_migrations"."version" FROM "schema_migrations" ORDER BY "schema_migrations"."version" ASC[0m
  ↳ bin/rails:9
  [1m[35m (0.2ms)[0m  [1m[34mSELECT pg_try_advisory_lock(3310928071694628840)[0m
  ↳ bin/rails:9
  [1m[35m (12.6ms)[0m  [1m[34mSELECT "schema_migrations"."version" FROM "schema_migrations" ORDER BY "schema_migrations"."version" ASC[0m
  ↳ bin/rails:9
Migrating to AddFavoriteCoinToUsers (20220519171711)
  [1m[35m (0.2ms)[0m  [1m[35mBEGIN[0m
  ↳ bin/rails:9
  [1m[35m (3.6ms)[0m  [1m[35mALTER TABLE "users" ADD "favorite_coin" character varying NOT NULL[0m
  ↳ db/migrate/20220519171711_add_favorite_coin_to_users.rb:3
  [1m[35m (0.6ms)[0m  [1m[35mALTER TABLE "users" ADD "age" integer NOT NULL[0m
  ↳ db/migrate/20220519171711_add_favorite_coin_to_users.rb:4
  [1m[36mActiveRecord::SchemaMigration Create (1.9ms)[0m  [1m[32mINSERT INTO "schema_migrations" ("version") VALUES ($1) RETURNING "version"[0m  [["version", "20220519171711"]]
  ↳ bin/rails:9
  [1m[35m (8.7ms)[0m  [1m[35mCOMMIT[0m
  ↳ bin/rails:9
  [1m[36mActiveRecord::InternalMetadata Load (0.7ms)[0m  [1m[34mSELECT  "ar_internal_metadata".* FROM "ar_internal_metadata" WHERE "ar_internal_metadata"."key" = $1 LIMIT $2[0m  [["key", "environment"], ["LIMIT", 1]]
  ↳ bin/rails:9
  [1m[35m (0.2ms)[0m  [1m[35mBEGIN[0m
  ↳ bin/rails:9
  [1m[35m (0.2ms)[0m  [1m[35mCOMMIT[0m
  ↳ bin/rails:9
  [1m[35m (0.2ms)[0m  [1m[34mSELECT pg_advisory_unlock(3310928071694628840)[0m
  ↳ bin/rails:9
  [1m[35m (0.3ms)[0m  [1m[34mSELECT "schema_migrations"."version" FROM "schema_migrations" ORDER BY "schema_migrations"."version" ASC[0m
  ↳ bin/rails:9
  [1m[35m (0.2ms)[0m  [1m[34mSELECT pg_try_advisory_lock(3310928071694628840)[0m
  ↳ bin/rails:9
  [1m[35m (8.5ms)[0m  [1m[34mSELECT "schema_migrations"."version" FROM "schema_migrations" ORDER BY "schema_migrations"."version" ASC[0m
  ↳ bin/rails:9
Migrating to RemoveRankFromUsers (20220519173518)
  [1m[35m (0.2ms)[0m  [1m[35mBEGIN[0m
  ↳ bin/rails:9
  [1m[35m (1.6ms)[0m  [1m[35mALTER TABLE "users" DROP COLUMN "rank"[0m
  ↳ db/migrate/20220519173518_remove_rank_from_users.rb:3
  [1m[35m (0.1ms)[0m  [1m[31mROLLBACK[0m
  ↳ bin/rails:9
  [1m[35m (0.2ms)[0m  [1m[34mSELECT pg_advisory_unlock(3310928071694628840)[0m
  ↳ bin/rails:9
  [1m[35m (0.8ms)[0m  [1m[34mSELECT "schema_migrations"."version" FROM "schema_migrations" ORDER BY "schema_migrations"."version" ASC[0m
  ↳ bin/rails:9
  [1m[35m (0.1ms)[0m  [1m[34mSELECT pg_try_advisory_lock(3310928071694628840)[0m
  ↳ bin/rails:9
  [1m[35m (0.6ms)[0m  [1m[34mSELECT "schema_migrations"."version" FROM "schema_migrations" ORDER BY "schema_migrations"."version" ASC[0m
  ↳ bin/rails:9
Migrating to RemoveRankFromUsers (20220519173518)
  [1m[35m (0.1ms)[0m  [1m[35mBEGIN[0m
  ↳ bin/rails:9
  [1m[35m (1.0ms)[0m  [1m[35mALTER TABLE "users" DROP COLUMN "age"[0m
  ↳ db/migrate/20220519173518_remove_rank_from_users.rb:3
  [1m[36mActiveRecord::SchemaMigration Create (0.5ms)[0m  [1m[32mINSERT INTO "schema_migrations" ("version") VALUES ($1) RETURNING "version"[0m  [["version", "20220519173518"]]
  ↳ bin/rails:9
  [1m[35m (9.1ms)[0m  [1m[35mCOMMIT[0m
  ↳ bin/rails:9
  [1m[36mActiveRecord::InternalMetadata Load (0.6ms)[0m  [1m[34mSELECT  "ar_internal_metadata".* FROM "ar_internal_metadata" WHERE "ar_internal_metadata"."key" = $1 LIMIT $2[0m  [["key", "environment"], ["LIMIT", 1]]
  ↳ bin/rails:9
  [1m[35m (0.1ms)[0m  [1m[35mBEGIN[0m
  ↳ bin/rails:9
  [1m[35m (0.1ms)[0m  [1m[35mCOMMIT[0m
  ↳ bin/rails:9
  [1m[35m (0.2ms)[0m  [1m[34mSELECT pg_advisory_unlock(3310928071694628840)[0m
  ↳ bin/rails:9
  [1m[35m (0.3ms)[0m  [1m[34mSELECT "schema_migrations"."version" FROM "schema_migrations" ORDER BY "schema_migrations"."version" ASC[0m
  ↳ bin/rails:9
  [1m[35m (0.2ms)[0m  [1m[34mSELECT pg_try_advisory_lock(3310928071694628840)[0m
  ↳ bin/rails:9
  [1m[35m (8.1ms)[0m  [1m[34mSELECT "schema_migrations"."version" FROM "schema_migrations" ORDER BY "schema_migrations"."version" ASC[0m
  ↳ bin/rails:9
Migrating to CreateChirps (20220519173947)
  [1m[35m (0.2ms)[0m  [1m[35mBEGIN[0m
  ↳ bin/rails:9
  [1m[35m (44.5ms)[0m  [1m[35mCREATE TABLE "chirps" ("id" bigserial primary key, "body" text NOT NULL, "author_id" integer NOT NULL, "created_at" timestamp NOT NULL, "updated_at" timestamp NOT NULL)[0m
  ↳ db/migrate/20220519173947_create_chirps.rb:3
  [1m[35m (2.5ms)[0m  [1m[35mCREATE  INDEX  "index_chirps_on_author_id" ON "chirps"  ("author_id")[0m
  ↳ db/migrate/20220519173947_create_chirps.rb:10
  [1m[36mActiveRecord::SchemaMigration Create (0.4ms)[0m  [1m[32mINSERT INTO "schema_migrations" ("version") VALUES ($1) RETURNING "version"[0m  [["version", "20220519173947"]]
  ↳ bin/rails:9
  [1m[35m (6.6ms)[0m  [1m[35mCOMMIT[0m
  ↳ bin/rails:9
  [1m[36mActiveRecord::InternalMetadata Load (0.7ms)[0m  [1m[34mSELECT  "ar_internal_metadata".* FROM "ar_internal_metadata" WHERE "ar_internal_metadata"."key" = $1 LIMIT $2[0m  [["key", "environment"], ["LIMIT", 1]]
  ↳ bin/rails:9
  [1m[35m (0.2ms)[0m  [1m[35mBEGIN[0m
  ↳ bin/rails:9
  [1m[35m (0.1ms)[0m  [1m[35mCOMMIT[0m
  ↳ bin/rails:9
  [1m[35m (0.2ms)[0m  [1m[34mSELECT pg_advisory_unlock(3310928071694628840)[0m
  ↳ bin/rails:9
  [1m[35m (0.3ms)[0m  [1m[34mSELECT "schema_migrations"."version" FROM "schema_migrations" ORDER BY "schema_migrations"."version" ASC[0m
  ↳ bin/rails:9
  [1m[35m (0.6ms)[0m  [1m[34mSELECT "schema_migrations"."version" FROM "schema_migrations" ORDER BY "schema_migrations"."version" ASC[0m
  ↳ bin/rails:9
  [1m[35m (9.2ms)[0m  [1m[34mSELECT "schema_migrations"."version" FROM "schema_migrations" ORDER BY "schema_migrations"."version" ASC[0m
  ↳ /home/shhmabbey/.rbenv/versions/2.5.1/bin/annotate:23
  [1m[35m (0.2ms)[0m  [1m[35mBEGIN[0m
  [1m[36mUser Exists (14.1ms)[0m  [1m[34mSELECT  1 AS one FROM "users" WHERE "users"."username" = $1 LIMIT $2[0m  [["username", "banana"], ["LIMIT", 1]]
  [1m[36mUser Exists (0.4ms)[0m  [1m[34mSELECT  1 AS one FROM "users" WHERE "users"."email" = $1 LIMIT $2[0m  [["email", "banana@email.com"], ["LIMIT", 1]]
  [1m[36mUser Create (5.0ms)[0m  [1m[32mINSERT INTO "users" ("username", "email", "created_at", "updated_at") VALUES ($1, $2, $3, $4) RETURNING "id"[0m  [["username", "banana"], ["email", "banana@email.com"], ["created_at", "2022-05-19 18:07:07.051537"], ["updated_at", "2022-05-19 18:07:07.051537"]]
  [1m[35m (0.5ms)[0m  [1m[31mROLLBACK[0m
  [1m[35m (0.2ms)[0m  [1m[35mBEGIN[0m
  [1m[36mUser Exists (0.5ms)[0m  [1m[34mSELECT  1 AS one FROM "users" WHERE "users"."username" = $1 LIMIT $2[0m  [["username", "banana"], ["LIMIT", 1]]
  [1m[36mUser Exists (0.5ms)[0m  [1m[34mSELECT  1 AS one FROM "users" WHERE "users"."email" = $1 LIMIT $2[0m  [["email", "banana@email.com"], ["LIMIT", 1]]
  [1m[36mUser Create (2.0ms)[0m  [1m[32mINSERT INTO "users" ("username", "email", "created_at", "updated_at", "favorite_coin") VALUES ($1, $2, $3, $4, $5) RETURNING "id"[0m  [["username", "banana"], ["email", "banana@email.com"], ["created_at", "2022-05-19 18:08:17.075704"], ["updated_at", "2022-05-19 18:08:17.075704"], ["favorite_coin", "luna"]]
  [1m[35m (10.8ms)[0m  [1m[35mCOMMIT[0m
  [1m[35m (0.3ms)[0m  [1m[35mBEGIN[0m
  [1m[36mUser Exists (3.0ms)[0m  [1m[34mSELECT  1 AS one FROM "users" WHERE "users"."username" = $1 LIMIT $2[0m  [["username", "banana"], ["LIMIT", 1]]
  [1m[36mUser Exists (0.4ms)[0m  [1m[34mSELECT  1 AS one FROM "users" WHERE "users"."email" = $1 LIMIT $2[0m  [["email", "banana@email.com"], ["LIMIT", 1]]
  [1m[35m (0.4ms)[0m  [1m[31mROLLBACK[0m
  [1m[35m (0.2ms)[0m  [1m[35mBEGIN[0m
  [1m[36mUser Exists (0.6ms)[0m  [1m[34mSELECT  1 AS one FROM "users" WHERE "users"."username" = $1 LIMIT $2[0m  [["username", "banana"], ["LIMIT", 1]]
  [1m[36mUser Exists (0.6ms)[0m  [1m[34mSELECT  1 AS one FROM "users" WHERE "users"."email" = $1 LIMIT $2[0m  [["email", "banana@email.com"], ["LIMIT", 1]]
  [1m[35m (0.4ms)[0m  [1m[31mROLLBACK[0m
  [1m[35m (0.8ms)[0m  [1m[34mSELECT "schema_migrations"."version" FROM "schema_migrations" ORDER BY "schema_migrations"."version" ASC[0m
  ↳ /home/shhmabbey/.rbenv/versions/2.5.1/bin/annotate:23
  [1m[35m (0.2ms)[0m  [1m[35mBEGIN[0m
  [1m[35m (0.6ms)[0m  [1m[31mROLLBACK[0m
  [1m[36mUser Load (14.0ms)[0m  [1m[34mSELECT  "users".* FROM "users" ORDER BY "users"."id" ASC LIMIT $1[0m  [["LIMIT", 1]]
  [1m[36mChirp Load (11.1ms)[0m  [1m[34mSELECT  "chirps".* FROM "chirps" ORDER BY "chirps"."id" ASC LIMIT $1[0m  [["LIMIT", 1]]
  [1m[36mUser Load (0.8ms)[0m  [1m[34mSELECT  "users".* FROM "users" ORDER BY "users"."id" ASC LIMIT $1[0m  [["LIMIT", 1]]
  [1m[36mChirp Load (0.7ms)[0m  [1m[34mSELECT  "chirps".* FROM "chirps" ORDER BY "chirps"."id" ASC LIMIT $1[0m  [["LIMIT", 1]]
  [1m[35m (0.2ms)[0m  [1m[35mBEGIN[0m
  [1m[36mUser Load (0.4ms)[0m  [1m[34mSELECT  "users".* FROM "users" WHERE "users"."id" = $1 LIMIT $2[0m  [["id", 1], ["LIMIT", 1]]
  [1m[35m (0.4ms)[0m  [1m[31mROLLBACK[0m
  [1m[36mUser Load (0.7ms)[0m  [1m[34mSELECT  "users".* FROM "users" ORDER BY "users"."id" ASC LIMIT $1[0m  [["LIMIT", 1]]
  [1m[35m (0.2ms)[0m  [1m[35mBEGIN[0m
  [1m[36mUser Load (0.5ms)[0m  [1m[34mSELECT  "users".* FROM "users" WHERE "users"."id" = $1 LIMIT $2[0m  [["id", 2], ["LIMIT", 1]]
  [1m[36mChirp Create (1.6ms)[0m  [1m[32mINSERT INTO "chirps" ("body", "author_id", "created_at", "updated_at") VALUES ($1, $2, $3, $4) RETURNING "id"[0m  [["body", "body is a wonderland"], ["author_id", 2], ["created_at", "2022-05-19 18:53:56.420909"], ["updated_at", "2022-05-19 18:53:56.420909"]]
  [1m[35m (16.6ms)[0m  [1m[35mCOMMIT[0m
  [1m[36mChirp Load (0.3ms)[0m  [1m[34mSELECT "chirps".* FROM "chirps" WHERE "chirps"."author_id" = $1[0m  [["author_id", 2]]
  [1m[35m (0.4ms)[0m  [1m[34mSELECT pg_try_advisory_lock(3310928071694628840)[0m
  ↳ bin/rails:9
  [1m[35m (1.0ms)[0m  [1m[34mSELECT "schema_migrations"."version" FROM "schema_migrations" ORDER BY "schema_migrations"."version" ASC[0m
  ↳ bin/rails:9
Migrating to CreateLikes (20220519190520)
  [1m[35m (0.2ms)[0m  [1m[35mBEGIN[0m
  ↳ bin/rails:9
  [1m[35m (36.9ms)[0m  [1m[35mCREATE TABLE "likes" ("id" bigserial primary key, "liker_id" integer NOT NULL, "chirp_id" integer NOT NULL, "created_at" timestamp NOT NULL, "updated_at" timestamp NOT NULL)[0m
  ↳ db/migrate/20220519190520_create_likes.rb:3
  [1m[35m (3.0ms)[0m  [1m[35mCREATE  INDEX  "index_likes_on_liker_id" ON "likes"  ("liker_id")[0m
  ↳ db/migrate/20220519190520_create_likes.rb:10
  [1m[36mActiveRecord::SchemaMigration Create (0.5ms)[0m  [1m[32mINSERT INTO "schema_migrations" ("version") VALUES ($1) RETURNING "version"[0m  [["version", "20220519190520"]]
  ↳ bin/rails:9
  [1m[35m (6.7ms)[0m  [1m[35mCOMMIT[0m
  ↳ bin/rails:9
  [1m[36mActiveRecord::InternalMetadata Load (0.6ms)[0m  [1m[34mSELECT  "ar_internal_metadata".* FROM "ar_internal_metadata" WHERE "ar_internal_metadata"."key" = $1 LIMIT $2[0m  [["key", "environment"], ["LIMIT", 1]]
  ↳ bin/rails:9
  [1m[35m (0.2ms)[0m  [1m[35mBEGIN[0m
  ↳ bin/rails:9
  [1m[35m (0.2ms)[0m  [1m[35mCOMMIT[0m
  ↳ bin/rails:9
  [1m[35m (0.2ms)[0m  [1m[34mSELECT pg_advisory_unlock(3310928071694628840)[0m
  ↳ bin/rails:9
  [1m[35m (0.3ms)[0m  [1m[34mSELECT "schema_migrations"."version" FROM "schema_migrations" ORDER BY "schema_migrations"."version" ASC[0m
  ↳ bin/rails:9
  [1m[35m (0.8ms)[0m  [1m[34mSELECT "schema_migrations"."version" FROM "schema_migrations" ORDER BY "schema_migrations"."version" ASC[0m
  ↳ bin/rails:9
  [1m[35m (0.2ms)[0m  [1m[34mSELECT pg_try_advisory_lock(3310928071694628840)[0m
  ↳ bin/rails:9
  [1m[35m (8.5ms)[0m  [1m[34mSELECT "schema_migrations"."version" FROM "schema_migrations" ORDER BY "schema_migrations"."version" ASC[0m
  ↳ bin/rails:9
Migrating to UpdateLikerId (20220519191005)
  [1m[35m (0.2ms)[0m  [1m[35mBEGIN[0m
  ↳ bin/rails:9
  [1m[35m (1.8ms)[0m  [1m[35mDROP INDEX  "index_likes_on_liker_id"[0m
  ↳ db/migrate/20220519191005_update_liker_id.rb:3
  [1m[35m (14.2ms)[0m  [1m[35mCREATE UNIQUE INDEX  "index_likes_on_chirp_id_and_liker_id" ON "likes"  ("chirp_id", "liker_id")[0m
  ↳ db/migrate/20220519191005_update_liker_id.rb:4
  [1m[36mActiveRecord::SchemaMigration Create (0.4ms)[0m  [1m[32mINSERT INTO "schema_migrations" ("version") VALUES ($1) RETURNING "version"[0m  [["version", "20220519191005"]]
  ↳ bin/rails:9
  [1m[35m (13.9ms)[0m  [1m[35mCOMMIT[0m
  ↳ bin/rails:9
  [1m[36mActiveRecord::InternalMetadata Load (0.6ms)[0m  [1m[34mSELECT  "ar_internal_metadata".* FROM "ar_internal_metadata" WHERE "ar_internal_metadata"."key" = $1 LIMIT $2[0m  [["key", "environment"], ["LIMIT", 1]]
  ↳ bin/rails:9
  [1m[35m (0.2ms)[0m  [1m[35mBEGIN[0m
  ↳ bin/rails:9
  [1m[35m (0.1ms)[0m  [1m[35mCOMMIT[0m
  ↳ bin/rails:9
  [1m[35m (0.2ms)[0m  [1m[34mSELECT pg_advisory_unlock(3310928071694628840)[0m
  ↳ bin/rails:9
  [1m[35m (0.4ms)[0m  [1m[34mSELECT "schema_migrations"."version" FROM "schema_migrations" ORDER BY "schema_migrations"."version" ASC[0m
  ↳ bin/rails:9
  [1m[35m (1.1ms)[0m  [1m[34mSELECT "schema_migrations"."version" FROM "schema_migrations" ORDER BY "schema_migrations"."version" ASC[0m
  ↳ bin/rails:9
  [1m[35m (0.5ms)[0m  [1m[34mSELECT "schema_migrations"."version" FROM "schema_migrations" ORDER BY "schema_migrations"."version" ASC[0m
  ↳ /home/shhmabbey/.rbenv/versions/2.5.1/bin/annotate:23
  [1m[35m (120.8ms)[0m  [1m[35mCREATE DATABASE "DogeBird_development" ENCODING = 'unicode'[0m
  ↳ bin/rails:9
  [1m[35m (33.7ms)[0m  [1m[35mCREATE DATABASE "DogeBird_test" ENCODING = 'unicode'[0m
  ↳ bin/rails:9
  [1m[35m (56.0ms)[0m  [1m[35mCREATE TABLE "schema_migrations" ("version" character varying NOT NULL PRIMARY KEY)[0m
  ↳ bin/rails:9
  [1m[35m (1.2ms)[0m  [1m[35mCREATE TABLE "ar_internal_metadata" ("key" character varying NOT NULL PRIMARY KEY, "value" character varying, "created_at" timestamp NOT NULL, "updated_at" timestamp NOT NULL)[0m
  ↳ bin/rails:9
  [1m[35m (0.1ms)[0m  [1m[34mSELECT pg_try_advisory_lock(3310928071694628840)[0m
  ↳ bin/rails:9
  [1m[35m (0.2ms)[0m  [1m[34mSELECT "schema_migrations"."version" FROM "schema_migrations" ORDER BY "schema_migrations"."version" ASC[0m
  ↳ bin/rails:9
Migrating to CreateUsers (20220519164646)
  [1m[35m (0.0ms)[0m  [1m[35mBEGIN[0m
  ↳ bin/rails:9
  [1m[35m (2.4ms)[0m  [1m[35mCREATE TABLE "users" ("id" bigserial primary key, "username" character varying NOT NULL, "email" character varying NOT NULL, "created_at" timestamp NOT NULL, "updated_at" timestamp NOT NULL)[0m
  ↳ db/migrate/20220519164646_create_users.rb:3
  [1m[35m (0.8ms)[0m  [1m[35mCREATE UNIQUE INDEX  "index_users_on_username" ON "users"  ("username")[0m
  ↳ db/migrate/20220519164646_create_users.rb:9
  [1m[35m (0.4ms)[0m  [1m[35mCREATE UNIQUE INDEX  "index_users_on_email" ON "users"  ("email")[0m
  ↳ db/migrate/20220519164646_create_users.rb:10
  [1m[36mActiveRecord::SchemaMigration Create (0.4ms)[0m  [1m[32mINSERT INTO "schema_migrations" ("version") VALUES ($1) RETURNING "version"[0m  [["version", "20220519164646"]]
  ↳ bin/rails:9
  [1m[35m (0.4ms)[0m  [1m[35mCOMMIT[0m
  ↳ bin/rails:9
Migrating to AddFavoriteCoinToUsers (20220519171711)
  [1m[35m (0.1ms)[0m  [1m[35mBEGIN[0m
  ↳ bin/rails:9
  [1m[35m (0.4ms)[0m  [1m[35mALTER TABLE "users" ADD "favorite_coin" character varying NOT NULL[0m
  ↳ db/migrate/20220519171711_add_favorite_coin_to_users.rb:3
  [1m[35m (0.1ms)[0m  [1m[35mALTER TABLE "users" ADD "age" integer NOT NULL[0m
  ↳ db/migrate/20220519171711_add_favorite_coin_to_users.rb:4
  [1m[36mActiveRecord::SchemaMigration Create (0.1ms)[0m  [1m[32mINSERT INTO "schema_migrations" ("version") VALUES ($1) RETURNING "version"[0m  [["version", "20220519171711"]]
  ↳ bin/rails:9
  [1m[35m (0.1ms)[0m  [1m[35mCOMMIT[0m
  ↳ bin/rails:9
Migrating to RemoveRankFromUsers (20220519173518)
  [1m[35m (0.0ms)[0m  [1m[35mBEGIN[0m
  ↳ bin/rails:9
  [1m[35m (0.9ms)[0m  [1m[35mALTER TABLE "users" DROP COLUMN "age"[0m
  ↳ db/migrate/20220519173518_remove_rank_from_users.rb:3
  [1m[36mActiveRecord::SchemaMigration Create (0.1ms)[0m  [1m[32mINSERT INTO "schema_migrations" ("version") VALUES ($1) RETURNING "version"[0m  [["version", "20220519173518"]]
  ↳ bin/rails:9
  [1m[35m (0.1ms)[0m  [1m[35mCOMMIT[0m
  ↳ bin/rails:9
Migrating to CreateChirps (20220519173947)
  [1m[35m (0.0ms)[0m  [1m[35mBEGIN[0m
  ↳ bin/rails:9
  [1m[35m (1.7ms)[0m  [1m[35mCREATE TABLE "chirps" ("id" bigserial primary key, "body" text NOT NULL, "author_id" integer NOT NULL, "created_at" timestamp NOT NULL, "updated_at" timestamp NOT NULL)[0m
  ↳ db/migrate/20220519173947_create_chirps.rb:3
  [1m[35m (0.3ms)[0m  [1m[35mCREATE  INDEX  "index_chirps_on_author_id" ON "chirps"  ("author_id")[0m
  ↳ db/migrate/20220519173947_create_chirps.rb:10
  [1m[36mActiveRecord::SchemaMigration Create (0.1ms)[0m  [1m[32mINSERT INTO "schema_migrations" ("version") VALUES ($1) RETURNING "version"[0m  [["version", "20220519173947"]]
  ↳ bin/rails:9
  [1m[35m (0.1ms)[0m  [1m[35mCOMMIT[0m
  ↳ bin/rails:9
Migrating to CreateLikes (20220519190520)
  [1m[35m (0.1ms)[0m  [1m[35mBEGIN[0m
  ↳ bin/rails:9
  [1m[35m (1.1ms)[0m  [1m[35mCREATE TABLE "likes" ("id" bigserial primary key, "liker_id" integer NOT NULL, "chirp_id" integer NOT NULL, "created_at" timestamp NOT NULL, "updated_at" timestamp NOT NULL)[0m
  ↳ db/migrate/20220519190520_create_likes.rb:3
  [1m[35m (0.4ms)[0m  [1m[35mCREATE  INDEX  "index_likes_on_liker_id" ON "likes"  ("liker_id")[0m
  ↳ db/migrate/20220519190520_create_likes.rb:10
  [1m[36mActiveRecord::SchemaMigration Create (0.1ms)[0m  [1m[32mINSERT INTO "schema_migrations" ("version") VALUES ($1) RETURNING "version"[0m  [["version", "20220519190520"]]
  ↳ bin/rails:9
  [1m[35m (0.1ms)[0m  [1m[35mCOMMIT[0m
  ↳ bin/rails:9
Migrating to UpdateLikerId (20220519191005)
  [1m[35m (0.1ms)[0m  [1m[35mBEGIN[0m
  ↳ bin/rails:9
  [1m[35m (3.4ms)[0m  [1m[35mDROP INDEX  "index_likes_on_liker_id"[0m
  ↳ db/migrate/20220519191005_update_liker_id.rb:3
  [1m[35m (0.6ms)[0m  [1m[35mCREATE UNIQUE INDEX  "index_likes_on_chirp_id_and_liker_id" ON "likes"  ("chirp_id", "liker_id")[0m
  ↳ db/migrate/20220519191005_update_liker_id.rb:4
  [1m[36mActiveRecord::SchemaMigration Create (0.2ms)[0m  [1m[32mINSERT INTO "schema_migrations" ("version") VALUES ($1) RETURNING "version"[0m  [["version", "20220519191005"]]
  ↳ bin/rails:9
  [1m[35m (1.3ms)[0m  [1m[35mCOMMIT[0m
  ↳ bin/rails:9
Migrating to AddAgeToUsers (20220520033117)
  [1m[35m (0.1ms)[0m  [1m[35mBEGIN[0m
  ↳ bin/rails:9
  [1m[35m (0.5ms)[0m  [1m[35mALTER TABLE "users" ADD "age" integer NOT NULL[0m
  ↳ db/migrate/20220520033117_add_age_to_users.rb:3
  [1m[36mActiveRecord::SchemaMigration Create (0.2ms)[0m  [1m[32mINSERT INTO "schema_migrations" ("version") VALUES ($1) RETURNING "version"[0m  [["version", "20220520033117"]]
  ↳ bin/rails:9
  [1m[35m (0.1ms)[0m  [1m[35mCOMMIT[0m
  ↳ bin/rails:9
  [1m[36mActiveRecord::InternalMetadata Load (0.2ms)[0m  [1m[34mSELECT  "ar_internal_metadata".* FROM "ar_internal_metadata" WHERE "ar_internal_metadata"."key" = $1 LIMIT $2[0m  [["key", "environment"], ["LIMIT", 1]]
  ↳ bin/rails:9
  [1m[35m (0.1ms)[0m  [1m[35mBEGIN[0m
  ↳ bin/rails:9
  [1m[36mActiveRecord::InternalMetadata Create (1.3ms)[0m  [1m[32mINSERT INTO "ar_internal_metadata" ("key", "value", "created_at", "updated_at") VALUES ($1, $2, $3, $4) RETURNING "key"[0m  [["key", "environment"], ["value", "development"], ["created_at", "2022-05-20 03:31:53.960078"], ["updated_at", "2022-05-20 03:31:53.960078"]]
  ↳ bin/rails:9
  [1m[35m (0.1ms)[0m  [1m[35mCOMMIT[0m
  ↳ bin/rails:9
  [1m[35m (0.1ms)[0m  [1m[34mSELECT pg_advisory_unlock(3310928071694628840)[0m
  ↳ bin/rails:9
  [1m[35m (0.1ms)[0m  [1m[34mSELECT "schema_migrations"."version" FROM "schema_migrations" ORDER BY "schema_migrations"."version" ASC[0m
  ↳ bin/rails:9
  [1m[35m (0.9ms)[0m  [1m[34mSELECT "schema_migrations"."version" FROM "schema_migrations" ORDER BY "schema_migrations"."version" ASC[0m
  ↳ bin/rails:9
  [1m[36mLike Load (1.2ms)[0m  [1m[34mSELECT "likes".* FROM "likes"[0m
  ↳ db/seeds.rb:9
  [1m[36mChirp Load (1.1ms)[0m  [1m[34mSELECT "chirps".* FROM "chirps"[0m
  ↳ db/seeds.rb:10
  [1m[36mUser Load (0.9ms)[0m  [1m[34mSELECT "users".* FROM "users"[0m
  ↳ db/seeds.rb:11
  [1m[35m (0.1ms)[0m  [1m[35mBEGIN[0m
  ↳ db/seeds.rb:15
  [1m[36mUser Exists (0.5ms)[0m  [1m[34mSELECT  1 AS one FROM "users" WHERE "users"."username" = $1 LIMIT $2[0m  [["username", "michaelsoft"], ["LIMIT", 1]]
  ↳ db/seeds.rb:15
  [1m[36mUser Exists (0.2ms)[0m  [1m[34mSELECT  1 AS one FROM "users" WHERE "users"."email" = $1 LIMIT $2[0m  [["email", "pizzaman@msn.ca"], ["LIMIT", 1]]
  ↳ db/seeds.rb:15
  [1m[36mUser Create (1.0ms)[0m  [1m[32mINSERT INTO "users" ("username", "email", "created_at", "updated_at", "favorite_coin", "age") VALUES ($1, $2, $3, $4, $5, $6) RETURNING "id"[0m  [["username", "michaelsoft"], ["email", "pizzaman@msn.ca"], ["created_at", "2022-05-20 03:32:05.820604"], ["updated_at", "2022-05-20 03:32:05.820604"], ["favorite_coin", "Ethereum"], ["age", 99]]
  ↳ db/seeds.rb:15
  [1m[35m (0.4ms)[0m  [1m[35mCOMMIT[0m
  ↳ db/seeds.rb:15
  [1m[35m (0.1ms)[0m  [1m[35mBEGIN[0m
  ↳ db/seeds.rb:16
  [1m[36mUser Exists (0.2ms)[0m  [1m[34mSELECT  1 AS one FROM "users" WHERE "users"."username" = $1 LIMIT $2[0m  [["username", "chrismas"], ["LIMIT", 1]]
  ↳ db/seeds.rb:16
  [1m[36mUser Exists (0.2ms)[0m  [1m[34mSELECT  1 AS one FROM "users" WHERE "users"."email" = $1 LIMIT $2[0m  [["email", "tasty_chasetea@gmail.com"], ["LIMIT", 1]]
  ↳ db/seeds.rb:16
  [1m[36mUser Create (0.3ms)[0m  [1m[32mINSERT INTO "users" ("username", "email", "created_at", "updated_at", "favorite_coin", "age") VALUES ($1, $2, $3, $4, $5, $6) RETURNING "id"[0m  [["username", "chrismas"], ["email", "tasty_chasetea@gmail.com"], ["created_at", "2022-05-20 03:32:05.824055"], ["updated_at", "2022-05-20 03:32:05.824055"], ["favorite_coin", "Dogecoin"], ["age", 3]]
  ↳ db/seeds.rb:16
  [1m[35m (0.2ms)[0m  [1m[35mCOMMIT[0m
  ↳ db/seeds.rb:16
  [1m[35m (0.1ms)[0m  [1m[35mBEGIN[0m
  ↳ db/seeds.rb:17
  [1m[36mUser Exists (0.2ms)[0m  [1m[34mSELECT  1 AS one FROM "users" WHERE "users"."username" = $1 LIMIT $2[0m  [["username", "paulito"], ["LIMIT", 1]]
  ↳ db/seeds.rb:17
  [1m[36mUser Exists (0.2ms)[0m  [1m[34mSELECT  1 AS one FROM "users" WHERE "users"."email" = $1 LIMIT $2[0m  [["email", "newroom@aa.dev"], ["LIMIT", 1]]
  ↳ db/seeds.rb:17
  [1m[36mUser Create (0.2ms)[0m  [1m[32mINSERT INTO "users" ("username", "email", "created_at", "updated_at", "favorite_coin", "age") VALUES ($1, $2, $3, $4, $5, $6) RETURNING "id"[0m  [["username", "paulito"], ["email", "newroom@aa.dev"], ["created_at", "2022-05-20 03:32:05.826253"], ["updated_at", "2022-05-20 03:32:05.826253"], ["favorite_coin", "Dogecoin"], ["age", 1]]
  ↳ db/seeds.rb:17
  [1m[35m (0.2ms)[0m  [1m[35mCOMMIT[0m
  ↳ db/seeds.rb:17
  [1m[35m (0.1ms)[0m  [1m[35mBEGIN[0m
  ↳ db/seeds.rb:18
  [1m[36mUser Exists (0.2ms)[0m  [1m[34mSELECT  1 AS one FROM "users" WHERE "users"."username" = $1 LIMIT $2[0m  [["username", "shmaybe"], ["LIMIT", 1]]
  ↳ db/seeds.rb:18
  [1m[36mUser Exists (0.2ms)[0m  [1m[34mSELECT  1 AS one FROM "users" WHERE "users"."email" = $1 LIMIT $2[0m  [["email", "gale@geocities.com"], ["LIMIT", 1]]
  ↳ db/seeds.rb:18
  [1m[36mUser Create (0.2ms)[0m  [1m[32mINSERT INTO "users" ("username", "email", "created_at", "updated_at", "favorite_coin", "age") VALUES ($1, $2, $3, $4, $5, $6) RETURNING "id"[0m  [["username", "shmaybe"], ["email", "gale@geocities.com"], ["created_at", "2022-05-20 03:32:05.828312"], ["updated_at", "2022-05-20 03:32:05.828312"], ["favorite_coin", "Ethereum"], ["age", 11]]
  ↳ db/seeds.rb:18
  [1m[35m (0.2ms)[0m  [1m[35mCOMMIT[0m
  ↳ db/seeds.rb:18
  [1m[35m (0.1ms)[0m  [1m[35mBEGIN[0m
  ↳ db/seeds.rb:19
  [1m[36mUser Exists (0.2ms)[0m  [1m[34mSELECT  1 AS one FROM "users" WHERE "users"."username" = $1 LIMIT $2[0m  [["username", "taylor_made"], ["LIMIT", 1]]
  ↳ db/seeds.rb:19
  [1m[36mUser Exists (0.2ms)[0m  [1m[34mSELECT  1 AS one FROM "users" WHERE "users"."email" = $1 LIMIT $2[0m  [["email", "craycray4taytay@hotmail.com"], ["LIMIT", 1]]
  ↳ db/seeds.rb:19
  [1m[36mUser Create (0.2ms)[0m  [1m[32mINSERT INTO "users" ("username", "email", "created_at", "updated_at", "favorite_coin", "age") VALUES ($1, $2, $3, $4, $5, $6) RETURNING "id"[0m  [["username", "taylor_made"], ["email", "craycray4taytay@hotmail.com"], ["created_at", "2022-05-20 03:32:05.830570"], ["updated_at", "2022-05-20 03:32:05.830570"], ["favorite_coin", "Bitcoin"], ["age", 30]]
  ↳ db/seeds.rb:19
  [1m[35m (0.2ms)[0m  [1m[35mCOMMIT[0m
  ↳ db/seeds.rb:19
  [1m[35m (0.1ms)[0m  [1m[35mBEGIN[0m
  ↳ db/seeds.rb:20
  [1m[36mUser Exists (0.2ms)[0m  [1m[34mSELECT  1 AS one FROM "users" WHERE "users"."username" = $1 LIMIT $2[0m  [["username", "darelicte"], ["LIMIT", 1]]
  ↳ db/seeds.rb:20
  [1m[36mUser Exists (0.2ms)[0m  [1m[34mSELECT  1 AS one FROM "users" WHERE "users"."email" = $1 LIMIT $2[0m  [["email", "capEtan@aa.io"], ["LIMIT", 1]]
  ↳ db/seeds.rb:20
  [1m[36mUser Create (0.2ms)[0m  [1m[32mINSERT INTO "users" ("username", "email", "created_at", "updated_at", "favorite_coin", "age") VALUES ($1, $2, $3, $4, $5, $6) RETURNING "id"[0m  [["username", "darelicte"], ["email", "capEtan@aa.io"], ["created_at", "2022-05-20 03:32:05.832811"], ["updated_at", "2022-05-20 03:32:05.832811"], ["favorite_coin", "USD Coin"], ["age", 79]]
  ↳ db/seeds.rb:20
  [1m[35m (0.2ms)[0m  [1m[35mCOMMIT[0m
  ↳ db/seeds.rb:20
  [1m[35m (0.1ms)[0m  [1m[35mBEGIN[0m
  ↳ db/seeds.rb:21
  [1m[36mUser Exists (0.3ms)[0m  [1m[34mSELECT  1 AS one FROM "users" WHERE "users"."username" = $1 LIMIT $2[0m  [["username", "disneeland"], ["LIMIT", 1]]
  ↳ db/seeds.rb:21
  [1m[36mUser Exists (0.2ms)[0m  [1m[34mSELECT  1 AS one FROM "users" WHERE "users"."email" = $1 LIMIT $2[0m  [["email", "ilovedogs@yahoo.com"], ["LIMIT", 1]]
  ↳ db/seeds.rb:21
  [1m[36mUser Create (0.3ms)[0m  [1m[32mINSERT INTO "users" ("username", "email", "created_at", "updated_at", "favorite_coin", "age") VALUES ($1, $2, $3, $4, $5, $6) RETURNING "id"[0m  [["username", "disneeland"], ["email", "ilovedogs@yahoo.com"], ["created_at", "2022-05-20 03:32:05.835194"], ["updated_at", "2022-05-20 03:32:05.835194"], ["favorite_coin", "Bitcoin"], ["age", 19]]
  ↳ db/seeds.rb:21
  [1m[35m (0.2ms)[0m  [1m[35mCOMMIT[0m
  ↳ db/seeds.rb:21
  [1m[35m (0.1ms)[0m  [1m[35mBEGIN[0m
  ↳ db/seeds.rb:22
  [1m[36mUser Exists (0.2ms)[0m  [1m[34mSELECT  1 AS one FROM "users" WHERE "users"."username" = $1 LIMIT $2[0m  [["username", "dieguccio"], ["LIMIT", 1]]
  ↳ db/seeds.rb:22
  [1m[36mUser Exists (0.2ms)[0m  [1m[34mSELECT  1 AS one FROM "users" WHERE "users"."email" = $1 LIMIT $2[0m  [["email", "dieguccio@aol.org"], ["LIMIT", 1]]
  ↳ db/seeds.rb:22
  [1m[36mUser Create (0.3ms)[0m  [1m[32mINSERT INTO "users" ("username", "email", "created_at", "updated_at", "favorite_coin", "age") VALUES ($1, $2, $3, $4, $5, $6) RETURNING "id"[0m  [["username", "dieguccio"], ["email", "dieguccio@aol.org"], ["created_at", "2022-05-20 03:32:05.837571"], ["updated_at", "2022-05-20 03:32:05.837571"], ["favorite_coin", "Bitcoin"], ["age", 21]]
  ↳ db/seeds.rb:22
  [1m[35m (0.2ms)[0m  [1m[35mCOMMIT[0m
  ↳ db/seeds.rb:22
  [1m[35m (0.1ms)[0m  [1m[35mBEGIN[0m
  ↳ db/seeds.rb:25
  [1m[36mUser Load (0.2ms)[0m  [1m[34mSELECT  "users".* FROM "users" WHERE "users"."id" = $1 LIMIT $2[0m  [["id", 1], ["LIMIT", 1]]
  ↳ db/seeds.rb:25
  [1m[36mChirp Create (0.7ms)[0m  [1m[32mINSERT INTO "chirps" ("body", "author_id", "created_at", "updated_at") VALUES ($1, $2, $3, $4) RETURNING "id"[0m  [["body", "has this app been blessed by lord elon yet?"], ["author_id", 1], ["created_at", "2022-05-20 03:32:05.850637"], ["updated_at", "2022-05-20 03:32:05.850637"]]
  ↳ db/seeds.rb:25
  [1m[35m (0.2ms)[0m  [1m[35mCOMMIT[0m
  ↳ db/seeds.rb:25
  [1m[35m (0.1ms)[0m  [1m[35mBEGIN[0m
  ↳ db/seeds.rb:26
  [1m[36mUser Load (0.2ms)[0m  [1m[34mSELECT  "users".* FROM "users" WHERE "users"."id" = $1 LIMIT $2[0m  [["id", 3], ["LIMIT", 1]]
  ↳ db/seeds.rb:26
  [1m[36mChirp Create (0.2ms)[0m  [1m[32mINSERT INTO "chirps" ("body", "author_id", "created_at", "updated_at") VALUES ($1, $2, $3, $4) RETURNING "id"[0m  [["body", "we should name our app twinkle"], ["author_id", 3], ["created_at", "2022-05-20 03:32:05.853332"], ["updated_at", "2022-05-20 03:32:05.853332"]]
  ↳ db/seeds.rb:26
  [1m[35m (0.2ms)[0m  [1m[35mCOMMIT[0m
  ↳ db/seeds.rb:26
  [1m[35m (0.1ms)[0m  [1m[35mBEGIN[0m
  ↳ db/seeds.rb:27
  [1m[36mUser Load (0.2ms)[0m  [1m[34mSELECT  "users".* FROM "users" WHERE "users"."id" = $1 LIMIT $2[0m  [["id", 2], ["LIMIT", 1]]
  ↳ db/seeds.rb:27
  [1m[36mChirp Create (0.2ms)[0m  [1m[32mINSERT INTO "chirps" ("body", "author_id", "created_at", "updated_at") VALUES ($1, $2, $3, $4) RETURNING "id"[0m  [["body", "@paulito please no"], ["author_id", 2], ["created_at", "2022-05-20 03:32:05.855201"], ["updated_at", "2022-05-20 03:32:05.855201"]]
  ↳ db/seeds.rb:27
  [1m[35m (0.2ms)[0m  [1m[35mCOMMIT[0m
  ↳ db/seeds.rb:27
  [1m[35m (0.1ms)[0m  [1m[35mBEGIN[0m
  ↳ db/seeds.rb:28
  [1m[36mUser Load (0.2ms)[0m  [1m[34mSELECT  "users".* FROM "users" WHERE "users"."id" = $1 LIMIT $2[0m  [["id", 7], ["LIMIT", 1]]
  ↳ db/seeds.rb:28
  [1m[36mChirp Create (0.2ms)[0m  [1m[32mINSERT INTO "chirps" ("body", "author_id", "created_at", "updated_at") VALUES ($1, $2, $3, $4) RETURNING "id"[0m  [["body", "Wish I could be a dog and hang out with dogs all day"], ["author_id", 7], ["created_at", "2022-05-20 03:32:05.857005"], ["updated_at", "2022-05-20 03:32:05.857005"]]
  ↳ db/seeds.rb:28
  [1m[35m (0.2ms)[0m  [1m[35mCOMMIT[0m
  ↳ db/seeds.rb:28
  [1m[35m (0.1ms)[0m  [1m[35mBEGIN[0m
  ↳ db/seeds.rb:29
  [1m[36mUser Load (0.2ms)[0m  [1m[34mSELECT  "users".* FROM "users" WHERE "users"."id" = $1 LIMIT $2[0m  [["id", 5], ["LIMIT", 1]]
  ↳ db/seeds.rb:29
  [1m[36mChirp Create (0.2ms)[0m  [1m[32mINSERT INTO "chirps" ("body", "author_id", "created_at", "updated_at") VALUES ($1, $2, $3, $4) RETURNING "id"[0m  [["body", "@disneeland please no"], ["author_id", 5], ["created_at", "2022-05-20 03:32:05.858776"], ["updated_at", "2022-05-20 03:32:05.858776"]]
  ↳ db/seeds.rb:29
  [1m[35m (0.2ms)[0m  [1m[35mCOMMIT[0m
  ↳ db/seeds.rb:29
  [1m[35m (0.1ms)[0m  [1m[35mBEGIN[0m
  ↳ db/seeds.rb:30
  [1m[36mUser Load (0.2ms)[0m  [1m[34mSELECT  "users".* FROM "users" WHERE "users"."id" = $1 LIMIT $2[0m  [["id", 4], ["LIMIT", 1]]
  ↳ db/seeds.rb:30
  [1m[36mChirp Create (0.2ms)[0m  [1m[32mINSERT INTO "chirps" ("body", "author_id", "created_at", "updated_at") VALUES ($1, $2, $3, $4) RETURNING "id"[0m  [["body", "I need a new phone number D:"], ["author_id", 4], ["created_at", "2022-05-20 03:32:05.860562"], ["updated_at", "2022-05-20 03:32:05.860562"]]
  ↳ db/seeds.rb:30
  [1m[35m (0.2ms)[0m  [1m[35mCOMMIT[0m
  ↳ db/seeds.rb:30
  [1m[35m (0.1ms)[0m  [1m[35mBEGIN[0m
  ↳ db/seeds.rb:31
  [1m[36mUser Load (0.1ms)[0m  [1m[34mSELECT  "users".* FROM "users" WHERE "users"."id" = $1 LIMIT $2[0m  [["id", 8], ["LIMIT", 1]]
  ↳ db/seeds.rb:31
  [1m[36mChirp Create (0.3ms)[0m  [1m[32mINSERT INTO "chirps" ("body", "author_id", "created_at", "updated_at") VALUES ($1, $2, $3, $4) RETURNING "id"[0m  [["body", "San Francisco has the worst food in the country not even joking"], ["author_id", 8], ["created_at", "2022-05-20 03:32:05.862226"], ["updated_at", "2022-05-20 03:32:05.862226"]]
  ↳ db/seeds.rb:31
  [1m[35m (0.2ms)[0m  [1m[35mCOMMIT[0m
  ↳ db/seeds.rb:31
  [1m[35m (0.1ms)[0m  [1m[35mBEGIN[0m
  ↳ db/seeds.rb:32
  [1m[36mUser Load (0.1ms)[0m  [1m[34mSELECT  "users".* FROM "users" WHERE "users"."id" = $1 LIMIT $2[0m  [["id", 1], ["LIMIT", 1]]
  ↳ db/seeds.rb:32
  [1m[36mChirp Create (0.2ms)[0m  [1m[32mINSERT INTO "chirps" ("body", "author_id", "created_at", "updated_at") VALUES ($1, $2, $3, $4) RETURNING "id"[0m  [["body", "Captain's log, stardate 45944.1. We have still not found any good pizza in the gamma quadrant."], ["author_id", 1], ["created_at", "2022-05-20 03:32:05.864034"], ["updated_at", "2022-05-20 03:32:05.864034"]]
  ↳ db/seeds.rb:32
  [1m[35m (0.2ms)[0m  [1m[35mCOMMIT[0m
  ↳ db/seeds.rb:32
  [1m[35m (0.1ms)[0m  [1m[35mBEGIN[0m
  ↳ db/seeds.rb:33
  [1m[36mUser Load (0.1ms)[0m  [1m[34mSELECT  "users".* FROM "users" WHERE "users"."id" = $1 LIMIT $2[0m  [["id", 6], ["LIMIT", 1]]
  ↳ db/seeds.rb:33
  [1m[36mChirp Create (0.2ms)[0m  [1m[32mINSERT INTO "chirps" ("body", "author_id", "created_at", "updated_at") VALUES ($1, $2, $3, $4) RETURNING "id"[0m  [["body", "Thanks @michaelsoft, I'm addicted to super auto pets now"], ["author_id", 6], ["created_at", "2022-05-20 03:32:05.865925"], ["updated_at", "2022-05-20 03:32:05.865925"]]
  ↳ db/seeds.rb:33
  [1m[35m (0.2ms)[0m  [1m[35mCOMMIT[0m
  ↳ db/seeds.rb:33
  [1m[35m (0.1ms)[0m  [1m[35mBEGIN[0m
  ↳ db/seeds.rb:34
  [1m[36mUser Load (0.1ms)[0m  [1m[34mSELECT  "users".* FROM "users" WHERE "users"."id" = $1 LIMIT $2[0m  [["id", 2], ["LIMIT", 1]]
  ↳ db/seeds.rb:34
  [1m[36mChirp Create (0.3ms)[0m  [1m[32mINSERT INTO "chirps" ("body", "author_id", "created_at", "updated_at") VALUES ($1, $2, $3, $4) RETURNING "id"[0m  [["body", "Has anyone lost their glasses? We found someone's glasses in Torvalds."], ["author_id", 2], ["created_at", "2022-05-20 03:32:05.872339"], ["updated_at", "2022-05-20 03:32:05.872339"]]
  ↳ db/seeds.rb:34
  [1m[35m (0.2ms)[0m  [1m[35mCOMMIT[0m
  ↳ db/seeds.rb:34
  [1m[35m (0.1ms)[0m  [1m[35mBEGIN[0m
  ↳ db/seeds.rb:38
  [1m[36mUser Load (0.1ms)[0m  [1m[34mSELECT  "users".* FROM "users" WHERE "users"."id" = $1 LIMIT $2[0m  [["id", 1], ["LIMIT", 1]]
  ↳ db/seeds.rb:38
  [1m[36mChirp Load (0.2ms)[0m  [1m[34mSELECT  "chirps".* FROM "chirps" WHERE "chirps"."id" = $1 LIMIT $2[0m  [["id", 3], ["LIMIT", 1]]
  ↳ db/seeds.rb:38
  [1m[36mLike Create (0.7ms)[0m  [1m[32mINSERT INTO "likes" ("liker_id", "chirp_id", "created_at", "updated_at") VALUES ($1, $2, $3, $4) RETURNING "id"[0m  [["liker_id", 1], ["chirp_id", 3], ["created_at", "2022-05-20 03:32:05.881644"], ["updated_at", "2022-05-20 03:32:05.881644"]]
  ↳ db/seeds.rb:38
  [1m[35m (0.3ms)[0m  [1m[35mCOMMIT[0m
  ↳ db/seeds.rb:38
  [1m[35m (0.1ms)[0m  [1m[35mBEGIN[0m
  ↳ db/seeds.rb:39
  [1m[36mUser Load (0.1ms)[0m  [1m[34mSELECT  "users".* FROM "users" WHERE "users"."id" = $1 LIMIT $2[0m  [["id", 1], ["LIMIT", 1]]
  ↳ db/seeds.rb:39
  [1m[36mChirp Load (0.2ms)[0m  [1m[34mSELECT  "chirps".* FROM "chirps" WHERE "chirps"."id" = $1 LIMIT $2[0m  [["id", 5], ["LIMIT", 1]]
  ↳ db/seeds.rb:39
  [1m[36mLike Create (0.9ms)[0m  [1m[32mINSERT INTO "likes" ("liker_id", "chirp_id", "created_at", "updated_at") VALUES ($1, $2, $3, $4) RETURNING "id"[0m  [["liker_id", 1], ["chirp_id", 5], ["created_at", "2022-05-20 03:32:05.884805"], ["updated_at", "2022-05-20 03:32:05.884805"]]
  ↳ db/seeds.rb:39
  [1m[35m (0.4ms)[0m  [1m[35mCOMMIT[0m
  ↳ db/seeds.rb:39
  [1m[35m (0.1ms)[0m  [1m[35mBEGIN[0m
  ↳ db/seeds.rb:40
  [1m[36mUser Load (0.1ms)[0m  [1m[34mSELECT  "users".* FROM "users" WHERE "users"."id" = $1 LIMIT $2[0m  [["id", 1], ["LIMIT", 1]]
  ↳ db/seeds.rb:40
  [1m[36mChirp Load (0.2ms)[0m  [1m[34mSELECT  "chirps".* FROM "chirps" WHERE "chirps"."id" = $1 LIMIT $2[0m  [["id", 9], ["LIMIT", 1]]
  ↳ db/seeds.rb:40
  [1m[36mLike Create (0.2ms)[0m  [1m[32mINSERT INTO "likes" ("liker_id", "chirp_id", "created_at", "updated_at") VALUES ($1, $2, $3, $4) RETURNING "id"[0m  [["liker_id", 1], ["chirp_id", 9], ["created_at", "2022-05-20 03:32:05.888180"], ["updated_at", "2022-05-20 03:32:05.888180"]]
  ↳ db/seeds.rb:40
  [1m[35m (0.2ms)[0m  [1m[35mCOMMIT[0m
  ↳ db/seeds.rb:40
  [1m[35m (0.1ms)[0m  [1m[35mBEGIN[0m
  ↳ db/seeds.rb:43
  [1m[36mUser Load (0.1ms)[0m  [1m[34mSELECT  "users".* FROM "users" WHERE "users"."id" = $1 LIMIT $2[0m  [["id", 3], ["LIMIT", 1]]
  ↳ db/seeds.rb:43
  [1m[36mChirp Load (0.2ms)[0m  [1m[34mSELECT  "chirps".* FROM "chirps" WHERE "chirps"."id" = $1 LIMIT $2[0m  [["id", 1], ["LIMIT", 1]]
  ↳ db/seeds.rb:43
  [1m[36mLike Create (0.2ms)[0m  [1m[32mINSERT INTO "likes" ("liker_id", "chirp_id", "created_at", "updated_at") VALUES ($1, $2, $3, $4) RETURNING "id"[0m  [["liker_id", 3], ["chirp_id", 1], ["created_at", "2022-05-20 03:32:05.890611"], ["updated_at", "2022-05-20 03:32:05.890611"]]
  ↳ db/seeds.rb:43
  [1m[35m (0.2ms)[0m  [1m[35mCOMMIT[0m
  ↳ db/seeds.rb:43
  [1m[35m (0.1ms)[0m  [1m[35mBEGIN[0m
  ↳ db/seeds.rb:44
  [1m[36mUser Load (0.1ms)[0m  [1m[34mSELECT  "users".* FROM "users" WHERE "users"."id" = $1 LIMIT $2[0m  [["id", 3], ["LIMIT", 1]]
  ↳ db/seeds.rb:44
  [1m[36mChirp Load (0.2ms)[0m  [1m[34mSELECT  "chirps".* FROM "chirps" WHERE "chirps"."id" = $1 LIMIT $2[0m  [["id", 7], ["LIMIT", 1]]
  ↳ db/seeds.rb:44
  [1m[36mLike Create (0.2ms)[0m  [1m[32mINSERT INTO "likes" ("liker_id", "chirp_id", "created_at", "updated_at") VALUES ($1, $2, $3, $4) RETURNING "id"[0m  [["liker_id", 3], ["chirp_id", 7], ["created_at", "2022-05-20 03:32:05.893064"], ["updated_at", "2022-05-20 03:32:05.893064"]]
  ↳ db/seeds.rb:44
  [1m[35m (0.2ms)[0m  [1m[35mCOMMIT[0m
  ↳ db/seeds.rb:44
  [1m[35m (0.1ms)[0m  [1m[35mBEGIN[0m
  ↳ db/seeds.rb:45
  [1m[36mUser Load (0.1ms)[0m  [1m[34mSELECT  "users".* FROM "users" WHERE "users"."id" = $1 LIMIT $2[0m  [["id", 3], ["LIMIT", 1]]
  ↳ db/seeds.rb:45
  [1m[36mChirp Load (0.2ms)[0m  [1m[34mSELECT  "chirps".* FROM "chirps" WHERE "chirps"."id" = $1 LIMIT $2[0m  [["id", 10], ["LIMIT", 1]]
  ↳ db/seeds.rb:45
  [1m[36mLike Create (0.2ms)[0m  [1m[32mINSERT INTO "likes" ("liker_id", "chirp_id", "created_at", "updated_at") VALUES ($1, $2, $3, $4) RETURNING "id"[0m  [["liker_id", 3], ["chirp_id", 10], ["created_at", "2022-05-20 03:32:05.895498"], ["updated_at", "2022-05-20 03:32:05.895498"]]
  ↳ db/seeds.rb:45
  [1m[35m (0.2ms)[0m  [1m[35mCOMMIT[0m
  ↳ db/seeds.rb:45
  [1m[35m (0.1ms)[0m  [1m[35mBEGIN[0m
  ↳ db/seeds.rb:48
  [1m[36mUser Load (0.1ms)[0m  [1m[34mSELECT  "users".* FROM "users" WHERE "users"."id" = $1 LIMIT $2[0m  [["id", 4], ["LIMIT", 1]]
  ↳ db/seeds.rb:48
  [1m[36mChirp Load (0.1ms)[0m  [1m[34mSELECT  "chirps".* FROM "chirps" WHERE "chirps"."id" = $1 LIMIT $2[0m  [["id", 4], ["LIMIT", 1]]
  ↳ db/seeds.rb:48
  [1m[36mLike Create (0.3ms)[0m  [1m[32mINSERT INTO "likes" ("liker_id", "chirp_id", "created_at", "updated_at") VALUES ($1, $2, $3, $4) RETURNING "id"[0m  [["liker_id", 4], ["chirp_id", 4], ["created_at", "2022-05-20 03:32:05.897882"], ["updated_at", "2022-05-20 03:32:05.897882"]]
  ↳ db/seeds.rb:48
  [1m[35m (0.2ms)[0m  [1m[35mCOMMIT[0m
  ↳ db/seeds.rb:48
  [1m[35m (0.1ms)[0m  [1m[35mBEGIN[0m
  ↳ db/seeds.rb:49
  [1m[36mUser Load (0.1ms)[0m  [1m[34mSELECT  "users".* FROM "users" WHERE "users"."id" = $1 LIMIT $2[0m  [["id", 4], ["LIMIT", 1]]
  ↳ db/seeds.rb:49
  [1m[36mChirp Load (0.1ms)[0m  [1m[34mSELECT  "chirps".* FROM "chirps" WHERE "chirps"."id" = $1 LIMIT $2[0m  [["id", 6], ["LIMIT", 1]]
  ↳ db/seeds.rb:49
  [1m[36mLike Create (0.9ms)[0m  [1m[32mINSERT INTO "likes" ("liker_id", "chirp_id", "created_at", "updated_at") VALUES ($1, $2, $3, $4) RETURNING "id"[0m  [["liker_id", 4], ["chirp_id", 6], ["created_at", "2022-05-20 03:32:05.900250"], ["updated_at", "2022-05-20 03:32:05.900250"]]
  ↳ db/seeds.rb:49
  [1m[35m (0.2ms)[0m  [1m[35mCOMMIT[0m
  ↳ db/seeds.rb:49
  [1m[35m (0.1ms)[0m  [1m[35mBEGIN[0m
  ↳ db/seeds.rb:50
  [1m[36mUser Load (0.1ms)[0m  [1m[34mSELECT  "users".* FROM "users" WHERE "users"."id" = $1 LIMIT $2[0m  [["id", 4], ["LIMIT", 1]]
  ↳ db/seeds.rb:50
  [1m[36mChirp Load (0.1ms)[0m  [1m[34mSELECT  "chirps".* FROM "chirps" WHERE "chirps"."id" = $1 LIMIT $2[0m  [["id", 8], ["LIMIT", 1]]
  ↳ db/seeds.rb:50
  [1m[36mLike Create (0.2ms)[0m  [1m[32mINSERT INTO "likes" ("liker_id", "chirp_id", "created_at", "updated_at") VALUES ($1, $2, $3, $4) RETURNING "id"[0m  [["liker_id", 4], ["chirp_id", 8], ["created_at", "2022-05-20 03:32:05.903279"], ["updated_at", "2022-05-20 03:32:05.903279"]]
  ↳ db/seeds.rb:50
  [1m[35m (0.2ms)[0m  [1m[35mCOMMIT[0m
  ↳ db/seeds.rb:50
  [1m[35m (0.1ms)[0m  [1m[35mBEGIN[0m
  ↳ db/seeds.rb:51
  [1m[36mUser Load (0.1ms)[0m  [1m[34mSELECT  "users".* FROM "users" WHERE "users"."id" = $1 LIMIT $2[0m  [["id", 4], ["LIMIT", 1]]
  ↳ db/seeds.rb:51
  [1m[36mChirp Load (0.1ms)[0m  [1m[34mSELECT  "chirps".* FROM "chirps" WHERE "chirps"."id" = $1 LIMIT $2[0m  [["id", 10], ["LIMIT", 1]]
  ↳ db/seeds.rb:51
  [1m[36mLike Create (0.2ms)[0m  [1m[32mINSERT INTO "likes" ("liker_id", "chirp_id", "created_at", "updated_at") VALUES ($1, $2, $3, $4) RETURNING "id"[0m  [["liker_id", 4], ["chirp_id", 10], ["created_at", "2022-05-20 03:32:05.905583"], ["updated_at", "2022-05-20 03:32:05.905583"]]
  ↳ db/seeds.rb:51
  [1m[35m (0.2ms)[0m  [1m[35mCOMMIT[0m
  ↳ db/seeds.rb:51
  [1m[35m (0.1ms)[0m  [1m[35mBEGIN[0m
  ↳ db/seeds.rb:54
  [1m[36mUser Load (0.1ms)[0m  [1m[34mSELECT  "users".* FROM "users" WHERE "users"."id" = $1 LIMIT $2[0m  [["id", 2], ["LIMIT", 1]]
  ↳ db/seeds.rb:54
  [1m[36mChirp Load (0.1ms)[0m  [1m[34mSELECT  "chirps".* FROM "chirps" WHERE "chirps"."id" = $1 LIMIT $2[0m  [["id", 2], ["LIMIT", 1]]
  ↳ db/seeds.rb:54
  [1m[36mLike Create (0.2ms)[0m  [1m[32mINSERT INTO "likes" ("liker_id", "chirp_id", "created_at", "updated_at") VALUES ($1, $2, $3, $4) RETURNING "id"[0m  [["liker_id", 2], ["chirp_id", 2], ["created_at", "2022-05-20 03:32:05.907939"], ["updated_at", "2022-05-20 03:32:05.907939"]]
  ↳ db/seeds.rb:54
  [1m[35m (0.2ms)[0m  [1m[35mCOMMIT[0m
  ↳ db/seeds.rb:54
  [1m[35m (0.1ms)[0m  [1m[35mBEGIN[0m
  ↳ db/seeds.rb:55
  [1m[36mUser Load (0.1ms)[0m  [1m[34mSELECT  "users".* FROM "users" WHERE "users"."id" = $1 LIMIT $2[0m  [["id", 2], ["LIMIT", 1]]
  ↳ db/seeds.rb:55
  [1m[36mChirp Load (0.1ms)[0m  [1m[34mSELECT  "chirps".* FROM "chirps" WHERE "chirps"."id" = $1 LIMIT $2[0m  [["id", 4], ["LIMIT", 1]]
  ↳ db/seeds.rb:55
  [1m[36mLike Create (0.2ms)[0m  [1m[32mINSERT INTO "likes" ("liker_id", "chirp_id", "created_at", "updated_at") VALUES ($1, $2, $3, $4) RETURNING "id"[0m  [["liker_id", 2], ["chirp_id", 4], ["created_at", "2022-05-20 03:32:05.910290"], ["updated_at", "2022-05-20 03:32:05.910290"]]
  ↳ db/seeds.rb:55
  [1m[35m (0.2ms)[0m  [1m[35mCOMMIT[0m
  ↳ db/seeds.rb:55
  [1m[35m (0.1ms)[0m  [1m[35mBEGIN[0m
  ↳ db/seeds.rb:56
  [1m[36mUser Load (0.1ms)[0m  [1m[34mSELECT  "users".* FROM "users" WHERE "users"."id" = $1 LIMIT $2[0m  [["id", 2], ["LIMIT", 1]]
  ↳ db/seeds.rb:56
  [1m[36mChirp Load (0.1ms)[0m  [1m[34mSELECT  "chirps".* FROM "chirps" WHERE "chirps"."id" = $1 LIMIT $2[0m  [["id", 5], ["LIMIT", 1]]
  ↳ db/seeds.rb:56
  [1m[36mLike Create (0.2ms)[0m  [1m[32mINSERT INTO "likes" ("liker_id", "chirp_id", "created_at", "updated_at") VALUES ($1, $2, $3, $4) RETURNING "id"[0m  [["liker_id", 2], ["chirp_id", 5], ["created_at", "2022-05-20 03:32:05.912647"], ["updated_at", "2022-05-20 03:32:05.912647"]]
  ↳ db/seeds.rb:56
  [1m[35m (0.2ms)[0m  [1m[35mCOMMIT[0m
  ↳ db/seeds.rb:56
  [1m[35m (0.1ms)[0m  [1m[35mBEGIN[0m
  ↳ db/seeds.rb:57
  [1m[36mUser Load (0.1ms)[0m  [1m[34mSELECT  "users".* FROM "users" WHERE "users"."id" = $1 LIMIT $2[0m  [["id", 2], ["LIMIT", 1]]
  ↳ db/seeds.rb:57
  [1m[36mChirp Load (0.1ms)[0m  [1m[34mSELECT  "chirps".* FROM "chirps" WHERE "chirps"."id" = $1 LIMIT $2[0m  [["id", 6], ["LIMIT", 1]]
  ↳ db/seeds.rb:57
  [1m[36mLike Create (0.2ms)[0m  [1m[32mINSERT INTO "likes" ("liker_id", "chirp_id", "created_at", "updated_at") VALUES ($1, $2, $3, $4) RETURNING "id"[0m  [["liker_id", 2], ["chirp_id", 6], ["created_at", "2022-05-20 03:32:05.914966"], ["updated_at", "2022-05-20 03:32:05.914966"]]
  ↳ db/seeds.rb:57
  [1m[35m (0.2ms)[0m  [1m[35mCOMMIT[0m
  ↳ db/seeds.rb:57
  [1m[35m (0.1ms)[0m  [1m[35mBEGIN[0m
  ↳ db/seeds.rb:58
  [1m[36mUser Load (0.1ms)[0m  [1m[34mSELECT  "users".* FROM "users" WHERE "users"."id" = $1 LIMIT $2[0m  [["id", 2], ["LIMIT", 1]]
  ↳ db/seeds.rb:58
  [1m[36mChirp Load (0.1ms)[0m  [1m[34mSELECT  "chirps".* FROM "chirps" WHERE "chirps"."id" = $1 LIMIT $2[0m  [["id", 10], ["LIMIT", 1]]
  ↳ db/seeds.rb:58
  [1m[36mLike Create (0.2ms)[0m  [1m[32mINSERT INTO "likes" ("liker_id", "chirp_id", "created_at", "updated_at") VALUES ($1, $2, $3, $4) RETURNING "id"[0m  [["liker_id", 2], ["chirp_id", 10], ["created_at", "2022-05-20 03:32:05.917347"], ["updated_at", "2022-05-20 03:32:05.917347"]]
  ↳ db/seeds.rb:58
  [1m[35m (0.2ms)[0m  [1m[35mCOMMIT[0m
  ↳ db/seeds.rb:58
  [1m[35m (0.1ms)[0m  [1m[35mBEGIN[0m
  ↳ db/seeds.rb:61
  [1m[36mUser Load (0.1ms)[0m  [1m[34mSELECT  "users".* FROM "users" WHERE "users"."id" = $1 LIMIT $2[0m  [["id", 7], ["LIMIT", 1]]
  ↳ db/seeds.rb:61
  [1m[36mChirp Load (0.1ms)[0m  [1m[34mSELECT  "chirps".* FROM "chirps" WHERE "chirps"."id" = $1 LIMIT $2[0m  [["id", 6], ["LIMIT", 1]]
  ↳ db/seeds.rb:61
  [1m[36mLike Create (0.2ms)[0m  [1m[32mINSERT INTO "likes" ("liker_id", "chirp_id", "created_at", "updated_at") VALUES ($1, $2, $3, $4) RETURNING "id"[0m  [["liker_id", 7], ["chirp_id", 6], ["created_at", "2022-05-20 03:32:05.920462"], ["updated_at", "2022-05-20 03:32:05.920462"]]
  ↳ db/seeds.rb:61
  [1m[35m (0.2ms)[0m  [1m[35mCOMMIT[0m
  ↳ db/seeds.rb:61
  [1m[35m (0.1ms)[0m  [1m[35mBEGIN[0m
  ↳ db/seeds.rb:62
  [1m[36mUser Load (0.1ms)[0m  [1m[34mSELECT  "users".* FROM "users" WHERE "users"."id" = $1 LIMIT $2[0m  [["id", 7], ["LIMIT", 1]]
  ↳ db/seeds.rb:62
  [1m[36mChirp Load (0.1ms)[0m  [1m[34mSELECT  "chirps".* FROM "chirps" WHERE "chirps"."id" = $1 LIMIT $2[0m  [["id", 10], ["LIMIT", 1]]
  ↳ db/seeds.rb:62
  [1m[36mLike Create (0.2ms)[0m  [1m[32mINSERT INTO "likes" ("liker_id", "chirp_id", "created_at", "updated_at") VALUES ($1, $2, $3, $4) RETURNING "id"[0m  [["liker_id", 7], ["chirp_id", 10], ["created_at", "2022-05-20 03:32:05.924134"], ["updated_at", "2022-05-20 03:32:05.924134"]]
  ↳ db/seeds.rb:62
  [1m[35m (0.2ms)[0m  [1m[35mCOMMIT[0m
  ↳ db/seeds.rb:62
  [1m[36mUser Load (1.2ms)[0m  [1m[34mSELECT  "users".* FROM "users" ORDER BY "users"."id" ASC LIMIT $1[0m  [["LIMIT", 1]]
  [1m[36mUser Load (0.5ms)[0m  [1m[34mSELECT  "users".* FROM "users" ORDER BY "users"."id" DESC LIMIT $1[0m  [["LIMIT", 1]]
  [1m[36mUser Load (0.4ms)[0m  [1m[34mSELECT  "users".* FROM "users" WHERE "users"."id" = $1 LIMIT $2[0m  [["id", 13], ["LIMIT", 1]]
  [1m[36mUser Load (0.4ms)[0m  [1m[34mSELECT  "users".* FROM "users" WHERE "users"."id" = $1 LIMIT $2[0m  [["id", 5], ["LIMIT", 1]]
  [1m[36mUser Load (0.3ms)[0m  [1m[34mSELECT  "users".* FROM "users" WHERE "users"."id" = $1 LIMIT $2[0m  [["id", 20], ["LIMIT", 1]]
  [1m[36mUser Load (0.9ms)[0m  [1m[34mSELECT  "users".* FROM "users" WHERE "users"."username" = $1 LIMIT $2[0m  [["username", "shmaybe"], ["LIMIT", 1]]
  [1m[36mUser Load (2.6ms)[0m  [1m[34mSELECT  "users".* FROM "users" WHERE "users"."username" = $1 LIMIT $2[0m  [["username", "fishes"], ["LIMIT", 1]]
  [1m[35m (1.4ms)[0m  [1m[34mSELECT "schema_migrations"."version" FROM "schema_migrations" ORDER BY "schema_migrations"."version" ASC[0m
  ↳ bin/rails:9
  [1m[36mLike Load (1.5ms)[0m  [1m[34mSELECT "likes".* FROM "likes"[0m
  ↳ db/seeds.rb:9
  [1m[35m (0.1ms)[0m  [1m[35mBEGIN[0m
  ↳ db/seeds.rb:9
  [1m[36mLike Destroy (0.5ms)[0m  [1m[31mDELETE FROM "likes" WHERE "likes"."id" = $1[0m  [["id", 1]]
  ↳ db/seeds.rb:9
  [1m[35m (0.5ms)[0m  [1m[35mCOMMIT[0m
  ↳ db/seeds.rb:9
  [1m[35m (0.0ms)[0m  [1m[35mBEGIN[0m
  ↳ db/seeds.rb:9
  [1m[36mLike Destroy (0.4ms)[0m  [1m[31mDELETE FROM "likes" WHERE "likes"."id" = $1[0m  [["id", 2]]
  ↳ db/seeds.rb:9
  [1m[35m (0.1ms)[0m  [1m[35mCOMMIT[0m
  ↳ db/seeds.rb:9
  [1m[35m (0.0ms)[0m  [1m[35mBEGIN[0m
  ↳ db/seeds.rb:9
  [1m[36mLike Destroy (0.1ms)[0m  [1m[31mDELETE FROM "likes" WHERE "likes"."id" = $1[0m  [["id", 3]]
  ↳ db/seeds.rb:9
  [1m[35m (0.1ms)[0m  [1m[35mCOMMIT[0m
  ↳ db/seeds.rb:9
  [1m[35m (0.0ms)[0m  [1m[35mBEGIN[0m
  ↳ db/seeds.rb:9
  [1m[36mLike Destroy (0.1ms)[0m  [1m[31mDELETE FROM "likes" WHERE "likes"."id" = $1[0m  [["id", 4]]
  ↳ db/seeds.rb:9
  [1m[35m (0.1ms)[0m  [1m[35mCOMMIT[0m
  ↳ db/seeds.rb:9
  [1m[35m (0.0ms)[0m  [1m[35mBEGIN[0m
  ↳ db/seeds.rb:9
  [1m[36mLike Destroy (0.1ms)[0m  [1m[31mDELETE FROM "likes" WHERE "likes"."id" = $1[0m  [["id", 5]]
  ↳ db/seeds.rb:9
  [1m[35m (0.1ms)[0m  [1m[35mCOMMIT[0m
  ↳ db/seeds.rb:9
  [1m[35m (0.0ms)[0m  [1m[35mBEGIN[0m
  ↳ db/seeds.rb:9
  [1m[36mLike Destroy (0.0ms)[0m  [1m[31mDELETE FROM "likes" WHERE "likes"."id" = $1[0m  [["id", 6]]
  ↳ db/seeds.rb:9
  [1m[35m (0.1ms)[0m  [1m[35mCOMMIT[0m
  ↳ db/seeds.rb:9
  [1m[35m (0.0ms)[0m  [1m[35mBEGIN[0m
  ↳ db/seeds.rb:9
  [1m[36mLike Destroy (0.0ms)[0m  [1m[31mDELETE FROM "likes" WHERE "likes"."id" = $1[0m  [["id", 7]]
  ↳ db/seeds.rb:9
  [1m[35m (0.1ms)[0m  [1m[35mCOMMIT[0m
  ↳ db/seeds.rb:9
  [1m[35m (0.0ms)[0m  [1m[35mBEGIN[0m
  ↳ db/seeds.rb:9
  [1m[36mLike Destroy (0.0ms)[0m  [1m[31mDELETE FROM "likes" WHERE "likes"."id" = $1[0m  [["id", 8]]
  ↳ db/seeds.rb:9
  [1m[35m (0.1ms)[0m  [1m[35mCOMMIT[0m
  ↳ db/seeds.rb:9
  [1m[35m (0.0ms)[0m  [1m[35mBEGIN[0m
  ↳ db/seeds.rb:9
  [1m[36mLike Destroy (0.1ms)[0m  [1m[31mDELETE FROM "likes" WHERE "likes"."id" = $1[0m  [["id", 9]]
  ↳ db/seeds.rb:9
  [1m[35m (0.1ms)[0m  [1m[35mCOMMIT[0m
  ↳ db/seeds.rb:9
  [1m[35m (0.0ms)[0m  [1m[35mBEGIN[0m
  ↳ db/seeds.rb:9
  [1m[36mLike Destroy (0.0ms)[0m  [1m[31mDELETE FROM "likes" WHERE "likes"."id" = $1[0m  [["id", 10]]
  ↳ db/seeds.rb:9
  [1m[35m (0.1ms)[0m  [1m[35mCOMMIT[0m
  ↳ db/seeds.rb:9
  [1m[35m (0.0ms)[0m  [1m[35mBEGIN[0m
  ↳ db/seeds.rb:9
  [1m[36mLike Destroy (0.0ms)[0m  [1m[31mDELETE FROM "likes" WHERE "likes"."id" = $1[0m  [["id", 11]]
  ↳ db/seeds.rb:9
  [1m[35m (0.1ms)[0m  [1m[35mCOMMIT[0m
  ↳ db/seeds.rb:9
  [1m[35m (0.0ms)[0m  [1m[35mBEGIN[0m
  ↳ db/seeds.rb:9
  [1m[36mLike Destroy (0.0ms)[0m  [1m[31mDELETE FROM "likes" WHERE "likes"."id" = $1[0m  [["id", 12]]
  ↳ db/seeds.rb:9
  [1m[35m (0.1ms)[0m  [1m[35mCOMMIT[0m
  ↳ db/seeds.rb:9
  [1m[35m (0.0ms)[0m  [1m[35mBEGIN[0m
  ↳ db/seeds.rb:9
  [1m[36mLike Destroy (0.0ms)[0m  [1m[31mDELETE FROM "likes" WHERE "likes"."id" = $1[0m  [["id", 13]]
  ↳ db/seeds.rb:9
  [1m[35m (0.1ms)[0m  [1m[35mCOMMIT[0m
  ↳ db/seeds.rb:9
  [1m[35m (0.0ms)[0m  [1m[35mBEGIN[0m
  ↳ db/seeds.rb:9
  [1m[36mLike Destroy (0.0ms)[0m  [1m[31mDELETE FROM "likes" WHERE "likes"."id" = $1[0m  [["id", 14]]
  ↳ db/seeds.rb:9
  [1m[35m (0.1ms)[0m  [1m[35mCOMMIT[0m
  ↳ db/seeds.rb:9
  [1m[35m (0.0ms)[0m  [1m[35mBEGIN[0m
  ↳ db/seeds.rb:9
  [1m[36mLike Destroy (0.1ms)[0m  [1m[31mDELETE FROM "likes" WHERE "likes"."id" = $1[0m  [["id", 15]]
  ↳ db/seeds.rb:9
  [1m[35m (0.1ms)[0m  [1m[35mCOMMIT[0m
  ↳ db/seeds.rb:9
  [1m[35m (0.0ms)[0m  [1m[35mBEGIN[0m
  ↳ db/seeds.rb:9
  [1m[36mLike Destroy (0.1ms)[0m  [1m[31mDELETE FROM "likes" WHERE "likes"."id" = $1[0m  [["id", 16]]
  ↳ db/seeds.rb:9
  [1m[35m (0.1ms)[0m  [1m[35mCOMMIT[0m
  ↳ db/seeds.rb:9
  [1m[35m (0.0ms)[0m  [1m[35mBEGIN[0m
  ↳ db/seeds.rb:9
  [1m[36mLike Destroy (0.0ms)[0m  [1m[31mDELETE FROM "likes" WHERE "likes"."id" = $1[0m  [["id", 17]]
  ↳ db/seeds.rb:9
  [1m[35m (0.1ms)[0m  [1m[35mCOMMIT[0m
  ↳ db/seeds.rb:9
  [1m[36mChirp Load (0.6ms)[0m  [1m[34mSELECT "chirps".* FROM "chirps"[0m
  ↳ db/seeds.rb:10
  [1m[35m (0.1ms)[0m  [1m[35mBEGIN[0m
  ↳ db/seeds.rb:10
  [1m[36mChirp Destroy (0.1ms)[0m  [1m[31mDELETE FROM "chirps" WHERE "chirps"."id" = $1[0m  [["id", 1]]
  ↳ db/seeds.rb:10
  [1m[35m (0.1ms)[0m  [1m[35mCOMMIT[0m
  ↳ db/seeds.rb:10
  [1m[35m (0.0ms)[0m  [1m[35mBEGIN[0m
  ↳ db/seeds.rb:10
  [1m[36mChirp Destroy (0.1ms)[0m  [1m[31mDELETE FROM "chirps" WHERE "chirps"."id" = $1[0m  [["id", 2]]
  ↳ db/seeds.rb:10
  [1m[35m (0.1ms)[0m  [1m[35mCOMMIT[0m
  ↳ db/seeds.rb:10
  [1m[35m (0.1ms)[0m  [1m[35mBEGIN[0m
  ↳ db/seeds.rb:10
  [1m[36mChirp Destroy (0.1ms)[0m  [1m[31mDELETE FROM "chirps" WHERE "chirps"."id" = $1[0m  [["id", 3]]
  ↳ db/seeds.rb:10
  [1m[35m (0.1ms)[0m  [1m[35mCOMMIT[0m
  ↳ db/seeds.rb:10
  [1m[35m (0.0ms)[0m  [1m[35mBEGIN[0m
  ↳ db/seeds.rb:10
  [1m[36mChirp Destroy (0.0ms)[0m  [1m[31mDELETE FROM "chirps" WHERE "chirps"."id" = $1[0m  [["id", 4]]
  ↳ db/seeds.rb:10
  [1m[35m (0.1ms)[0m  [1m[35mCOMMIT[0m
  ↳ db/seeds.rb:10
  [1m[35m (0.0ms)[0m  [1m[35mBEGIN[0m
  ↳ db/seeds.rb:10
  [1m[36mChirp Destroy (0.1ms)[0m  [1m[31mDELETE FROM "chirps" WHERE "chirps"."id" = $1[0m  [["id", 5]]
  ↳ db/seeds.rb:10
  [1m[35m (0.1ms)[0m  [1m[35mCOMMIT[0m
  ↳ db/seeds.rb:10
  [1m[35m (0.0ms)[0m  [1m[35mBEGIN[0m
  ↳ db/seeds.rb:10
  [1m[36mChirp Destroy (0.1ms)[0m  [1m[31mDELETE FROM "chirps" WHERE "chirps"."id" = $1[0m  [["id", 6]]
  ↳ db/seeds.rb:10
  [1m[35m (0.1ms)[0m  [1m[35mCOMMIT[0m
  ↳ db/seeds.rb:10
  [1m[35m (0.0ms)[0m  [1m[35mBEGIN[0m
  ↳ db/seeds.rb:10
  [1m[36mChirp Destroy (0.1ms)[0m  [1m[31mDELETE FROM "chirps" WHERE "chirps"."id" = $1[0m  [["id", 7]]
  ↳ db/seeds.rb:10
  [1m[35m (0.1ms)[0m  [1m[35mCOMMIT[0m
  ↳ db/seeds.rb:10
  [1m[35m (0.0ms)[0m  [1m[35mBEGIN[0m
  ↳ db/seeds.rb:10
  [1m[36mChirp Destroy (0.1ms)[0m  [1m[31mDELETE FROM "chirps" WHERE "chirps"."id" = $1[0m  [["id", 8]]
  ↳ db/seeds.rb:10
  [1m[35m (0.1ms)[0m  [1m[35mCOMMIT[0m
  ↳ db/seeds.rb:10
  [1m[35m (0.0ms)[0m  [1m[35mBEGIN[0m
  ↳ db/seeds.rb:10
  [1m[36mChirp Destroy (0.3ms)[0m  [1m[31mDELETE FROM "chirps" WHERE "chirps"."id" = $1[0m  [["id", 9]]
  ↳ db/seeds.rb:10
  [1m[35m (0.1ms)[0m  [1m[35mCOMMIT[0m
  ↳ db/seeds.rb:10
  [1m[35m (0.0ms)[0m  [1m[35mBEGIN[0m
  ↳ db/seeds.rb:10
  [1m[36mChirp Destroy (0.1ms)[0m  [1m[31mDELETE FROM "chirps" WHERE "chirps"."id" = $1[0m  [["id", 10]]
  ↳ db/seeds.rb:10
  [1m[35m (0.1ms)[0m  [1m[35mCOMMIT[0m
  ↳ db/seeds.rb:10
  [1m[36mUser Load (0.2ms)[0m  [1m[34mSELECT "users".* FROM "users"[0m
  ↳ db/seeds.rb:11
  [1m[35m (0.0ms)[0m  [1m[35mBEGIN[0m
  ↳ db/seeds.rb:11
  [1m[36mUser Destroy (0.5ms)[0m  [1m[31mDELETE FROM "users" WHERE "users"."id" = $1[0m  [["id", 1]]
  ↳ db/seeds.rb:11
  [1m[35m (0.1ms)[0m  [1m[35mCOMMIT[0m
  ↳ db/seeds.rb:11
  [1m[35m (0.0ms)[0m  [1m[35mBEGIN[0m
  ↳ db/seeds.rb:11
  [1m[36mUser Destroy (0.1ms)[0m  [1m[31mDELETE FROM "users" WHERE "users"."id" = $1[0m  [["id", 2]]
  ↳ db/seeds.rb:11
  [1m[35m (0.1ms)[0m  [1m[35mCOMMIT[0m
  ↳ db/seeds.rb:11
  [1m[35m (0.0ms)[0m  [1m[35mBEGIN[0m
  ↳ db/seeds.rb:11
  [1m[36mUser Destroy (0.1ms)[0m  [1m[31mDELETE FROM "users" WHERE "users"."id" = $1[0m  [["id", 3]]
  ↳ db/seeds.rb:11
  [1m[35m (0.1ms)[0m  [1m[35mCOMMIT[0m
  ↳ db/seeds.rb:11
  [1m[35m (0.0ms)[0m  [1m[35mBEGIN[0m
  ↳ db/seeds.rb:11
  [1m[36mUser Destroy (0.0ms)[0m  [1m[31mDELETE FROM "users" WHERE "users"."id" = $1[0m  [["id", 4]]
  ↳ db/seeds.rb:11
  [1m[35m (0.1ms)[0m  [1m[35mCOMMIT[0m
  ↳ db/seeds.rb:11
  [1m[35m (0.0ms)[0m  [1m[35mBEGIN[0m
  ↳ db/seeds.rb:11
  [1m[36mUser Destroy (0.0ms)[0m  [1m[31mDELETE FROM "users" WHERE "users"."id" = $1[0m  [["id", 5]]
  ↳ db/seeds.rb:11
  [1m[35m (0.1ms)[0m  [1m[35mCOMMIT[0m
  ↳ db/seeds.rb:11
  [1m[35m (0.0ms)[0m  [1m[35mBEGIN[0m
  ↳ db/seeds.rb:11
  [1m[36mUser Destroy (0.0ms)[0m  [1m[31mDELETE FROM "users" WHERE "users"."id" = $1[0m  [["id", 6]]
  ↳ db/seeds.rb:11
  [1m[35m (0.1ms)[0m  [1m[35mCOMMIT[0m
  ↳ db/seeds.rb:11
  [1m[35m (0.0ms)[0m  [1m[35mBEGIN[0m
  ↳ db/seeds.rb:11
  [1m[36mUser Destroy (0.4ms)[0m  [1m[31mDELETE FROM "users" WHERE "users"."id" = $1[0m  [["id", 7]]
  ↳ db/seeds.rb:11
  [1m[35m (0.1ms)[0m  [1m[35mCOMMIT[0m
  ↳ db/seeds.rb:11
  [1m[35m (0.0ms)[0m  [1m[35mBEGIN[0m
  ↳ db/seeds.rb:11
  [1m[36mUser Destroy (0.1ms)[0m  [1m[31mDELETE FROM "users" WHERE "users"."id" = $1[0m  [["id", 8]]
  ↳ db/seeds.rb:11
  [1m[35m (0.1ms)[0m  [1m[35mCOMMIT[0m
  ↳ db/seeds.rb:11
  [1m[35m (0.0ms)[0m  [1m[35mBEGIN[0m
  ↳ db/seeds.rb:15
  [1m[36mUser Exists (0.2ms)[0m  [1m[34mSELECT  1 AS one FROM "users" WHERE "users"."username" = $1 LIMIT $2[0m  [["username", "michaelsoft"], ["LIMIT", 1]]
  ↳ db/seeds.rb:15
  [1m[36mUser Exists (0.1ms)[0m  [1m[34mSELECT  1 AS one FROM "users" WHERE "users"."email" = $1 LIMIT $2[0m  [["email", "pizzaman@msn.ca"], ["LIMIT", 1]]
  ↳ db/seeds.rb:15
  [1m[36mUser Create (0.5ms)[0m  [1m[32mINSERT INTO "users" ("username", "email", "created_at", "updated_at", "favorite_coin", "age") VALUES ($1, $2, $3, $4, $5, $6) RETURNING "id"[0m  [["username", "michaelsoft"], ["email", "pizzaman@msn.ca"], ["created_at", "2022-05-20 04:00:17.106396"], ["updated_at", "2022-05-20 04:00:17.106396"], ["favorite_coin", "Ethereum"], ["age", 99]]
  ↳ db/seeds.rb:15
  [1m[35m (0.1ms)[0m  [1m[35mCOMMIT[0m
  ↳ db/seeds.rb:15
  [1m[35m (0.0ms)[0m  [1m[35mBEGIN[0m
  ↳ db/seeds.rb:16
  [1m[36mUser Exists (0.1ms)[0m  [1m[34mSELECT  1 AS one FROM "users" WHERE "users"."username" = $1 LIMIT $2[0m  [["username", "chrismas"], ["LIMIT", 1]]
  ↳ db/seeds.rb:16
  [1m[36mUser Exists (0.1ms)[0m  [1m[34mSELECT  1 AS one FROM "users" WHERE "users"."email" = $1 LIMIT $2[0m  [["email", "tasty_chasetea@gmail.com"], ["LIMIT", 1]]
  ↳ db/seeds.rb:16
  [1m[36mUser Create (0.1ms)[0m  [1m[32mINSERT INTO "users" ("username", "email", "created_at", "updated_at", "favorite_coin", "age") VALUES ($1, $2, $3, $4, $5, $6) RETURNING "id"[0m  [["username", "chrismas"], ["email", "tasty_chasetea@gmail.com"], ["created_at", "2022-05-20 04:00:17.108983"], ["updated_at", "2022-05-20 04:00:17.108983"], ["favorite_coin", "Dogecoin"], ["age", 11]]
  ↳ db/seeds.rb:16
  [1m[35m (0.1ms)[0m  [1m[35mCOMMIT[0m
  ↳ db/seeds.rb:16
  [1m[35m (0.0ms)[0m  [1m[35mBEGIN[0m
  ↳ db/seeds.rb:17
  [1m[36mUser Exists (0.1ms)[0m  [1m[34mSELECT  1 AS one FROM "users" WHERE "users"."username" = $1 LIMIT $2[0m  [["username", "paulito"], ["LIMIT", 1]]
  ↳ db/seeds.rb:17
  [1m[36mUser Exists (0.1ms)[0m  [1m[34mSELECT  1 AS one FROM "users" WHERE "users"."email" = $1 LIMIT $2[0m  [["email", "newroom@aa.dev"], ["LIMIT", 1]]
  ↳ db/seeds.rb:17
  [1m[36mUser Create (0.1ms)[0m  [1m[32mINSERT INTO "users" ("username", "email", "created_at", "updated_at", "favorite_coin", "age") VALUES ($1, $2, $3, $4, $5, $6) RETURNING "id"[0m  [["username", "paulito"], ["email", "newroom@aa.dev"], ["created_at", "2022-05-20 04:00:17.110810"], ["updated_at", "2022-05-20 04:00:17.110810"], ["favorite_coin", "Dogecoin"], ["age", 11]]
  ↳ db/seeds.rb:17
  [1m[35m (0.1ms)[0m  [1m[35mCOMMIT[0m
  ↳ db/seeds.rb:17
  [1m[35m (0.0ms)[0m  [1m[35mBEGIN[0m
  ↳ db/seeds.rb:18
  [1m[36mUser Exists (0.1ms)[0m  [1m[34mSELECT  1 AS one FROM "users" WHERE "users"."username" = $1 LIMIT $2[0m  [["username", "shmaybe"], ["LIMIT", 1]]
  ↳ db/seeds.rb:18
  [1m[36mUser Exists (0.1ms)[0m  [1m[34mSELECT  1 AS one FROM "users" WHERE "users"."email" = $1 LIMIT $2[0m  [["email", "gale@geocities.com"], ["LIMIT", 1]]
  ↳ db/seeds.rb:18
  [1m[36mUser Create (0.1ms)[0m  [1m[32mINSERT INTO "users" ("username", "email", "created_at", "updated_at", "favorite_coin", "age") VALUES ($1, $2, $3, $4, $5, $6) RETURNING "id"[0m  [["username", "shmaybe"], ["email", "gale@geocities.com"], ["created_at", "2022-05-20 04:00:17.112619"], ["updated_at", "2022-05-20 04:00:17.112619"], ["favorite_coin", "Ethereum"], ["age", 11]]
  ↳ db/seeds.rb:18
  [1m[35m (0.1ms)[0m  [1m[35mCOMMIT[0m
  ↳ db/seeds.rb:18
  [1m[35m (0.0ms)[0m  [1m[35mBEGIN[0m
  ↳ db/seeds.rb:19
  [1m[36mUser Exists (0.1ms)[0m  [1m[34mSELECT  1 AS one FROM "users" WHERE "users"."username" = $1 LIMIT $2[0m  [["username", "taylor_made"], ["LIMIT", 1]]
  ↳ db/seeds.rb:19
  [1m[36mUser Exists (0.1ms)[0m  [1m[34mSELECT  1 AS one FROM "users" WHERE "users"."email" = $1 LIMIT $2[0m  [["email", "craycray4taytay@hotmail.com"], ["LIMIT", 1]]
  ↳ db/seeds.rb:19
  [1m[36mUser Create (0.5ms)[0m  [1m[32mINSERT INTO "users" ("username", "email", "created_at", "updated_at", "favorite_coin", "age") VALUES ($1, $2, $3, $4, $5, $6) RETURNING "id"[0m  [["username", "taylor_made"], ["email", "craycray4taytay@hotmail.com"], ["created_at", "2022-05-20 04:00:17.114418"], ["updated_at", "2022-05-20 04:00:17.114418"], ["favorite_coin", "Bitcoin"], ["age", 3]]
  ↳ db/seeds.rb:19
  [1m[35m (0.1ms)[0m  [1m[35mCOMMIT[0m
  ↳ db/seeds.rb:19
  [1m[35m (0.0ms)[0m  [1m[35mBEGIN[0m
  ↳ db/seeds.rb:20
  [1m[36mUser Exists (0.1ms)[0m  [1m[34mSELECT  1 AS one FROM "users" WHERE "users"."username" = $1 LIMIT $2[0m  [["username", "darelicte"], ["LIMIT", 1]]
  ↳ db/seeds.rb:20
  [1m[36mUser Exists (0.1ms)[0m  [1m[34mSELECT  1 AS one FROM "users" WHERE "users"."email" = $1 LIMIT $2[0m  [["email", "capEtan@aa.io"], ["LIMIT", 1]]
  ↳ db/seeds.rb:20
  [1m[36mUser Create (0.1ms)[0m  [1m[32mINSERT INTO "users" ("username", "email", "created_at", "updated_at", "favorite_coin", "age") VALUES ($1, $2, $3, $4, $5, $6) RETURNING "id"[0m  [["username", "darelicte"], ["email", "capEtan@aa.io"], ["created_at", "2022-05-20 04:00:17.120240"], ["updated_at", "2022-05-20 04:00:17.120240"], ["favorite_coin", "USD Coin"], ["age", 79]]
  ↳ db/seeds.rb:20
  [1m[35m (0.1ms)[0m  [1m[35mCOMMIT[0m
  ↳ db/seeds.rb:20
  [1m[35m (0.0ms)[0m  [1m[35mBEGIN[0m
  ↳ db/seeds.rb:21
  [1m[36mUser Exists (0.1ms)[0m  [1m[34mSELECT  1 AS one FROM "users" WHERE "users"."username" = $1 LIMIT $2[0m  [["username", "disneeland"], ["LIMIT", 1]]
  ↳ db/seeds.rb:21
  [1m[36mUser Exists (0.1ms)[0m  [1m[34mSELECT  1 AS one FROM "users" WHERE "users"."email" = $1 LIMIT $2[0m  [["email", "ilovedogs@yahoo.com"], ["LIMIT", 1]]
  ↳ db/seeds.rb:21
  [1m[36mUser Create (0.1ms)[0m  [1m[32mINSERT INTO "users" ("username", "email", "created_at", "updated_at", "favorite_coin", "age") VALUES ($1, $2, $3, $4, $5, $6) RETURNING "id"[0m  [["username", "disneeland"], ["email", "ilovedogs@yahoo.com"], ["created_at", "2022-05-20 04:00:17.122051"], ["updated_at", "2022-05-20 04:00:17.122051"], ["favorite_coin", "Bitcoin"], ["age", 19]]
  ↳ db/seeds.rb:21
  [1m[35m (0.1ms)[0m  [1m[35mCOMMIT[0m
  ↳ db/seeds.rb:21
  [1m[35m (0.0ms)[0m  [1m[35mBEGIN[0m
  ↳ db/seeds.rb:22
  [1m[36mUser Exists (0.1ms)[0m  [1m[34mSELECT  1 AS one FROM "users" WHERE "users"."username" = $1 LIMIT $2[0m  [["username", "dieguccio"], ["LIMIT", 1]]
  ↳ db/seeds.rb:22
  [1m[36mUser Exists (0.1ms)[0m  [1m[34mSELECT  1 AS one FROM "users" WHERE "users"."email" = $1 LIMIT $2[0m  [["email", "dieguccio@aol.org"], ["LIMIT", 1]]
  ↳ db/seeds.rb:22
  [1m[36mUser Create (0.1ms)[0m  [1m[32mINSERT INTO "users" ("username", "email", "created_at", "updated_at", "favorite_coin", "age") VALUES ($1, $2, $3, $4, $5, $6) RETURNING "id"[0m  [["username", "dieguccio"], ["email", "dieguccio@aol.org"], ["created_at", "2022-05-20 04:00:17.123784"], ["updated_at", "2022-05-20 04:00:17.123784"], ["favorite_coin", "Bitcoin"], ["age", 21]]
  ↳ db/seeds.rb:22
  [1m[35m (0.1ms)[0m  [1m[35mCOMMIT[0m
  ↳ db/seeds.rb:22
  [1m[35m (0.0ms)[0m  [1m[35mBEGIN[0m
  ↳ db/seeds.rb:25
  [1m[36mUser Load (0.1ms)[0m  [1m[34mSELECT  "users".* FROM "users" WHERE "users"."id" = $1 LIMIT $2[0m  [["id", 9], ["LIMIT", 1]]
  ↳ db/seeds.rb:25
  [1m[36mChirp Create (0.1ms)[0m  [1m[32mINSERT INTO "chirps" ("body", "author_id", "created_at", "updated_at") VALUES ($1, $2, $3, $4) RETURNING "id"[0m  [["body", "has this app been blessed by lord elon yet?"], ["author_id", 9], ["created_at", "2022-05-20 04:00:17.129818"], ["updated_at", "2022-05-20 04:00:17.129818"]]
  ↳ db/seeds.rb:25
  [1m[35m (0.1ms)[0m  [1m[35mCOMMIT[0m
  ↳ db/seeds.rb:25
  [1m[35m (0.0ms)[0m  [1m[35mBEGIN[0m
  ↳ db/seeds.rb:26
  [1m[36mUser Load (0.1ms)[0m  [1m[34mSELECT  "users".* FROM "users" WHERE "users"."id" = $1 LIMIT $2[0m  [["id", 11], ["LIMIT", 1]]
  ↳ db/seeds.rb:26
  [1m[36mChirp Create (0.1ms)[0m  [1m[32mINSERT INTO "chirps" ("body", "author_id", "created_at", "updated_at") VALUES ($1, $2, $3, $4) RETURNING "id"[0m  [["body", "we should name our app twinkle"], ["author_id", 11], ["created_at", "2022-05-20 04:00:17.131390"], ["updated_at", "2022-05-20 04:00:17.131390"]]
  ↳ db/seeds.rb:26
  [1m[35m (0.1ms)[0m  [1m[35mCOMMIT[0m
  ↳ db/seeds.rb:26
  [1m[35m (0.0ms)[0m  [1m[35mBEGIN[0m
  ↳ db/seeds.rb:27
  [1m[36mUser Load (0.1ms)[0m  [1m[34mSELECT  "users".* FROM "users" WHERE "users"."id" = $1 LIMIT $2[0m  [["id", 10], ["LIMIT", 1]]
  ↳ db/seeds.rb:27
  [1m[36mChirp Create (0.1ms)[0m  [1m[32mINSERT INTO "chirps" ("body", "author_id", "created_at", "updated_at") VALUES ($1, $2, $3, $4) RETURNING "id"[0m  [["body", "@paulito please no"], ["author_id", 10], ["created_at", "2022-05-20 04:00:17.132827"], ["updated_at", "2022-05-20 04:00:17.132827"]]
  ↳ db/seeds.rb:27
  [1m[35m (0.1ms)[0m  [1m[35mCOMMIT[0m
  ↳ db/seeds.rb:27
  [1m[35m (0.0ms)[0m  [1m[35mBEGIN[0m
  ↳ db/seeds.rb:28
  [1m[36mUser Load (0.1ms)[0m  [1m[34mSELECT  "users".* FROM "users" WHERE "users"."id" = $1 LIMIT $2[0m  [["id", 15], ["LIMIT", 1]]
  ↳ db/seeds.rb:28
  [1m[36mChirp Create (0.1ms)[0m  [1m[32mINSERT INTO "chirps" ("body", "author_id", "created_at", "updated_at") VALUES ($1, $2, $3, $4) RETURNING "id"[0m  [["body", "Wish I could be a dog and hang out with dogs all day"], ["author_id", 15], ["created_at", "2022-05-20 04:00:17.134230"], ["updated_at", "2022-05-20 04:00:17.134230"]]
  ↳ db/seeds.rb:28
  [1m[35m (0.2ms)[0m  [1m[35mCOMMIT[0m
  ↳ db/seeds.rb:28
  [1m[35m (0.0ms)[0m  [1m[35mBEGIN[0m
  ↳ db/seeds.rb:29
  [1m[36mUser Load (0.1ms)[0m  [1m[34mSELECT  "users".* FROM "users" WHERE "users"."id" = $1 LIMIT $2[0m  [["id", 13], ["LIMIT", 1]]
  ↳ db/seeds.rb:29
  [1m[36mChirp Create (0.1ms)[0m  [1m[32mINSERT INTO "chirps" ("body", "author_id", "created_at", "updated_at") VALUES ($1, $2, $3, $4) RETURNING "id"[0m  [["body", "@disneeland please no"], ["author_id", 13], ["created_at", "2022-05-20 04:00:17.135797"], ["updated_at", "2022-05-20 04:00:17.135797"]]
  ↳ db/seeds.rb:29
  [1m[35m (0.1ms)[0m  [1m[35mCOMMIT[0m
  ↳ db/seeds.rb:29
  [1m[35m (0.0ms)[0m  [1m[35mBEGIN[0m
  ↳ db/seeds.rb:30
  [1m[36mUser Load (0.1ms)[0m  [1m[34mSELECT  "users".* FROM "users" WHERE "users"."id" = $1 LIMIT $2[0m  [["id", 12], ["LIMIT", 1]]
  ↳ db/seeds.rb:30
  [1m[36mChirp Create (0.1ms)[0m  [1m[32mINSERT INTO "chirps" ("body", "author_id", "created_at", "updated_at") VALUES ($1, $2, $3, $4) RETURNING "id"[0m  [["body", "I need a new phone number D:"], ["author_id", 12], ["created_at", "2022-05-20 04:00:17.137183"], ["updated_at", "2022-05-20 04:00:17.137183"]]
  ↳ db/seeds.rb:30
  [1m[35m (0.1ms)[0m  [1m[35mCOMMIT[0m
  ↳ db/seeds.rb:30
  [1m[35m (0.0ms)[0m  [1m[35mBEGIN[0m
  ↳ db/seeds.rb:31
  [1m[36mUser Load (0.0ms)[0m  [1m[34mSELECT  "users".* FROM "users" WHERE "users"."id" = $1 LIMIT $2[0m  [["id", 16], ["LIMIT", 1]]
  ↳ db/seeds.rb:31
  [1m[36mChirp Create (0.1ms)[0m  [1m[32mINSERT INTO "chirps" ("body", "author_id", "created_at", "updated_at") VALUES ($1, $2, $3, $4) RETURNING "id"[0m  [["body", "San Francisco has the worst food in the country not even joking"], ["author_id", 16], ["created_at", "2022-05-20 04:00:17.138571"], ["updated_at", "2022-05-20 04:00:17.138571"]]
  ↳ db/seeds.rb:31
  [1m[35m (0.1ms)[0m  [1m[35mCOMMIT[0m
  ↳ db/seeds.rb:31
  [1m[35m (0.0ms)[0m  [1m[35mBEGIN[0m
  ↳ db/seeds.rb:32
  [1m[36mUser Load (0.0ms)[0m  [1m[34mSELECT  "users".* FROM "users" WHERE "users"."id" = $1 LIMIT $2[0m  [["id", 9], ["LIMIT", 1]]
  ↳ db/seeds.rb:32
  [1m[36mChirp Create (0.1ms)[0m  [1m[32mINSERT INTO "chirps" ("body", "author_id", "created_at", "updated_at") VALUES ($1, $2, $3, $4) RETURNING "id"[0m  [["body", "Captain's log, stardate 45944.1. We have still not found any good pizza in the gamma quadrant."], ["author_id", 9], ["created_at", "2022-05-20 04:00:17.139989"], ["updated_at", "2022-05-20 04:00:17.139989"]]
  ↳ db/seeds.rb:32
  [1m[35m (0.1ms)[0m  [1m[35mCOMMIT[0m
  ↳ db/seeds.rb:32
  [1m[35m (0.0ms)[0m  [1m[35mBEGIN[0m
  ↳ db/seeds.rb:33
  [1m[36mUser Load (0.0ms)[0m  [1m[34mSELECT  "users".* FROM "users" WHERE "users"."id" = $1 LIMIT $2[0m  [["id", 14], ["LIMIT", 1]]
  ↳ db/seeds.rb:33
  [1m[36mChirp Create (0.1ms)[0m  [1m[32mINSERT INTO "chirps" ("body", "author_id", "created_at", "updated_at") VALUES ($1, $2, $3, $4) RETURNING "id"[0m  [["body", "Thanks @michaelsoft, I'm addicted to super auto pets now"], ["author_id", 14], ["created_at", "2022-05-20 04:00:17.141377"], ["updated_at", "2022-05-20 04:00:17.141377"]]
  ↳ db/seeds.rb:33
  [1m[35m (0.1ms)[0m  [1m[35mCOMMIT[0m
  ↳ db/seeds.rb:33
  [1m[35m (0.0ms)[0m  [1m[35mBEGIN[0m
  ↳ db/seeds.rb:34
  [1m[36mUser Load (0.0ms)[0m  [1m[34mSELECT  "users".* FROM "users" WHERE "users"."id" = $1 LIMIT $2[0m  [["id", 10], ["LIMIT", 1]]
  ↳ db/seeds.rb:34
  [1m[36mChirp Create (0.1ms)[0m  [1m[32mINSERT INTO "chirps" ("body", "author_id", "created_at", "updated_at") VALUES ($1, $2, $3, $4) RETURNING "id"[0m  [["body", "Has anyone lost their glasses? We found someone's glasses in Torvalds."], ["author_id", 10], ["created_at", "2022-05-20 04:00:17.142756"], ["updated_at", "2022-05-20 04:00:17.142756"]]
  ↳ db/seeds.rb:34
  [1m[35m (0.1ms)[0m  [1m[35mCOMMIT[0m
  ↳ db/seeds.rb:34
  [1m[35m (0.0ms)[0m  [1m[35mBEGIN[0m
  ↳ db/seeds.rb:38
  [1m[36mUser Load (0.0ms)[0m  [1m[34mSELECT  "users".* FROM "users" WHERE "users"."id" = $1 LIMIT $2[0m  [["id", 9], ["LIMIT", 1]]
  ↳ db/seeds.rb:38
  [1m[36mChirp Load (0.1ms)[0m  [1m[34mSELECT  "chirps".* FROM "chirps" WHERE "chirps"."id" = $1 LIMIT $2[0m  [["id", 13], ["LIMIT", 1]]
  ↳ db/seeds.rb:38
  [1m[36mLike Create (0.1ms)[0m  [1m[32mINSERT INTO "likes" ("liker_id", "chirp_id", "created_at", "updated_at") VALUES ($1, $2, $3, $4) RETURNING "id"[0m  [["liker_id", 9], ["chirp_id", 13], ["created_at", "2022-05-20 04:00:17.146047"], ["updated_at", "2022-05-20 04:00:17.146047"]]
  ↳ db/seeds.rb:38
  [1m[35m (0.1ms)[0m  [1m[35mCOMMIT[0m
  ↳ db/seeds.rb:38
  [1m[35m (0.0ms)[0m  [1m[35mBEGIN[0m
  ↳ db/seeds.rb:39
  [1m[36mUser Load (0.0ms)[0m  [1m[34mSELECT  "users".* FROM "users" WHERE "users"."id" = $1 LIMIT $2[0m  [["id", 9], ["LIMIT", 1]]
  ↳ db/seeds.rb:39
  [1m[36mChirp Load (0.0ms)[0m  [1m[34mSELECT  "chirps".* FROM "chirps" WHERE "chirps"."id" = $1 LIMIT $2[0m  [["id", 15], ["LIMIT", 1]]
  ↳ db/seeds.rb:39
  [1m[36mLike Create (0.1ms)[0m  [1m[32mINSERT INTO "likes" ("liker_id", "chirp_id", "created_at", "updated_at") VALUES ($1, $2, $3, $4) RETURNING "id"[0m  [["liker_id", 9], ["chirp_id", 15], ["created_at", "2022-05-20 04:00:17.147974"], ["updated_at", "2022-05-20 04:00:17.147974"]]
  ↳ db/seeds.rb:39
  [1m[35m (0.1ms)[0m  [1m[35mCOMMIT[0m
  ↳ db/seeds.rb:39
  [1m[35m (0.0ms)[0m  [1m[35mBEGIN[0m
  ↳ db/seeds.rb:40
  [1m[36mUser Load (0.0ms)[0m  [1m[34mSELECT  "users".* FROM "users" WHERE "users"."id" = $1 LIMIT $2[0m  [["id", 9], ["LIMIT", 1]]
  ↳ db/seeds.rb:40
  [1m[36mChirp Load (0.1ms)[0m  [1m[34mSELECT  "chirps".* FROM "chirps" WHERE "chirps"."id" = $1 LIMIT $2[0m  [["id", 19], ["LIMIT", 1]]
  ↳ db/seeds.rb:40
  [1m[36mLike Create (0.1ms)[0m  [1m[32mINSERT INTO "likes" ("liker_id", "chirp_id", "created_at", "updated_at") VALUES ($1, $2, $3, $4) RETURNING "id"[0m  [["liker_id", 9], ["chirp_id", 19], ["created_at", "2022-05-20 04:00:17.149808"], ["updated_at", "2022-05-20 04:00:17.149808"]]
  ↳ db/seeds.rb:40
  [1m[35m (0.1ms)[0m  [1m[35mCOMMIT[0m
  ↳ db/seeds.rb:40
  [1m[35m (0.0ms)[0m  [1m[35mBEGIN[0m
  ↳ db/seeds.rb:43
  [1m[36mUser Load (0.0ms)[0m  [1m[34mSELECT  "users".* FROM "users" WHERE "users"."id" = $1 LIMIT $2[0m  [["id", 11], ["LIMIT", 1]]
  ↳ db/seeds.rb:43
  [1m[36mChirp Load (0.1ms)[0m  [1m[34mSELECT  "chirps".* FROM "chirps" WHERE "chirps"."id" = $1 LIMIT $2[0m  [["id", 11], ["LIMIT", 1]]
  ↳ db/seeds.rb:43
  [1m[36mLike Create (0.1ms)[0m  [1m[32mINSERT INTO "likes" ("liker_id", "chirp_id", "created_at", "updated_at") VALUES ($1, $2, $3, $4) RETURNING "id"[0m  [["liker_id", 11], ["chirp_id", 11], ["created_at", "2022-05-20 04:00:17.151616"], ["updated_at", "2022-05-20 04:00:17.151616"]]
  ↳ db/seeds.rb:43
  [1m[35m (0.1ms)[0m  [1m[35mCOMMIT[0m
  ↳ db/seeds.rb:43
  [1m[35m (0.0ms)[0m  [1m[35mBEGIN[0m
  ↳ db/seeds.rb:44
  [1m[36mUser Load (0.0ms)[0m  [1m[34mSELECT  "users".* FROM "users" WHERE "users"."id" = $1 LIMIT $2[0m  [["id", 11], ["LIMIT", 1]]
  ↳ db/seeds.rb:44
  [1m[36mChirp Load (0.1ms)[0m  [1m[34mSELECT  "chirps".* FROM "chirps" WHERE "chirps"."id" = $1 LIMIT $2[0m  [["id", 17], ["LIMIT", 1]]
  ↳ db/seeds.rb:44
  [1m[36mLike Create (0.1ms)[0m  [1m[32mINSERT INTO "likes" ("liker_id", "chirp_id", "created_at", "updated_at") VALUES ($1, $2, $3, $4) RETURNING "id"[0m  [["liker_id", 11], ["chirp_id", 17], ["created_at", "2022-05-20 04:00:17.153428"], ["updated_at", "2022-05-20 04:00:17.153428"]]
  ↳ db/seeds.rb:44
  [1m[35m (0.1ms)[0m  [1m[35mCOMMIT[0m
  ↳ db/seeds.rb:44
  [1m[35m (0.0ms)[0m  [1m[35mBEGIN[0m
  ↳ db/seeds.rb:45
  [1m[36mUser Load (0.0ms)[0m  [1m[34mSELECT  "users".* FROM "users" WHERE "users"."id" = $1 LIMIT $2[0m  [["id", 11], ["LIMIT", 1]]
  ↳ db/seeds.rb:45
  [1m[36mChirp Load (0.1ms)[0m  [1m[34mSELECT  "chirps".* FROM "chirps" WHERE "chirps"."id" = $1 LIMIT $2[0m  [["id", 20], ["LIMIT", 1]]
  ↳ db/seeds.rb:45
  [1m[36mLike Create (0.1ms)[0m  [1m[32mINSERT INTO "likes" ("liker_id", "chirp_id", "created_at", "updated_at") VALUES ($1, $2, $3, $4) RETURNING "id"[0m  [["liker_id", 11], ["chirp_id", 20], ["created_at", "2022-05-20 04:00:17.155234"], ["updated_at", "2022-05-20 04:00:17.155234"]]
  ↳ db/seeds.rb:45
  [1m[35m (0.1ms)[0m  [1m[35mCOMMIT[0m
  ↳ db/seeds.rb:45
  [1m[35m (0.0ms)[0m  [1m[35mBEGIN[0m
  ↳ db/seeds.rb:48
  [1m[36mUser Load (0.0ms)[0m  [1m[34mSELECT  "users".* FROM "users" WHERE "users"."id" = $1 LIMIT $2[0m  [["id", 12], ["LIMIT", 1]]
  ↳ db/seeds.rb:48
  [1m[36mChirp Load (0.0ms)[0m  [1m[34mSELECT  "chirps".* FROM "chirps" WHERE "chirps"."id" = $1 LIMIT $2[0m  [["id", 14], ["LIMIT", 1]]
  ↳ db/seeds.rb:48
  [1m[36mLike Create (0.1ms)[0m  [1m[32mINSERT INTO "likes" ("liker_id", "chirp_id", "created_at", "updated_at") VALUES ($1, $2, $3, $4) RETURNING "id"[0m  [["liker_id", 12], ["chirp_id", 14], ["created_at", "2022-05-20 04:00:17.157013"], ["updated_at", "2022-05-20 04:00:17.157013"]]
  ↳ db/seeds.rb:48
  [1m[35m (0.1ms)[0m  [1m[35mCOMMIT[0m
  ↳ db/seeds.rb:48
  [1m[35m (0.0ms)[0m  [1m[35mBEGIN[0m
  ↳ db/seeds.rb:49
  [1m[36mUser Load (0.0ms)[0m  [1m[34mSELECT  "users".* FROM "users" WHERE "users"."id" = $1 LIMIT $2[0m  [["id", 12], ["LIMIT", 1]]
  ↳ db/seeds.rb:49
  [1m[36mChirp Load (0.0ms)[0m  [1m[34mSELECT  "chirps".* FROM "chirps" WHERE "chirps"."id" = $1 LIMIT $2[0m  [["id", 16], ["LIMIT", 1]]
  ↳ db/seeds.rb:49
  [1m[36mLike Create (0.1ms)[0m  [1m[32mINSERT INTO "likes" ("liker_id", "chirp_id", "created_at", "updated_at") VALUES ($1, $2, $3, $4) RETURNING "id"[0m  [["liker_id", 12], ["chirp_id", 16], ["created_at", "2022-05-20 04:00:17.158826"], ["updated_at", "2022-05-20 04:00:17.158826"]]
  ↳ db/seeds.rb:49
  [1m[35m (0.1ms)[0m  [1m[35mCOMMIT[0m
  ↳ db/seeds.rb:49
  [1m[35m (0.0ms)[0m  [1m[35mBEGIN[0m
  ↳ db/seeds.rb:50
  [1m[36mUser Load (0.0ms)[0m  [1m[34mSELECT  "users".* FROM "users" WHERE "users"."id" = $1 LIMIT $2[0m  [["id", 12], ["LIMIT", 1]]
  ↳ db/seeds.rb:50
  [1m[36mChirp Load (0.0ms)[0m  [1m[34mSELECT  "chirps".* FROM "chirps" WHERE "chirps"."id" = $1 LIMIT $2[0m  [["id", 18], ["LIMIT", 1]]
  ↳ db/seeds.rb:50
  [1m[36mLike Create (0.1ms)[0m  [1m[32mINSERT INTO "likes" ("liker_id", "chirp_id", "created_at", "updated_at") VALUES ($1, $2, $3, $4) RETURNING "id"[0m  [["liker_id", 12], ["chirp_id", 18], ["created_at", "2022-05-20 04:00:17.160632"], ["updated_at", "2022-05-20 04:00:17.160632"]]
  ↳ db/seeds.rb:50
  [1m[35m (0.1ms)[0m  [1m[35mCOMMIT[0m
  ↳ db/seeds.rb:50
  [1m[35m (0.0ms)[0m  [1m[35mBEGIN[0m
  ↳ db/seeds.rb:51
  [1m[36mUser Load (0.0ms)[0m  [1m[34mSELECT  "users".* FROM "users" WHERE "users"."id" = $1 LIMIT $2[0m  [["id", 12], ["LIMIT", 1]]
  ↳ db/seeds.rb:51
  [1m[36mChirp Load (0.0ms)[0m  [1m[34mSELECT  "chirps".* FROM "chirps" WHERE "chirps"."id" = $1 LIMIT $2[0m  [["id", 20], ["LIMIT", 1]]
  ↳ db/seeds.rb:51
  [1m[36mLike Create (0.1ms)[0m  [1m[32mINSERT INTO "likes" ("liker_id", "chirp_id", "created_at", "updated_at") VALUES ($1, $2, $3, $4) RETURNING "id"[0m  [["liker_id", 12], ["chirp_id", 20], ["created_at", "2022-05-20 04:00:17.162446"], ["updated_at", "2022-05-20 04:00:17.162446"]]
  ↳ db/seeds.rb:51
  [1m[35m (0.1ms)[0m  [1m[35mCOMMIT[0m
  ↳ db/seeds.rb:51
  [1m[35m (0.0ms)[0m  [1m[35mBEGIN[0m
  ↳ db/seeds.rb:54
  [1m[36mUser Load (0.0ms)[0m  [1m[34mSELECT  "users".* FROM "users" WHERE "users"."id" = $1 LIMIT $2[0m  [["id", 10], ["LIMIT", 1]]
  ↳ db/seeds.rb:54
  [1m[36mChirp Load (0.0ms)[0m  [1m[34mSELECT  "chirps".* FROM "chirps" WHERE "chirps"."id" = $1 LIMIT $2[0m  [["id", 12], ["LIMIT", 1]]
  ↳ db/seeds.rb:54
  [1m[36mLike Create (0.1ms)[0m  [1m[32mINSERT INTO "likes" ("liker_id", "chirp_id", "created_at", "updated_at") VALUES ($1, $2, $3, $4) RETURNING "id"[0m  [["liker_id", 10], ["chirp_id", 12], ["created_at", "2022-05-20 04:00:17.164223"], ["updated_at", "2022-05-20 04:00:17.164223"]]
  ↳ db/seeds.rb:54
  [1m[35m (0.1ms)[0m  [1m[35mCOMMIT[0m
  ↳ db/seeds.rb:54
  [1m[35m (0.0ms)[0m  [1m[35mBEGIN[0m
  ↳ db/seeds.rb:55
  [1m[36mUser Load (0.0ms)[0m  [1m[34mSELECT  "users".* FROM "users" WHERE "users"."id" = $1 LIMIT $2[0m  [["id", 10], ["LIMIT", 1]]
  ↳ db/seeds.rb:55
  [1m[36mChirp Load (0.0ms)[0m  [1m[34mSELECT  "chirps".* FROM "chirps" WHERE "chirps"."id" = $1 LIMIT $2[0m  [["id", 14], ["LIMIT", 1]]
  ↳ db/seeds.rb:55
  [1m[36mLike Create (0.1ms)[0m  [1m[32mINSERT INTO "likes" ("liker_id", "chirp_id", "created_at", "updated_at") VALUES ($1, $2, $3, $4) RETURNING "id"[0m  [["liker_id", 10], ["chirp_id", 14], ["created_at", "2022-05-20 04:00:17.166046"], ["updated_at", "2022-05-20 04:00:17.166046"]]
  ↳ db/seeds.rb:55
  [1m[35m (0.1ms)[0m  [1m[35mCOMMIT[0m
  ↳ db/seeds.rb:55
  [1m[35m (0.0ms)[0m  [1m[35mBEGIN[0m
  ↳ db/seeds.rb:56
  [1m[36mUser Load (0.0ms)[0m  [1m[34mSELECT  "users".* FROM "users" WHERE "users"."id" = $1 LIMIT $2[0m  [["id", 10], ["LIMIT", 1]]
  ↳ db/seeds.rb:56
  [1m[36mChirp Load (0.0ms)[0m  [1m[34mSELECT  "chirps".* FROM "chirps" WHERE "chirps"."id" = $1 LIMIT $2[0m  [["id", 15], ["LIMIT", 1]]
  ↳ db/seeds.rb:56
  [1m[36mLike Create (0.1ms)[0m  [1m[32mINSERT INTO "likes" ("liker_id", "chirp_id", "created_at", "updated_at") VALUES ($1, $2, $3, $4) RETURNING "id"[0m  [["liker_id", 10], ["chirp_id", 15], ["created_at", "2022-05-20 04:00:17.167829"], ["updated_at", "2022-05-20 04:00:17.167829"]]
  ↳ db/seeds.rb:56
  [1m[35m (0.1ms)[0m  [1m[35mCOMMIT[0m
  ↳ db/seeds.rb:56
  [1m[35m (0.0ms)[0m  [1m[35mBEGIN[0m
  ↳ db/seeds.rb:57
  [1m[36mUser Load (0.0ms)[0m  [1m[34mSELECT  "users".* FROM "users" WHERE "users"."id" = $1 LIMIT $2[0m  [["id", 10], ["LIMIT", 1]]
  ↳ db/seeds.rb:57
  [1m[36mChirp Load (0.0ms)[0m  [1m[34mSELECT  "chirps".* FROM "chirps" WHERE "chirps"."id" = $1 LIMIT $2[0m  [["id", 16], ["LIMIT", 1]]
  ↳ db/seeds.rb:57
  [1m[36mLike Create (0.1ms)[0m  [1m[32mINSERT INTO "likes" ("liker_id", "chirp_id", "created_at", "updated_at") VALUES ($1, $2, $3, $4) RETURNING "id"[0m  [["liker_id", 10], ["chirp_id", 16], ["created_at", "2022-05-20 04:00:17.169619"], ["updated_at", "2022-05-20 04:00:17.169619"]]
  ↳ db/seeds.rb:57
  [1m[35m (0.1ms)[0m  [1m[35mCOMMIT[0m
  ↳ db/seeds.rb:57
  [1m[35m (0.0ms)[0m  [1m[35mBEGIN[0m
  ↳ db/seeds.rb:58
  [1m[36mUser Load (0.0ms)[0m  [1m[34mSELECT  "users".* FROM "users" WHERE "users"."id" = $1 LIMIT $2[0m  [["id", 10], ["LIMIT", 1]]
  ↳ db/seeds.rb:58
  [1m[36mChirp Load (0.0ms)[0m  [1m[34mSELECT  "chirps".* FROM "chirps" WHERE "chirps"."id" = $1 LIMIT $2[0m  [["id", 20], ["LIMIT", 1]]
  ↳ db/seeds.rb:58
  [1m[36mLike Create (0.1ms)[0m  [1m[32mINSERT INTO "likes" ("liker_id", "chirp_id", "created_at", "updated_at") VALUES ($1, $2, $3, $4) RETURNING "id"[0m  [["liker_id", 10], ["chirp_id", 20], ["created_at", "2022-05-20 04:00:17.171422"], ["updated_at", "2022-05-20 04:00:17.171422"]]
  ↳ db/seeds.rb:58
  [1m[35m (0.1ms)[0m  [1m[35mCOMMIT[0m
  ↳ db/seeds.rb:58
  [1m[35m (0.0ms)[0m  [1m[35mBEGIN[0m
  ↳ db/seeds.rb:61
  [1m[36mUser Load (0.1ms)[0m  [1m[34mSELECT  "users".* FROM "users" WHERE "users"."id" = $1 LIMIT $2[0m  [["id", 15], ["LIMIT", 1]]
  ↳ db/seeds.rb:61
  [1m[36mChirp Load (0.0ms)[0m  [1m[34mSELECT  "chirps".* FROM "chirps" WHERE "chirps"."id" = $1 LIMIT $2[0m  [["id", 16], ["LIMIT", 1]]
  ↳ db/seeds.rb:61
  [1m[36mLike Create (0.1ms)[0m  [1m[32mINSERT INTO "likes" ("liker_id", "chirp_id", "created_at", "updated_at") VALUES ($1, $2, $3, $4) RETURNING "id"[0m  [["liker_id", 15], ["chirp_id", 16], ["created_at", "2022-05-20 04:00:17.173223"], ["updated_at", "2022-05-20 04:00:17.173223"]]
  ↳ db/seeds.rb:61
  [1m[35m (0.1ms)[0m  [1m[35mCOMMIT[0m
  ↳ db/seeds.rb:61
  [1m[35m (0.0ms)[0m  [1m[35mBEGIN[0m
  ↳ db/seeds.rb:62
  [1m[36mUser Load (0.0ms)[0m  [1m[34mSELECT  "users".* FROM "users" WHERE "users"."id" = $1 LIMIT $2[0m  [["id", 15], ["LIMIT", 1]]
  ↳ db/seeds.rb:62
  [1m[36mChirp Load (0.0ms)[0m  [1m[34mSELECT  "chirps".* FROM "chirps" WHERE "chirps"."id" = $1 LIMIT $2[0m  [["id", 20], ["LIMIT", 1]]
  ↳ db/seeds.rb:62
  [1m[36mLike Create (0.1ms)[0m  [1m[32mINSERT INTO "likes" ("liker_id", "chirp_id", "created_at", "updated_at") VALUES ($1, $2, $3, $4) RETURNING "id"[0m  [["liker_id", 15], ["chirp_id", 20], ["created_at", "2022-05-20 04:00:17.175038"], ["updated_at", "2022-05-20 04:00:17.175038"]]
  ↳ db/seeds.rb:62
  [1m[35m (0.1ms)[0m  [1m[35mCOMMIT[0m
  ↳ db/seeds.rb:62
