Started GET "/" for ::1 at 2020-02-11 11:11:53 -0800
  [1m[35m (3.6ms)[0m  [1m[34mSELECT "schema_migrations"."version" FROM "schema_migrations" ORDER BY "schema_migrations"."version" ASC[0m
Processing by StaticPagesController#root as HTML
  Rendering static_pages/root.html.erb within layouts/application
  Rendered static_pages/root.html.erb within layouts/application (1.1ms)
Completed 200 OK in 1083ms (Views: 1074.5ms | ActiveRecord: 0.0ms)


Started GET "/" for ::1 at 2020-02-11 11:11:57 -0800
Processing by StaticPagesController#root as HTML
  Rendering static_pages/root.html.erb within layouts/application
  Rendered static_pages/root.html.erb within layouts/application (0.3ms)
Completed 200 OK in 21ms (Views: 17.7ms | ActiveRecord: 0.0ms)


Started GET "/" for ::1 at 2020-02-11 11:11:58 -0800
Processing by StaticPagesController#root as HTML
  Rendering static_pages/root.html.erb within layouts/application
  Rendered static_pages/root.html.erb within layouts/application (0.3ms)
Completed 200 OK in 20ms (Views: 16.6ms | ActiveRecord: 0.0ms)


Started GET "/" for ::1 at 2020-02-11 11:11:58 -0800
Processing by StaticPagesController#root as HTML
  Rendering static_pages/root.html.erb within layouts/application
  Rendered static_pages/root.html.erb within layouts/application (0.4ms)
Completed 200 OK in 21ms (Views: 18.4ms | ActiveRecord: 0.0ms)


Started GET "/" for ::1 at 2020-02-11 11:11:58 -0800
Processing by StaticPagesController#root as HTML
  Rendering static_pages/root.html.erb within layouts/application
  Rendered static_pages/root.html.erb within layouts/application (0.2ms)
Completed 200 OK in 20ms (Views: 16.6ms | ActiveRecord: 0.0ms)


Started GET "/" for ::1 at 2020-02-11 11:11:59 -0800
Processing by StaticPagesController#root as HTML
  Rendering static_pages/root.html.erb within layouts/application
  Rendered static_pages/root.html.erb within layouts/application (0.3ms)
Completed 200 OK in 19ms (Views: 16.4ms | ActiveRecord: 0.0ms)


Started GET "/" for ::1 at 2020-02-11 11:12:23 -0800
Processing by StaticPagesController#root as HTML
  Rendering static_pages/root.html.erb within layouts/application
  Rendered static_pages/root.html.erb within layouts/application (0.3ms)
Completed 200 OK in 22ms (Views: 18.2ms | ActiveRecord: 0.0ms)


Started GET "/" for ::1 at 2020-02-11 11:12:23 -0800
Processing by StaticPagesController#root as HTML
  Rendering static_pages/root.html.erb within layouts/application
  Rendered static_pages/root.html.erb within layouts/application (0.3ms)
Completed 200 OK in 26ms (Views: 22.8ms | ActiveRecord: 0.0ms)


Started GET "/" for ::1 at 2020-02-11 11:12:23 -0800
Processing by StaticPagesController#root as HTML
  Rendering static_pages/root.html.erb within layouts/application
  Rendered static_pages/root.html.erb within layouts/application (0.2ms)
Completed 200 OK in 19ms (Views: 16.6ms | ActiveRecord: 0.0ms)


Started GET "/" for ::1 at 2020-02-11 11:12:23 -0800
Processing by StaticPagesController#root as HTML
  Rendering static_pages/root.html.erb within layouts/application
  Rendered static_pages/root.html.erb within layouts/application (0.3ms)
Completed 200 OK in 19ms (Views: 16.3ms | ActiveRecord: 0.0ms)


Started GET "/" for ::1 at 2020-02-11 11:12:23 -0800
Processing by StaticPagesController#root as HTML
  Rendering static_pages/root.html.erb within layouts/application
  Rendered static_pages/root.html.erb within layouts/application (0.2ms)
Completed 200 OK in 19ms (Views: 16.2ms | ActiveRecord: 0.0ms)


Started GET "/" for ::1 at 2020-02-11 11:17:04 -0800
Processing by StaticPagesController#root as HTML
  Rendering static_pages/root.html.erb within layouts/application
  Rendered static_pages/root.html.erb within layouts/application (0.2ms)
Completed 200 OK in 24ms (Views: 18.9ms | ActiveRecord: 0.0ms)


Started GET "/" for ::1 at 2020-02-13 10:41:02 -0800
  [1m[35m (1.0ms)[0m  [1m[34mSELECT "schema_migrations"."version" FROM "schema_migrations" ORDER BY "schema_migrations"."version" ASC[0m
Processing by StaticPagesController#root as HTML
  Rendering static_pages/root.html.erb within layouts/application
  Rendered static_pages/root.html.erb within layouts/application (2.8ms)
Completed 200 OK in 2951ms (Views: 2942.7ms | ActiveRecord: 0.0ms)


Started GET "/" for ::1 at 2020-02-13 10:42:00 -0800
Processing by StaticPagesController#root as HTML
  Rendering static_pages/root.html.erb within layouts/application
  Rendered static_pages/root.html.erb within layouts/application (0.4ms)
Completed 200 OK in 150ms (Views: 144.1ms | ActiveRecord: 0.0ms)


Started GET "/" for ::1 at 2020-02-13 10:51:06 -0800
Processing by StaticPagesController#root as HTML
  Rendering static_pages/root.html.erb within layouts/application
  Rendered static_pages/root.html.erb within layouts/application (0.4ms)
Completed 200 OK in 34ms (Views: 28.0ms | ActiveRecord: 0.0ms)


Started GET "/" for ::1 at 2020-02-13 10:52:03 -0800
Processing by StaticPagesController#root as HTML
  Rendering static_pages/root.html.erb within layouts/application
  Rendered static_pages/root.html.erb within layouts/application (0.3ms)
Completed 200 OK in 117ms (Views: 112.5ms | ActiveRecord: 0.0ms)


Started GET "/" for ::1 at 2020-02-13 11:12:39 -0800
Processing by StaticPagesController#root as HTML
  Rendering static_pages/root.html.erb within layouts/application
  Rendered static_pages/root.html.erb within layouts/application (1.0ms)
Completed 200 OK in 122ms (Views: 116.7ms | ActiveRecord: 0.0ms)


Started GET "/" for ::1 at 2020-02-13 11:13:44 -0800
Processing by StaticPagesController#root as HTML
  Rendering static_pages/root.html.erb within layouts/application
  Rendered static_pages/root.html.erb within layouts/application (0.4ms)
Completed 200 OK in 122ms (Views: 117.9ms | ActiveRecord: 0.0ms)


Started GET "/" for ::1 at 2020-02-13 11:14:33 -0800
Processing by StaticPagesController#root as HTML
  Rendering static_pages/root.html.erb within layouts/application
  Rendered static_pages/root.html.erb within layouts/application (0.5ms)
Completed 200 OK in 105ms (Views: 101.7ms | ActiveRecord: 0.0ms)


Started POST "/gifs" for ::1 at 2020-02-13 11:14:50 -0800
Processing by GifsController#create as JSON
  Parameters: {"gif"=>{"title"=>"slinky", "url"=>"https://media3.giphy.com/media/1Y6RKKShF9IdGyWJ1J/giphy.gif"}}
  [1m[35m (0.2ms)[0m  [1m[35mBEGIN[0m
  [1m[36mGif Exists (1.7ms)[0m  [1m[34mSELECT  1 AS one FROM "gifs" WHERE "gifs"."title" = $1 LIMIT $2[0m  [["title", "slinky"], ["LIMIT", 1]]
  [1m[35mSQL (3.0ms)[0m  [1m[32mINSERT INTO "gifs" ("title", "url") VALUES ($1, $2) RETURNING "id"[0m  [["title", "slinky"], ["url", "https://media3.giphy.com/media/1Y6RKKShF9IdGyWJ1J/giphy.gif"]]
  [1m[35m (2.0ms)[0m  [1m[35mCOMMIT[0m
Completed 200 OK in 31ms (Views: 0.5ms | ActiveRecord: 14.0ms)


Started GET "/gifs/slinky" for ::1 at 2020-02-13 11:15:01 -0800
Processing by GifsController#show as JSON
  Parameters: {"title"=>"slinky"}
  [1m[36mGif Load (0.3ms)[0m  [1m[34mSELECT  "gifs".* FROM "gifs" WHERE "gifs"."title" = $1 LIMIT $2[0m  [["title", "slinky"], ["LIMIT", 1]]
Completed 200 OK in 11ms (Views: 0.4ms | ActiveRecord: 0.6ms)


Started GET "/[object%20Object]" for ::1 at 2020-02-13 11:15:01 -0800
  
ActionController::RoutingError (No route matches [GET] "/[object%20Object]"):
  
actionpack (5.1.7) lib/action_dispatch/middleware/debug_exceptions.rb:63:in `call'
web-console (3.7.0) lib/web_console/middleware.rb:135:in `call_app'
web-console (3.7.0) lib/web_console/middleware.rb:30:in `block in call'
web-console (3.7.0) lib/web_console/middleware.rb:20:in `catch'
web-console (3.7.0) lib/web_console/middleware.rb:20:in `call'
actionpack (5.1.7) lib/action_dispatch/middleware/show_exceptions.rb:31:in `call'
railties (5.1.7) lib/rails/rack/logger.rb:36:in `call_app'
railties (5.1.7) lib/rails/rack/logger.rb:24:in `block in call'
activesupport (5.1.7) lib/active_support/tagged_logging.rb:69:in `block in tagged'
activesupport (5.1.7) lib/active_support/tagged_logging.rb:26:in `tagged'
activesupport (5.1.7) lib/active_support/tagged_logging.rb:69:in `tagged'
railties (5.1.7) lib/rails/rack/logger.rb:24:in `call'
sprockets-rails (3.2.1) lib/sprockets/rails/quiet_assets.rb:13:in `call'
actionpack (5.1.7) lib/action_dispatch/middleware/remote_ip.rb:79:in `call'
actionpack (5.1.7) lib/action_dispatch/middleware/request_id.rb:25:in `call'
rack (2.2.2) lib/rack/method_override.rb:24:in `call'
rack (2.2.2) lib/rack/runtime.rb:22:in `call'
activesupport (5.1.7) lib/active_support/cache/strategy/local_cache_middleware.rb:27:in `call'
actionpack (5.1.7) lib/action_dispatch/middleware/executor.rb:12:in `call'
actionpack (5.1.7) lib/action_dispatch/middleware/static.rb:125:in `call'
rack (2.2.2) lib/rack/sendfile.rb:110:in `call'
railties (5.1.7) lib/rails/engine.rb:522:in `call'
puma (3.12.2) lib/puma/configuration.rb:227:in `call'
puma (3.12.2) lib/puma/server.rb:674:in `handle_request'
puma (3.12.2) lib/puma/server.rb:476:in `process_client'
puma (3.12.2) lib/puma/server.rb:334:in `block in run'
puma (3.12.2) lib/puma/thread_pool.rb:135:in `block in spawn_thread'
Started GET "/" for ::1 at 2020-02-13 11:15:15 -0800
Processing by StaticPagesController#root as HTML
  Rendering static_pages/root.html.erb within layouts/application
  Rendered static_pages/root.html.erb within layouts/application (0.4ms)
Completed 200 OK in 58ms (Views: 48.9ms | ActiveRecord: 0.0ms)


Started GET "/gifs/slinky" for ::1 at 2020-02-13 11:15:20 -0800
Processing by GifsController#show as JSON
  Parameters: {"title"=>"slinky"}
  [1m[36mGif Load (0.5ms)[0m  [1m[34mSELECT  "gifs".* FROM "gifs" WHERE "gifs"."title" = $1 LIMIT $2[0m  [["title", "slinky"], ["LIMIT", 1]]
Completed 200 OK in 3ms (Views: 0.4ms | ActiveRecord: 0.5ms)


Started GET "/[object%20Object]" for ::1 at 2020-02-13 11:15:20 -0800
  
ActionController::RoutingError (No route matches [GET] "/[object%20Object]"):
  
actionpack (5.1.7) lib/action_dispatch/middleware/debug_exceptions.rb:63:in `call'
web-console (3.7.0) lib/web_console/middleware.rb:135:in `call_app'
web-console (3.7.0) lib/web_console/middleware.rb:30:in `block in call'
web-console (3.7.0) lib/web_console/middleware.rb:20:in `catch'
web-console (3.7.0) lib/web_console/middleware.rb:20:in `call'
actionpack (5.1.7) lib/action_dispatch/middleware/show_exceptions.rb:31:in `call'
railties (5.1.7) lib/rails/rack/logger.rb:36:in `call_app'
railties (5.1.7) lib/rails/rack/logger.rb:24:in `block in call'
activesupport (5.1.7) lib/active_support/tagged_logging.rb:69:in `block in tagged'
activesupport (5.1.7) lib/active_support/tagged_logging.rb:26:in `tagged'
activesupport (5.1.7) lib/active_support/tagged_logging.rb:69:in `tagged'
railties (5.1.7) lib/rails/rack/logger.rb:24:in `call'
sprockets-rails (3.2.1) lib/sprockets/rails/quiet_assets.rb:13:in `call'
actionpack (5.1.7) lib/action_dispatch/middleware/remote_ip.rb:79:in `call'
actionpack (5.1.7) lib/action_dispatch/middleware/request_id.rb:25:in `call'
rack (2.2.2) lib/rack/method_override.rb:24:in `call'
rack (2.2.2) lib/rack/runtime.rb:22:in `call'
activesupport (5.1.7) lib/active_support/cache/strategy/local_cache_middleware.rb:27:in `call'
actionpack (5.1.7) lib/action_dispatch/middleware/executor.rb:12:in `call'
actionpack (5.1.7) lib/action_dispatch/middleware/static.rb:125:in `call'
rack (2.2.2) lib/rack/sendfile.rb:110:in `call'
railties (5.1.7) lib/rails/engine.rb:522:in `call'
puma (3.12.2) lib/puma/configuration.rb:227:in `call'
puma (3.12.2) lib/puma/server.rb:674:in `handle_request'
puma (3.12.2) lib/puma/server.rb:476:in `process_client'
puma (3.12.2) lib/puma/server.rb:334:in `block in run'
puma (3.12.2) lib/puma/thread_pool.rb:135:in `block in spawn_thread'
Started GET "/" for ::1 at 2020-02-13 11:17:09 -0800
Processing by StaticPagesController#root as HTML
  Rendering static_pages/root.html.erb within layouts/application
  Rendered static_pages/root.html.erb within layouts/application (0.5ms)
Completed 200 OK in 117ms (Views: 112.9ms | ActiveRecord: 0.0ms)


Started GET "/gifs/slinky" for ::1 at 2020-02-13 11:17:16 -0800
Processing by GifsController#show as JSON
  Parameters: {"title"=>"slinky"}
  [1m[36mGif Load (0.3ms)[0m  [1m[34mSELECT  "gifs".* FROM "gifs" WHERE "gifs"."title" = $1 LIMIT $2[0m  [["title", "slinky"], ["LIMIT", 1]]
Completed 200 OK in 2ms (Views: 0.2ms | ActiveRecord: 0.3ms)


Started GET "/[object%20Object]" for ::1 at 2020-02-13 11:17:16 -0800
  
ActionController::RoutingError (No route matches [GET] "/[object%20Object]"):
  
actionpack (5.1.7) lib/action_dispatch/middleware/debug_exceptions.rb:63:in `call'
web-console (3.7.0) lib/web_console/middleware.rb:135:in `call_app'
web-console (3.7.0) lib/web_console/middleware.rb:30:in `block in call'
web-console (3.7.0) lib/web_console/middleware.rb:20:in `catch'
web-console (3.7.0) lib/web_console/middleware.rb:20:in `call'
actionpack (5.1.7) lib/action_dispatch/middleware/show_exceptions.rb:31:in `call'
railties (5.1.7) lib/rails/rack/logger.rb:36:in `call_app'
railties (5.1.7) lib/rails/rack/logger.rb:24:in `block in call'
activesupport (5.1.7) lib/active_support/tagged_logging.rb:69:in `block in tagged'
activesupport (5.1.7) lib/active_support/tagged_logging.rb:26:in `tagged'
activesupport (5.1.7) lib/active_support/tagged_logging.rb:69:in `tagged'
railties (5.1.7) lib/rails/rack/logger.rb:24:in `call'
sprockets-rails (3.2.1) lib/sprockets/rails/quiet_assets.rb:13:in `call'
actionpack (5.1.7) lib/action_dispatch/middleware/remote_ip.rb:79:in `call'
actionpack (5.1.7) lib/action_dispatch/middleware/request_id.rb:25:in `call'
rack (2.2.2) lib/rack/method_override.rb:24:in `call'
rack (2.2.2) lib/rack/runtime.rb:22:in `call'
activesupport (5.1.7) lib/active_support/cache/strategy/local_cache_middleware.rb:27:in `call'
actionpack (5.1.7) lib/action_dispatch/middleware/executor.rb:12:in `call'
actionpack (5.1.7) lib/action_dispatch/middleware/static.rb:125:in `call'
rack (2.2.2) lib/rack/sendfile.rb:110:in `call'
railties (5.1.7) lib/rails/engine.rb:522:in `call'
puma (3.12.2) lib/puma/configuration.rb:227:in `call'
puma (3.12.2) lib/puma/server.rb:674:in `handle_request'
puma (3.12.2) lib/puma/server.rb:476:in `process_client'
puma (3.12.2) lib/puma/server.rb:334:in `block in run'
puma (3.12.2) lib/puma/thread_pool.rb:135:in `block in spawn_thread'
Started GET "/" for ::1 at 2020-02-13 11:18:10 -0800
Processing by StaticPagesController#root as HTML
  Rendering static_pages/root.html.erb within layouts/application
  Rendered static_pages/root.html.erb within layouts/application (0.4ms)
Completed 200 OK in 113ms (Views: 108.7ms | ActiveRecord: 0.0ms)


Started GET "/gifs/slinky" for ::1 at 2020-02-13 11:18:14 -0800
Processing by GifsController#show as JSON
  Parameters: {"title"=>"slinky"}
  [1m[36mGif Load (0.6ms)[0m  [1m[34mSELECT  "gifs".* FROM "gifs" WHERE "gifs"."title" = $1 LIMIT $2[0m  [["title", "slinky"], ["LIMIT", 1]]
Completed 200 OK in 3ms (Views: 0.3ms | ActiveRecord: 0.6ms)


Started GET "/[object%20Object]" for ::1 at 2020-02-13 11:18:14 -0800
  
ActionController::RoutingError (No route matches [GET] "/[object%20Object]"):
  
actionpack (5.1.7) lib/action_dispatch/middleware/debug_exceptions.rb:63:in `call'
web-console (3.7.0) lib/web_console/middleware.rb:135:in `call_app'
web-console (3.7.0) lib/web_console/middleware.rb:30:in `block in call'
web-console (3.7.0) lib/web_console/middleware.rb:20:in `catch'
web-console (3.7.0) lib/web_console/middleware.rb:20:in `call'
actionpack (5.1.7) lib/action_dispatch/middleware/show_exceptions.rb:31:in `call'
railties (5.1.7) lib/rails/rack/logger.rb:36:in `call_app'
railties (5.1.7) lib/rails/rack/logger.rb:24:in `block in call'
activesupport (5.1.7) lib/active_support/tagged_logging.rb:69:in `block in tagged'
activesupport (5.1.7) lib/active_support/tagged_logging.rb:26:in `tagged'
activesupport (5.1.7) lib/active_support/tagged_logging.rb:69:in `tagged'
railties (5.1.7) lib/rails/rack/logger.rb:24:in `call'
sprockets-rails (3.2.1) lib/sprockets/rails/quiet_assets.rb:13:in `call'
actionpack (5.1.7) lib/action_dispatch/middleware/remote_ip.rb:79:in `call'
actionpack (5.1.7) lib/action_dispatch/middleware/request_id.rb:25:in `call'
rack (2.2.2) lib/rack/method_override.rb:24:in `call'
rack (2.2.2) lib/rack/runtime.rb:22:in `call'
activesupport (5.1.7) lib/active_support/cache/strategy/local_cache_middleware.rb:27:in `call'
actionpack (5.1.7) lib/action_dispatch/middleware/executor.rb:12:in `call'
actionpack (5.1.7) lib/action_dispatch/middleware/static.rb:125:in `call'
rack (2.2.2) lib/rack/sendfile.rb:110:in `call'
railties (5.1.7) lib/rails/engine.rb:522:in `call'
puma (3.12.2) lib/puma/configuration.rb:227:in `call'
puma (3.12.2) lib/puma/server.rb:674:in `handle_request'
puma (3.12.2) lib/puma/server.rb:476:in `process_client'
puma (3.12.2) lib/puma/server.rb:334:in `block in run'
puma (3.12.2) lib/puma/thread_pool.rb:135:in `block in spawn_thread'
Started GET "/" for ::1 at 2020-02-13 11:19:31 -0800
Processing by StaticPagesController#root as HTML
  Rendering static_pages/root.html.erb within layouts/application
  Rendered static_pages/root.html.erb within layouts/application (0.6ms)
Completed 200 OK in 97ms (Views: 92.6ms | ActiveRecord: 0.0ms)


Started GET "/gifs/slinky" for ::1 at 2020-02-13 11:19:35 -0800
Processing by GifsController#show as JSON
  Parameters: {"title"=>"slinky"}
  [1m[36mGif Load (0.9ms)[0m  [1m[34mSELECT  "gifs".* FROM "gifs" WHERE "gifs"."title" = $1 LIMIT $2[0m  [["title", "slinky"], ["LIMIT", 1]]
Completed 200 OK in 4ms (Views: 0.4ms | ActiveRecord: 0.9ms)


Started GET "/[object%20Object]" for ::1 at 2020-02-13 11:19:41 -0800
  
ActionController::RoutingError (No route matches [GET] "/[object%20Object]"):
  
actionpack (5.1.7) lib/action_dispatch/middleware/debug_exceptions.rb:63:in `call'
web-console (3.7.0) lib/web_console/middleware.rb:135:in `call_app'
web-console (3.7.0) lib/web_console/middleware.rb:30:in `block in call'
web-console (3.7.0) lib/web_console/middleware.rb:20:in `catch'
web-console (3.7.0) lib/web_console/middleware.rb:20:in `call'
actionpack (5.1.7) lib/action_dispatch/middleware/show_exceptions.rb:31:in `call'
railties (5.1.7) lib/rails/rack/logger.rb:36:in `call_app'
railties (5.1.7) lib/rails/rack/logger.rb:24:in `block in call'
activesupport (5.1.7) lib/active_support/tagged_logging.rb:69:in `block in tagged'
activesupport (5.1.7) lib/active_support/tagged_logging.rb:26:in `tagged'
activesupport (5.1.7) lib/active_support/tagged_logging.rb:69:in `tagged'
railties (5.1.7) lib/rails/rack/logger.rb:24:in `call'
sprockets-rails (3.2.1) lib/sprockets/rails/quiet_assets.rb:13:in `call'
actionpack (5.1.7) lib/action_dispatch/middleware/remote_ip.rb:79:in `call'
actionpack (5.1.7) lib/action_dispatch/middleware/request_id.rb:25:in `call'
rack (2.2.2) lib/rack/method_override.rb:24:in `call'
rack (2.2.2) lib/rack/runtime.rb:22:in `call'
activesupport (5.1.7) lib/active_support/cache/strategy/local_cache_middleware.rb:27:in `call'
actionpack (5.1.7) lib/action_dispatch/middleware/executor.rb:12:in `call'
actionpack (5.1.7) lib/action_dispatch/middleware/static.rb:125:in `call'
rack (2.2.2) lib/rack/sendfile.rb:110:in `call'
railties (5.1.7) lib/rails/engine.rb:522:in `call'
puma (3.12.2) lib/puma/configuration.rb:227:in `call'
puma (3.12.2) lib/puma/server.rb:674:in `handle_request'
puma (3.12.2) lib/puma/server.rb:476:in `process_client'
puma (3.12.2) lib/puma/server.rb:334:in `block in run'
puma (3.12.2) lib/puma/thread_pool.rb:135:in `block in spawn_thread'
Started GET "/" for ::1 at 2020-02-13 11:19:44 -0800
Processing by StaticPagesController#root as HTML
  Rendering static_pages/root.html.erb within layouts/application
  Rendered static_pages/root.html.erb within layouts/application (0.5ms)
Completed 200 OK in 40ms (Views: 31.6ms | ActiveRecord: 0.0ms)


Started GET "/" for ::1 at 2020-02-13 11:20:00 -0800
Processing by StaticPagesController#root as HTML
  Rendering static_pages/root.html.erb within layouts/application
  Rendered static_pages/root.html.erb within layouts/application (0.4ms)
Completed 200 OK in 42ms (Views: 35.5ms | ActiveRecord: 0.0ms)


Started GET "/gifs/slinky" for ::1 at 2020-02-13 11:20:06 -0800
Processing by GifsController#show as JSON
  Parameters: {"title"=>"slinky"}
  [1m[36mGif Load (0.4ms)[0m  [1m[34mSELECT  "gifs".* FROM "gifs" WHERE "gifs"."title" = $1 LIMIT $2[0m  [["title", "slinky"], ["LIMIT", 1]]
Completed 200 OK in 3ms (Views: 0.5ms | ActiveRecord: 0.4ms)


Started GET "/[object%20Object]" for ::1 at 2020-02-13 11:20:06 -0800
  
ActionController::RoutingError (No route matches [GET] "/[object%20Object]"):
  
actionpack (5.1.7) lib/action_dispatch/middleware/debug_exceptions.rb:63:in `call'
web-console (3.7.0) lib/web_console/middleware.rb:135:in `call_app'
web-console (3.7.0) lib/web_console/middleware.rb:30:in `block in call'
web-console (3.7.0) lib/web_console/middleware.rb:20:in `catch'
web-console (3.7.0) lib/web_console/middleware.rb:20:in `call'
actionpack (5.1.7) lib/action_dispatch/middleware/show_exceptions.rb:31:in `call'
railties (5.1.7) lib/rails/rack/logger.rb:36:in `call_app'
railties (5.1.7) lib/rails/rack/logger.rb:24:in `block in call'
activesupport (5.1.7) lib/active_support/tagged_logging.rb:69:in `block in tagged'
activesupport (5.1.7) lib/active_support/tagged_logging.rb:26:in `tagged'
activesupport (5.1.7) lib/active_support/tagged_logging.rb:69:in `tagged'
railties (5.1.7) lib/rails/rack/logger.rb:24:in `call'
sprockets-rails (3.2.1) lib/sprockets/rails/quiet_assets.rb:13:in `call'
actionpack (5.1.7) lib/action_dispatch/middleware/remote_ip.rb:79:in `call'
actionpack (5.1.7) lib/action_dispatch/middleware/request_id.rb:25:in `call'
rack (2.2.2) lib/rack/method_override.rb:24:in `call'
rack (2.2.2) lib/rack/runtime.rb:22:in `call'
activesupport (5.1.7) lib/active_support/cache/strategy/local_cache_middleware.rb:27:in `call'
actionpack (5.1.7) lib/action_dispatch/middleware/executor.rb:12:in `call'
actionpack (5.1.7) lib/action_dispatch/middleware/static.rb:125:in `call'
rack (2.2.2) lib/rack/sendfile.rb:110:in `call'
railties (5.1.7) lib/rails/engine.rb:522:in `call'
puma (3.12.2) lib/puma/configuration.rb:227:in `call'
puma (3.12.2) lib/puma/server.rb:674:in `handle_request'
puma (3.12.2) lib/puma/server.rb:476:in `process_client'
puma (3.12.2) lib/puma/server.rb:334:in `block in run'
puma (3.12.2) lib/puma/thread_pool.rb:135:in `block in spawn_thread'
Started GET "/" for ::1 at 2020-02-13 11:21:11 -0800
Processing by StaticPagesController#root as HTML
  Rendering static_pages/root.html.erb within layouts/application
  Rendered static_pages/root.html.erb within layouts/application (0.5ms)
Completed 200 OK in 38ms (Views: 34.9ms | ActiveRecord: 0.0ms)


Started GET "/gifs/slinky" for ::1 at 2020-02-13 11:21:23 -0800
Processing by GifsController#show as JSON
  Parameters: {"title"=>"slinky"}
  [1m[36mGif Load (0.2ms)[0m  [1m[34mSELECT  "gifs".* FROM "gifs" WHERE "gifs"."title" = $1 LIMIT $2[0m  [["title", "slinky"], ["LIMIT", 1]]
Completed 200 OK in 13102ms (Views: 0.9ms | ActiveRecord: 5.8ms)


Started GET "/[object%20Object]" for ::1 at 2020-02-13 11:21:54 -0800
  
ActionController::RoutingError (No route matches [GET] "/[object%20Object]"):
  
actionpack (5.1.7) lib/action_dispatch/middleware/debug_exceptions.rb:63:in `call'
web-console (3.7.0) lib/web_console/middleware.rb:135:in `call_app'
web-console (3.7.0) lib/web_console/middleware.rb:30:in `block in call'
web-console (3.7.0) lib/web_console/middleware.rb:20:in `catch'
web-console (3.7.0) lib/web_console/middleware.rb:20:in `call'
actionpack (5.1.7) lib/action_dispatch/middleware/show_exceptions.rb:31:in `call'
railties (5.1.7) lib/rails/rack/logger.rb:36:in `call_app'
railties (5.1.7) lib/rails/rack/logger.rb:24:in `block in call'
activesupport (5.1.7) lib/active_support/tagged_logging.rb:69:in `block in tagged'
activesupport (5.1.7) lib/active_support/tagged_logging.rb:26:in `tagged'
activesupport (5.1.7) lib/active_support/tagged_logging.rb:69:in `tagged'
railties (5.1.7) lib/rails/rack/logger.rb:24:in `call'
sprockets-rails (3.2.1) lib/sprockets/rails/quiet_assets.rb:13:in `call'
actionpack (5.1.7) lib/action_dispatch/middleware/remote_ip.rb:79:in `call'
actionpack (5.1.7) lib/action_dispatch/middleware/request_id.rb:25:in `call'
rack (2.2.2) lib/rack/method_override.rb:24:in `call'
rack (2.2.2) lib/rack/runtime.rb:22:in `call'
activesupport (5.1.7) lib/active_support/cache/strategy/local_cache_middleware.rb:27:in `call'
actionpack (5.1.7) lib/action_dispatch/middleware/executor.rb:12:in `call'
actionpack (5.1.7) lib/action_dispatch/middleware/static.rb:125:in `call'
rack (2.2.2) lib/rack/sendfile.rb:110:in `call'
railties (5.1.7) lib/rails/engine.rb:522:in `call'
puma (3.12.2) lib/puma/configuration.rb:227:in `call'
puma (3.12.2) lib/puma/server.rb:674:in `handle_request'
puma (3.12.2) lib/puma/server.rb:476:in `process_client'
puma (3.12.2) lib/puma/server.rb:334:in `block in run'
puma (3.12.2) lib/puma/thread_pool.rb:135:in `block in spawn_thread'
Started GET "/" for ::1 at 2020-02-13 11:21:55 -0800
Processing by StaticPagesController#root as HTML
  Rendering static_pages/root.html.erb within layouts/application
  Rendered static_pages/root.html.erb within layouts/application (0.5ms)
Completed 200 OK in 35ms (Views: 29.9ms | ActiveRecord: 0.0ms)


Started GET "/gifs/slinky" for ::1 at 2020-02-13 11:21:59 -0800
Processing by GifsController#show as JSON
  Parameters: {"title"=>"slinky"}
  [1m[36mGif Load (0.2ms)[0m  [1m[34mSELECT  "gifs".* FROM "gifs" WHERE "gifs"."title" = $1 LIMIT $2[0m  [["title", "slinky"], ["LIMIT", 1]]
Completed 200 OK in 2383ms (Views: 0.9ms | ActiveRecord: 0.2ms)


Started GET "/[object%20Object]" for ::1 at 2020-02-13 11:22:25 -0800
  
ActionController::RoutingError (No route matches [GET] "/[object%20Object]"):
  
actionpack (5.1.7) lib/action_dispatch/middleware/debug_exceptions.rb:63:in `call'
web-console (3.7.0) lib/web_console/middleware.rb:135:in `call_app'
web-console (3.7.0) lib/web_console/middleware.rb:30:in `block in call'
web-console (3.7.0) lib/web_console/middleware.rb:20:in `catch'
web-console (3.7.0) lib/web_console/middleware.rb:20:in `call'
actionpack (5.1.7) lib/action_dispatch/middleware/show_exceptions.rb:31:in `call'
railties (5.1.7) lib/rails/rack/logger.rb:36:in `call_app'
railties (5.1.7) lib/rails/rack/logger.rb:24:in `block in call'
activesupport (5.1.7) lib/active_support/tagged_logging.rb:69:in `block in tagged'
activesupport (5.1.7) lib/active_support/tagged_logging.rb:26:in `tagged'
activesupport (5.1.7) lib/active_support/tagged_logging.rb:69:in `tagged'
railties (5.1.7) lib/rails/rack/logger.rb:24:in `call'
sprockets-rails (3.2.1) lib/sprockets/rails/quiet_assets.rb:13:in `call'
actionpack (5.1.7) lib/action_dispatch/middleware/remote_ip.rb:79:in `call'
actionpack (5.1.7) lib/action_dispatch/middleware/request_id.rb:25:in `call'
rack (2.2.2) lib/rack/method_override.rb:24:in `call'
rack (2.2.2) lib/rack/runtime.rb:22:in `call'
activesupport (5.1.7) lib/active_support/cache/strategy/local_cache_middleware.rb:27:in `call'
actionpack (5.1.7) lib/action_dispatch/middleware/executor.rb:12:in `call'
actionpack (5.1.7) lib/action_dispatch/middleware/static.rb:125:in `call'
rack (2.2.2) lib/rack/sendfile.rb:110:in `call'
railties (5.1.7) lib/rails/engine.rb:522:in `call'
puma (3.12.2) lib/puma/configuration.rb:227:in `call'
puma (3.12.2) lib/puma/server.rb:674:in `handle_request'
puma (3.12.2) lib/puma/server.rb:476:in `process_client'
puma (3.12.2) lib/puma/server.rb:334:in `block in run'
puma (3.12.2) lib/puma/thread_pool.rb:135:in `block in spawn_thread'
Started GET "/" for ::1 at 2020-02-13 11:22:26 -0800
Processing by StaticPagesController#root as HTML
  Rendering static_pages/root.html.erb within layouts/application
  Rendered static_pages/root.html.erb within layouts/application (0.4ms)
Completed 200 OK in 109ms (Views: 101.8ms | ActiveRecord: 0.0ms)


Started GET "/gifs/slinky" for ::1 at 2020-02-13 11:22:30 -0800
Processing by GifsController#show as JSON
  Parameters: {"title"=>"slinky"}
  [1m[36mGif Load (0.2ms)[0m  [1m[34mSELECT  "gifs".* FROM "gifs" WHERE "gifs"."title" = $1 LIMIT $2[0m  [["title", "slinky"], ["LIMIT", 1]]
Completed 200 OK in 19ms (Views: 0.3ms | ActiveRecord: 7.0ms)


Started GET "/" for ::1 at 2020-02-13 11:23:03 -0800
Processing by StaticPagesController#root as HTML
  Rendering static_pages/root.html.erb within layouts/application
  Rendered static_pages/root.html.erb within layouts/application (0.7ms)
Completed 200 OK in 60ms (Views: 56.2ms | ActiveRecord: 0.0ms)


Started GET "/" for ::1 at 2020-02-13 11:25:49 -0800
Processing by StaticPagesController#root as HTML
  Rendering static_pages/root.html.erb within layouts/application
  Rendered static_pages/root.html.erb within layouts/application (0.4ms)
Completed 200 OK in 39ms (Views: 35.0ms | ActiveRecord: 0.0ms)


Started GET "/gifs/slinky" for ::1 at 2020-02-13 11:25:54 -0800
Processing by GifsController#show as JSON
  Parameters: {"title"=>"slinky"}
  [1m[36mGif Load (0.3ms)[0m  [1m[34mSELECT  "gifs".* FROM "gifs" WHERE "gifs"."title" = $1 LIMIT $2[0m  [["title", "slinky"], ["LIMIT", 1]]
Completed 200 OK in 3ms (Views: 0.3ms | ActiveRecord: 0.3ms)


Started GET "/[object%20Object]" for ::1 at 2020-02-13 11:27:55 -0800
  
ActionController::RoutingError (No route matches [GET] "/[object%20Object]"):
  
actionpack (5.1.7) lib/action_dispatch/middleware/debug_exceptions.rb:63:in `call'
web-console (3.7.0) lib/web_console/middleware.rb:135:in `call_app'
web-console (3.7.0) lib/web_console/middleware.rb:30:in `block in call'
web-console (3.7.0) lib/web_console/middleware.rb:20:in `catch'
web-console (3.7.0) lib/web_console/middleware.rb:20:in `call'
actionpack (5.1.7) lib/action_dispatch/middleware/show_exceptions.rb:31:in `call'
railties (5.1.7) lib/rails/rack/logger.rb:36:in `call_app'
railties (5.1.7) lib/rails/rack/logger.rb:24:in `block in call'
activesupport (5.1.7) lib/active_support/tagged_logging.rb:69:in `block in tagged'
activesupport (5.1.7) lib/active_support/tagged_logging.rb:26:in `tagged'
activesupport (5.1.7) lib/active_support/tagged_logging.rb:69:in `tagged'
railties (5.1.7) lib/rails/rack/logger.rb:24:in `call'
sprockets-rails (3.2.1) lib/sprockets/rails/quiet_assets.rb:13:in `call'
actionpack (5.1.7) lib/action_dispatch/middleware/remote_ip.rb:79:in `call'
actionpack (5.1.7) lib/action_dispatch/middleware/request_id.rb:25:in `call'
rack (2.2.2) lib/rack/method_override.rb:24:in `call'
rack (2.2.2) lib/rack/runtime.rb:22:in `call'
activesupport (5.1.7) lib/active_support/cache/strategy/local_cache_middleware.rb:27:in `call'
actionpack (5.1.7) lib/action_dispatch/middleware/executor.rb:12:in `call'
actionpack (5.1.7) lib/action_dispatch/middleware/static.rb:125:in `call'
rack (2.2.2) lib/rack/sendfile.rb:110:in `call'
railties (5.1.7) lib/rails/engine.rb:522:in `call'
puma (3.12.2) lib/puma/configuration.rb:227:in `call'
puma (3.12.2) lib/puma/server.rb:674:in `handle_request'
puma (3.12.2) lib/puma/server.rb:476:in `process_client'
puma (3.12.2) lib/puma/server.rb:334:in `block in run'
puma (3.12.2) lib/puma/thread_pool.rb:135:in `block in spawn_thread'
Started GET "/" for ::1 at 2020-02-13 11:27:57 -0800
Processing by StaticPagesController#root as HTML
  Rendering static_pages/root.html.erb within layouts/application
  Rendered static_pages/root.html.erb within layouts/application (0.5ms)
Completed 200 OK in 43ms (Views: 39.7ms | ActiveRecord: 0.0ms)


Started GET "/gifs/slinky" for ::1 at 2020-02-13 11:28:02 -0800
Processing by GifsController#show as JSON
  Parameters: {"title"=>"slinky"}
  [1m[36mGif Load (0.3ms)[0m  [1m[34mSELECT  "gifs".* FROM "gifs" WHERE "gifs"."title" = $1 LIMIT $2[0m  [["title", "slinky"], ["LIMIT", 1]]
Completed 200 OK in 3ms (Views: 0.7ms | ActiveRecord: 0.3ms)


Started POST "/gifs" for ::1 at 2020-02-13 11:28:32 -0800
Processing by GifsController#create as JSON
  Parameters: {"gif"=>{"title"=>"mondays", "url"=>"https://media2.giphy.com/media/l2JhG0qX3h4oAxfxe/giphy.gif"}}
  [1m[35m (0.2ms)[0m  [1m[35mBEGIN[0m
  [1m[36mGif Exists (0.6ms)[0m  [1m[34mSELECT  1 AS one FROM "gifs" WHERE "gifs"."title" = $1 LIMIT $2[0m  [["title", "mondays"], ["LIMIT", 1]]
  [1m[35mSQL (0.5ms)[0m  [1m[32mINSERT INTO "gifs" ("title", "url") VALUES ($1, $2) RETURNING "id"[0m  [["title", "mondays"], ["url", "https://media2.giphy.com/media/l2JhG0qX3h4oAxfxe/giphy.gif"]]
  [1m[35m (1.7ms)[0m  [1m[35mCOMMIT[0m
Completed 200 OK in 10ms (Views: 0.4ms | ActiveRecord: 3.0ms)


Started GET "/gifs/mondays" for ::1 at 2020-02-13 11:28:52 -0800
Processing by GifsController#show as JSON
  Parameters: {"title"=>"mondays"}
  [1m[36mGif Load (0.3ms)[0m  [1m[34mSELECT  "gifs".* FROM "gifs" WHERE "gifs"."title" = $1 LIMIT $2[0m  [["title", "mondays"], ["LIMIT", 1]]
Completed 200 OK in 2ms (Views: 0.3ms | ActiveRecord: 0.3ms)


Started GET "/" for ::1 at 2020-02-13 11:29:55 -0800
Processing by StaticPagesController#root as HTML
  Rendering static_pages/root.html.erb within layouts/application
  Rendered static_pages/root.html.erb within layouts/application (0.7ms)
Completed 200 OK in 129ms (Views: 124.6ms | ActiveRecord: 0.0ms)


Started GET "/gifs/slinky" for ::1 at 2020-02-13 11:30:00 -0800
Processing by GifsController#show as JSON
  Parameters: {"title"=>"slinky"}
  [1m[36mGif Load (1.2ms)[0m  [1m[34mSELECT  "gifs".* FROM "gifs" WHERE "gifs"."title" = $1 LIMIT $2[0m  [["title", "slinky"], ["LIMIT", 1]]
Completed 200 OK in 4ms (Views: 0.4ms | ActiveRecord: 1.2ms)


Started GET "/" for ::1 at 2020-02-13 11:30:36 -0800
Processing by StaticPagesController#root as HTML
  Rendering static_pages/root.html.erb within layouts/application
  Rendered static_pages/root.html.erb within layouts/application (0.7ms)
Completed 200 OK in 134ms (Views: 128.1ms | ActiveRecord: 0.0ms)


Started GET "/gifs/f" for ::1 at 2020-02-13 11:30:41 -0800
Processing by GifsController#show as JSON
  Parameters: {"title"=>"f"}
  [1m[36mGif Load (0.5ms)[0m  [1m[34mSELECT  "gifs".* FROM "gifs" WHERE "gifs"."title" = $1 LIMIT $2[0m  [["title", "f"], ["LIMIT", 1]]
Completed 422 Unprocessable Entity in 3ms (Views: 0.3ms | ActiveRecord: 0.5ms)


Started GET "/" for ::1 at 2020-02-13 11:31:44 -0800
Processing by StaticPagesController#root as HTML
  Rendering static_pages/root.html.erb within layouts/application
  Rendered static_pages/root.html.erb within layouts/application (1.1ms)
Completed 200 OK in 44ms (Views: 36.4ms | ActiveRecord: 0.0ms)


Started GET "/gifs/f" for ::1 at 2020-02-13 11:31:48 -0800
Processing by GifsController#show as JSON
  Parameters: {"title"=>"f"}
  [1m[36mGif Load (0.4ms)[0m  [1m[34mSELECT  "gifs".* FROM "gifs" WHERE "gifs"."title" = $1 LIMIT $2[0m  [["title", "f"], ["LIMIT", 1]]
Completed 200 OK in 13ms (Views: 0.7ms | ActiveRecord: 4.0ms)


Started GET "/undefined" for ::1 at 2020-02-13 11:31:48 -0800
  
ActionController::RoutingError (No route matches [GET] "/undefined"):
  
actionpack (5.1.7) lib/action_dispatch/middleware/debug_exceptions.rb:63:in `call'
web-console (3.7.0) lib/web_console/middleware.rb:135:in `call_app'
web-console (3.7.0) lib/web_console/middleware.rb:30:in `block in call'
web-console (3.7.0) lib/web_console/middleware.rb:20:in `catch'
web-console (3.7.0) lib/web_console/middleware.rb:20:in `call'
actionpack (5.1.7) lib/action_dispatch/middleware/show_exceptions.rb:31:in `call'
railties (5.1.7) lib/rails/rack/logger.rb:36:in `call_app'
railties (5.1.7) lib/rails/rack/logger.rb:24:in `block in call'
activesupport (5.1.7) lib/active_support/tagged_logging.rb:69:in `block in tagged'
activesupport (5.1.7) lib/active_support/tagged_logging.rb:26:in `tagged'
activesupport (5.1.7) lib/active_support/tagged_logging.rb:69:in `tagged'
railties (5.1.7) lib/rails/rack/logger.rb:24:in `call'
sprockets-rails (3.2.1) lib/sprockets/rails/quiet_assets.rb:13:in `call'
actionpack (5.1.7) lib/action_dispatch/middleware/remote_ip.rb:79:in `call'
actionpack (5.1.7) lib/action_dispatch/middleware/request_id.rb:25:in `call'
rack (2.2.2) lib/rack/method_override.rb:24:in `call'
rack (2.2.2) lib/rack/runtime.rb:22:in `call'
activesupport (5.1.7) lib/active_support/cache/strategy/local_cache_middleware.rb:27:in `call'
actionpack (5.1.7) lib/action_dispatch/middleware/executor.rb:12:in `call'
actionpack (5.1.7) lib/action_dispatch/middleware/static.rb:125:in `call'
rack (2.2.2) lib/rack/sendfile.rb:110:in `call'
railties (5.1.7) lib/rails/engine.rb:522:in `call'
puma (3.12.2) lib/puma/configuration.rb:227:in `call'
puma (3.12.2) lib/puma/server.rb:674:in `handle_request'
puma (3.12.2) lib/puma/server.rb:476:in `process_client'
puma (3.12.2) lib/puma/server.rb:334:in `block in run'
puma (3.12.2) lib/puma/thread_pool.rb:135:in `block in spawn_thread'
Started GET "/" for ::1 at 2020-02-13 11:32:46 -0800
Processing by StaticPagesController#root as HTML
  Rendering static_pages/root.html.erb within layouts/application
  Rendered static_pages/root.html.erb within layouts/application (0.4ms)
Completed 200 OK in 117ms (Views: 111.6ms | ActiveRecord: 0.0ms)


Started GET "/gifs/f" for ::1 at 2020-02-13 11:32:50 -0800
Processing by GifsController#show as JSON
  Parameters: {"title"=>"f"}
  [1m[36mGif Load (0.4ms)[0m  [1m[34mSELECT  "gifs".* FROM "gifs" WHERE "gifs"."title" = $1 LIMIT $2[0m  [["title", "f"], ["LIMIT", 1]]
Completed 200 OK in 3ms (Views: 0.4ms | ActiveRecord: 0.4ms)


Started GET "/undefined" for ::1 at 2020-02-13 11:33:45 -0800
  
ActionController::RoutingError (No route matches [GET] "/undefined"):
  
actionpack (5.1.7) lib/action_dispatch/middleware/debug_exceptions.rb:63:in `call'
web-console (3.7.0) lib/web_console/middleware.rb:135:in `call_app'
web-console (3.7.0) lib/web_console/middleware.rb:30:in `block in call'
web-console (3.7.0) lib/web_console/middleware.rb:20:in `catch'
web-console (3.7.0) lib/web_console/middleware.rb:20:in `call'
actionpack (5.1.7) lib/action_dispatch/middleware/show_exceptions.rb:31:in `call'
railties (5.1.7) lib/rails/rack/logger.rb:36:in `call_app'
railties (5.1.7) lib/rails/rack/logger.rb:24:in `block in call'
activesupport (5.1.7) lib/active_support/tagged_logging.rb:69:in `block in tagged'
activesupport (5.1.7) lib/active_support/tagged_logging.rb:26:in `tagged'
activesupport (5.1.7) lib/active_support/tagged_logging.rb:69:in `tagged'
railties (5.1.7) lib/rails/rack/logger.rb:24:in `call'
sprockets-rails (3.2.1) lib/sprockets/rails/quiet_assets.rb:13:in `call'
actionpack (5.1.7) lib/action_dispatch/middleware/remote_ip.rb:79:in `call'
actionpack (5.1.7) lib/action_dispatch/middleware/request_id.rb:25:in `call'
rack (2.2.2) lib/rack/method_override.rb:24:in `call'
rack (2.2.2) lib/rack/runtime.rb:22:in `call'
activesupport (5.1.7) lib/active_support/cache/strategy/local_cache_middleware.rb:27:in `call'
actionpack (5.1.7) lib/action_dispatch/middleware/executor.rb:12:in `call'
actionpack (5.1.7) lib/action_dispatch/middleware/static.rb:125:in `call'
rack (2.2.2) lib/rack/sendfile.rb:110:in `call'
railties (5.1.7) lib/rails/engine.rb:522:in `call'
puma (3.12.2) lib/puma/configuration.rb:227:in `call'
puma (3.12.2) lib/puma/server.rb:674:in `handle_request'
puma (3.12.2) lib/puma/server.rb:476:in `process_client'
puma (3.12.2) lib/puma/server.rb:334:in `block in run'
puma (3.12.2) lib/puma/thread_pool.rb:135:in `block in spawn_thread'
Started GET "/" for ::1 at 2020-02-13 11:34:07 -0800
Processing by StaticPagesController#root as HTML
  Rendering static_pages/root.html.erb within layouts/application
  Rendered static_pages/root.html.erb within layouts/application (0.4ms)
Completed 200 OK in 111ms (Views: 106.5ms | ActiveRecord: 0.0ms)


Started GET "/" for ::1 at 2020-02-13 11:34:13 -0800
Processing by StaticPagesController#root as HTML
  Rendering static_pages/root.html.erb within layouts/application
  Rendered static_pages/root.html.erb within layouts/application (0.4ms)
Completed 200 OK in 44ms (Views: 38.3ms | ActiveRecord: 0.0ms)


Started GET "/gifs/slinky" for ::1 at 2020-02-13 11:34:18 -0800
Processing by GifsController#show as JSON
  Parameters: {"title"=>"slinky"}
  [1m[36mGif Load (0.3ms)[0m  [1m[34mSELECT  "gifs".* FROM "gifs" WHERE "gifs"."title" = $1 LIMIT $2[0m  [["title", "slinky"], ["LIMIT", 1]]
Completed 200 OK in 17ms (Views: 0.4ms | ActiveRecord: 6.7ms)


Started GET "/gifs/f" for ::1 at 2020-02-13 11:34:21 -0800
Processing by GifsController#show as JSON
  Parameters: {"title"=>"f"}
  [1m[36mGif Load (0.4ms)[0m  [1m[34mSELECT  "gifs".* FROM "gifs" WHERE "gifs"."title" = $1 LIMIT $2[0m  [["title", "f"], ["LIMIT", 1]]
Completed 422 Unprocessable Entity in 3ms (Views: 0.3ms | ActiveRecord: 0.4ms)


Started GET "/" for ::1 at 2020-02-13 11:34:50 -0800
Processing by StaticPagesController#root as HTML
  Rendering static_pages/root.html.erb within layouts/application
  Rendered static_pages/root.html.erb within layouts/application (0.4ms)
Completed 200 OK in 128ms (Views: 123.9ms | ActiveRecord: 0.0ms)


Started GET "/gifs/f" for ::1 at 2020-02-13 11:34:56 -0800
Processing by GifsController#show as JSON
  Parameters: {"title"=>"f"}
  [1m[36mGif Load (0.4ms)[0m  [1m[34mSELECT  "gifs".* FROM "gifs" WHERE "gifs"."title" = $1 LIMIT $2[0m  [["title", "f"], ["LIMIT", 1]]
Completed 422 Unprocessable Entity in 3ms (Views: 0.3ms | ActiveRecord: 0.4ms)


Started GET "/" for ::1 at 2020-02-13 11:36:07 -0800
Processing by StaticPagesController#root as HTML
  Rendering static_pages/root.html.erb within layouts/application
  Rendered static_pages/root.html.erb within layouts/application (0.3ms)
Completed 200 OK in 30ms (Views: 26.1ms | ActiveRecord: 0.0ms)


