  [1m[35m (624.8ms)[0m  [1m[34mSELECT "schema_migrations"."version" FROM "schema_migrations" ORDER BY "schema_migrations"."version" ASC[0m
  [1m[35m (3.1ms)[0m  [1m[34mSELECT "ar_internal_metadata"."value" FROM "ar_internal_metadata" WHERE "ar_internal_metadata"."key" = $1[0m  [["key", "environment"]]
  [1m[35m (0.9ms)[0m  [1m[34mSELECT "schema_migrations"."version" FROM "schema_migrations" ORDER BY "schema_migrations"."version" ASC[0m
  [1m[35m (7.5ms)[0m  [1m[34mSELECT "ar_internal_metadata"."value" FROM "ar_internal_metadata" WHERE "ar_internal_metadata"."key" = $1[0m  [["key", "environment"]]
  [1m[35m (2.5ms)[0m  [1m[34mSELECT "schema_migrations"."version" FROM "schema_migrations" ORDER BY "schema_migrations"."version" ASC[0m
  [1m[35m (0.3ms)[0m  [1m[34mSELECT "ar_internal_metadata"."value" FROM "ar_internal_metadata" WHERE "ar_internal_metadata"."key" = $1[0m  [["key", "environment"]]
  [1m[35mSQL (454.6ms)[0m  [1m[35mCREATE EXTENSION IF NOT EXISTS "plpgsql"[0m
  [1m[35m (300.0ms)[0m  [1m[35mDROP TABLE IF EXISTS "gifs" CASCADE[0m
  [1m[35m (332.8ms)[0m  [1m[35mCREATE TABLE "gifs" ("id" bigserial primary key, "title" character varying, "url" character varying)[0m
  [1m[35m (2.7ms)[0m  [1m[34mSELECT "schema_migrations"."version" FROM "schema_migrations" ORDER BY "schema_migrations"."version" ASC[0m
  [1m[36mActiveRecord::InternalMetadata Load (18.0ms)[0m  [1m[34mSELECT  "ar_internal_metadata".* FROM "ar_internal_metadata" WHERE "ar_internal_metadata"."key" = $1 LIMIT $2[0m  [["key", "environment"], ["LIMIT", 1]]
  [1m[35m (44.0ms)[0m  [1m[35mBEGIN[0m
  [1m[35m (0.5ms)[0m  [1m[35mCOMMIT[0m
  [1m[36mActiveRecord::InternalMetadata Load (1.0ms)[0m  [1m[34mSELECT  "ar_internal_metadata".* FROM "ar_internal_metadata" WHERE "ar_internal_metadata"."key" = $1 LIMIT $2[0m  [["key", "environment"], ["LIMIT", 1]]
  [1m[35m (0.5ms)[0m  [1m[35mBEGIN[0m
  [1m[35m (4.7ms)[0m  [1m[35mCOMMIT[0m
  [1m[35mSQL (135.1ms)[0m  [1m[35mCREATE EXTENSION IF NOT EXISTS "plpgsql"[0m
  [1m[35m (220.1ms)[0m  [1m[35mDROP TABLE IF EXISTS "gifs" CASCADE[0m
  [1m[35m (162.6ms)[0m  [1m[35mCREATE TABLE "gifs" ("id" bigserial primary key, "title" character varying, "url" character varying)[0m
  [1m[35m (5.2ms)[0m  [1m[34mSELECT "schema_migrations"."version" FROM "schema_migrations" ORDER BY "schema_migrations"."version" ASC[0m
  [1m[36mActiveRecord::InternalMetadata Load (6.2ms)[0m  [1m[34mSELECT  "ar_internal_metadata".* FROM "ar_internal_metadata" WHERE "ar_internal_metadata"."key" = $1 LIMIT $2[0m  [["key", "environment"], ["LIMIT", 1]]
  [1m[35m (1.9ms)[0m  [1m[35mBEGIN[0m
  [1m[35mSQL (88.8ms)[0m  [1m[33mUPDATE "ar_internal_metadata" SET "value" = $1, "updated_at" = $2 WHERE "ar_internal_metadata"."key" = $3[0m  [["value", "development"], ["updated_at", "2022-02-23 17:55:38.501465"], ["key", "environment"]]
  [1m[35m (9.3ms)[0m  [1m[35mCOMMIT[0m
  [1m[36mActiveRecord::InternalMetadata Load (2.0ms)[0m  [1m[34mSELECT  "ar_internal_metadata".* FROM "ar_internal_metadata" WHERE "ar_internal_metadata"."key" = $1 LIMIT $2[0m  [["key", "environment"], ["LIMIT", 1]]
  [1m[35m (1.0ms)[0m  [1m[35mBEGIN[0m
  [1m[35mSQL (1.9ms)[0m  [1m[33mUPDATE "ar_internal_metadata" SET "value" = $1, "updated_at" = $2 WHERE "ar_internal_metadata"."key" = $3[0m  [["value", "test"], ["updated_at", "2022-02-23 17:55:38.617780"], ["key", "environment"]]
  [1m[35m (4.2ms)[0m  [1m[35mCOMMIT[0m
  [1m[35m (7.1ms)[0m  [1m[34mSELECT "schema_migrations"."version" FROM "schema_migrations" ORDER BY "schema_migrations"."version" ASC[0m
Started GET "/" for ::1 at 2022-02-23 09:56:06 -0800
  [1m[35m (6.0ms)[0m  [1m[34mSELECT "schema_migrations"."version" FROM "schema_migrations" ORDER BY "schema_migrations"."version" ASC[0m
Processing by StaticPagesController#root as HTML
  Rendering static_pages/root.html.erb within layouts/application
  Rendered static_pages/root.html.erb within layouts/application (62.6ms)
Started GET "/" for ::1 at 2022-02-23 09:56:10 -0800
Processing by StaticPagesController#root as HTML
  Rendering static_pages/root.html.erb within layouts/application
  Rendered static_pages/root.html.erb within layouts/application (1.7ms)
Completed 200 OK in 12366ms (Views: 12287.4ms | ActiveRecord: 0.0ms)


Completed 200 OK in 10281ms (Views: 10232.5ms | ActiveRecord: 0.0ms)


Started GET "/" for ::1 at 2022-02-23 09:56:22 -0800
Processing by StaticPagesController#root as HTML
  Rendering static_pages/root.html.erb within layouts/application
  Rendered static_pages/root.html.erb within layouts/application (1.5ms)
Completed 200 OK in 509ms (Views: 416.8ms | ActiveRecord: 0.0ms)


Started GET "/" for ::1 at 2022-02-23 10:16:14 -0800
  [1m[35m (47.4ms)[0m  [1m[34mSELECT "schema_migrations"."version" FROM "schema_migrations" ORDER BY "schema_migrations"."version" ASC[0m
Processing by StaticPagesController#root as HTML
  Rendering static_pages/root.html.erb within layouts/application
  Rendered static_pages/root.html.erb within layouts/application (34.9ms)
Completed 200 OK in 7802ms (Views: 7734.6ms | ActiveRecord: 0.0ms)


Started GET "/" for ::1 at 2022-02-23 10:16:24 -0800
Processing by StaticPagesController#root as HTML
  Rendering static_pages/root.html.erb within layouts/application
  Rendered static_pages/root.html.erb within layouts/application (5.2ms)
Completed 200 OK in 272ms (Views: 238.9ms | ActiveRecord: 0.0ms)


Started GET "/" for ::1 at 2022-02-23 10:35:16 -0800
Processing by StaticPagesController#root as HTML
  Rendering static_pages/root.html.erb within layouts/application
  Rendered static_pages/root.html.erb within layouts/application (0.5ms)
Completed 200 OK in 805ms (Views: 737.9ms | ActiveRecord: 0.0ms)


Started GET "/" for ::1 at 2022-02-23 10:35:18 -0800
Processing by StaticPagesController#root as HTML
  Rendering static_pages/root.html.erb within layouts/application
  Rendered static_pages/root.html.erb within layouts/application (1.7ms)
Completed 200 OK in 372ms (Views: 310.5ms | ActiveRecord: 0.0ms)


Started POST "/gifs" for ::1 at 2022-02-23 10:35:27 -0800
Processing by GifsController#create as JSON
  Parameters: {"gif"=>{"title"=>""}}
  [1m[35m (1.1ms)[0m  [1m[35mBEGIN[0m
  [1m[36mGif Exists (29.2ms)[0m  [1m[34mSELECT  1 AS one FROM "gifs" WHERE "gifs"."title" = $1 LIMIT $2[0m  [["title", ""], ["LIMIT", 1]]
  [1m[35m (14.4ms)[0m  [1m[31mROLLBACK[0m
Completed 422 Unprocessable Entity in 181ms (Views: 0.4ms | ActiveRecord: 109.2ms)


Started POST "/gifs" for ::1 at 2022-02-23 10:35:55 -0800
Processing by GifsController#create as JSON
  Parameters: {"gif"=>{"title"=>"Banana Shooter", "url"=>"https://media0.giphy.com/media/YFHTSoWEywAiCAYSnx/giphy-preview.gif?cid=2cb8fdb77d625a79e42fec993b4fa4ce23dd49e70f6647ac&rid=giphy-preview.gif&ct=g"}}
  [1m[35m (0.8ms)[0m  [1m[35mBEGIN[0m
  [1m[36mGif Exists (15.9ms)[0m  [1m[34mSELECT  1 AS one FROM "gifs" WHERE "gifs"."title" = $1 LIMIT $2[0m  [["title", "Banana Shooter"], ["LIMIT", 1]]
  [1m[35mSQL (7.1ms)[0m  [1m[32mINSERT INTO "gifs" ("title", "url") VALUES ($1, $2) RETURNING "id"[0m  [["title", "Banana Shooter"], ["url", "https://media0.giphy.com/media/YFHTSoWEywAiCAYSnx/giphy-preview.gif?cid=2cb8fdb77d625a79e42fec993b4fa4ce23dd49e70f6647ac&rid=giphy-preview.gif&ct=g"]]
  [1m[35m (18.9ms)[0m  [1m[35mCOMMIT[0m
Completed 200 OK in 80ms (Views: 0.3ms | ActiveRecord: 42.7ms)


  [1m[36mGif Load (1.6ms)[0m  [1m[34mSELECT "gifs".* FROM "gifs"[0m
Started GET "/" for ::1 at 2022-02-23 10:44:11 -0800
Processing by StaticPagesController#root as HTML
  Rendering static_pages/root.html.erb within layouts/application
  Rendered static_pages/root.html.erb within layouts/application (0.9ms)
Completed 200 OK in 709ms (Views: 680.9ms | ActiveRecord: 0.0ms)


Started GET "/" for ::1 at 2022-02-23 10:44:12 -0800
Processing by StaticPagesController#root as HTML
  Rendering static_pages/root.html.erb within layouts/application
  Rendered static_pages/root.html.erb within layouts/application (0.7ms)
Completed 200 OK in 250ms (Views: 230.7ms | ActiveRecord: 0.0ms)


Started GET "/" for ::1 at 2022-02-23 10:44:49 -0800
Processing by StaticPagesController#root as HTML
  Rendering static_pages/root.html.erb within layouts/application
  Rendered static_pages/root.html.erb within layouts/application (0.6ms)
Completed 200 OK in 489ms (Views: 478.2ms | ActiveRecord: 0.0ms)


Started GET "/" for ::1 at 2022-02-23 10:44:50 -0800
Processing by StaticPagesController#root as HTML
  Rendering static_pages/root.html.erb within layouts/application
  Rendered static_pages/root.html.erb within layouts/application (3.2ms)
Completed 200 OK in 223ms (Views: 199.2ms | ActiveRecord: 0.0ms)


Started GET "/gifs/" for ::1 at 2022-02-23 10:44:52 -0800
  
ActionController::RoutingError (No route matches [GET] "/gifs"):
  
actionpack (5.1.7) lib/action_dispatch/middleware/debug_exceptions.rb:63:in `call'
web-console (3.7.0) lib/web_console/middleware.rb:135:in `call_app'
web-console (3.7.0) lib/web_console/middleware.rb:30:in `block in call'
web-console (3.7.0) lib/web_console/middleware.rb:20:in `catch'
web-console (3.7.0) lib/web_console/middleware.rb:20:in `call'
actionpack (5.1.7) lib/action_dispatch/middleware/show_exceptions.rb:31:in `call'
railties (5.1.7) lib/rails/rack/logger.rb:36:in `call_app'
railties (5.1.7) lib/rails/rack/logger.rb:24:in `block in call'
activesupport (5.1.7) lib/active_support/tagged_logging.rb:69:in `block in tagged'
activesupport (5.1.7) lib/active_support/tagged_logging.rb:26:in `tagged'
activesupport (5.1.7) lib/active_support/tagged_logging.rb:69:in `tagged'
railties (5.1.7) lib/rails/rack/logger.rb:24:in `call'
sprockets-rails (3.2.2) lib/sprockets/rails/quiet_assets.rb:13:in `call'
actionpack (5.1.7) lib/action_dispatch/middleware/remote_ip.rb:79:in `call'
actionpack (5.1.7) lib/action_dispatch/middleware/request_id.rb:25:in `call'
rack (2.2.3) lib/rack/method_override.rb:24:in `call'
rack (2.2.3) lib/rack/runtime.rb:22:in `call'
activesupport (5.1.7) lib/active_support/cache/strategy/local_cache_middleware.rb:27:in `call'
actionpack (5.1.7) lib/action_dispatch/middleware/executor.rb:12:in `call'
actionpack (5.1.7) lib/action_dispatch/middleware/static.rb:125:in `call'
rack (2.2.3) lib/rack/sendfile.rb:110:in `call'
railties (5.1.7) lib/rails/engine.rb:522:in `call'
puma (3.12.6) lib/puma/configuration.rb:227:in `call'
puma (3.12.6) lib/puma/server.rb:706:in `handle_request'
puma (3.12.6) lib/puma/server.rb:476:in `process_client'
puma (3.12.6) lib/puma/server.rb:334:in `block in run'
puma (3.12.6) lib/puma/thread_pool.rb:135:in `block in spawn_thread'
Started GET "/gifs/Banana%20Shooter" for ::1 at 2022-02-23 10:45:17 -0800
Processing by GifsController#show as JSON
  Parameters: {"title"=>"Banana Shooter"}
  [1m[36mGif Load (0.5ms)[0m  [1m[34mSELECT  "gifs".* FROM "gifs" WHERE "gifs"."title" = $1 LIMIT $2[0m  [["title", "Banana Shooter"], ["LIMIT", 1]]
Completed 200 OK in 32ms (Views: 0.3ms | ActiveRecord: 1.2ms)


Started GET "/" for ::1 at 2022-02-23 10:46:44 -0800
Processing by StaticPagesController#root as HTML
  Rendering static_pages/root.html.erb within layouts/application
  Rendered static_pages/root.html.erb within layouts/application (0.3ms)
Completed 200 OK in 339ms (Views: 325.8ms | ActiveRecord: 0.0ms)


Started GET "/" for ::1 at 2022-02-23 10:46:44 -0800
Processing by StaticPagesController#root as HTML
  Rendering static_pages/root.html.erb within layouts/application
  Rendered static_pages/root.html.erb within layouts/application (0.4ms)
Completed 200 OK in 255ms (Views: 242.3ms | ActiveRecord: 0.0ms)


Started GET "/gifs/Banana%20Shooter" for ::1 at 2022-02-23 10:46:55 -0800
Processing by GifsController#show as JSON
  Parameters: {"title"=>"Banana Shooter"}
  [1m[36mGif Load (4.1ms)[0m  [1m[34mSELECT  "gifs".* FROM "gifs" WHERE "gifs"."title" = $1 LIMIT $2[0m  [["title", "Banana Shooter"], ["LIMIT", 1]]
Completed 200 OK in 19ms (Views: 0.2ms | ActiveRecord: 4.1ms)


