  [1m[35m (1155.1ms)[0m  [1m[35mCREATE DATABASE "blue_bird_development" ENCODING = 'unicode'[0m
  ↳ bin/rails:9
  [1m[35m (633.8ms)[0m  [1m[35mCREATE DATABASE "blue_bird_test" ENCODING = 'unicode'[0m
  ↳ bin/rails:9
  [1m[35m (39.3ms)[0m  [1m[35mCREATE TABLE "schema_migrations" ("version" character varying NOT NULL PRIMARY KEY)[0m
  ↳ bin/rails:9
  [1m[35m (48.1ms)[0m  [1m[35mCREATE TABLE "ar_internal_metadata" ("key" character varying NOT NULL PRIMARY KEY, "value" character varying, "created_at" timestamp NOT NULL, "updated_at" timestamp NOT NULL)[0m
  ↳ bin/rails:9
  [1m[35m (0.3ms)[0m  [1m[34mSELECT pg_try_advisory_lock(3079532290629194505)[0m
  ↳ bin/rails:9
  [1m[35m (1.1ms)[0m  [1m[34mSELECT "schema_migrations"."version" FROM "schema_migrations" ORDER BY "schema_migrations"."version" ASC[0m
  ↳ bin/rails:9
Migrating to CreateUsers (20220127172120)
  [1m[35m (0.2ms)[0m  [1m[35mBEGIN[0m
  ↳ bin/rails:9
  [1m[35m (82.9ms)[0m  [1m[35mCREATE TABLE "users" ("id" bigserial primary key, "username" character varying NOT NULL, "email" character varying NOT NULL)[0m
  ↳ db/migrate/20220127172120_create_users.rb:3
  [1m[35m (3.0ms)[0m  [1m[35mCREATE UNIQUE INDEX  "index_users_on_username" ON "users"  ("username")[0m
  ↳ db/migrate/20220127172120_create_users.rb:7
  [1m[35m (10.7ms)[0m  [1m[35mCREATE UNIQUE INDEX  "index_users_on_email" ON "users"  ("email")[0m
  ↳ db/migrate/20220127172120_create_users.rb:8
  [1m[36mActiveRecord::SchemaMigration Create (147.7ms)[0m  [1m[32mINSERT INTO "schema_migrations" ("version") VALUES ($1) RETURNING "version"[0m  [["version", "20220127172120"]]
  ↳ bin/rails:9
  [1m[35m (3.1ms)[0m  [1m[35mCOMMIT[0m
  ↳ bin/rails:9
  [1m[36mActiveRecord::InternalMetadata Load (1.2ms)[0m  [1m[34mSELECT  "ar_internal_metadata".* FROM "ar_internal_metadata" WHERE "ar_internal_metadata"."key" = $1 LIMIT $2[0m  [["key", "environment"], ["LIMIT", 1]]
  ↳ bin/rails:9
  [1m[35m (0.2ms)[0m  [1m[35mBEGIN[0m
  ↳ bin/rails:9
  [1m[36mActiveRecord::InternalMetadata Create (3.1ms)[0m  [1m[32mINSERT INTO "ar_internal_metadata" ("key", "value", "created_at", "updated_at") VALUES ($1, $2, $3, $4) RETURNING "key"[0m  [["key", "environment"], ["value", "development"], ["created_at", "2022-01-27 17:28:16.866594"], ["updated_at", "2022-01-27 17:28:16.866594"]]
  ↳ bin/rails:9
  [1m[35m (39.7ms)[0m  [1m[35mCOMMIT[0m
  ↳ bin/rails:9
  [1m[35m (0.6ms)[0m  [1m[34mSELECT pg_advisory_unlock(3079532290629194505)[0m
  ↳ bin/rails:9
  [1m[35m (0.5ms)[0m  [1m[34mSELECT "schema_migrations"."version" FROM "schema_migrations" ORDER BY "schema_migrations"."version" ASC[0m
  ↳ bin/rails:9
  [1m[35m (1.8ms)[0m  [1m[34mSELECT "schema_migrations"."version" FROM "schema_migrations" ORDER BY "schema_migrations"."version" ASC[0m
  ↳ bin/rails:9
  [1m[35m (0.4ms)[0m  [1m[34mSELECT pg_try_advisory_lock(3079532290629194505)[0m
  ↳ bin/rails:9
  [1m[35m (1.5ms)[0m  [1m[34mSELECT "schema_migrations"."version" FROM "schema_migrations" ORDER BY "schema_migrations"."version" ASC[0m
  ↳ bin/rails:9
  [1m[36mActiveRecord::InternalMetadata Load (0.9ms)[0m  [1m[34mSELECT  "ar_internal_metadata".* FROM "ar_internal_metadata" WHERE "ar_internal_metadata"."key" = $1 LIMIT $2[0m  [["key", "environment"], ["LIMIT", 1]]
  ↳ bin/rails:9
  [1m[35m (0.2ms)[0m  [1m[35mBEGIN[0m
  ↳ bin/rails:9
  [1m[35m (0.2ms)[0m  [1m[35mCOMMIT[0m
  ↳ bin/rails:9
  [1m[35m (1.1ms)[0m  [1m[34mSELECT pg_advisory_unlock(3079532290629194505)[0m
  ↳ bin/rails:9
  [1m[35m (0.3ms)[0m  [1m[34mSELECT "schema_migrations"."version" FROM "schema_migrations" ORDER BY "schema_migrations"."version" ASC[0m
  ↳ bin/rails:9
  [1m[35m (1.4ms)[0m  [1m[34mSELECT "schema_migrations"."version" FROM "schema_migrations" ORDER BY "schema_migrations"."version" ASC[0m
  ↳ bin/rails:9
  [1m[35m (0.9ms)[0m  [1m[34mSELECT "ar_internal_metadata"."value" FROM "ar_internal_metadata" WHERE "ar_internal_metadata"."key" = $1[0m  [["key", "environment"]]
  ↳ bin/rails:9
  [1m[35m (0.4ms)[0m  [1m[34mSELECT "schema_migrations"."version" FROM "schema_migrations" ORDER BY "schema_migrations"."version" ASC[0m
  ↳ bin/rails:9
  [1m[35m (0.3ms)[0m  [1m[34mSELECT "ar_internal_metadata"."value" FROM "ar_internal_metadata" WHERE "ar_internal_metadata"."key" = $1[0m  [["key", "environment"]]
  ↳ bin/rails:9
  [1m[35m (0.2ms)[0m  [1m[34mSELECT "schema_migrations"."version" FROM "schema_migrations" ORDER BY "schema_migrations"."version" ASC[0m
  ↳ bin/rails:9
  [1m[35m (0.5ms)[0m  [1m[34mSELECT "ar_internal_metadata"."value" FROM "ar_internal_metadata" WHERE "ar_internal_metadata"."key" = $1[0m  [["key", "environment"]]
  ↳ bin/rails:9
  [1m[35m (131.6ms)[0m  [1m[35mDROP DATABASE IF EXISTS "blue_bird_development"[0m
  ↳ bin/rails:9
  [1m[35m (197.3ms)[0m  [1m[35mDROP DATABASE IF EXISTS "blue_bird_test"[0m
  ↳ bin/rails:9
  [1m[35m (964.3ms)[0m  [1m[35mCREATE DATABASE "blue_bird_development" ENCODING = 'unicode'[0m
  ↳ bin/rails:9
  [1m[35m (814.0ms)[0m  [1m[35mCREATE DATABASE "blue_bird_test" ENCODING = 'unicode'[0m
  ↳ bin/rails:9
  [1m[35m (58.0ms)[0m  [1m[35mCREATE TABLE "schema_migrations" ("version" character varying NOT NULL PRIMARY KEY)[0m
  ↳ bin/rails:9
  [1m[35m (47.2ms)[0m  [1m[35mCREATE TABLE "ar_internal_metadata" ("key" character varying NOT NULL PRIMARY KEY, "value" character varying, "created_at" timestamp NOT NULL, "updated_at" timestamp NOT NULL)[0m
  ↳ bin/rails:9
  [1m[35m (1.2ms)[0m  [1m[34mSELECT pg_try_advisory_lock(3079532290629194505)[0m
  ↳ bin/rails:9
  [1m[35m (11.4ms)[0m  [1m[34mSELECT "schema_migrations"."version" FROM "schema_migrations" ORDER BY "schema_migrations"."version" ASC[0m
  ↳ bin/rails:9
Migrating to CreateUsers (20220127172120)
  [1m[35m (0.7ms)[0m  [1m[35mBEGIN[0m
  ↳ bin/rails:9
  [1m[35m (61.2ms)[0m  [1m[35mCREATE TABLE "users" ("id" bigserial primary key, "username" character varying NOT NULL, "email" character varying NOT NULL, "created_at" timestamp NOT NULL, "updated_at" timestamp NOT NULL)[0m
  ↳ db/migrate/20220127172120_create_users.rb:3
  [1m[35m (56.9ms)[0m  [1m[35mCREATE UNIQUE INDEX  "index_users_on_username" ON "users"  ("username")[0m
  ↳ db/migrate/20220127172120_create_users.rb:8
  [1m[35m (152.8ms)[0m  [1m[35mCREATE UNIQUE INDEX  "index_users_on_email" ON "users"  ("email")[0m
  ↳ db/migrate/20220127172120_create_users.rb:9
  [1m[36mActiveRecord::SchemaMigration Create (7.0ms)[0m  [1m[32mINSERT INTO "schema_migrations" ("version") VALUES ($1) RETURNING "version"[0m  [["version", "20220127172120"]]
  ↳ bin/rails:9
  [1m[35m (4.6ms)[0m  [1m[35mCOMMIT[0m
  ↳ bin/rails:9
  [1m[36mActiveRecord::InternalMetadata Load (1.4ms)[0m  [1m[34mSELECT  "ar_internal_metadata".* FROM "ar_internal_metadata" WHERE "ar_internal_metadata"."key" = $1 LIMIT $2[0m  [["key", "environment"], ["LIMIT", 1]]
  ↳ bin/rails:9
  [1m[35m (12.4ms)[0m  [1m[35mBEGIN[0m
  ↳ bin/rails:9
  [1m[36mActiveRecord::InternalMetadata Create (3.3ms)[0m  [1m[32mINSERT INTO "ar_internal_metadata" ("key", "value", "created_at", "updated_at") VALUES ($1, $2, $3, $4) RETURNING "key"[0m  [["key", "environment"], ["value", "development"], ["created_at", "2022-01-27 17:31:32.984112"], ["updated_at", "2022-01-27 17:31:32.984112"]]
  ↳ bin/rails:9
  [1m[35m (1.7ms)[0m  [1m[35mCOMMIT[0m
  ↳ bin/rails:9
  [1m[35m (0.9ms)[0m  [1m[34mSELECT pg_advisory_unlock(3079532290629194505)[0m
  ↳ bin/rails:9
  [1m[35m (1.4ms)[0m  [1m[34mSELECT "schema_migrations"."version" FROM "schema_migrations" ORDER BY "schema_migrations"."version" ASC[0m
  ↳ bin/rails:9
  [1m[35m (5.6ms)[0m  [1m[34mSELECT "schema_migrations"."version" FROM "schema_migrations" ORDER BY "schema_migrations"."version" ASC[0m
  ↳ bin/rails:9
  [1m[35m (0.2ms)[0m  [1m[34mSELECT pg_try_advisory_lock(3079532290629194505)[0m
  ↳ bin/rails:9
  [1m[35m (2.1ms)[0m  [1m[34mSELECT "schema_migrations"."version" FROM "schema_migrations" ORDER BY "schema_migrations"."version" ASC[0m
  ↳ bin/rails:9
Migrating to AddCodeAgeToUsers (20220127173523)
  [1m[35m (0.3ms)[0m  [1m[35mBEGIN[0m
  ↳ bin/rails:9
  [1m[35m (5.5ms)[0m  [1m[35mALTER TABLE "users" ADD "coding_affiliation" character varying NOT NULL[0m
  ↳ db/migrate/20220127173523_add_code_age_to_users.rb:3
  [1m[35m (66.8ms)[0m  [1m[35mALTER TABLE "users" ADD "age" integer NOT NULL[0m
  ↳ db/migrate/20220127173523_add_code_age_to_users.rb:4
  [1m[35m (81.8ms)[0m  [1m[35mCREATE  INDEX  "index_users_on_coding_affiliation" ON "users"  ("coding_affiliation")[0m
  ↳ db/migrate/20220127173523_add_code_age_to_users.rb:5
  [1m[36mActiveRecord::SchemaMigration Create (1.7ms)[0m  [1m[32mINSERT INTO "schema_migrations" ("version") VALUES ($1) RETURNING "version"[0m  [["version", "20220127173523"]]
  ↳ bin/rails:9
  [1m[35m (37.2ms)[0m  [1m[35mCOMMIT[0m
  ↳ bin/rails:9
  [1m[36mActiveRecord::InternalMetadata Load (3.4ms)[0m  [1m[34mSELECT  "ar_internal_metadata".* FROM "ar_internal_metadata" WHERE "ar_internal_metadata"."key" = $1 LIMIT $2[0m  [["key", "environment"], ["LIMIT", 1]]
  ↳ bin/rails:9
  [1m[35m (0.3ms)[0m  [1m[35mBEGIN[0m
  ↳ bin/rails:9
  [1m[35m (1.2ms)[0m  [1m[35mCOMMIT[0m
  ↳ bin/rails:9
  [1m[35m (0.4ms)[0m  [1m[34mSELECT pg_advisory_unlock(3079532290629194505)[0m
  ↳ bin/rails:9
  [1m[35m (0.6ms)[0m  [1m[34mSELECT "schema_migrations"."version" FROM "schema_migrations" ORDER BY "schema_migrations"."version" ASC[0m
  ↳ bin/rails:9
  [1m[35m (10.9ms)[0m  [1m[34mSELECT "schema_migrations"."version" FROM "schema_migrations" ORDER BY "schema_migrations"."version" ASC[0m
  ↳ bin/rails:9
  [1m[35m (0.4ms)[0m  [1m[34mSELECT pg_try_advisory_lock(3079532290629194505)[0m
  ↳ bin/rails:9
  [1m[35m (2.7ms)[0m  [1m[34mSELECT "schema_migrations"."version" FROM "schema_migrations" ORDER BY "schema_migrations"."version" ASC[0m
  ↳ bin/rails:9
Migrating to CreateChirps (20220127174535)
  [1m[35m (0.2ms)[0m  [1m[35mBEGIN[0m
  ↳ bin/rails:9
  [1m[35m (36.7ms)[0m  [1m[35mCREATE TABLE "chirps" ("id" bigserial primary key, "body" text NOT NULL, "author_id" integer NOT NULL)[0m
  ↳ db/migrate/20220127174535_create_chirps.rb:3
  [1m[35m (19.1ms)[0m  [1m[35mCREATE  INDEX  "index_chirps_on_author_id" ON "chirps"  ("author_id")[0m
  ↳ db/migrate/20220127174535_create_chirps.rb:7
  [1m[36mActiveRecord::SchemaMigration Create (6.2ms)[0m  [1m[32mINSERT INTO "schema_migrations" ("version") VALUES ($1) RETURNING "version"[0m  [["version", "20220127174535"]]
  ↳ bin/rails:9
  [1m[35m (2.2ms)[0m  [1m[35mCOMMIT[0m
  ↳ bin/rails:9
  [1m[36mActiveRecord::InternalMetadata Load (2.9ms)[0m  [1m[34mSELECT  "ar_internal_metadata".* FROM "ar_internal_metadata" WHERE "ar_internal_metadata"."key" = $1 LIMIT $2[0m  [["key", "environment"], ["LIMIT", 1]]
  ↳ bin/rails:9
  [1m[35m (0.2ms)[0m  [1m[35mBEGIN[0m
  ↳ bin/rails:9
  [1m[35m (4.8ms)[0m  [1m[35mCOMMIT[0m
  ↳ bin/rails:9
  [1m[35m (0.6ms)[0m  [1m[34mSELECT pg_advisory_unlock(3079532290629194505)[0m
  ↳ bin/rails:9
  [1m[35m (0.5ms)[0m  [1m[34mSELECT "schema_migrations"."version" FROM "schema_migrations" ORDER BY "schema_migrations"."version" ASC[0m
  ↳ bin/rails:9
  [1m[35m (1.8ms)[0m  [1m[34mSELECT "schema_migrations"."version" FROM "schema_migrations" ORDER BY "schema_migrations"."version" ASC[0m
  ↳ bin/rails:9
  [1m[35m (1.9ms)[0m  [1m[34mSELECT "ar_internal_metadata"."value" FROM "ar_internal_metadata" WHERE "ar_internal_metadata"."key" = $1[0m  [["key", "environment"]]
  ↳ bin/rails:9
  [1m[35m (0.3ms)[0m  [1m[34mSELECT "schema_migrations"."version" FROM "schema_migrations" ORDER BY "schema_migrations"."version" ASC[0m
  ↳ bin/rails:9
  [1m[35m (1.6ms)[0m  [1m[34mSELECT "ar_internal_metadata"."value" FROM "ar_internal_metadata" WHERE "ar_internal_metadata"."key" = $1[0m  [["key", "environment"]]
  ↳ bin/rails:9
  [1m[35m (0.3ms)[0m  [1m[34mSELECT "schema_migrations"."version" FROM "schema_migrations" ORDER BY "schema_migrations"."version" ASC[0m
  ↳ bin/rails:9
  [1m[35m (0.4ms)[0m  [1m[34mSELECT "ar_internal_metadata"."value" FROM "ar_internal_metadata" WHERE "ar_internal_metadata"."key" = $1[0m  [["key", "environment"]]
  ↳ bin/rails:9
  [1m[35m (158.8ms)[0m  [1m[35mDROP DATABASE IF EXISTS "blue_bird_development"[0m
  ↳ bin/rails:9
  [1m[35m (181.2ms)[0m  [1m[35mDROP DATABASE IF EXISTS "blue_bird_test"[0m
  ↳ bin/rails:9
  [1m[35m (977.7ms)[0m  [1m[35mCREATE DATABASE "blue_bird_development" ENCODING = 'unicode'[0m
  ↳ bin/rails:9
  [1m[35m (700.5ms)[0m  [1m[35mCREATE DATABASE "blue_bird_test" ENCODING = 'unicode'[0m
  ↳ bin/rails:9
  [1m[35m (20.6ms)[0m  [1m[35mCREATE TABLE "schema_migrations" ("version" character varying NOT NULL PRIMARY KEY)[0m
  ↳ bin/rails:9
  [1m[35m (51.1ms)[0m  [1m[35mCREATE TABLE "ar_internal_metadata" ("key" character varying NOT NULL PRIMARY KEY, "value" character varying, "created_at" timestamp NOT NULL, "updated_at" timestamp NOT NULL)[0m
  ↳ bin/rails:9
  [1m[35m (0.5ms)[0m  [1m[34mSELECT pg_try_advisory_lock(3079532290629194505)[0m
  ↳ bin/rails:9
  [1m[35m (3.6ms)[0m  [1m[34mSELECT "schema_migrations"."version" FROM "schema_migrations" ORDER BY "schema_migrations"."version" ASC[0m
  ↳ bin/rails:9
Migrating to CreateUsers (20220127172120)
  [1m[35m (0.2ms)[0m  [1m[35mBEGIN[0m
  ↳ bin/rails:9
  [1m[35m (40.7ms)[0m  [1m[35mCREATE TABLE "users" ("id" bigserial primary key, "username" character varying NOT NULL, "email" character varying NOT NULL, "created_at" timestamp NOT NULL, "updated_at" timestamp NOT NULL)[0m
  ↳ db/migrate/20220127172120_create_users.rb:3
  [1m[35m (3.8ms)[0m  [1m[35mCREATE UNIQUE INDEX  "index_users_on_username" ON "users"  ("username")[0m
  ↳ db/migrate/20220127172120_create_users.rb:8
  [1m[35m (31.6ms)[0m  [1m[35mCREATE UNIQUE INDEX  "index_users_on_email" ON "users"  ("email")[0m
  ↳ db/migrate/20220127172120_create_users.rb:9
  [1m[36mActiveRecord::SchemaMigration Create (13.0ms)[0m  [1m[32mINSERT INTO "schema_migrations" ("version") VALUES ($1) RETURNING "version"[0m  [["version", "20220127172120"]]
  ↳ bin/rails:9
  [1m[35m (0.8ms)[0m  [1m[35mCOMMIT[0m
  ↳ bin/rails:9
Migrating to AddCodeAgeToUsers (20220127173523)
  [1m[35m (25.2ms)[0m  [1m[35mBEGIN[0m
  ↳ bin/rails:9
  [1m[35m (2.6ms)[0m  [1m[35mALTER TABLE "users" ADD "coding_affiliation" character varying NOT NULL[0m
  ↳ db/migrate/20220127173523_add_code_age_to_users.rb:3
  [1m[35m (1.2ms)[0m  [1m[35mALTER TABLE "users" ADD "age" integer NOT NULL[0m
  ↳ db/migrate/20220127173523_add_code_age_to_users.rb:4
  [1m[35m (7.9ms)[0m  [1m[35mCREATE  INDEX  "index_users_on_coding_affiliation" ON "users"  ("coding_affiliation")[0m
  ↳ db/migrate/20220127173523_add_code_age_to_users.rb:5
  [1m[36mActiveRecord::SchemaMigration Create (6.3ms)[0m  [1m[32mINSERT INTO "schema_migrations" ("version") VALUES ($1) RETURNING "version"[0m  [["version", "20220127173523"]]
  ↳ bin/rails:9
  [1m[35m (2.6ms)[0m  [1m[35mCOMMIT[0m
  ↳ bin/rails:9
Migrating to CreateChirps (20220127174535)
  [1m[35m (0.4ms)[0m  [1m[35mBEGIN[0m
  ↳ bin/rails:9
  [1m[35m (92.4ms)[0m  [1m[35mCREATE TABLE "chirps" ("id" bigserial primary key, "body" text NOT NULL, "author_id" integer NOT NULL, "created_at" timestamp NOT NULL, "updated_at" timestamp NOT NULL)[0m
  ↳ db/migrate/20220127174535_create_chirps.rb:3
  [1m[35m (58.7ms)[0m  [1m[35mCREATE  INDEX  "index_chirps_on_author_id" ON "chirps"  ("author_id")[0m
  ↳ db/migrate/20220127174535_create_chirps.rb:8
  [1m[36mActiveRecord::SchemaMigration Create (3.3ms)[0m  [1m[32mINSERT INTO "schema_migrations" ("version") VALUES ($1) RETURNING "version"[0m  [["version", "20220127174535"]]
  ↳ bin/rails:9
  [1m[35m (1.6ms)[0m  [1m[35mCOMMIT[0m
  ↳ bin/rails:9
  [1m[36mActiveRecord::InternalMetadata Load (1.7ms)[0m  [1m[34mSELECT  "ar_internal_metadata".* FROM "ar_internal_metadata" WHERE "ar_internal_metadata"."key" = $1 LIMIT $2[0m  [["key", "environment"], ["LIMIT", 1]]
  ↳ bin/rails:9
  [1m[35m (2.2ms)[0m  [1m[35mBEGIN[0m
  ↳ bin/rails:9
  [1m[36mActiveRecord::InternalMetadata Create (2.0ms)[0m  [1m[32mINSERT INTO "ar_internal_metadata" ("key", "value", "created_at", "updated_at") VALUES ($1, $2, $3, $4) RETURNING "key"[0m  [["key", "environment"], ["value", "development"], ["created_at", "2022-01-27 17:52:12.621773"], ["updated_at", "2022-01-27 17:52:12.621773"]]
  ↳ bin/rails:9
  [1m[35m (4.7ms)[0m  [1m[35mCOMMIT[0m
  ↳ bin/rails:9
  [1m[35m (1.0ms)[0m  [1m[34mSELECT pg_advisory_unlock(3079532290629194505)[0m
  ↳ bin/rails:9
  [1m[35m (0.9ms)[0m  [1m[34mSELECT "schema_migrations"."version" FROM "schema_migrations" ORDER BY "schema_migrations"."version" ASC[0m
  ↳ bin/rails:9
  [1m[35m (1.5ms)[0m  [1m[34mSELECT "schema_migrations"."version" FROM "schema_migrations" ORDER BY "schema_migrations"."version" ASC[0m
  ↳ /Users/christopherdellacqua/.rbenv/versions/2.5.1/bin/annotate:23
  [1m[35m (7.6ms)[0m  [1m[35mBEGIN[0m
  [1m[36mUser Exists (41.7ms)[0m  [1m[34mSELECT  1 AS one FROM "users" WHERE "users"."username" = $1 LIMIT $2[0m  [["username", "jack_user"], ["LIMIT", 1]]
  [1m[36mUser Exists (136.2ms)[0m  [1m[34mSELECT  1 AS one FROM "users" WHERE "users"."email" = $1 LIMIT $2[0m  [["email", "jack@gmail.com"], ["LIMIT", 1]]
  [1m[35m (1.1ms)[0m  [1m[31mROLLBACK[0m
  [1m[35m (28.7ms)[0m  [1m[35mBEGIN[0m
  [1m[36mUser Exists (65.7ms)[0m  [1m[34mSELECT  1 AS one FROM "users" WHERE "users"."username" = $1 LIMIT $2[0m  [["username", "jack_user"], ["LIMIT", 1]]
  [1m[36mUser Exists (31.0ms)[0m  [1m[34mSELECT  1 AS one FROM "users" WHERE "users"."email" = $1 LIMIT $2[0m  [["email", "jack@gmail.com"], ["LIMIT", 1]]
  [1m[36mUser Create (16.5ms)[0m  [1m[32mINSERT INTO "users" ("username", "email", "created_at", "updated_at", "coding_affiliation", "age") VALUES ($1, $2, $3, $4, $5, $6) RETURNING "id"[0m  [["username", "jack_user"], ["email", "jack@gmail.com"], ["created_at", "2022-01-27 18:26:22.128677"], ["updated_at", "2022-01-27 18:26:22.128677"], ["coding_affiliation", "C#"], ["age", 75]]
  [1m[35m (94.6ms)[0m  [1m[35mCOMMIT[0m
  [1m[36mUser Load (1.7ms)[0m  [1m[34mSELECT  "users".* FROM "users" LIMIT $1[0m  [["LIMIT", 11]]
  [1m[36mUser Load (3.3ms)[0m  [1m[34mSELECT "users".* FROM "users"[0m
  [1m[35m (5.4ms)[0m  [1m[35mBEGIN[0m
  [1m[36mUser Exists (11.5ms)[0m  [1m[34mSELECT  1 AS one FROM "users" WHERE "users"."username" = $1 LIMIT $2[0m  [["username", "jack_user"], ["LIMIT", 1]]
  [1m[36mUser Exists (0.6ms)[0m  [1m[34mSELECT  1 AS one FROM "users" WHERE "users"."email" = $1 LIMIT $2[0m  [["email", "jack@gmail.com"], ["LIMIT", 1]]
  [1m[35m (1.3ms)[0m  [1m[31mROLLBACK[0m
  [1m[35m (8.8ms)[0m  [1m[35mBEGIN[0m
  [1m[36mUser Exists (3.5ms)[0m  [1m[34mSELECT  1 AS one FROM "users" WHERE "users"."username" = $1 LIMIT $2[0m  [["username", "chris_user"], ["LIMIT", 1]]
  [1m[36mUser Exists (9.7ms)[0m  [1m[34mSELECT  1 AS one FROM "users" WHERE "users"."email" = $1 LIMIT $2[0m  [["email", "chris@gmail.com"], ["LIMIT", 1]]
  [1m[36mUser Create (1.6ms)[0m  [1m[32mINSERT INTO "users" ("username", "email", "created_at", "updated_at", "coding_affiliation", "age") VALUES ($1, $2, $3, $4, $5, $6) RETURNING "id"[0m  [["username", "chris_user"], ["email", "chris@gmail.com"], ["created_at", "2022-01-27 18:31:25.779792"], ["updated_at", "2022-01-27 18:31:25.779792"], ["coding_affiliation", "Ruby"], ["age", 10]]
  [1m[35m (8.8ms)[0m  [1m[35mCOMMIT[0m
  [1m[36mUser Load (1.2ms)[0m  [1m[34mSELECT "users".* FROM "users"[0m
  [1m[35m (2.1ms)[0m  [1m[34mSELECT "schema_migrations"."version" FROM "schema_migrations" ORDER BY "schema_migrations"."version" ASC[0m
  ↳ /Users/christopherdellacqua/.rbenv/versions/2.5.1/bin/annotate:23
  [1m[35m (0.2ms)[0m  [1m[35mBEGIN[0m
  [1m[36mChirp Create (2.6ms)[0m  [1m[32mINSERT INTO "chirps" ("body", "author_id", "created_at", "updated_at") VALUES ($1, $2, $3, $4) RETURNING "id"[0m  [["body", "Foo bar"], ["author_id", 1], ["created_at", "2022-01-27 18:35:12.298524"], ["updated_at", "2022-01-27 18:35:12.298524"]]
  [1m[35m (2.7ms)[0m  [1m[35mCOMMIT[0m
  [1m[35m (2.7ms)[0m  [1m[35mBEGIN[0m
  [1m[35m (4.8ms)[0m  [1m[31mROLLBACK[0m
  [1m[35m (2.8ms)[0m  [1m[35mBEGIN[0m
  [1m[35m (11.1ms)[0m  [1m[31mROLLBACK[0m
  [1m[35m (1.8ms)[0m  [1m[35mBEGIN[0m
  [1m[35m (21.7ms)[0m  [1m[31mROLLBACK[0m
  [1m[36mUser Load (17.5ms)[0m  [1m[34mSELECT "users".* FROM "users"[0m
  [1m[36mUser Load (1.3ms)[0m  [1m[34mSELECT  "users".* FROM "users" ORDER BY "users"."id" ASC LIMIT $1[0m  [["LIMIT", 1]]
  [1m[35m (179.5ms)[0m  [1m[35mBEGIN[0m
  [1m[36mUser Load (0.8ms)[0m  [1m[34mSELECT  "users".* FROM "users" WHERE "users"."id" = $1 LIMIT $2[0m  [["id", 1], ["LIMIT", 1]]
  [1m[36mChirp Create (1.2ms)[0m  [1m[32mINSERT INTO "chirps" ("body", "author_id", "created_at", "updated_at") VALUES ($1, $2, $3, $4) RETURNING "id"[0m  [["body", "hello world"], ["author_id", 1], ["created_at", "2022-01-27 19:19:23.717096"], ["updated_at", "2022-01-27 19:19:23.717096"]]
  [1m[35m (2.1ms)[0m  [1m[35mCOMMIT[0m
  [1m[36mChirp Load (1.1ms)[0m  [1m[34mSELECT "chirps".* FROM "chirps" WHERE "chirps"."author_id" = $1[0m  [["author_id", 1]]
  [1m[35m (0.2ms)[0m  [1m[34mSELECT pg_try_advisory_lock(3079532290629194505)[0m
  ↳ bin/rails:9
  [1m[35m (40.8ms)[0m  [1m[34mSELECT "schema_migrations"."version" FROM "schema_migrations" ORDER BY "schema_migrations"."version" ASC[0m
  ↳ bin/rails:9
Migrating to CreateLikes (20220127192310)
  [1m[35m (0.2ms)[0m  [1m[35mBEGIN[0m
  ↳ bin/rails:9
  [1m[35m (78.1ms)[0m  [1m[35mCREATE TABLE "likes" ("id" bigserial primary key, "liker_id" integer NOT NULL, "chirp_id" integer NOT NULL, "created_at" timestamp NOT NULL, "updated_at" timestamp NOT NULL)[0m
  ↳ db/migrate/20220127192310_create_likes.rb:3
  [1m[35m (2.4ms)[0m  [1m[35mCREATE  INDEX  "index_likes_on_liker_id" ON "likes"  ("liker_id")[0m
  ↳ db/migrate/20220127192310_create_likes.rb:8
  [1m[35m (28.8ms)[0m  [1m[35mCREATE UNIQUE INDEX  "index_likes_on_chirp_id_and_liker_id" ON "likes"  ("chirp_id", "liker_id")[0m
  ↳ db/migrate/20220127192310_create_likes.rb:9
  [1m[36mActiveRecord::SchemaMigration Create (36.1ms)[0m  [1m[32mINSERT INTO "schema_migrations" ("version") VALUES ($1) RETURNING "version"[0m  [["version", "20220127192310"]]
  ↳ bin/rails:9
  [1m[35m (1.3ms)[0m  [1m[35mCOMMIT[0m
  ↳ bin/rails:9
  [1m[36mActiveRecord::InternalMetadata Load (7.8ms)[0m  [1m[34mSELECT  "ar_internal_metadata".* FROM "ar_internal_metadata" WHERE "ar_internal_metadata"."key" = $1 LIMIT $2[0m  [["key", "environment"], ["LIMIT", 1]]
  ↳ bin/rails:9
  [1m[35m (8.5ms)[0m  [1m[35mBEGIN[0m
  ↳ bin/rails:9
  [1m[35m (7.5ms)[0m  [1m[35mCOMMIT[0m
  ↳ bin/rails:9
  [1m[35m (2.6ms)[0m  [1m[34mSELECT pg_advisory_unlock(3079532290629194505)[0m
  ↳ bin/rails:9
  [1m[35m (0.5ms)[0m  [1m[34mSELECT "schema_migrations"."version" FROM "schema_migrations" ORDER BY "schema_migrations"."version" ASC[0m
  ↳ bin/rails:9
  [1m[35m (7.8ms)[0m  [1m[34mSELECT "schema_migrations"."version" FROM "schema_migrations" ORDER BY "schema_migrations"."version" ASC[0m
  ↳ /Users/christopherdellacqua/.rbenv/versions/2.5.1/bin/annotate:23
  [1m[36mUser Load (2.8ms)[0m  [1m[34mSELECT  "users".* FROM "users" ORDER BY "users"."id" ASC LIMIT $1[0m  [["LIMIT", 1]]
  [1m[36mChirp Load (25.7ms)[0m  [1m[34mSELECT "chirps".* FROM "chirps"[0m
  [1m[36mChirp Load (0.4ms)[0m  [1m[34mSELECT  "chirps".* FROM "chirps" ORDER BY "chirps"."id" DESC LIMIT $1[0m  [["LIMIT", 1]]
  [1m[35m (0.6ms)[0m  [1m[35mBEGIN[0m
  [1m[36mUser Load (0.3ms)[0m  [1m[34mSELECT  "users".* FROM "users" WHERE "users"."id" = $1 LIMIT $2[0m  [["id", 1], ["LIMIT", 1]]
  [1m[36mChirp Load (3.9ms)[0m  [1m[34mSELECT  "chirps".* FROM "chirps" WHERE "chirps"."id" = $1 LIMIT $2[0m  [["id", 2], ["LIMIT", 1]]
  [1m[36mLike Create (5.2ms)[0m  [1m[32mINSERT INTO "likes" ("liker_id", "chirp_id", "created_at", "updated_at") VALUES ($1, $2, $3, $4) RETURNING "id"[0m  [["liker_id", 1], ["chirp_id", 2], ["created_at", "2022-01-27 19:36:43.685022"], ["updated_at", "2022-01-27 19:36:43.685022"]]
  [1m[35m (165.2ms)[0m  [1m[35mCOMMIT[0m
  [1m[36mLike Load (1.6ms)[0m  [1m[34mSELECT "likes".* FROM "likes"[0m
  [1m[36mLike Load (0.5ms)[0m  [1m[34mSELECT "likes".* FROM "likes" WHERE "likes"."liker_id" = $1[0m  [["liker_id", 1]]
  [1m[36mLike Load (1.1ms)[0m  [1m[34mSELECT "likes".* FROM "likes" WHERE "likes"."chirp_id" = $1[0m  [["chirp_id", 2]]
  [1m[36mUser Load (1.4ms)[0m  [1m[34mSELECT  "users".* FROM "users" ORDER BY "users"."id" ASC LIMIT $1[0m  [["LIMIT", 1]]
  [1m[36mLike Load (1.4ms)[0m  [1m[34mSELECT "likes".* FROM "likes" WHERE "likes"."liker_id" = $1[0m  [["liker_id", 1]]
  [1m[36mChirp Load (1.9ms)[0m  [1m[34mSELECT "chirps".* FROM "chirps"[0m
  [1m[36mChirp Load (0.6ms)[0m  [1m[34mSELECT  "chirps".* FROM "chirps" ORDER BY "chirps"."id" DESC LIMIT $1[0m  [["LIMIT", 1]]
  [1m[36mLike Load (8.5ms)[0m  [1m[34mSELECT "likes".* FROM "likes" WHERE "likes"."chirp_id" = $1[0m  [["chirp_id", 2]]
  [1m[36mUser Load (3.5ms)[0m  [1m[34mSELECT  "users".* FROM "users" ORDER BY "users"."id" ASC LIMIT $1[0m  [["LIMIT", 1]]
  [1m[36mLike Load (5.3ms)[0m  [1m[34mSELECT "likes".* FROM "likes" WHERE "likes"."liker_id" = $1[0m  [["liker_id", 1]]
  [1m[36mLike Load (1.3ms)[0m  [1m[34mSELECT "likes".* FROM "likes"[0m
  [1m[36mLike Load (1.5ms)[0m  [1m[34mSELECT "likes".* FROM "likes"[0m
  [1m[36mUser Load (1.2ms)[0m  [1m[34mSELECT  "users".* FROM "users" ORDER BY "users"."id" ASC LIMIT $1[0m  [["LIMIT", 1]]
  [1m[36mLike Load (6.8ms)[0m  [1m[34mSELECT "likes".* FROM "likes" WHERE "likes"."liker_id" = $1[0m  [["liker_id", 1]]
  [1m[36mChirp Load (1.0ms)[0m  [1m[34mSELECT "chirps".* FROM "chirps" INNER JOIN "likes" ON "chirps"."id" = "likes"."chirp_id" WHERE "likes"."liker_id" = $1[0m  [["liker_id", 1]]
  [1m[35m (2.1ms)[0m  [1m[34mSELECT "schema_migrations"."version" FROM "schema_migrations" ORDER BY "schema_migrations"."version" ASC[0m
  ↳ bin/rails:9
  [1m[36mLike Load (1.4ms)[0m  [1m[34mSELECT "likes".* FROM "likes"[0m
  ↳ db/seeds.rb:9
  [1m[35m (0.5ms)[0m  [1m[35mBEGIN[0m
  ↳ db/seeds.rb:9
  [1m[36mLike Destroy (2.7ms)[0m  [1m[31mDELETE FROM "likes" WHERE "likes"."id" = $1[0m  [["id", 1]]
  ↳ db/seeds.rb:9
  [1m[35m (0.7ms)[0m  [1m[35mCOMMIT[0m
  ↳ db/seeds.rb:9
  [1m[36mChirp Load (3.4ms)[0m  [1m[34mSELECT "chirps".* FROM "chirps"[0m
  ↳ db/seeds.rb:10
  [1m[35m (0.2ms)[0m  [1m[35mBEGIN[0m
  ↳ db/seeds.rb:10
  [1m[36mChirp Destroy (0.4ms)[0m  [1m[31mDELETE FROM "chirps" WHERE "chirps"."id" = $1[0m  [["id", 1]]
  ↳ db/seeds.rb:10
  [1m[35m (0.5ms)[0m  [1m[35mCOMMIT[0m
  ↳ db/seeds.rb:10
  [1m[35m (2.8ms)[0m  [1m[35mBEGIN[0m
  ↳ db/seeds.rb:10
  [1m[36mChirp Destroy (0.4ms)[0m  [1m[31mDELETE FROM "chirps" WHERE "chirps"."id" = $1[0m  [["id", 2]]
  ↳ db/seeds.rb:10
  [1m[35m (0.3ms)[0m  [1m[35mCOMMIT[0m
  ↳ db/seeds.rb:10
  [1m[36mUser Load (4.6ms)[0m  [1m[34mSELECT "users".* FROM "users"[0m
  ↳ db/seeds.rb:11
  [1m[35m (0.2ms)[0m  [1m[35mBEGIN[0m
  ↳ db/seeds.rb:11
  [1m[36mUser Destroy (0.5ms)[0m  [1m[31mDELETE FROM "users" WHERE "users"."id" = $1[0m  [["id", 1]]
  ↳ db/seeds.rb:11
  [1m[35m (0.9ms)[0m  [1m[35mCOMMIT[0m
  ↳ db/seeds.rb:11
  [1m[35m (2.9ms)[0m  [1m[35mBEGIN[0m
  ↳ db/seeds.rb:11
  [1m[36mUser Destroy (0.5ms)[0m  [1m[31mDELETE FROM "users" WHERE "users"."id" = $1[0m  [["id", 2]]
  ↳ db/seeds.rb:11
  [1m[35m (0.4ms)[0m  [1m[35mCOMMIT[0m
  ↳ db/seeds.rb:11
  [1m[35m (0.2ms)[0m  [1m[35mBEGIN[0m
  ↳ db/seeds.rb:15
  [1m[36mUser Exists (0.7ms)[0m  [1m[34mSELECT  1 AS one FROM "users" WHERE "users"."username" = $1 LIMIT $2[0m  [["username", "professor_of_logic"], ["LIMIT", 1]]
  ↳ db/seeds.rb:15
  [1m[36mUser Exists (0.4ms)[0m  [1m[34mSELECT  1 AS one FROM "users" WHERE "users"."email" = $1 LIMIT $2[0m  [["email", "mike@aa.io"], ["LIMIT", 1]]
  ↳ db/seeds.rb:15
  [1m[36mUser Create (0.9ms)[0m  [1m[32mINSERT INTO "users" ("username", "email", "created_at", "updated_at", "coding_affiliation", "age") VALUES ($1, $2, $3, $4, $5, $6) RETURNING "id"[0m  [["username", "professor_of_logic"], ["email", "mike@aa.io"], ["created_at", "2022-01-27 19:51:18.833695"], ["updated_at", "2022-01-27 19:51:18.833695"], ["coding_affiliation", "JavaScript"], ["age", 49]]
  ↳ db/seeds.rb:15
  [1m[35m (0.4ms)[0m  [1m[35mCOMMIT[0m
  ↳ db/seeds.rb:15
  [1m[35m (0.1ms)[0m  [1m[35mBEGIN[0m
  ↳ db/seeds.rb:22
  [1m[36mUser Exists (0.5ms)[0m  [1m[34mSELECT  1 AS one FROM "users" WHERE "users"."username" = $1 LIMIT $2[0m  [["username", "president_dellacqua"], ["LIMIT", 1]]
  ↳ db/seeds.rb:22
  [1m[36mUser Exists (0.4ms)[0m  [1m[34mSELECT  1 AS one FROM "users" WHERE "users"."email" = $1 LIMIT $2[0m  [["email", "ballin@aa.io"], ["LIMIT", 1]]
  ↳ db/seeds.rb:22
  [1m[36mUser Create (0.4ms)[0m  [1m[32mINSERT INTO "users" ("username", "email", "created_at", "updated_at", "coding_affiliation", "age") VALUES ($1, $2, $3, $4, $5, $6) RETURNING "id"[0m  [["username", "president_dellacqua"], ["email", "ballin@aa.io"], ["created_at", "2022-01-27 19:51:18.840879"], ["updated_at", "2022-01-27 19:51:18.840879"], ["coding_affiliation", "Python"], ["age", 12]]
  ↳ db/seeds.rb:22
  [1m[35m (0.4ms)[0m  [1m[35mCOMMIT[0m
  ↳ db/seeds.rb:22
  [1m[35m (0.1ms)[0m  [1m[35mBEGIN[0m
  ↳ db/seeds.rb:29
  [1m[36mUser Exists (0.9ms)[0m  [1m[34mSELECT  1 AS one FROM "users" WHERE "users"."username" = $1 LIMIT $2[0m  [["username", "Samsung"], ["LIMIT", 1]]
  ↳ db/seeds.rb:29
  [1m[36mUser Exists (1.2ms)[0m  [1m[34mSELECT  1 AS one FROM "users" WHERE "users"."email" = $1 LIMIT $2[0m  [["email", "info@samsung.com"], ["LIMIT", 1]]
  ↳ db/seeds.rb:29
  [1m[36mUser Create (0.5ms)[0m  [1m[32mINSERT INTO "users" ("username", "email", "created_at", "updated_at", "coding_affiliation", "age") VALUES ($1, $2, $3, $4, $5, $6) RETURNING "id"[0m  [["username", "Samsung"], ["email", "info@samsung.com"], ["created_at", "2022-01-27 19:51:18.856000"], ["updated_at", "2022-01-27 19:51:18.856000"], ["coding_affiliation", "JavaScript"], ["age", 0]]
  ↳ db/seeds.rb:29
  [1m[35m (0.9ms)[0m  [1m[35mCOMMIT[0m
  ↳ db/seeds.rb:29
  [1m[35m (0.1ms)[0m  [1m[35mBEGIN[0m
  ↳ db/seeds.rb:36
  [1m[36mUser Exists (28.8ms)[0m  [1m[34mSELECT  1 AS one FROM "users" WHERE "users"."username" = $1 LIMIT $2[0m  [["username", "taylor_made"], ["LIMIT", 1]]
  ↳ db/seeds.rb:36
  [1m[36mUser Exists (27.6ms)[0m  [1m[34mSELECT  1 AS one FROM "users" WHERE "users"."email" = $1 LIMIT $2[0m  [["email", "craycray4taytay@hotmail.com"], ["LIMIT", 1]]
  ↳ db/seeds.rb:36
  [1m[36mUser Create (3.3ms)[0m  [1m[32mINSERT INTO "users" ("username", "email", "created_at", "updated_at", "coding_affiliation", "age") VALUES ($1, $2, $3, $4, $5, $6) RETURNING "id"[0m  [["username", "taylor_made"], ["email", "craycray4taytay@hotmail.com"], ["created_at", "2022-01-27 19:51:18.929428"], ["updated_at", "2022-01-27 19:51:18.929428"], ["coding_affiliation", "JavaScript"], ["age", 30]]
  ↳ db/seeds.rb:36
  [1m[35m (0.5ms)[0m  [1m[35mCOMMIT[0m
  ↳ db/seeds.rb:36
  [1m[35m (0.3ms)[0m  [1m[35mBEGIN[0m
  ↳ db/seeds.rb:43
  [1m[36mUser Exists (7.7ms)[0m  [1m[34mSELECT  1 AS one FROM "users" WHERE "users"."username" = $1 LIMIT $2[0m  [["username", "paulito"], ["LIMIT", 1]]
  ↳ db/seeds.rb:43
  [1m[36mUser Exists (8.5ms)[0m  [1m[34mSELECT  1 AS one FROM "users" WHERE "users"."email" = $1 LIMIT $2[0m  [["email", "bocanegra_grande@gmail.com"], ["LIMIT", 1]]
  ↳ db/seeds.rb:43
  [1m[36mUser Create (2.5ms)[0m  [1m[32mINSERT INTO "users" ("username", "email", "created_at", "updated_at", "coding_affiliation", "age") VALUES ($1, $2, $3, $4, $5, $6) RETURNING "id"[0m  [["username", "paulito"], ["email", "bocanegra_grande@gmail.com"], ["created_at", "2022-01-27 19:51:18.958145"], ["updated_at", "2022-01-27 19:51:18.958145"], ["coding_affiliation", "SQLite"], ["age", 106]]
  ↳ db/seeds.rb:43
  [1m[35m (3.1ms)[0m  [1m[35mCOMMIT[0m
  ↳ db/seeds.rb:43
  [1m[35m (0.6ms)[0m  [1m[35mBEGIN[0m
  ↳ db/seeds.rb:50
  [1m[36mUser Exists (0.8ms)[0m  [1m[34mSELECT  1 AS one FROM "users" WHERE "users"."username" = $1 LIMIT $2[0m  [["username", "jack_attack"], ["LIMIT", 1]]
  ↳ db/seeds.rb:50
  [1m[36mUser Exists (0.6ms)[0m  [1m[34mSELECT  1 AS one FROM "users" WHERE "users"."email" = $1 LIMIT $2[0m  [["email", "jack_eggburt@aa.io"], ["LIMIT", 1]]
  ↳ db/seeds.rb:50
  [1m[36mUser Create (3.0ms)[0m  [1m[32mINSERT INTO "users" ("username", "email", "created_at", "updated_at", "coding_affiliation", "age") VALUES ($1, $2, $3, $4, $5, $6) RETURNING "id"[0m  [["username", "jack_attack"], ["email", "jack_eggburt@aa.io"], ["created_at", "2022-01-27 19:51:18.972220"], ["updated_at", "2022-01-27 19:51:18.972220"], ["coding_affiliation", "C#"], ["age", 79]]
  ↳ db/seeds.rb:50
  [1m[35m (0.4ms)[0m  [1m[35mCOMMIT[0m
  ↳ db/seeds.rb:50
  [1m[35m (0.4ms)[0m  [1m[35mBEGIN[0m
  ↳ db/seeds.rb:58
  [1m[36mUser Load (0.9ms)[0m  [1m[34mSELECT  "users".* FROM "users" WHERE "users"."id" = $1 LIMIT $2[0m  [["id", 3], ["LIMIT", 1]]
  ↳ db/seeds.rb:58
  [1m[36mChirp Create (2.2ms)[0m  [1m[32mINSERT INTO "chirps" ("body", "author_id", "created_at", "updated_at") VALUES ($1, $2, $3, $4) RETURNING "id"[0m  [["body", "Star Trek is wayyy better than Star Wars"], ["author_id", 3], ["created_at", "2022-01-27 19:51:19.077530"], ["updated_at", "2022-01-27 19:51:19.077530"]]
  ↳ db/seeds.rb:58
  [1m[35m (4.1ms)[0m  [1m[35mCOMMIT[0m
  ↳ db/seeds.rb:58
  [1m[35m (0.2ms)[0m  [1m[35mBEGIN[0m
  ↳ db/seeds.rb:59
  [1m[36mUser Load (0.4ms)[0m  [1m[34mSELECT  "users".* FROM "users" WHERE "users"."id" = $1 LIMIT $2[0m  [["id", 4], ["LIMIT", 1]]
  ↳ db/seeds.rb:59
  [1m[36mChirp Create (0.7ms)[0m  [1m[32mINSERT INTO "chirps" ("body", "author_id", "created_at", "updated_at") VALUES ($1, $2, $3, $4) RETURNING "id"[0m  [["body", "Yer a lizard, Harry"], ["author_id", 4], ["created_at", "2022-01-27 19:51:19.092078"], ["updated_at", "2022-01-27 19:51:19.092078"]]
  ↳ db/seeds.rb:59
  [1m[35m (0.6ms)[0m  [1m[35mCOMMIT[0m
  ↳ db/seeds.rb:59
  [1m[35m (0.8ms)[0m  [1m[35mBEGIN[0m
  ↳ db/seeds.rb:60
  [1m[36mUser Load (0.6ms)[0m  [1m[34mSELECT  "users".* FROM "users" WHERE "users"."id" = $1 LIMIT $2[0m  [["id", 5], ["LIMIT", 1]]
  ↳ db/seeds.rb:60
  [1m[36mChirp Create (0.8ms)[0m  [1m[32mINSERT INTO "chirps" ("body", "author_id", "created_at", "updated_at") VALUES ($1, $2, $3, $4) RETURNING "id"[0m  [["body", "LG is trash, yo"], ["author_id", 5], ["created_at", "2022-01-27 19:51:19.100507"], ["updated_at", "2022-01-27 19:51:19.100507"]]
  ↳ db/seeds.rb:60
  [1m[35m (8.8ms)[0m  [1m[35mCOMMIT[0m
  ↳ db/seeds.rb:60
  [1m[35m (0.4ms)[0m  [1m[35mBEGIN[0m
  ↳ db/seeds.rb:61
  [1m[36mUser Load (0.4ms)[0m  [1m[34mSELECT  "users".* FROM "users" WHERE "users"."id" = $1 LIMIT $2[0m  [["id", 6], ["LIMIT", 1]]
  ↳ db/seeds.rb:61
  [1m[36mChirp Create (3.2ms)[0m  [1m[32mINSERT INTO "chirps" ("body", "author_id", "created_at", "updated_at") VALUES ($1, $2, $3, $4) RETURNING "id"[0m  [["body", "Oh boy, I love rails!"], ["author_id", 6], ["created_at", "2022-01-27 19:51:19.116663"], ["updated_at", "2022-01-27 19:51:19.116663"]]
  ↳ db/seeds.rb:61
  [1m[35m (2.6ms)[0m  [1m[35mCOMMIT[0m
  ↳ db/seeds.rb:61
  [1m[35m (0.4ms)[0m  [1m[35mBEGIN[0m
  ↳ db/seeds.rb:62
  [1m[36mUser Load (1.7ms)[0m  [1m[34mSELECT  "users".* FROM "users" WHERE "users"."id" = $1 LIMIT $2[0m  [["id", 7], ["LIMIT", 1]]
  ↳ db/seeds.rb:62
  [1m[36mChirp Create (2.2ms)[0m  [1m[32mINSERT INTO "chirps" ("body", "author_id", "created_at", "updated_at") VALUES ($1, $2, $3, $4) RETURNING "id"[0m  [["body", "I got stuck on Abyss Watchers in DS3!"], ["author_id", 7], ["created_at", "2022-01-27 19:51:19.131152"], ["updated_at", "2022-01-27 19:51:19.131152"]]
  ↳ db/seeds.rb:62
  [1m[35m (0.8ms)[0m  [1m[35mCOMMIT[0m
  ↳ db/seeds.rb:62
  [1m[35m (0.4ms)[0m  [1m[35mBEGIN[0m
  ↳ db/seeds.rb:63
  [1m[36mUser Load (0.6ms)[0m  [1m[34mSELECT  "users".* FROM "users" WHERE "users"."id" = $1 LIMIT $2[0m  [["id", 8], ["LIMIT", 1]]
  ↳ db/seeds.rb:63
  [1m[36mChirp Create (1.3ms)[0m  [1m[32mINSERT INTO "chirps" ("body", "author_id", "created_at", "updated_at") VALUES ($1, $2, $3, $4) RETURNING "id"[0m  [["body", "Just snowed in Vail, gonna hit the slops today"], ["author_id", 8], ["created_at", "2022-01-27 19:51:19.138710"], ["updated_at", "2022-01-27 19:51:19.138710"]]
  ↳ db/seeds.rb:63
  [1m[35m (1.0ms)[0m  [1m[35mCOMMIT[0m
  ↳ db/seeds.rb:63
  [1m[35m (0.2ms)[0m  [1m[35mBEGIN[0m
  ↳ db/seeds.rb:64
  [1m[36mUser Load (0.3ms)[0m  [1m[34mSELECT  "users".* FROM "users" WHERE "users"."id" = $1 LIMIT $2[0m  [["id", 3], ["LIMIT", 1]]
  ↳ db/seeds.rb:64
  [1m[36mChirp Create (3.4ms)[0m  [1m[32mINSERT INTO "chirps" ("body", "author_id", "created_at", "updated_at") VALUES ($1, $2, $3, $4) RETURNING "id"[0m  [["body", "Picard is the GOAT"], ["author_id", 3], ["created_at", "2022-01-27 19:51:19.145559"], ["updated_at", "2022-01-27 19:51:19.145559"]]
  ↳ db/seeds.rb:64
  [1m[35m (1.0ms)[0m  [1m[35mCOMMIT[0m
  ↳ db/seeds.rb:64
  [1m[35m (0.2ms)[0m  [1m[35mBEGIN[0m
  ↳ db/seeds.rb:65
  [1m[36mUser Load (0.2ms)[0m  [1m[34mSELECT  "users".* FROM "users" WHERE "users"."id" = $1 LIMIT $2[0m  [["id", 8], ["LIMIT", 1]]
  ↳ db/seeds.rb:65
  [1m[36mChirp Create (0.4ms)[0m  [1m[32mINSERT INTO "chirps" ("body", "author_id", "created_at", "updated_at") VALUES ($1, $2, $3, $4) RETURNING "id"[0m  [["body", "Wish I could go surfing in CO"], ["author_id", 8], ["created_at", "2022-01-27 19:51:19.154006"], ["updated_at", "2022-01-27 19:51:19.154006"]]
  ↳ db/seeds.rb:65
  [1m[35m (1.4ms)[0m  [1m[35mCOMMIT[0m
  ↳ db/seeds.rb:65
  [1m[35m (0.3ms)[0m  [1m[35mBEGIN[0m
  ↳ db/seeds.rb:66
  [1m[36mUser Load (0.2ms)[0m  [1m[34mSELECT  "users".* FROM "users" WHERE "users"."id" = $1 LIMIT $2[0m  [["id", 5], ["LIMIT", 1]]
  ↳ db/seeds.rb:66
  [1m[36mChirp Create (1.5ms)[0m  [1m[32mINSERT INTO "chirps" ("body", "author_id", "created_at", "updated_at") VALUES ($1, $2, $3, $4) RETURNING "id"[0m  [["body", "Going on a roadtrip!"], ["author_id", 5], ["created_at", "2022-01-27 19:51:19.159888"], ["updated_at", "2022-01-27 19:51:19.159888"]]
  ↳ db/seeds.rb:66
  [1m[35m (2.7ms)[0m  [1m[35mCOMMIT[0m
  ↳ db/seeds.rb:66
  [1m[35m (0.5ms)[0m  [1m[35mBEGIN[0m
  ↳ db/seeds.rb:67
  [1m[36mUser Load (0.5ms)[0m  [1m[34mSELECT  "users".* FROM "users" WHERE "users"."id" = $1 LIMIT $2[0m  [["id", 6], ["LIMIT", 1]]
  ↳ db/seeds.rb:67
  [1m[36mChirp Create (0.6ms)[0m  [1m[32mINSERT INTO "chirps" ("body", "author_id", "created_at", "updated_at") VALUES ($1, $2, $3, $4) RETURNING "id"[0m  [["body", "Has anyone seen my shoes?"], ["author_id", 6], ["created_at", "2022-01-27 19:51:19.169071"], ["updated_at", "2022-01-27 19:51:19.169071"]]
  ↳ db/seeds.rb:67
  [1m[35m (0.9ms)[0m  [1m[35mCOMMIT[0m
  ↳ db/seeds.rb:67
  [1m[35m (0.1ms)[0m  [1m[35mBEGIN[0m
  ↳ db/seeds.rb:71
  [1m[36mUser Load (0.6ms)[0m  [1m[34mSELECT  "users".* FROM "users" WHERE "users"."id" = $1 LIMIT $2[0m  [["id", 4], ["LIMIT", 1]]
  ↳ db/seeds.rb:71
  [1m[36mChirp Load (1.3ms)[0m  [1m[34mSELECT  "chirps".* FROM "chirps" WHERE "chirps"."id" = $1 LIMIT $2[0m  [["id", 7], ["LIMIT", 1]]
  ↳ db/seeds.rb:71
  [1m[36mLike Create (0.7ms)[0m  [1m[32mINSERT INTO "likes" ("liker_id", "chirp_id", "created_at", "updated_at") VALUES ($1, $2, $3, $4) RETURNING "id"[0m  [["liker_id", 4], ["chirp_id", 7], ["created_at", "2022-01-27 19:51:19.183794"], ["updated_at", "2022-01-27 19:51:19.183794"]]
  ↳ db/seeds.rb:71
  [1m[35m (0.3ms)[0m  [1m[35mCOMMIT[0m
  ↳ db/seeds.rb:71
  [1m[35m (0.1ms)[0m  [1m[35mBEGIN[0m
  ↳ db/seeds.rb:72
  [1m[36mUser Load (0.5ms)[0m  [1m[34mSELECT  "users".* FROM "users" WHERE "users"."id" = $1 LIMIT $2[0m  [["id", 4], ["LIMIT", 1]]
  ↳ db/seeds.rb:72
  [1m[36mChirp Load (0.5ms)[0m  [1m[34mSELECT  "chirps".* FROM "chirps" WHERE "chirps"."id" = $1 LIMIT $2[0m  [["id", 10], ["LIMIT", 1]]
  ↳ db/seeds.rb:72
  [1m[36mLike Create (0.5ms)[0m  [1m[32mINSERT INTO "likes" ("liker_id", "chirp_id", "created_at", "updated_at") VALUES ($1, $2, $3, $4) RETURNING "id"[0m  [["liker_id", 4], ["chirp_id", 10], ["created_at", "2022-01-27 19:51:19.190619"], ["updated_at", "2022-01-27 19:51:19.190619"]]
  ↳ db/seeds.rb:72
  [1m[35m (0.4ms)[0m  [1m[35mCOMMIT[0m
  ↳ db/seeds.rb:72
  [1m[35m (1.2ms)[0m  [1m[35mBEGIN[0m
  ↳ db/seeds.rb:73
  [1m[36mUser Load (0.3ms)[0m  [1m[34mSELECT  "users".* FROM "users" WHERE "users"."id" = $1 LIMIT $2[0m  [["id", 4], ["LIMIT", 1]]
  ↳ db/seeds.rb:73
  [1m[36mChirp Load (1.2ms)[0m  [1m[34mSELECT  "chirps".* FROM "chirps" WHERE "chirps"."id" = $1 LIMIT $2[0m  [["id", 12], ["LIMIT", 1]]
  ↳ db/seeds.rb:73
  [1m[36mLike Create (0.5ms)[0m  [1m[32mINSERT INTO "likes" ("liker_id", "chirp_id", "created_at", "updated_at") VALUES ($1, $2, $3, $4) RETURNING "id"[0m  [["liker_id", 4], ["chirp_id", 12], ["created_at", "2022-01-27 19:51:19.198749"], ["updated_at", "2022-01-27 19:51:19.198749"]]
  ↳ db/seeds.rb:73
  [1m[35m (0.3ms)[0m  [1m[35mCOMMIT[0m
  ↳ db/seeds.rb:73
  [1m[35m (0.2ms)[0m  [1m[35mBEGIN[0m
  ↳ db/seeds.rb:76
  [1m[36mUser Load (0.4ms)[0m  [1m[34mSELECT  "users".* FROM "users" WHERE "users"."id" = $1 LIMIT $2[0m  [["id", 5], ["LIMIT", 1]]
  ↳ db/seeds.rb:76
  [1m[36mChirp Load (1.8ms)[0m  [1m[34mSELECT  "chirps".* FROM "chirps" WHERE "chirps"."id" = $1 LIMIT $2[0m  [["id", 4], ["LIMIT", 1]]
  ↳ db/seeds.rb:76
  [1m[36mLike Create (0.9ms)[0m  [1m[32mINSERT INTO "likes" ("liker_id", "chirp_id", "created_at", "updated_at") VALUES ($1, $2, $3, $4) RETURNING "id"[0m  [["liker_id", 5], ["chirp_id", 4], ["created_at", "2022-01-27 19:51:19.208359"], ["updated_at", "2022-01-27 19:51:19.208359"]]
  ↳ db/seeds.rb:76
  [1m[35m (0.5ms)[0m  [1m[35mCOMMIT[0m
  ↳ db/seeds.rb:76
  [1m[35m (0.2ms)[0m  [1m[35mBEGIN[0m
  ↳ db/seeds.rb:77
  [1m[36mUser Load (0.4ms)[0m  [1m[34mSELECT  "users".* FROM "users" WHERE "users"."id" = $1 LIMIT $2[0m  [["id", 5], ["LIMIT", 1]]
  ↳ db/seeds.rb:77
  [1m[36mChirp Load (0.4ms)[0m  [1m[34mSELECT  "chirps".* FROM "chirps" WHERE "chirps"."id" = $1 LIMIT $2[0m  [["id", 6], ["LIMIT", 1]]
  ↳ db/seeds.rb:77
  [1m[36mLike Create (5.2ms)[0m  [1m[32mINSERT INTO "likes" ("liker_id", "chirp_id", "created_at", "updated_at") VALUES ($1, $2, $3, $4) RETURNING "id"[0m  [["liker_id", 5], ["chirp_id", 6], ["created_at", "2022-01-27 19:51:19.219857"], ["updated_at", "2022-01-27 19:51:19.219857"]]
  ↳ db/seeds.rb:77
  [1m[35m (0.5ms)[0m  [1m[35mCOMMIT[0m
  ↳ db/seeds.rb:77
  [1m[35m (0.2ms)[0m  [1m[35mBEGIN[0m
  ↳ db/seeds.rb:78
  [1m[36mUser Load (0.6ms)[0m  [1m[34mSELECT  "users".* FROM "users" WHERE "users"."id" = $1 LIMIT $2[0m  [["id", 5], ["LIMIT", 1]]
  ↳ db/seeds.rb:78
  [1m[36mChirp Load (0.4ms)[0m  [1m[34mSELECT  "chirps".* FROM "chirps" WHERE "chirps"."id" = $1 LIMIT $2[0m  [["id", 9], ["LIMIT", 1]]
  ↳ db/seeds.rb:78
  [1m[36mLike Create (0.4ms)[0m  [1m[32mINSERT INTO "likes" ("liker_id", "chirp_id", "created_at", "updated_at") VALUES ($1, $2, $3, $4) RETURNING "id"[0m  [["liker_id", 5], ["chirp_id", 9], ["created_at", "2022-01-27 19:51:19.234806"], ["updated_at", "2022-01-27 19:51:19.234806"]]
  ↳ db/seeds.rb:78
  [1m[35m (0.3ms)[0m  [1m[35mCOMMIT[0m
  ↳ db/seeds.rb:78
  [1m[35m (0.2ms)[0m  [1m[35mBEGIN[0m
  ↳ db/seeds.rb:81
  [1m[36mUser Load (0.3ms)[0m  [1m[34mSELECT  "users".* FROM "users" WHERE "users"."id" = $1 LIMIT $2[0m  [["id", 6], ["LIMIT", 1]]
  ↳ db/seeds.rb:81
  [1m[36mChirp Load (1.1ms)[0m  [1m[34mSELECT  "chirps".* FROM "chirps" WHERE "chirps"."id" = $1 LIMIT $2[0m  [["id", 3], ["LIMIT", 1]]
  ↳ db/seeds.rb:81
  [1m[36mLike Create (1.0ms)[0m  [1m[32mINSERT INTO "likes" ("liker_id", "chirp_id", "created_at", "updated_at") VALUES ($1, $2, $3, $4) RETURNING "id"[0m  [["liker_id", 6], ["chirp_id", 3], ["created_at", "2022-01-27 19:51:19.248621"], ["updated_at", "2022-01-27 19:51:19.248621"]]
  ↳ db/seeds.rb:81
  [1m[35m (0.4ms)[0m  [1m[35mCOMMIT[0m
  ↳ db/seeds.rb:81
  [1m[35m (1.7ms)[0m  [1m[35mBEGIN[0m
  ↳ db/seeds.rb:82
  [1m[36mUser Load (1.4ms)[0m  [1m[34mSELECT  "users".* FROM "users" WHERE "users"."id" = $1 LIMIT $2[0m  [["id", 6], ["LIMIT", 1]]
  ↳ db/seeds.rb:82
  [1m[36mChirp Load (6.5ms)[0m  [1m[34mSELECT  "chirps".* FROM "chirps" WHERE "chirps"."id" = $1 LIMIT $2[0m  [["id", 4], ["LIMIT", 1]]
  ↳ db/seeds.rb:82
  [1m[36mLike Create (1.0ms)[0m  [1m[32mINSERT INTO "likes" ("liker_id", "chirp_id", "created_at", "updated_at") VALUES ($1, $2, $3, $4) RETURNING "id"[0m  [["liker_id", 6], ["chirp_id", 4], ["created_at", "2022-01-27 19:51:19.269156"], ["updated_at", "2022-01-27 19:51:19.269156"]]
  ↳ db/seeds.rb:82
  [1m[35m (17.4ms)[0m  [1m[35mCOMMIT[0m
  ↳ db/seeds.rb:82
  [1m[35m (4.4ms)[0m  [1m[35mBEGIN[0m
  ↳ db/seeds.rb:83
  [1m[36mUser Load (0.3ms)[0m  [1m[34mSELECT  "users".* FROM "users" WHERE "users"."id" = $1 LIMIT $2[0m  [["id", 6], ["LIMIT", 1]]
  ↳ db/seeds.rb:83
  [1m[36mChirp Load (1.3ms)[0m  [1m[34mSELECT  "chirps".* FROM "chirps" WHERE "chirps"."id" = $1 LIMIT $2[0m  [["id", 5], ["LIMIT", 1]]
  ↳ db/seeds.rb:83
  [1m[36mLike Create (3.4ms)[0m  [1m[32mINSERT INTO "likes" ("liker_id", "chirp_id", "created_at", "updated_at") VALUES ($1, $2, $3, $4) RETURNING "id"[0m  [["liker_id", 6], ["chirp_id", 5], ["created_at", "2022-01-27 19:51:19.304868"], ["updated_at", "2022-01-27 19:51:19.304868"]]
  ↳ db/seeds.rb:83
  [1m[35m (6.7ms)[0m  [1m[35mCOMMIT[0m
  ↳ db/seeds.rb:83
  [1m[35m (0.2ms)[0m  [1m[35mBEGIN[0m
  ↳ db/seeds.rb:84
  [1m[36mUser Load (3.7ms)[0m  [1m[34mSELECT  "users".* FROM "users" WHERE "users"."id" = $1 LIMIT $2[0m  [["id", 6], ["LIMIT", 1]]
  ↳ db/seeds.rb:84
  [1m[36mChirp Load (1.2ms)[0m  [1m[34mSELECT  "chirps".* FROM "chirps" WHERE "chirps"."id" = $1 LIMIT $2[0m  [["id", 8], ["LIMIT", 1]]
  ↳ db/seeds.rb:84
  [1m[36mLike Create (1.8ms)[0m  [1m[32mINSERT INTO "likes" ("liker_id", "chirp_id", "created_at", "updated_at") VALUES ($1, $2, $3, $4) RETURNING "id"[0m  [["liker_id", 6], ["chirp_id", 8], ["created_at", "2022-01-27 19:51:19.331355"], ["updated_at", "2022-01-27 19:51:19.331355"]]
  ↳ db/seeds.rb:84
  [1m[35m (0.4ms)[0m  [1m[35mCOMMIT[0m
  ↳ db/seeds.rb:84
  [1m[35m (0.1ms)[0m  [1m[35mBEGIN[0m
  ↳ db/seeds.rb:85
  [1m[36mUser Load (0.2ms)[0m  [1m[34mSELECT  "users".* FROM "users" WHERE "users"."id" = $1 LIMIT $2[0m  [["id", 6], ["LIMIT", 1]]
  ↳ db/seeds.rb:85
  [1m[36mChirp Load (0.2ms)[0m  [1m[34mSELECT  "chirps".* FROM "chirps" WHERE "chirps"."id" = $1 LIMIT $2[0m  [["id", 10], ["LIMIT", 1]]
  ↳ db/seeds.rb:85
  [1m[36mLike Create (0.4ms)[0m  [1m[32mINSERT INTO "likes" ("liker_id", "chirp_id", "created_at", "updated_at") VALUES ($1, $2, $3, $4) RETURNING "id"[0m  [["liker_id", 6], ["chirp_id", 10], ["created_at", "2022-01-27 19:51:19.339498"], ["updated_at", "2022-01-27 19:51:19.339498"]]
  ↳ db/seeds.rb:85
  [1m[35m (4.4ms)[0m  [1m[35mCOMMIT[0m
  ↳ db/seeds.rb:85
  [1m[35m (0.1ms)[0m  [1m[35mBEGIN[0m
  ↳ db/seeds.rb:88
  [1m[36mUser Load (0.5ms)[0m  [1m[34mSELECT  "users".* FROM "users" WHERE "users"."id" = $1 LIMIT $2[0m  [["id", 7], ["LIMIT", 1]]
  ↳ db/seeds.rb:88
  [1m[36mChirp Load (0.4ms)[0m  [1m[34mSELECT  "chirps".* FROM "chirps" WHERE "chirps"."id" = $1 LIMIT $2[0m  [["id", 4], ["LIMIT", 1]]
  ↳ db/seeds.rb:88
  [1m[36mLike Create (1.5ms)[0m  [1m[32mINSERT INTO "likes" ("liker_id", "chirp_id", "created_at", "updated_at") VALUES ($1, $2, $3, $4) RETURNING "id"[0m  [["liker_id", 7], ["chirp_id", 4], ["created_at", "2022-01-27 19:51:19.354524"], ["updated_at", "2022-01-27 19:51:19.354524"]]
  ↳ db/seeds.rb:88
  [1m[35m (0.3ms)[0m  [1m[35mCOMMIT[0m
  ↳ db/seeds.rb:88
  [1m[35m (0.1ms)[0m  [1m[35mBEGIN[0m
  ↳ db/seeds.rb:89
  [1m[36mUser Load (0.3ms)[0m  [1m[34mSELECT  "users".* FROM "users" WHERE "users"."id" = $1 LIMIT $2[0m  [["id", 7], ["LIMIT", 1]]
  ↳ db/seeds.rb:89
  [1m[36mChirp Load (0.3ms)[0m  [1m[34mSELECT  "chirps".* FROM "chirps" WHERE "chirps"."id" = $1 LIMIT $2[0m  [["id", 6], ["LIMIT", 1]]
  ↳ db/seeds.rb:89
  [1m[36mLike Create (0.7ms)[0m  [1m[32mINSERT INTO "likes" ("liker_id", "chirp_id", "created_at", "updated_at") VALUES ($1, $2, $3, $4) RETURNING "id"[0m  [["liker_id", 7], ["chirp_id", 6], ["created_at", "2022-01-27 19:51:19.361962"], ["updated_at", "2022-01-27 19:51:19.361962"]]
  ↳ db/seeds.rb:89
  [1m[35m (0.4ms)[0m  [1m[35mCOMMIT[0m
  ↳ db/seeds.rb:89
  [1m[35m (0.2ms)[0m  [1m[35mBEGIN[0m
  ↳ db/seeds.rb:90
  [1m[36mUser Load (0.3ms)[0m  [1m[34mSELECT  "users".* FROM "users" WHERE "users"."id" = $1 LIMIT $2[0m  [["id", 7], ["LIMIT", 1]]
  ↳ db/seeds.rb:90
  [1m[36mChirp Load (0.2ms)[0m  [1m[34mSELECT  "chirps".* FROM "chirps" WHERE "chirps"."id" = $1 LIMIT $2[0m  [["id", 8], ["LIMIT", 1]]
  ↳ db/seeds.rb:90
  [1m[36mLike Create (0.4ms)[0m  [1m[32mINSERT INTO "likes" ("liker_id", "chirp_id", "created_at", "updated_at") VALUES ($1, $2, $3, $4) RETURNING "id"[0m  [["liker_id", 7], ["chirp_id", 8], ["created_at", "2022-01-27 19:51:19.369255"], ["updated_at", "2022-01-27 19:51:19.369255"]]
  ↳ db/seeds.rb:90
  [1m[35m (0.3ms)[0m  [1m[35mCOMMIT[0m
  ↳ db/seeds.rb:90
  [1m[35m (0.1ms)[0m  [1m[35mBEGIN[0m
  ↳ db/seeds.rb:91
  [1m[36mUser Load (2.4ms)[0m  [1m[34mSELECT  "users".* FROM "users" WHERE "users"."id" = $1 LIMIT $2[0m  [["id", 7], ["LIMIT", 1]]
  ↳ db/seeds.rb:91
  [1m[36mChirp Load (1.4ms)[0m  [1m[34mSELECT  "chirps".* FROM "chirps" WHERE "chirps"."id" = $1 LIMIT $2[0m  [["id", 11], ["LIMIT", 1]]
  ↳ db/seeds.rb:91
  [1m[36mLike Create (0.6ms)[0m  [1m[32mINSERT INTO "likes" ("liker_id", "chirp_id", "created_at", "updated_at") VALUES ($1, $2, $3, $4) RETURNING "id"[0m  [["liker_id", 7], ["chirp_id", 11], ["created_at", "2022-01-27 19:51:19.378783"], ["updated_at", "2022-01-27 19:51:19.378783"]]
  ↳ db/seeds.rb:91
  [1m[35m (0.4ms)[0m  [1m[35mCOMMIT[0m
  ↳ db/seeds.rb:91
  [1m[35m (0.1ms)[0m  [1m[35mBEGIN[0m
  ↳ db/seeds.rb:92
  [1m[36mUser Load (0.2ms)[0m  [1m[34mSELECT  "users".* FROM "users" WHERE "users"."id" = $1 LIMIT $2[0m  [["id", 7], ["LIMIT", 1]]
  ↳ db/seeds.rb:92
  [1m[36mChirp Load (0.2ms)[0m  [1m[34mSELECT  "chirps".* FROM "chirps" WHERE "chirps"."id" = $1 LIMIT $2[0m  [["id", 12], ["LIMIT", 1]]
  ↳ db/seeds.rb:92
  [1m[36mLike Create (0.4ms)[0m  [1m[32mINSERT INTO "likes" ("liker_id", "chirp_id", "created_at", "updated_at") VALUES ($1, $2, $3, $4) RETURNING "id"[0m  [["liker_id", 7], ["chirp_id", 12], ["created_at", "2022-01-27 19:51:19.392925"], ["updated_at", "2022-01-27 19:51:19.392925"]]
  ↳ db/seeds.rb:92
  [1m[35m (0.3ms)[0m  [1m[35mCOMMIT[0m
  ↳ db/seeds.rb:92
  [1m[35m (0.1ms)[0m  [1m[35mBEGIN[0m
  ↳ db/seeds.rb:95
  [1m[36mUser Load (0.2ms)[0m  [1m[34mSELECT  "users".* FROM "users" WHERE "users"."id" = $1 LIMIT $2[0m  [["id", 8], ["LIMIT", 1]]
  ↳ db/seeds.rb:95
  [1m[36mChirp Load (0.2ms)[0m  [1m[34mSELECT  "chirps".* FROM "chirps" WHERE "chirps"."id" = $1 LIMIT $2[0m  [["id", 4], ["LIMIT", 1]]
  ↳ db/seeds.rb:95
  [1m[36mLike Create (0.6ms)[0m  [1m[32mINSERT INTO "likes" ("liker_id", "chirp_id", "created_at", "updated_at") VALUES ($1, $2, $3, $4) RETURNING "id"[0m  [["liker_id", 8], ["chirp_id", 4], ["created_at", "2022-01-27 19:51:19.397347"], ["updated_at", "2022-01-27 19:51:19.397347"]]
  ↳ db/seeds.rb:95
  [1m[35m (0.5ms)[0m  [1m[35mCOMMIT[0m
  ↳ db/seeds.rb:95
  [1m[35m (3.1ms)[0m  [1m[35mBEGIN[0m
  ↳ db/seeds.rb:96
  [1m[36mUser Load (3.2ms)[0m  [1m[34mSELECT  "users".* FROM "users" WHERE "users"."id" = $1 LIMIT $2[0m  [["id", 8], ["LIMIT", 1]]
  ↳ db/seeds.rb:96
  [1m[36mChirp Load (6.4ms)[0m  [1m[34mSELECT  "chirps".* FROM "chirps" WHERE "chirps"."id" = $1 LIMIT $2[0m  [["id", 11], ["LIMIT", 1]]
  ↳ db/seeds.rb:96
  [1m[36mLike Create (1.6ms)[0m  [1m[32mINSERT INTO "likes" ("liker_id", "chirp_id", "created_at", "updated_at") VALUES ($1, $2, $3, $4) RETURNING "id"[0m  [["liker_id", 8], ["chirp_id", 11], ["created_at", "2022-01-27 19:51:19.420744"], ["updated_at", "2022-01-27 19:51:19.420744"]]
  ↳ db/seeds.rb:96
  [1m[35m (0.6ms)[0m  [1m[35mCOMMIT[0m
  ↳ db/seeds.rb:96
  [1m[36mUser Load (12.2ms)[0m  [1m[34mSELECT "users".* FROM "users"[0m
  [1m[36mChirp Load (49.7ms)[0m  [1m[34mSELECT "chirps".* FROM "chirps"[0m
  [1m[36mLike Load (1.9ms)[0m  [1m[34mSELECT "likes".* FROM "likes"[0m
