  [1m[35m (956.9ms)[0m  [1m[35mCREATE DATABASE "TeaTime_development" ENCODING = 'unicode'[0m
  ↳ bin/rails:4
  [1m[35m (315.0ms)[0m  [1m[35mCREATE DATABASE "TeaTime_test" ENCODING = 'unicode'[0m
  ↳ bin/rails:4
  [1m[35m (35.1ms)[0m  [1m[35mCREATE TABLE "schema_migrations" ("version" character varying NOT NULL PRIMARY KEY)[0m
  ↳ bin/rails:4
  [1m[35m (48.5ms)[0m  [1m[35mCREATE TABLE "ar_internal_metadata" ("key" character varying NOT NULL PRIMARY KEY, "value" character varying, "created_at" timestamp NOT NULL, "updated_at" timestamp NOT NULL)[0m
  ↳ bin/rails:4
  [1m[35m (1.8ms)[0m  [1m[34mSELECT pg_try_advisory_lock(4383024509120929350)[0m
  ↳ bin/rails:4
  [1m[35m (2.6ms)[0m  [1m[34mSELECT "schema_migrations"."version" FROM "schema_migrations" ORDER BY "schema_migrations"."version" ASC[0m
  ↳ bin/rails:4
Migrating to CreateTeas (20220112173750)
  [1m[35m (40.4ms)[0m  [1m[35mBEGIN[0m
  ↳ bin/rails:4
  [1m[35m (39.1ms)[0m  [1m[35mCREATE TABLE "teas" ("id" bigserial primary key, "flavor" character varying NOT NULL, "amount" float NOT NULL, "created_at" timestamp NOT NULL, "updated_at" timestamp NOT NULL)[0m
  ↳ db/migrate/20220112173750_create_teas.rb:3
  [1m[35m (12.8ms)[0m  [1m[35mCREATE UNIQUE INDEX  "index_teas_on_flavor" ON "teas"  ("flavor")[0m
  ↳ db/migrate/20220112173750_create_teas.rb:9
  [1m[36mActiveRecord::SchemaMigration Create (14.4ms)[0m  [1m[32mINSERT INTO "schema_migrations" ("version") VALUES ($1) RETURNING "version"[0m  [["version", "20220112173750"]]
  ↳ bin/rails:4
  [1m[35m (3.6ms)[0m  [1m[35mCOMMIT[0m
  ↳ bin/rails:4
  [1m[36mActiveRecord::InternalMetadata Load (0.8ms)[0m  [1m[34mSELECT  "ar_internal_metadata".* FROM "ar_internal_metadata" WHERE "ar_internal_metadata"."key" = $1 LIMIT $2[0m  [["key", "environment"], ["LIMIT", 1]]
  ↳ bin/rails:4
  [1m[35m (13.4ms)[0m  [1m[35mBEGIN[0m
  ↳ bin/rails:4
  [1m[36mActiveRecord::InternalMetadata Create (8.1ms)[0m  [1m[32mINSERT INTO "ar_internal_metadata" ("key", "value", "created_at", "updated_at") VALUES ($1, $2, $3, $4) RETURNING "key"[0m  [["key", "environment"], ["value", "development"], ["created_at", "2022-01-12 17:41:41.894494"], ["updated_at", "2022-01-12 17:41:41.894494"]]
  ↳ bin/rails:4
  [1m[35m (3.7ms)[0m  [1m[35mCOMMIT[0m
  ↳ bin/rails:4
  [1m[35m (0.4ms)[0m  [1m[34mSELECT pg_advisory_unlock(4383024509120929350)[0m
  ↳ bin/rails:4
  [1m[35m (29.0ms)[0m  [1m[34mSELECT "schema_migrations"."version" FROM "schema_migrations" ORDER BY "schema_migrations"."version" ASC[0m
  ↳ bin/rails:4
  [1m[35m (1.2ms)[0m  [1m[34mSELECT "schema_migrations"."version" FROM "schema_migrations" ORDER BY "schema_migrations"."version" ASC[0m
  ↳ bin/rails:4
  [1m[35m (0.2ms)[0m  [1m[35mBEGIN[0m
  ↳ db/seeds.rb:9
  [1m[36mTea Load (58.3ms)[0m  [1m[34mSELECT "teas".* FROM "teas"[0m
  ↳ db/seeds.rb:10
  [1m[36mTea Create (42.4ms)[0m  [1m[32mINSERT INTO "teas" ("flavor", "amount", "created_at", "updated_at") VALUES ($1, $2, $3, $4) RETURNING "id"[0m  [["flavor", "Green"], ["amount", 1.75], ["created_at", "2022-01-12 17:44:15.501700"], ["updated_at", "2022-01-12 17:44:15.501700"]]
  ↳ db/seeds.rb:14
  [1m[36mTea Create (0.5ms)[0m  [1m[32mINSERT INTO "teas" ("flavor", "amount", "created_at", "updated_at") VALUES ($1, $2, $3, $4) RETURNING "id"[0m  [["flavor", "Oolong"], ["amount", 2.0], ["created_at", "2022-01-12 17:44:15.563178"], ["updated_at", "2022-01-12 17:44:15.563178"]]
  ↳ db/seeds.rb:15
  [1m[36mTea Create (0.5ms)[0m  [1m[32mINSERT INTO "teas" ("flavor", "amount", "created_at", "updated_at") VALUES ($1, $2, $3, $4) RETURNING "id"[0m  [["flavor", "Earl Grey"], ["amount", 2.5], ["created_at", "2022-01-12 17:44:15.564690"], ["updated_at", "2022-01-12 17:44:15.564690"]]
  ↳ db/seeds.rb:16
  [1m[36mTea Create (0.4ms)[0m  [1m[32mINSERT INTO "teas" ("flavor", "amount", "created_at", "updated_at") VALUES ($1, $2, $3, $4) RETURNING "id"[0m  [["flavor", "Rooibos"], ["amount", 3.0], ["created_at", "2022-01-12 17:44:15.567092"], ["updated_at", "2022-01-12 17:44:15.567092"]]
  ↳ db/seeds.rb:17
  [1m[35m (1.7ms)[0m  [1m[35mCOMMIT[0m
  ↳ db/seeds.rb:9
Started GET "/" for ::1 at 2022-01-12 10:54:16 -0700
  [1m[35m (1.9ms)[0m  [1m[34mSELECT "schema_migrations"."version" FROM "schema_migrations" ORDER BY "schema_migrations"."version" ASC[0m
  ↳ /Users/siascone/.rbenv/versions/2.5.1/lib/ruby/gems/2.5.0/gems/activerecord-5.2.6/lib/active_record/log_subscriber.rb:98
Processing by StaticPagesController#root as HTML
  Rendering static_pages/root.html.erb within layouts/application
  Rendered static_pages/root.html.erb within layouts/application (6.2ms)
Started GET "/" for ::1 at 2022-01-12 10:54:19 -0700
Processing by StaticPagesController#root as HTML
  Rendering static_pages/root.html.erb within layouts/application
  Rendered static_pages/root.html.erb within layouts/application (0.5ms)
Completed 200 OK in 8121ms (Views: 8083.5ms | ActiveRecord: 0.0ms)


Completed 200 OK in 6412ms (Views: 6412.0ms | ActiveRecord: 0.0ms)


Started GET "/" for ::1 at 2022-01-12 11:17:10 -0700
Processing by StaticPagesController#root as HTML
  Rendering static_pages/root.html.erb within layouts/application
  Rendered static_pages/root.html.erb within layouts/application (1.3ms)
Completed 200 OK in 2049ms (Views: 2036.1ms | ActiveRecord: 0.0ms)


Started GET "/" for ::1 at 2022-01-12 11:24:20 -0700
  [1m[35m (8.1ms)[0m  [1m[34mSELECT "schema_migrations"."version" FROM "schema_migrations" ORDER BY "schema_migrations"."version" ASC[0m
  ↳ /Users/siascone/.rbenv/versions/2.5.1/lib/ruby/gems/2.5.0/gems/activerecord-5.2.6/lib/active_record/log_subscriber.rb:98
Processing by StaticPagesController#root as HTML
  Rendering static_pages/root.html.erb within layouts/application
  Rendered static_pages/root.html.erb within layouts/application (70.6ms)
Completed 200 OK in 8300ms (Views: 8291.4ms | ActiveRecord: 0.0ms)


Started GET "/" for ::1 at 2022-01-12 11:33:19 -0700
Processing by StaticPagesController#root as HTML
  Rendering static_pages/root.html.erb within layouts/application
  Rendered static_pages/root.html.erb within layouts/application (1.2ms)
Completed 200 OK in 2478ms (Views: 2476.8ms | ActiveRecord: 0.0ms)


Started GET "/api/teas" for ::1 at 2022-01-12 11:34:01 -0700
Processing by Api::TeasController#index as JSON
  [1m[36mTea Load (36.5ms)[0m  [1m[34mSELECT "teas".* FROM "teas"[0m
  ↳ app/controllers/api/teas_controller.rb:4
Completed 200 OK in 137ms (Views: 35.7ms | ActiveRecord: 82.0ms)


Started POST "/api/teas" for ::1 at 2022-01-12 11:35:35 -0700
Processing by Api::TeasController#create as JSON
  Parameters: {"tea"=>{"flavor"=>"Chai", "amount"=>"4.5"}}
  [1m[35m (0.2ms)[0m  [1m[35mBEGIN[0m
  ↳ app/controllers/api/teas_controller.rb:10
  [1m[36mTea Create (2.0ms)[0m  [1m[32mINSERT INTO "teas" ("flavor", "amount", "created_at", "updated_at") VALUES ($1, $2, $3, $4) RETURNING "id"[0m  [["flavor", "Chai"], ["amount", 4.5], ["created_at", "2022-01-12 18:35:35.453531"], ["updated_at", "2022-01-12 18:35:35.453531"]]
  ↳ app/controllers/api/teas_controller.rb:10
  [1m[35m (3.7ms)[0m  [1m[35mCOMMIT[0m
  ↳ app/controllers/api/teas_controller.rb:10
Completed 200 OK in 59ms (Views: 1.0ms | ActiveRecord: 5.9ms)


Started POST "/api/teas" for ::1 at 2022-01-12 11:36:12 -0700
Processing by Api::TeasController#create as JSON
  Parameters: {"tea"=>{"flavor"=>"Green", "amount"=>"4.5"}}
  [1m[35m (2.3ms)[0m  [1m[35mBEGIN[0m
  ↳ app/controllers/api/teas_controller.rb:10
  [1m[36mTea Create (74.6ms)[0m  [1m[32mINSERT INTO "teas" ("flavor", "amount", "created_at", "updated_at") VALUES ($1, $2, $3, $4) RETURNING "id"[0m  [["flavor", "Green"], ["amount", 4.5], ["created_at", "2022-01-12 18:36:12.230761"], ["updated_at", "2022-01-12 18:36:12.230761"]]
  ↳ app/controllers/api/teas_controller.rb:10
  [1m[35m (2.9ms)[0m  [1m[31mROLLBACK[0m
  ↳ app/controllers/api/teas_controller.rb:10
Completed 500 Internal Server Error in 127ms (ActiveRecord: 79.8ms)



ActiveRecord::RecordNotUnique - PG::UniqueViolation: ERROR:  duplicate key value violates unique constraint "index_teas_on_flavor"
DETAIL:  Key (flavor)=(Green) already exists.
: INSERT INTO "teas" ("flavor", "amount", "created_at", "updated_at") VALUES ($1, $2, $3, $4) RETURNING "id":
  app/controllers/api/teas_controller.rb:10:in `create'

Started GET "/" for ::1 at 2022-01-12 12:19:42 -0700
Processing by StaticPagesController#root as HTML
  Rendering static_pages/root.html.erb within layouts/application
  Rendered static_pages/root.html.erb within layouts/application (0.7ms)
Completed 200 OK in 2392ms (Views: 2391.7ms | ActiveRecord: 0.0ms)


Started GET "/" for ::1 at 2022-01-12 12:21:20 -0700
Processing by StaticPagesController#root as HTML
  Rendering static_pages/root.html.erb within layouts/application
  Rendered static_pages/root.html.erb within layouts/application (0.9ms)
Completed 200 OK in 3237ms (Views: 3235.8ms | ActiveRecord: 0.0ms)


Started GET "/api/teas" for ::1 at 2022-01-12 12:22:05 -0700
Processing by Api::TeasController#index as JSON
  [1m[36mTea Load (17.5ms)[0m  [1m[34mSELECT "teas".* FROM "teas"[0m
  ↳ app/controllers/api/teas_controller.rb:4
Completed 200 OK in 28ms (Views: 9.0ms | ActiveRecord: 17.5ms)


Started GET "/" for ::1 at 2022-01-12 12:27:11 -0700
  [1m[35m (5.7ms)[0m  [1m[34mSELECT "schema_migrations"."version" FROM "schema_migrations" ORDER BY "schema_migrations"."version" ASC[0m
  ↳ /Users/siascone/.rbenv/versions/2.5.1/lib/ruby/gems/2.5.0/gems/activerecord-5.2.6/lib/active_record/log_subscriber.rb:98
Processing by StaticPagesController#root as HTML
  Rendering static_pages/root.html.erb within layouts/application
  Rendered static_pages/root.html.erb within layouts/application (8.3ms)
Completed 200 OK in 6414ms (Views: 6249.1ms | ActiveRecord: 0.0ms)


Started GET "/api/teas" for ::1 at 2022-01-12 12:28:28 -0700
Processing by Api::TeasController#index as JSON
  [1m[36mTea Load (20.4ms)[0m  [1m[34mSELECT "teas".* FROM "teas"[0m
  ↳ app/controllers/api/teas_controller.rb:4
Completed 200 OK in 459ms (Views: 33.3ms | ActiveRecord: 389.7ms)


Started GET "/" for ::1 at 2022-01-12 12:29:41 -0700
Processing by StaticPagesController#root as HTML
  Rendering static_pages/root.html.erb within layouts/application
  Rendered static_pages/root.html.erb within layouts/application (1.0ms)
Completed 200 OK in 185ms (Views: 184.1ms | ActiveRecord: 0.0ms)


Started GET "/" for ::1 at 2022-01-12 12:37:56 -0700
Processing by StaticPagesController#root as HTML
  Rendering static_pages/root.html.erb within layouts/application
  Rendered static_pages/root.html.erb within layouts/application (1.2ms)
Completed 200 OK in 1600ms (Views: 1598.8ms | ActiveRecord: 0.0ms)


Started GET "/" for ::1 at 2022-01-12 12:39:06 -0700
Processing by StaticPagesController#root as HTML
  Rendering static_pages/root.html.erb within layouts/application
  Rendered static_pages/root.html.erb within layouts/application (0.7ms)
Completed 200 OK in 2037ms (Views: 2035.4ms | ActiveRecord: 0.0ms)


Started GET "/api/teas" for ::1 at 2022-01-12 12:39:10 -0700
Processing by Api::TeasController#index as JSON
  [1m[36mTea Load (60.3ms)[0m  [1m[34mSELECT "teas".* FROM "teas"[0m
  ↳ app/controllers/api/teas_controller.rb:4
Completed 200 OK in 66ms (Views: 4.5ms | ActiveRecord: 60.3ms)


Started GET "/" for ::1 at 2022-01-12 13:03:53 -0700
Processing by StaticPagesController#root as HTML
  Rendering static_pages/root.html.erb within layouts/application
  Rendered static_pages/root.html.erb within layouts/application (1.5ms)
Completed 200 OK in 1417ms (Views: 1415.8ms | ActiveRecord: 0.0ms)


Started GET "/api/teas" for ::1 at 2022-01-12 13:05:31 -0700
Processing by Api::TeasController#index as JSON
  [1m[36mTea Load (93.0ms)[0m  [1m[34mSELECT "teas".* FROM "teas"[0m
  ↳ app/controllers/api/teas_controller.rb:4
Completed 200 OK in 110ms (Views: 15.2ms | ActiveRecord: 93.0ms)


Started GET "/" for ::1 at 2022-01-12 13:09:29 -0700
Processing by StaticPagesController#root as HTML
  Rendering static_pages/root.html.erb within layouts/application
  Rendered static_pages/root.html.erb within layouts/application (0.7ms)
Completed 200 OK in 2308ms (Views: 2306.6ms | ActiveRecord: 0.0ms)


Started GET "/" for ::1 at 2022-01-12 13:12:12 -0700
Processing by StaticPagesController#root as HTML
  Rendering static_pages/root.html.erb within layouts/application
  Rendered static_pages/root.html.erb within layouts/application (0.7ms)
Completed 200 OK in 1513ms (Views: 1511.6ms | ActiveRecord: 0.0ms)


Started GET "/api/teas" for ::1 at 2022-01-12 13:12:29 -0700
Processing by Api::TeasController#index as JSON
  [1m[36mTea Load (65.4ms)[0m  [1m[34mSELECT "teas".* FROM "teas"[0m
  ↳ app/controllers/api/teas_controller.rb:4
Completed 200 OK in 70ms (Views: 4.0ms | ActiveRecord: 65.4ms)


Started GET "/" for ::1 at 2022-01-12 14:44:34 -0700
Processing by StaticPagesController#root as HTML
  Rendering static_pages/root.html.erb within layouts/application
  Rendered static_pages/root.html.erb within layouts/application (0.6ms)
Completed 200 OK in 2217ms (Views: 2216.0ms | ActiveRecord: 0.0ms)


Started GET "/" for ::1 at 2022-01-12 14:45:15 -0700
Processing by StaticPagesController#root as HTML
  Rendering static_pages/root.html.erb within layouts/application
  Rendered static_pages/root.html.erb within layouts/application (0.4ms)
Completed 200 OK in 2149ms (Views: 2147.5ms | ActiveRecord: 0.0ms)


Started GET "/api/teas" for ::1 at 2022-01-12 14:45:17 -0700
Processing by Api::TeasController#index as JSON
  [1m[36mTea Load (69.0ms)[0m  [1m[34mSELECT "teas".* FROM "teas"[0m
  ↳ app/controllers/api/teas_controller.rb:4
Completed 200 OK in 85ms (Views: 14.7ms | ActiveRecord: 69.0ms)


Started GET "/api/teas" for ::1 at 2022-01-12 14:45:19 -0700
Processing by Api::TeasController#index as JSON
  [1m[36mTea Load (31.8ms)[0m  [1m[34mSELECT "teas".* FROM "teas"[0m
  ↳ app/controllers/api/teas_controller.rb:4
Completed 200 OK in 35ms (Views: 2.2ms | ActiveRecord: 31.8ms)


Started GET "/" for ::1 at 2022-01-12 14:46:05 -0700
Processing by StaticPagesController#root as HTML
  Rendering static_pages/root.html.erb within layouts/application
  Rendered static_pages/root.html.erb within layouts/application (0.4ms)
Completed 200 OK in 310ms (Views: 309.1ms | ActiveRecord: 0.0ms)


Started GET "/api/teas" for ::1 at 2022-01-12 14:46:08 -0700
Processing by Api::TeasController#index as JSON
  [1m[36mTea Load (12.2ms)[0m  [1m[34mSELECT "teas".* FROM "teas"[0m
  ↳ app/controllers/api/teas_controller.rb:4
Completed 200 OK in 20ms (Views: 6.7ms | ActiveRecord: 12.2ms)


Started POST "/api/teas" for ::1 at 2022-01-12 14:46:38 -0700
Processing by Api::TeasController#create as JSON
  Parameters: {"tea"=>{"flavor"=>"Earl Grey Hot", "amount"=>"5.0"}}
  [1m[35m (40.1ms)[0m  [1m[35mBEGIN[0m
  ↳ app/controllers/api/teas_controller.rb:10
  [1m[36mTea Create (65.2ms)[0m  [1m[32mINSERT INTO "teas" ("flavor", "amount", "created_at", "updated_at") VALUES ($1, $2, $3, $4) RETURNING "id"[0m  [["flavor", "Earl Grey Hot"], ["amount", 5.0], ["created_at", "2022-01-12 21:46:38.313285"], ["updated_at", "2022-01-12 21:46:38.313285"]]
  ↳ app/controllers/api/teas_controller.rb:10
  [1m[35m (23.7ms)[0m  [1m[35mCOMMIT[0m
  ↳ app/controllers/api/teas_controller.rb:10
Completed 200 OK in 150ms (Views: 2.1ms | ActiveRecord: 129.0ms)


Started GET "/" for ::1 at 2022-01-12 14:48:35 -0700
Processing by StaticPagesController#root as HTML
  Rendering static_pages/root.html.erb within layouts/application
  Rendered static_pages/root.html.erb within layouts/application (0.4ms)
Completed 200 OK in 1345ms (Views: 1343.7ms | ActiveRecord: 0.0ms)


Started GET "/api/teas" for ::1 at 2022-01-12 14:48:38 -0700
Processing by Api::TeasController#index as JSON
  [1m[36mTea Load (150.7ms)[0m  [1m[34mSELECT "teas".* FROM "teas"[0m
  ↳ app/controllers/api/teas_controller.rb:4
Completed 200 OK in 158ms (Views: 6.5ms | ActiveRecord: 150.7ms)


Started POST "/api/teas" for ::1 at 2022-01-12 14:48:58 -0700
Processing by Api::TeasController#create as JSON
  Parameters: {"tea"=>{"flavor"=>"Jasmine", "amount"=>"5.5"}}
  [1m[35m (34.8ms)[0m  [1m[35mBEGIN[0m
  ↳ app/controllers/api/teas_controller.rb:10
  [1m[36mTea Create (28.3ms)[0m  [1m[32mINSERT INTO "teas" ("flavor", "amount", "created_at", "updated_at") VALUES ($1, $2, $3, $4) RETURNING "id"[0m  [["flavor", "Jasmine"], ["amount", 5.5], ["created_at", "2022-01-12 21:48:58.880550"], ["updated_at", "2022-01-12 21:48:58.880550"]]
  ↳ app/controllers/api/teas_controller.rb:10
  [1m[35m (20.7ms)[0m  [1m[35mCOMMIT[0m
  ↳ app/controllers/api/teas_controller.rb:10
Completed 200 OK in 109ms (Views: 1.5ms | ActiveRecord: 83.9ms)


Started GET "/" for ::1 at 2022-01-12 14:53:09 -0700
Processing by StaticPagesController#root as HTML
  Rendering static_pages/root.html.erb within layouts/application
  Rendered static_pages/root.html.erb within layouts/application (0.5ms)
Completed 200 OK in 1680ms (Views: 1677.8ms | ActiveRecord: 0.0ms)


Started GET "/" for ::1 at 2022-01-12 14:53:57 -0700
Processing by StaticPagesController#root as HTML
  Rendering static_pages/root.html.erb within layouts/application
  Rendered static_pages/root.html.erb within layouts/application (0.5ms)
Completed 200 OK in 2492ms (Views: 2491.7ms | ActiveRecord: 0.0ms)


Started GET "/api/teas" for ::1 at 2022-01-12 14:54:00 -0700
Processing by Api::TeasController#index as JSON
  [1m[36mTea Load (135.7ms)[0m  [1m[34mSELECT "teas".* FROM "teas"[0m
  ↳ app/controllers/api/teas_controller.rb:4
Completed 200 OK in 409ms (Views: 39.1ms | ActiveRecord: 280.5ms)


Started GET "/api/teas" for ::1 at 2022-01-12 14:56:01 -0700
Processing by Api::TeasController#index as JSON
  [1m[36mTea Load (137.3ms)[0m  [1m[34mSELECT "teas".* FROM "teas"[0m
  ↳ app/controllers/api/teas_controller.rb:4
Completed 200 OK in 153ms (Views: 5.9ms | ActiveRecord: 137.3ms)


Started POST "/api/teas" for ::1 at 2022-01-12 14:58:13 -0700
Processing by Api::TeasController#create as JSON
  Parameters: {"tea"=>{"flavor"=>"Matcha", "amount"=>"10"}}
  [1m[35m (40.7ms)[0m  [1m[35mBEGIN[0m
  ↳ app/controllers/api/teas_controller.rb:10
  [1m[36mTea Create (32.6ms)[0m  [1m[32mINSERT INTO "teas" ("flavor", "amount", "created_at", "updated_at") VALUES ($1, $2, $3, $4) RETURNING "id"[0m  [["flavor", "Matcha"], ["amount", 10.0], ["created_at", "2022-01-12 21:58:45.088723"], ["updated_at", "2022-01-12 21:58:45.088723"]]
  ↳ app/controllers/api/teas_controller.rb:10
  [1m[35m (2.5ms)[0m  [1m[35mCOMMIT[0m
  ↳ app/controllers/api/teas_controller.rb:10
Completed 200 OK in 56116ms (Views: 0.8ms | ActiveRecord: 75.8ms)


Started POST "/api/teas" for ::1 at 2022-01-12 15:07:05 -0700
Processing by Api::TeasController#create as JSON
  Parameters: {"tea"=>{"flavor"=>"Ginger", "amount"=>"10"}}
  [1m[35m (1.0ms)[0m  [1m[35mBEGIN[0m
  ↳ app/controllers/api/teas_controller.rb:10
  [1m[36mTea Create (72.3ms)[0m  [1m[32mINSERT INTO "teas" ("flavor", "amount", "created_at", "updated_at") VALUES ($1, $2, $3, $4) RETURNING "id"[0m  [["flavor", "Ginger"], ["amount", 10.0], ["created_at", "2022-01-12 22:07:23.363521"], ["updated_at", "2022-01-12 22:07:23.363521"]]
  ↳ app/controllers/api/teas_controller.rb:10
  [1m[35m (31.0ms)[0m  [1m[35mCOMMIT[0m
  ↳ app/controllers/api/teas_controller.rb:10
Completed 200 OK in 87049ms (Views: 0.7ms | ActiveRecord: 104.3ms)


