  [1m[35m (0.7ms)[0m  [1m[34mSELECT pg_try_advisory_lock(4383024509120929350)[0m
  [1m[36mActiveRecord::SchemaMigration Pluck (2.6ms)[0m  [1m[34mSELECT "schema_migrations"."version" FROM "schema_migrations" ORDER BY "schema_migrations"."version" ASC[0m
Migrating to CreateTeas (20230217181136)
  [1m[36mTRANSACTION (0.1ms)[0m  [1m[35mBEGIN[0m
  [1m[35m (18.5ms)[0m  [1m[35mCREATE TABLE "teas" ("id" bigserial primary key, "flavor" character varying NOT NULL, "price" float NOT NULL, "created_at" timestamp(6) NOT NULL, "updated_at" timestamp(6) NOT NULL)[0m
  [1m[36mTRANSACTION (0.1ms)[0m  [1m[31mROLLBACK[0m
  [1m[35m (0.3ms)[0m  [1m[34mSELECT pg_advisory_unlock(4383024509120929350)[0m
  [1m[36mActiveRecord::SchemaMigration Pluck (0.9ms)[0m  [1m[34mSELECT "schema_migrations"."version" FROM "schema_migrations" ORDER BY "schema_migrations"."version" ASC[0m
  [1m[36mActiveRecord::InternalMetadata Pluck (5.4ms)[0m  [1m[34mSELECT "ar_internal_metadata"."value" FROM "ar_internal_metadata" WHERE "ar_internal_metadata"."key" = $1 LIMIT $2[0m  [["key", "environment"], ["LIMIT", 1]]
  [1m[36mActiveRecord::SchemaMigration Pluck (0.2ms)[0m  [1m[34mSELECT "schema_migrations"."version" FROM "schema_migrations" ORDER BY "schema_migrations"."version" ASC[0m
  [1m[36mActiveRecord::InternalMetadata Pluck (0.2ms)[0m  [1m[34mSELECT "ar_internal_metadata"."value" FROM "ar_internal_metadata" WHERE "ar_internal_metadata"."key" = $1 LIMIT $2[0m  [["key", "environment"], ["LIMIT", 1]]
  [1m[36mActiveRecord::SchemaMigration Pluck (0.2ms)[0m  [1m[34mSELECT "schema_migrations"."version" FROM "schema_migrations" ORDER BY "schema_migrations"."version" ASC[0m
  [1m[36mActiveRecord::InternalMetadata Pluck (0.1ms)[0m  [1m[34mSELECT "ar_internal_metadata"."value" FROM "ar_internal_metadata" WHERE "ar_internal_metadata"."key" = $1 LIMIT $2[0m  [["key", "environment"], ["LIMIT", 1]]
  [1m[35m (45.6ms)[0m  [1m[35mDROP DATABASE IF EXISTS "TeaTime_development"[0m
  [1m[35m (27.2ms)[0m  [1m[35mDROP DATABASE IF EXISTS "TeaTime_test"[0m
  [1m[35m (221.3ms)[0m  [1m[35mCREATE DATABASE "TeaTime_development" ENCODING = 'unicode'[0m
  [1m[35m (53.3ms)[0m  [1m[35mCREATE DATABASE "TeaTime_test" ENCODING = 'unicode'[0m
  [1m[35m (13.7ms)[0m  [1m[35mCREATE TABLE "schema_migrations" ("version" character varying NOT NULL PRIMARY KEY)[0m
  [1m[35m (9.5ms)[0m  [1m[35mCREATE TABLE "ar_internal_metadata" ("key" character varying NOT NULL PRIMARY KEY, "value" character varying, "created_at" timestamp(6) NOT NULL, "updated_at" timestamp(6) NOT NULL)[0m
  [1m[35m (0.3ms)[0m  [1m[34mSELECT pg_try_advisory_lock(4383024509120929350)[0m
  [1m[36mActiveRecord::SchemaMigration Pluck (0.6ms)[0m  [1m[34mSELECT "schema_migrations"."version" FROM "schema_migrations" ORDER BY "schema_migrations"."version" ASC[0m
Migrating to CreateTeas (20230217181136)
  [1m[36mTRANSACTION (0.3ms)[0m  [1m[35mBEGIN[0m
  [1m[35m (7.5ms)[0m  [1m[35mCREATE TABLE "teas" ("id" bigserial primary key, "flavor" character varying NOT NULL, "price" float NOT NULL, "created_at" timestamp(6) NOT NULL, "updated_at" timestamp(6) NOT NULL)[0m
  [1m[35m (6.3ms)[0m  [1m[35mCREATE UNIQUE INDEX "index_teas_on_flavor" ON "teas" ("flavor")[0m
  [1m[36mActiveRecord::SchemaMigration Create (0.6ms)[0m  [1m[32mINSERT INTO "schema_migrations" ("version") VALUES ($1) RETURNING "version"[0m  [["version", "20230217181136"]]
  [1m[36mTRANSACTION (0.3ms)[0m  [1m[35mCOMMIT[0m
  [1m[36mActiveRecord::InternalMetadata Load (0.3ms)[0m  [1m[34mSELECT "ar_internal_metadata".* FROM "ar_internal_metadata" WHERE "ar_internal_metadata"."key" = $1 LIMIT $2[0m  [["key", "environment"], ["LIMIT", 1]]
  [1m[36mTRANSACTION (0.1ms)[0m  [1m[35mBEGIN[0m
  [1m[36mActiveRecord::InternalMetadata Create (0.7ms)[0m  [1m[32mINSERT INTO "ar_internal_metadata" ("key", "value", "created_at", "updated_at") VALUES ($1, $2, $3, $4) RETURNING "key"[0m  [["key", "environment"], ["value", "development"], ["created_at", "2023-02-17 18:14:39.929797"], ["updated_at", "2023-02-17 18:14:39.929797"]]
  [1m[36mTRANSACTION (0.2ms)[0m  [1m[35mCOMMIT[0m
  [1m[35m (0.2ms)[0m  [1m[34mSELECT pg_advisory_unlock(4383024509120929350)[0m
  [1m[36mActiveRecord::SchemaMigration Pluck (0.6ms)[0m  [1m[34mSELECT "schema_migrations"."version" FROM "schema_migrations" ORDER BY "schema_migrations"."version" ASC[0m
  [1m[36mActiveRecord::SchemaMigration Pluck (0.6ms)[0m  [1m[34mSELECT "schema_migrations"."version" FROM "schema_migrations" ORDER BY "schema_migrations"."version" ASC[0m
  [1m[35m (0.2ms)[0m  [1m[34mSELECT pg_try_advisory_lock(4383024509120929350)[0m
  [1m[36mActiveRecord::SchemaMigration Pluck (0.9ms)[0m  [1m[34mSELECT "schema_migrations"."version" FROM "schema_migrations" ORDER BY "schema_migrations"."version" ASC[0m
Migrating to UpdateTeas (20230217181757)
  [1m[36mTRANSACTION (0.1ms)[0m  [1m[35mBEGIN[0m
  [1m[35m (4.8ms)[0m  [1m[35mALTER TABLE "teas" ADD "description" text[0m
  [1m[36mActiveRecord::SchemaMigration Create (0.3ms)[0m  [1m[32mINSERT INTO "schema_migrations" ("version") VALUES ($1) RETURNING "version"[0m  [["version", "20230217181757"]]
  [1m[36mTRANSACTION (3.4ms)[0m  [1m[35mCOMMIT[0m
  [1m[36mActiveRecord::InternalMetadata Load (0.4ms)[0m  [1m[34mSELECT "ar_internal_metadata".* FROM "ar_internal_metadata" WHERE "ar_internal_metadata"."key" = $1 LIMIT $2[0m  [["key", "environment"], ["LIMIT", 1]]
  [1m[35m (0.2ms)[0m  [1m[34mSELECT pg_advisory_unlock(4383024509120929350)[0m
  [1m[36mActiveRecord::SchemaMigration Pluck (3.5ms)[0m  [1m[34mSELECT "schema_migrations"."version" FROM "schema_migrations" ORDER BY "schema_migrations"."version" ASC[0m
  [1m[36mActiveRecord::SchemaMigration Pluck (0.5ms)[0m  [1m[34mSELECT "schema_migrations"."version" FROM "schema_migrations" ORDER BY "schema_migrations"."version" ASC[0m
  [1m[36mActiveRecord::SchemaMigration Pluck (0.8ms)[0m  [1m[34mSELECT "schema_migrations"."version" FROM "schema_migrations" ORDER BY "schema_migrations"."version" ASC[0m
  [1m[36mTRANSACTION (0.1ms)[0m  [1m[35mBEGIN[0m
  [1m[36mTea Load (5.1ms)[0m  [1m[34mSELECT "teas".* FROM "teas"[0m
  [1m[36mTea Exists? (0.6ms)[0m  [1m[34mSELECT 1 AS one FROM "teas" WHERE "teas"."flavor" = $1 LIMIT $2[0m  [["flavor", "Green"], ["LIMIT", 1]]
  [1m[36mTea Create (0.7ms)[0m  [1m[32mINSERT INTO "teas" ("flavor", "price", "created_at", "updated_at", "description") VALUES ($1, $2, $3, $4, $5) RETURNING "id"[0m  [["flavor", "Green"], ["price", 1.75], ["created_at", "2023-02-17 18:19:42.257848"], ["updated_at", "2023-02-17 18:19:42.257848"], ["description", "Green tea is a type of tea that is made from Camellia sinensis leaves and buds that have not undergone the same withering and oxidation process used to make oolong teas and black teas. Green tea originated in China, but its production and manufacture has spread to other countries in East Asia."]]
  [1m[36mTea Exists? (0.2ms)[0m  [1m[34mSELECT 1 AS one FROM "teas" WHERE "teas"."flavor" = $1 LIMIT $2[0m  [["flavor", "Oolong"], ["LIMIT", 1]]
  [1m[36mTea Create (0.2ms)[0m  [1m[32mINSERT INTO "teas" ("flavor", "price", "created_at", "updated_at", "description") VALUES ($1, $2, $3, $4, $5) RETURNING "id"[0m  [["flavor", "Oolong"], ["price", 2.0], ["created_at", "2023-02-17 18:19:42.260240"], ["updated_at", "2023-02-17 18:19:42.260240"], ["description", "Oolong tea is a type of tea that is sometimes called \"wulong\" (also pronounced \"oolong\") or \"black dragon\" tea. Oolong teas are semi-oxidized teas. They are sometimes called \"semi-fermented teas\" though this moniker is considered to be less technically correct than semi-oxidized teas. After the tea leaves are picked, they are rolled and allowed to oxidize. Oxidation produces floral notes that characterize many oolongs."]]
  [1m[36mTea Exists? (0.1ms)[0m  [1m[34mSELECT 1 AS one FROM "teas" WHERE "teas"."flavor" = $1 LIMIT $2[0m  [["flavor", "Earl Grey"], ["LIMIT", 1]]
  [1m[36mTea Create (0.2ms)[0m  [1m[32mINSERT INTO "teas" ("flavor", "price", "created_at", "updated_at", "description") VALUES ($1, $2, $3, $4, $5) RETURNING "id"[0m  [["flavor", "Earl Grey"], ["price", 2.5], ["created_at", "2023-02-17 18:19:42.261490"], ["updated_at", "2023-02-17 18:19:42.261490"], ["description", "Earl Grey tea is a tea blend which has been flavoured with the addition of oil of bergamot. The rind's fragrant oil is added to black tea to give Earl Grey its unique taste. Traditionally, Earl Grey was made from black teas such as China keemun and therefore intended to be drunk without milk. However, tea companies have since begun to offer Earl Grey based upon stronger teas such as Ceylons which are better suited to the addition of milk or cream. Other varieties have been introduced as well, such as green or oolong."]]
  [1m[36mTea Exists? (0.1ms)[0m  [1m[34mSELECT 1 AS one FROM "teas" WHERE "teas"."flavor" = $1 LIMIT $2[0m  [["flavor", "Rooibos"], ["LIMIT", 1]]
  [1m[36mTea Create (0.2ms)[0m  [1m[32mINSERT INTO "teas" ("flavor", "price", "created_at", "updated_at", "description") VALUES ($1, $2, $3, $4, $5) RETURNING "id"[0m  [["flavor", "Rooibos"], ["price", 3.0], ["created_at", "2023-02-17 18:19:42.262861"], ["updated_at", "2023-02-17 18:19:42.262861"], ["description", "Rooibos (/ËˆrÉ”ÉªbÉ’s/ ROY-boss; Afrikaans: [rÉ”ËibÉ”s]; Aspalathus linearis), meaning 'red bush'; is a broom-like member of the plant family Fabaceae that grows in South Africa's fynbos. The leaves are used to make a herbal tea that is called by the names: rooibos (especially in Southern Africa), bush tea, red tea, or redbush tea (predominantly in Great Britain). The tea has been popular in Southern Africa for generations, but is now consumed in many countries worldwide. It is sometimes spelled rooibosch in accordance with the original Dutch for 'red bush'. The tea has a taste and color somewhat similar to hibiscus tea, with more or less of an earthy flavor like yerba mate."]]
  [1m[36mTRANSACTION (0.6ms)[0m  [1m[35mCOMMIT[0m
  [1m[36mTea Load (0.6ms)[0m  [1m[34mSELECT "teas".* FROM "teas"[0m
Started GET "/" for ::1 at 2023-02-17 10:36:03 -0800
  [1m[36mActiveRecord::SchemaMigration Pluck (1.5ms)[0m  [1m[34mSELECT "schema_migrations"."version" FROM "schema_migrations" ORDER BY "schema_migrations"."version" ASC[0m
Processing by Rails::WelcomeController#index as HTML
  Rendering /Users/deid/.rbenv/versions/3.1.1/lib/ruby/gems/3.1.0/gems/railties-7.0.4.2/lib/rails/templates/rails/welcome/index.html.erb
  Rendered /Users/deid/.rbenv/versions/3.1.1/lib/ruby/gems/3.1.0/gems/railties-7.0.4.2/lib/rails/templates/rails/welcome/index.html.erb (Duration: 0.9ms | Allocations: 526)
Completed 200 OK in 4ms (Views: 2.4ms | ActiveRecord: 0.0ms | Allocations: 2810)


Started GET "/teas" for ::1 at 2023-02-17 10:36:28 -0800
  
ActionController::RoutingError (No route matches [GET] "/teas"):
  
Started GET "/favicon.ico" for ::1 at 2023-02-17 10:36:28 -0800
  
ActionController::RoutingError (No route matches [GET] "/favicon.ico"):
  
Started GET "/api/teas" for ::1 at 2023-02-17 10:36:34 -0800
Processing by Api::TeasController#index as JSON
  [1m[36mTea Load (0.7ms)[0m  [1m[34mSELECT "teas".* FROM "teas"[0m
  â†³ app/controllers/api/teas_controller.rb:4:in `index'
Completed 200 OK in 13ms (Views: 6.6ms | ActiveRecord: 4.0ms | Allocations: 7097)


Started GET "/api/teas" for 127.0.0.1 at 2023-02-17 10:37:39 -0800
Processing by Api::TeasController#index as JSON
  [1m[36mTea Load (0.4ms)[0m  [1m[34mSELECT "teas".* FROM "teas"[0m
  â†³ app/controllers/api/teas_controller.rb:4:in `index'
Completed 200 OK in 7ms (Views: 6.0ms | ActiveRecord: 0.4ms | Allocations: 1164)


Started POST "/api/teas" for 127.0.0.1 at 2023-02-17 10:40:13 -0800
Processing by Api::TeasController#create as JSON
Completed 400 Bad Request in 4ms (ActiveRecord: 0.0ms | Allocations: 648)



ActionController::ParameterMissing - param is missing or the value is empty: tea:
  app/controllers/api/teas_controller.rb:18:in `tea_params'
  app/controllers/api/teas_controller.rb:8:in `create'

Started POST "/api/teas" for 127.0.0.1 at 2023-02-17 10:40:37 -0800
Processing by Api::TeasController#create as JSON
Completed 400 Bad Request in 1ms (ActiveRecord: 0.0ms | Allocations: 543)



ActionController::ParameterMissing - param is missing or the value is empty: tea:
  app/controllers/api/teas_controller.rb:18:in `tea_params'
  app/controllers/api/teas_controller.rb:8:in `create'

Started POST "/api/teas" for 127.0.0.1 at 2023-02-17 10:41:16 -0800
Processing by Api::TeasController#create as JSON
Completed 400 Bad Request in 3ms (ActiveRecord: 0.0ms | Allocations: 543)



ActionController::ParameterMissing - param is missing or the value is empty: tea:
  app/controllers/api/teas_controller.rb:18:in `tea_params'
  app/controllers/api/teas_controller.rb:8:in `create'

Started POST "/api/teas" for 127.0.0.1 at 2023-02-17 10:43:35 -0800
Processing by Api::TeasController#create as JSON
  Parameters: {"tea"=>{}}
Completed 400 Bad Request in 2ms (Allocations: 513)



ActionController::ParameterMissing - param is missing or the value is empty: tea:
  app/controllers/api/teas_controller.rb:18:in `tea_params'
  app/controllers/api/teas_controller.rb:8:in `create'

Started POST "/api/teas" for 127.0.0.1 at 2023-02-17 10:43:49 -0800
Processing by Api::TeasController#create as JSON
  Parameters: {"tea"=>{"flavor"=>"Black", "price"=>1.23, "description"=>"An English classic."}}
  [1m[36mTRANSACTION (0.2ms)[0m  [1m[35mBEGIN[0m
  â†³ app/controllers/api/teas_controller.rb:9:in `create'
  [1m[36mTea Exists? (1.6ms)[0m  [1m[34mSELECT 1 AS one FROM "teas" WHERE "teas"."flavor" = $1 LIMIT $2[0m  [["flavor", "Black"], ["LIMIT", 1]]
  â†³ app/controllers/api/teas_controller.rb:9:in `create'
  [1m[36mTea Create (1.4ms)[0m  [1m[32mINSERT INTO "teas" ("flavor", "price", "created_at", "updated_at", "description") VALUES ($1, $2, $3, $4, $5) RETURNING "id"[0m  [["flavor", "Black"], ["price", 1.23], ["created_at", "2023-02-17 18:43:49.592094"], ["updated_at", "2023-02-17 18:43:49.592094"], ["description", "An English classic."]]
  â†³ app/controllers/api/teas_controller.rb:9:in `create'
  [1m[36mTRANSACTION (2.1ms)[0m  [1m[35mCOMMIT[0m
  â†³ app/controllers/api/teas_controller.rb:9:in `create'
Completed 200 OK in 40ms (Views: 0.7ms | ActiveRecord: 13.9ms | Allocations: 9555)


Started GET "/api/teas" for 127.0.0.1 at 2023-02-17 10:51:13 -0800
Processing by Api::TeasController#index as JSON
  [1m[36mTea Load (1.2ms)[0m  [1m[34mSELECT "teas".* FROM "teas"[0m
  â†³ app/controllers/api/teas_controller.rb:4:in `index'
Completed 200 OK in 34ms (Views: 32.8ms | ActiveRecord: 13.9ms | Allocations: 4179)


Started GET "/api/teas" for 127.0.0.1 at 2023-02-17 10:51:28 -0800
Processing by Api::TeasController#index as JSON
  [1m[36mTea Load (0.3ms)[0m  [1m[34mSELECT "teas".* FROM "teas"[0m
  â†³ app/controllers/api/teas_controller.rb:4:in `index'
Completed 200 OK in 5ms (Views: 4.6ms | ActiveRecord: 0.3ms | Allocations: 1179)


Started POST "/api/teas" for 127.0.0.1 at 2023-02-17 10:52:34 -0800
Processing by Api::TeasController#create as JSON
  Parameters: {"flavor"=>"Chai", "price"=>4.32, "description"=>"Literally means tea.", "tea"=>{"flavor"=>"Chai", "price"=>4.32, "description"=>"Literally means tea."}}
  [1m[36mTRANSACTION (0.2ms)[0m  [1m[35mBEGIN[0m
  â†³ app/controllers/api/teas_controller.rb:9:in `create'
  [1m[36mTea Exists? (1.2ms)[0m  [1m[34mSELECT 1 AS one FROM "teas" WHERE "teas"."flavor" = $1 LIMIT $2[0m  [["flavor", "Chai"], ["LIMIT", 1]]
  â†³ app/controllers/api/teas_controller.rb:9:in `create'
  [1m[36mTea Create (0.8ms)[0m  [1m[32mINSERT INTO "teas" ("flavor", "price", "created_at", "updated_at", "description") VALUES ($1, $2, $3, $4, $5) RETURNING "id"[0m  [["flavor", "Chai"], ["price", 4.32], ["created_at", "2023-02-17 18:52:34.863647"], ["updated_at", "2023-02-17 18:52:34.863647"], ["description", "Literally means tea."]]
  â†³ app/controllers/api/teas_controller.rb:9:in `create'
  [1m[36mTRANSACTION (1.8ms)[0m  [1m[35mCOMMIT[0m
  â†³ app/controllers/api/teas_controller.rb:9:in `create'
Completed 200 OK in 17ms (Views: 2.1ms | ActiveRecord: 4.1ms | Allocations: 2830)


Started POST "/api/teas" for 127.0.0.1 at 2023-02-17 11:14:22 -0800
Processing by Api::TeasController#create as JSON
  Parameters: {"flavor"=>"Black", "price"=>"1.23", "tea"=>{"flavor"=>"Black", "price"=>"1.23"}}
  [1m[36mTRANSACTION (0.1ms)[0m  [1m[35mBEGIN[0m
  â†³ app/controllers/api/teas_controller.rb:9:in `create'
  [1m[36mTea Exists? (2.2ms)[0m  [1m[34mSELECT 1 AS one FROM "teas" WHERE "teas"."flavor" = $1 LIMIT $2[0m  [["flavor", "Black"], ["LIMIT", 1]]
  â†³ app/controllers/api/teas_controller.rb:9:in `create'
  [1m[36mTRANSACTION (0.3ms)[0m  [1m[31mROLLBACK[0m
  â†³ app/controllers/api/teas_controller.rb:9:in `create'
Completed 422 Unprocessable Entity in 48ms (Views: 0.4ms | ActiveRecord: 14.6ms | Allocations: 7719)


Started POST "/api/teas" for 127.0.0.1 at 2023-02-17 11:15:06 -0800
Processing by Api::TeasController#create as JSON
  Parameters: {"flavor"=>"Chamomile", "price"=>"67.54", "tea"=>{"flavor"=>"Chamomile", "price"=>"67.54"}}
  [1m[36mTRANSACTION (0.2ms)[0m  [1m[35mBEGIN[0m
  â†³ app/controllers/api/teas_controller.rb:9:in `create'
  [1m[36mTea Exists? (8.6ms)[0m  [1m[34mSELECT 1 AS one FROM "teas" WHERE "teas"."flavor" = $1 LIMIT $2[0m  [["flavor", "Chamomile"], ["LIMIT", 1]]
  â†³ app/controllers/api/teas_controller.rb:9:in `create'
  [1m[36mTea Create (1.4ms)[0m  [1m[32mINSERT INTO "teas" ("flavor", "price", "created_at", "updated_at", "description") VALUES ($1, $2, $3, $4, $5) RETURNING "id"[0m  [["flavor", "Chamomile"], ["price", 67.54], ["created_at", "2023-02-17 19:15:06.871487"], ["updated_at", "2023-02-17 19:15:06.871487"], ["description", nil]]
  â†³ app/controllers/api/teas_controller.rb:9:in `create'
  [1m[36mTRANSACTION (1.2ms)[0m  [1m[35mCOMMIT[0m
  â†³ app/controllers/api/teas_controller.rb:9:in `create'
Completed 200 OK in 38ms (Views: 0.3ms | ActiveRecord: 11.5ms | Allocations: 3575)


Started GET "/api/teas" for 127.0.0.1 at 2023-02-17 11:30:40 -0800
Processing by Api::TeasController#index as JSON
  [1m[36mTea Load (0.9ms)[0m  [1m[34mSELECT "teas".* FROM "teas"[0m
  â†³ app/controllers/api/teas_controller.rb:4:in `index'
Completed 200 OK in 34ms (Views: 32.4ms | ActiveRecord: 9.5ms | Allocations: 4215)


Started GET "/api/teas" for 127.0.0.1 at 2023-02-17 11:35:21 -0800
Processing by Api::TeasController#index as JSON
  [1m[36mTea Load (0.6ms)[0m  [1m[34mSELECT "teas".* FROM "teas"[0m
  â†³ app/controllers/api/teas_controller.rb:4:in `index'
Completed 200 OK in 15ms (Views: 8.3ms | ActiveRecord: 0.6ms | Allocations: 1351)


Started GET "/api/teas" for 127.0.0.1 at 2023-02-17 11:39:17 -0800
Processing by Api::TeasController#index as JSON
  [1m[36mTea Load (0.4ms)[0m  [1m[34mSELECT "teas".* FROM "teas"[0m
  â†³ app/controllers/api/teas_controller.rb:4:in `index'
Completed 200 OK in 4ms (Views: 3.0ms | ActiveRecord: 0.4ms | Allocations: 1351)


Started GET "/api/teas" for 127.0.0.1 at 2023-02-17 11:39:32 -0800
Processing by Api::TeasController#index as JSON
  [1m[36mTea Load (0.4ms)[0m  [1m[34mSELECT "teas".* FROM "teas"[0m
  â†³ app/controllers/api/teas_controller.rb:4:in `index'
Completed 200 OK in 2ms (Views: 1.9ms | ActiveRecord: 0.4ms | Allocations: 1353)


Started GET "/api/teas" for 127.0.0.1 at 2023-02-17 11:39:55 -0800
Processing by Api::TeasController#index as JSON
  [1m[36mTea Load (1.4ms)[0m  [1m[34mSELECT "teas".* FROM "teas"[0m
  â†³ app/controllers/api/teas_controller.rb:4:in `index'
Completed 200 OK in 4ms (Views: 2.2ms | ActiveRecord: 1.4ms | Allocations: 1352)


Started GET "/api/teas" for 127.0.0.1 at 2023-02-17 11:39:55 -0800
Processing by Api::TeasController#index as JSON
  [1m[36mTea Load (0.5ms)[0m  [1m[34mSELECT "teas".* FROM "teas"[0m
  â†³ app/controllers/api/teas_controller.rb:4:in `index'
Completed 200 OK in 5ms (Views: 3.9ms | ActiveRecord: 0.5ms | Allocations: 1351)


Started GET "/api/teas" for 127.0.0.1 at 2023-02-17 11:39:56 -0800
Processing by Api::TeasController#index as JSON
  [1m[36mTea Load (0.2ms)[0m  [1m[34mSELECT "teas".* FROM "teas"[0m
  â†³ app/controllers/api/teas_controller.rb:4:in `index'
Completed 200 OK in 2ms (Views: 1.3ms | ActiveRecord: 0.2ms | Allocations: 1352)


Started GET "/api/teas" for 127.0.0.1 at 2023-02-17 11:39:56 -0800
Processing by Api::TeasController#index as JSON
  [1m[36mTea Load (0.2ms)[0m  [1m[34mSELECT "teas".* FROM "teas"[0m
  â†³ app/controllers/api/teas_controller.rb:4:in `index'
Completed 200 OK in 2ms (Views: 1.5ms | ActiveRecord: 0.2ms | Allocations: 1351)


Started GET "/api/teas" for 127.0.0.1 at 2023-02-17 11:39:56 -0800
Processing by Api::TeasController#index as JSON
  [1m[36mTea Load (0.3ms)[0m  [1m[34mSELECT "teas".* FROM "teas"[0m
  â†³ app/controllers/api/teas_controller.rb:4:in `index'
Completed 200 OK in 2ms (Views: 1.6ms | ActiveRecord: 0.3ms | Allocations: 1351)


Started GET "/api/teas" for 127.0.0.1 at 2023-02-17 11:39:56 -0800
Processing by Api::TeasController#index as JSON
  [1m[36mTea Load (0.3ms)[0m  [1m[34mSELECT "teas".* FROM "teas"[0m
  â†³ app/controllers/api/teas_controller.rb:4:in `index'
Completed 200 OK in 2ms (Views: 1.7ms | ActiveRecord: 0.3ms | Allocations: 1351)


Started GET "/api/teas" for 127.0.0.1 at 2023-02-17 11:39:57 -0800
Processing by Api::TeasController#index as JSON
  [1m[36mTea Load (0.2ms)[0m  [1m[34mSELECT "teas".* FROM "teas"[0m
  â†³ app/controllers/api/teas_controller.rb:4:in `index'
Completed 200 OK in 2ms (Views: 1.3ms | ActiveRecord: 0.2ms | Allocations: 1351)


Started GET "/api/teas" for 127.0.0.1 at 2023-02-17 11:39:57 -0800
Processing by Api::TeasController#index as JSON
  [1m[36mTea Load (0.2ms)[0m  [1m[34mSELECT "teas".* FROM "teas"[0m
  â†³ app/controllers/api/teas_controller.rb:4:in `index'
Completed 200 OK in 2ms (Views: 1.4ms | ActiveRecord: 0.2ms | Allocations: 1351)


Started GET "/api/teas" for 127.0.0.1 at 2023-02-17 11:39:58 -0800
Processing by Api::TeasController#index as JSON
  [1m[36mTea Load (0.2ms)[0m  [1m[34mSELECT "teas".* FROM "teas"[0m
  â†³ app/controllers/api/teas_controller.rb:4:in `index'
Completed 200 OK in 2ms (Views: 1.3ms | ActiveRecord: 0.2ms | Allocations: 1351)


Started GET "/api/teas" for 127.0.0.1 at 2023-02-17 11:39:58 -0800
Processing by Api::TeasController#index as JSON
  [1m[36mTea Load (1.0ms)[0m  [1m[34mSELECT "teas".* FROM "teas"[0m
  â†³ app/controllers/api/teas_controller.rb:4:in `index'
Completed 200 OK in 3ms (Views: 1.7ms | ActiveRecord: 1.0ms | Allocations: 1351)


Started GET "/api/teas" for 127.0.0.1 at 2023-02-17 11:39:58 -0800
Processing by Api::TeasController#index as JSON
  [1m[36mTea Load (0.5ms)[0m  [1m[34mSELECT "teas".* FROM "teas"[0m
  â†³ app/controllers/api/teas_controller.rb:4:in `index'
Completed 200 OK in 16ms (Views: 11.4ms | ActiveRecord: 0.5ms | Allocations: 1351)


Started GET "/api/teas" for 127.0.0.1 at 2023-02-17 11:39:59 -0800
Processing by Api::TeasController#index as JSON
  [1m[36mTea Load (0.2ms)[0m  [1m[34mSELECT "teas".* FROM "teas"[0m
  â†³ app/controllers/api/teas_controller.rb:4:in `index'
Completed 200 OK in 10ms (Views: 9.7ms | ActiveRecord: 0.2ms | Allocations: 1352)


Started GET "/api/teas" for 127.0.0.1 at 2023-02-17 11:39:59 -0800
Processing by Api::TeasController#index as JSON
  [1m[36mTea Load (0.2ms)[0m  [1m[34mSELECT "teas".* FROM "teas"[0m
  â†³ app/controllers/api/teas_controller.rb:4:in `index'
Completed 200 OK in 2ms (Views: 1.2ms | ActiveRecord: 0.2ms | Allocations: 1351)


Started GET "/api/teas" for 127.0.0.1 at 2023-02-17 11:39:59 -0800
Processing by Api::TeasController#index as JSON
  [1m[36mTea Load (0.2ms)[0m  [1m[34mSELECT "teas".* FROM "teas"[0m
  â†³ app/controllers/api/teas_controller.rb:4:in `index'
Completed 200 OK in 1ms (Views: 1.1ms | ActiveRecord: 0.2ms | Allocations: 1351)


Started GET "/api/teas" for 127.0.0.1 at 2023-02-17 11:40:00 -0800
Processing by Api::TeasController#index as JSON
  [1m[36mTea Load (0.2ms)[0m  [1m[34mSELECT "teas".* FROM "teas"[0m
  â†³ app/controllers/api/teas_controller.rb:4:in `index'
Completed 200 OK in 1ms (Views: 1.1ms | ActiveRecord: 0.2ms | Allocations: 1351)


Started GET "/api/teas" for 127.0.0.1 at 2023-02-17 11:40:00 -0800
Processing by Api::TeasController#index as JSON
  [1m[36mTea Load (0.2ms)[0m  [1m[34mSELECT "teas".* FROM "teas"[0m
  â†³ app/controllers/api/teas_controller.rb:4:in `index'
Completed 200 OK in 2ms (Views: 1.3ms | ActiveRecord: 0.2ms | Allocations: 1351)


Started GET "/api/teas" for 127.0.0.1 at 2023-02-17 11:40:01 -0800
Processing by Api::TeasController#index as JSON
  [1m[36mTea Load (0.3ms)[0m  [1m[34mSELECT "teas".* FROM "teas"[0m
  â†³ app/controllers/api/teas_controller.rb:4:in `index'
Completed 200 OK in 14ms (Views: 13.2ms | ActiveRecord: 0.3ms | Allocations: 1351)


Started GET "/api/teas" for 127.0.0.1 at 2023-02-17 11:40:01 -0800
Processing by Api::TeasController#index as JSON
  [1m[36mTea Load (0.8ms)[0m  [1m[34mSELECT "teas".* FROM "teas"[0m
  â†³ app/controllers/api/teas_controller.rb:4:in `index'
Completed 200 OK in 7ms (Views: 6.4ms | ActiveRecord: 0.8ms | Allocations: 1351)


Started GET "/api/teas" for 127.0.0.1 at 2023-02-17 11:40:01 -0800
Processing by Api::TeasController#index as JSON
  [1m[36mTea Load (0.2ms)[0m  [1m[34mSELECT "teas".* FROM "teas"[0m
  â†³ app/controllers/api/teas_controller.rb:4:in `index'
Completed 200 OK in 2ms (Views: 1.3ms | ActiveRecord: 0.2ms | Allocations: 1351)


Started GET "/api/teas" for 127.0.0.1 at 2023-02-17 11:40:01 -0800
Processing by Api::TeasController#index as JSON
  [1m[36mTea Load (0.2ms)[0m  [1m[34mSELECT "teas".* FROM "teas"[0m
  â†³ app/controllers/api/teas_controller.rb:4:in `index'
Completed 200 OK in 1ms (Views: 1.1ms | ActiveRecord: 0.2ms | Allocations: 1352)


Started GET "/api/teas" for 127.0.0.1 at 2023-02-17 11:40:01 -0800
Processing by Api::TeasController#index as JSON
  [1m[36mTea Load (0.3ms)[0m  [1m[34mSELECT "teas".* FROM "teas"[0m
  â†³ app/controllers/api/teas_controller.rb:4:in `index'
Completed 200 OK in 2ms (Views: 1.8ms | ActiveRecord: 0.3ms | Allocations: 1351)


Started GET "/api/teas" for 127.0.0.1 at 2023-02-17 11:40:01 -0800
Processing by Api::TeasController#index as JSON
  [1m[36mTea Load (0.2ms)[0m  [1m[34mSELECT "teas".* FROM "teas"[0m
  â†³ app/controllers/api/teas_controller.rb:4:in `index'
Completed 200 OK in 1ms (Views: 1.1ms | ActiveRecord: 0.2ms | Allocations: 1351)


Started GET "/api/teas" for 127.0.0.1 at 2023-02-17 11:40:01 -0800
Processing by Api::TeasController#index as JSON
  [1m[36mTea Load (0.3ms)[0m  [1m[34mSELECT "teas".* FROM "teas"[0m
  â†³ app/controllers/api/teas_controller.rb:4:in `index'
Completed 200 OK in 2ms (Views: 1.2ms | ActiveRecord: 0.3ms | Allocations: 1351)


Started GET "/api/teas" for 127.0.0.1 at 2023-02-17 11:40:01 -0800
Processing by Api::TeasController#index as JSON
  [1m[36mTea Load (0.2ms)[0m  [1m[34mSELECT "teas".* FROM "teas"[0m
  â†³ app/controllers/api/teas_controller.rb:4:in `index'
Completed 200 OK in 1ms (Views: 1.0ms | ActiveRecord: 0.2ms | Allocations: 1351)


Started GET "/api/teas" for 127.0.0.1 at 2023-02-17 11:40:01 -0800
Processing by Api::TeasController#index as JSON
  [1m[36mTea Load (0.2ms)[0m  [1m[34mSELECT "teas".* FROM "teas"[0m
  â†³ app/controllers/api/teas_controller.rb:4:in `index'
Completed 200 OK in 2ms (Views: 1.3ms | ActiveRecord: 0.2ms | Allocations: 1352)


Started GET "/api/teas" for 127.0.0.1 at 2023-02-17 11:40:01 -0800
Processing by Api::TeasController#index as JSON
  [1m[36mTea Load (0.2ms)[0m  [1m[34mSELECT "teas".* FROM "teas"[0m
  â†³ app/controllers/api/teas_controller.rb:4:in `index'
Completed 200 OK in 2ms (Views: 1.3ms | ActiveRecord: 0.2ms | Allocations: 1351)


Started GET "/api/teas" for 127.0.0.1 at 2023-02-17 11:40:02 -0800
Processing by Api::TeasController#index as JSON
  [1m[36mTea Load (0.2ms)[0m  [1m[34mSELECT "teas".* FROM "teas"[0m
  â†³ app/controllers/api/teas_controller.rb:4:in `index'
Completed 200 OK in 1ms (Views: 1.2ms | ActiveRecord: 0.2ms | Allocations: 1351)


Started GET "/api/teas" for 127.0.0.1 at 2023-02-17 11:40:02 -0800
Processing by Api::TeasController#index as JSON
  [1m[36mTea Load (0.2ms)[0m  [1m[34mSELECT "teas".* FROM "teas"[0m
  â†³ app/controllers/api/teas_controller.rb:4:in `index'
Completed 200 OK in 2ms (Views: 1.2ms | ActiveRecord: 0.2ms | Allocations: 1351)


Started GET "/api/teas" for 127.0.0.1 at 2023-02-17 11:40:02 -0800
Processing by Api::TeasController#index as JSON
  [1m[36mTea Load (0.2ms)[0m  [1m[34mSELECT "teas".* FROM "teas"[0m
  â†³ app/controllers/api/teas_controller.rb:4:in `index'
Completed 200 OK in 2ms (Views: 1.2ms | ActiveRecord: 0.2ms | Allocations: 1351)


Started GET "/api/teas" for 127.0.0.1 at 2023-02-17 11:40:02 -0800
Processing by Api::TeasController#index as JSON
  [1m[36mTea Load (0.3ms)[0m  [1m[34mSELECT "teas".* FROM "teas"[0m
  â†³ app/controllers/api/teas_controller.rb:4:in `index'
Completed 200 OK in 2ms (Views: 1.4ms | ActiveRecord: 0.3ms | Allocations: 1351)


Started GET "/api/teas" for 127.0.0.1 at 2023-02-17 11:40:02 -0800
Processing by Api::TeasController#index as JSON
  [1m[36mTea Load (0.3ms)[0m  [1m[34mSELECT "teas".* FROM "teas"[0m
  â†³ app/controllers/api/teas_controller.rb:4:in `index'
Completed 200 OK in 2ms (Views: 1.4ms | ActiveRecord: 0.3ms | Allocations: 1351)


Started GET "/api/teas" for 127.0.0.1 at 2023-02-17 11:40:02 -0800
Processing by Api::TeasController#index as JSON
  [1m[36mTea Load (0.3ms)[0m  [1m[34mSELECT "teas".* FROM "teas"[0m
  â†³ app/controllers/api/teas_controller.rb:4:in `index'
Completed 200 OK in 2ms (Views: 1.1ms | ActiveRecord: 0.3ms | Allocations: 1351)


Started GET "/api/teas" for 127.0.0.1 at 2023-02-17 11:40:02 -0800
Processing by Api::TeasController#index as JSON
  [1m[36mTea Load (0.2ms)[0m  [1m[34mSELECT "teas".* FROM "teas"[0m
  â†³ app/controllers/api/teas_controller.rb:4:in `index'
Completed 200 OK in 1ms (Views: 1.2ms | ActiveRecord: 0.2ms | Allocations: 1352)


Started GET "/api/teas" for 127.0.0.1 at 2023-02-17 11:40:02 -0800
Processing by Api::TeasController#index as JSON
  [1m[36mTea Load (0.3ms)[0m  [1m[34mSELECT "teas".* FROM "teas"[0m
  â†³ app/controllers/api/teas_controller.rb:4:in `index'
Completed 200 OK in 2ms (Views: 1.6ms | ActiveRecord: 0.3ms | Allocations: 1351)


Started GET "/api/teas" for 127.0.0.1 at 2023-02-17 11:40:02 -0800
Processing by Api::TeasController#index as JSON
  [1m[36mTea Load (0.2ms)[0m  [1m[34mSELECT "teas".* FROM "teas"[0m
  â†³ app/controllers/api/teas_controller.rb:4:in `index'
Completed 200 OK in 3ms (Views: 2.8ms | ActiveRecord: 0.2ms | Allocations: 1351)


Started GET "/api/teas" for 127.0.0.1 at 2023-02-17 11:40:02 -0800
Processing by Api::TeasController#index as JSON
  [1m[36mTea Load (0.2ms)[0m  [1m[34mSELECT "teas".* FROM "teas"[0m
  â†³ app/controllers/api/teas_controller.rb:4:in `index'
Completed 200 OK in 2ms (Views: 1.4ms | ActiveRecord: 0.2ms | Allocations: 1351)


Started GET "/api/teas" for 127.0.0.1 at 2023-02-17 11:40:02 -0800
Processing by Api::TeasController#index as JSON
  [1m[36mTea Load (0.4ms)[0m  [1m[34mSELECT "teas".* FROM "teas"[0m
  â†³ app/controllers/api/teas_controller.rb:4:in `index'
Completed 200 OK in 2ms (Views: 1.6ms | ActiveRecord: 0.4ms | Allocations: 1351)


Started GET "/api/teas" for 127.0.0.1 at 2023-02-17 11:40:02 -0800
Processing by Api::TeasController#index as JSON
  [1m[36mTea Load (0.2ms)[0m  [1m[34mSELECT "teas".* FROM "teas"[0m
  â†³ app/controllers/api/teas_controller.rb:4:in `index'
Completed 200 OK in 2ms (Views: 1.2ms | ActiveRecord: 0.2ms | Allocations: 1351)


Started GET "/api/teas" for 127.0.0.1 at 2023-02-17 11:40:12 -0800
Processing by Api::TeasController#index as JSON
  [1m[36mTea Load (0.2ms)[0m  [1m[34mSELECT "teas".* FROM "teas"[0m
  â†³ app/controllers/api/teas_controller.rb:4:in `index'
Completed 200 OK in 2ms (Views: 1.3ms | ActiveRecord: 0.2ms | Allocations: 1351)


Started GET "/api/teas" for 127.0.0.1 at 2023-02-17 11:40:12 -0800
Processing by Api::TeasController#index as JSON
  [1m[36mTea Load (0.4ms)[0m  [1m[34mSELECT "teas".* FROM "teas"[0m
  â†³ app/controllers/api/teas_controller.rb:4:in `index'
Completed 200 OK in 2ms (Views: 1.4ms | ActiveRecord: 0.4ms | Allocations: 1351)


Started GET "/api/teas" for 127.0.0.1 at 2023-02-17 11:40:19 -0800
Processing by Api::TeasController#index as JSON
  [1m[36mTea Load (0.2ms)[0m  [1m[34mSELECT "teas".* FROM "teas"[0m
  â†³ app/controllers/api/teas_controller.rb:4:in `index'
Completed 200 OK in 2ms (Views: 1.3ms | ActiveRecord: 0.2ms | Allocations: 1352)


Started GET "/api/teas" for 127.0.0.1 at 2023-02-17 11:40:19 -0800
Processing by Api::TeasController#index as JSON
  [1m[36mTea Load (0.3ms)[0m  [1m[34mSELECT "teas".* FROM "teas"[0m
  â†³ app/controllers/api/teas_controller.rb:4:in `index'
Completed 200 OK in 2ms (Views: 2.0ms | ActiveRecord: 0.3ms | Allocations: 1351)


Started GET "/api/teas" for 127.0.0.1 at 2023-02-17 11:40:26 -0800
Processing by Api::TeasController#index as JSON
  [1m[36mTea Load (0.2ms)[0m  [1m[34mSELECT "teas".* FROM "teas"[0m
  â†³ app/controllers/api/teas_controller.rb:4:in `index'
Completed 200 OK in 1ms (Views: 1.2ms | ActiveRecord: 0.2ms | Allocations: 1351)


Started GET "/api/teas" for 127.0.0.1 at 2023-02-17 11:40:27 -0800
Processing by Api::TeasController#index as JSON
  [1m[36mTea Load (4.2ms)[0m  [1m[34mSELECT "teas".* FROM "teas"[0m
  â†³ app/controllers/api/teas_controller.rb:4:in `index'
Completed 200 OK in 8ms (Views: 3.8ms | ActiveRecord: 4.2ms | Allocations: 1351)


Started GET "/api/teas" for 127.0.0.1 at 2023-02-17 11:40:27 -0800
Processing by Api::TeasController#index as JSON
  [1m[36mTea Load (0.3ms)[0m  [1m[34mSELECT "teas".* FROM "teas"[0m
  â†³ app/controllers/api/teas_controller.rb:4:in `index'
Completed 200 OK in 2ms (Views: 1.7ms | ActiveRecord: 0.3ms | Allocations: 1351)


Started GET "/api/teas" for 127.0.0.1 at 2023-02-17 11:40:31 -0800
Processing by Api::TeasController#index as JSON
  [1m[36mTea Load (0.2ms)[0m  [1m[34mSELECT "teas".* FROM "teas"[0m
  â†³ app/controllers/api/teas_controller.rb:4:in `index'
Completed 200 OK in 2ms (Views: 1.8ms | ActiveRecord: 0.2ms | Allocations: 1352)


Started GET "/api/teas" for 127.0.0.1 at 2023-02-17 11:41:37 -0800
Processing by Api::TeasController#index as JSON
  [1m[36mTea Load (1.1ms)[0m  [1m[34mSELECT "teas".* FROM "teas"[0m
  â†³ app/controllers/api/teas_controller.rb:4:in `index'
Completed 200 OK in 21ms (Views: 19.5ms | ActiveRecord: 1.1ms | Allocations: 1351)


Started GET "/api/teas" for 127.0.0.1 at 2023-02-17 11:41:37 -0800
Processing by Api::TeasController#index as JSON
  [1m[36mTea Load (0.5ms)[0m  [1m[34mSELECT "teas".* FROM "teas"[0m
  â†³ app/controllers/api/teas_controller.rb:4:in `index'
Completed 200 OK in 3ms (Views: 2.1ms | ActiveRecord: 0.5ms | Allocations: 1351)


Started GET "/api/teas" for 127.0.0.1 at 2023-02-17 11:41:38 -0800
Processing by Api::TeasController#index as JSON
  [1m[36mTea Load (0.2ms)[0m  [1m[34mSELECT "teas".* FROM "teas"[0m
  â†³ app/controllers/api/teas_controller.rb:4:in `index'
Completed 200 OK in 2ms (Views: 1.3ms | ActiveRecord: 0.2ms | Allocations: 1351)


Started GET "/api/teas" for 127.0.0.1 at 2023-02-17 11:41:38 -0800
Processing by Api::TeasController#index as JSON
  [1m[36mTea Load (0.3ms)[0m  [1m[34mSELECT "teas".* FROM "teas"[0m
  â†³ app/controllers/api/teas_controller.rb:4:in `index'
Completed 200 OK in 2ms (Views: 1.5ms | ActiveRecord: 0.3ms | Allocations: 1351)


Started GET "/api/teas" for 127.0.0.1 at 2023-02-17 11:41:38 -0800
Processing by Api::TeasController#index as JSON
  [1m[36mTea Load (0.3ms)[0m  [1m[34mSELECT "teas".* FROM "teas"[0m
  â†³ app/controllers/api/teas_controller.rb:4:in `index'
Completed 200 OK in 2ms (Views: 1.8ms | ActiveRecord: 0.3ms | Allocations: 1351)


Started GET "/api/teas" for 127.0.0.1 at 2023-02-17 11:41:38 -0800
Processing by Api::TeasController#index as JSON
  [1m[36mTea Load (0.2ms)[0m  [1m[34mSELECT "teas".* FROM "teas"[0m
  â†³ app/controllers/api/teas_controller.rb:4:in `index'
Completed 200 OK in 3ms (Views: 2.1ms | ActiveRecord: 0.2ms | Allocations: 1351)


Started GET "/api/teas" for 127.0.0.1 at 2023-02-17 11:41:39 -0800
Processing by Api::TeasController#index as JSON
  [1m[36mTea Load (1.7ms)[0m  [1m[34mSELECT "teas".* FROM "teas"[0m
  â†³ app/controllers/api/teas_controller.rb:4:in `index'
Completed 200 OK in 27ms (Views: 25.2ms | ActiveRecord: 1.7ms | Allocations: 1353)


Started GET "/api/teas" for 127.0.0.1 at 2023-02-17 11:41:39 -0800
Processing by Api::TeasController#index as JSON
  [1m[36mTea Load (1.0ms)[0m  [1m[34mSELECT "teas".* FROM "teas"[0m
  â†³ app/controllers/api/teas_controller.rb:4:in `index'
Completed 200 OK in 3ms (Views: 1.6ms | ActiveRecord: 1.0ms | Allocations: 1352)


Started GET "/api/teas" for 127.0.0.1 at 2023-02-17 11:41:39 -0800
Processing by Api::TeasController#index as JSON
  [1m[36mTea Load (0.2ms)[0m  [1m[34mSELECT "teas".* FROM "teas"[0m
  â†³ app/controllers/api/teas_controller.rb:4:in `index'
Completed 200 OK in 2ms (Views: 1.3ms | ActiveRecord: 0.2ms | Allocations: 1351)


Started GET "/api/teas" for 127.0.0.1 at 2023-02-17 11:41:39 -0800
Processing by Api::TeasController#index as JSON
  [1m[36mTea Load (0.4ms)[0m  [1m[34mSELECT "teas".* FROM "teas"[0m
  â†³ app/controllers/api/teas_controller.rb:4:in `index'
Completed 200 OK in 4ms (Views: 3.0ms | ActiveRecord: 0.4ms | Allocations: 1351)


Started GET "/api/teas" for 127.0.0.1 at 2023-02-17 11:41:39 -0800
Processing by Api::TeasController#index as JSON
  [1m[36mTea Load (0.2ms)[0m  [1m[34mSELECT "teas".* FROM "teas"[0m
  â†³ app/controllers/api/teas_controller.rb:4:in `index'
Completed 200 OK in 2ms (Views: 1.5ms | ActiveRecord: 0.2ms | Allocations: 1351)


Started GET "/api/teas" for 127.0.0.1 at 2023-02-17 11:41:39 -0800
Processing by Api::TeasController#index as JSON
  [1m[36mTea Load (0.2ms)[0m  [1m[34mSELECT "teas".* FROM "teas"[0m
  â†³ app/controllers/api/teas_controller.rb:4:in `index'
Completed 200 OK in 2ms (Views: 1.6ms | ActiveRecord: 0.2ms | Allocations: 1351)


Started GET "/api/teas" for 127.0.0.1 at 2023-02-17 11:41:39 -0800
Processing by Api::TeasController#index as JSON
  [1m[36mTea Load (0.4ms)[0m  [1m[34mSELECT "teas".* FROM "teas"[0m
  â†³ app/controllers/api/teas_controller.rb:4:in `index'
Completed 200 OK in 2ms (Views: 1.7ms | ActiveRecord: 0.4ms | Allocations: 1351)


Started GET "/api/teas" for 127.0.0.1 at 2023-02-17 11:41:39 -0800
Processing by Api::TeasController#index as JSON
  [1m[36mTea Load (0.6ms)[0m  [1m[34mSELECT "teas".* FROM "teas"[0m
  â†³ app/controllers/api/teas_controller.rb:4:in `index'
Completed 200 OK in 2ms (Views: 1.5ms | ActiveRecord: 0.6ms | Allocations: 1351)


Started GET "/api/teas" for 127.0.0.1 at 2023-02-17 11:41:39 -0800
Processing by Api::TeasController#index as JSON
  [1m[36mTea Load (0.2ms)[0m  [1m[34mSELECT "teas".* FROM "teas"[0m
  â†³ app/controllers/api/teas_controller.rb:4:in `index'
Completed 200 OK in 1ms (Views: 1.0ms | ActiveRecord: 0.2ms | Allocations: 1352)


Started GET "/api/teas" for 127.0.0.1 at 2023-02-17 11:41:39 -0800
Processing by Api::TeasController#index as JSON
  [1m[36mTea Load (0.7ms)[0m  [1m[34mSELECT "teas".* FROM "teas"[0m
  â†³ app/controllers/api/teas_controller.rb:4:in `index'
Completed 200 OK in 3ms (Views: 2.2ms | ActiveRecord: 0.7ms | Allocations: 1351)


Started GET "/api/teas" for 127.0.0.1 at 2023-02-17 11:43:06 -0800
Processing by Api::TeasController#index as JSON
  [1m[36mTea Load (0.8ms)[0m  [1m[34mSELECT "teas".* FROM "teas"[0m
  â†³ app/controllers/api/teas_controller.rb:4:in `index'
Completed 200 OK in 12ms (Views: 11.2ms | ActiveRecord: 0.8ms | Allocations: 1351)


Started GET "/api/teas" for 127.0.0.1 at 2023-02-17 11:43:06 -0800
Processing by Api::TeasController#index as JSON
  [1m[36mTea Load (0.4ms)[0m  [1m[34mSELECT "teas".* FROM "teas"[0m
  â†³ app/controllers/api/teas_controller.rb:4:in `index'
Completed 200 OK in 4ms (Views: 3.5ms | ActiveRecord: 0.4ms | Allocations: 1351)


Started GET "/api/teas" for 127.0.0.1 at 2023-02-17 11:43:52 -0800
Processing by Api::TeasController#index as JSON
  [1m[36mTea Load (0.8ms)[0m  [1m[34mSELECT "teas".* FROM "teas"[0m
  â†³ app/controllers/api/teas_controller.rb:4:in `index'
Completed 200 OK in 6ms (Views: 4.9ms | ActiveRecord: 0.8ms | Allocations: 1351)


Started GET "/api/teas" for 127.0.0.1 at 2023-02-17 11:43:52 -0800
Processing by Api::TeasController#index as JSON
  [1m[36mTea Load (1.8ms)[0m  [1m[34mSELECT "teas".* FROM "teas"[0m
  â†³ app/controllers/api/teas_controller.rb:4:in `index'
Completed 200 OK in 4ms (Views: 2.4ms | ActiveRecord: 1.8ms | Allocations: 1352)


Started GET "/api/teas" for 127.0.0.1 at 2023-02-17 11:44:00 -0800
Processing by Api::TeasController#index as JSON
  [1m[36mTea Load (0.3ms)[0m  [1m[34mSELECT "teas".* FROM "teas"[0m
  â†³ app/controllers/api/teas_controller.rb:4:in `index'
Completed 200 OK in 4ms (Views: 3.2ms | ActiveRecord: 0.3ms | Allocations: 1351)


Started GET "/api/teas" for 127.0.0.1 at 2023-02-17 11:44:00 -0800
Processing by Api::TeasController#index as JSON
  [1m[36mTea Load (2.9ms)[0m  [1m[34mSELECT "teas".* FROM "teas"[0m
  â†³ app/controllers/api/teas_controller.rb:4:in `index'
Completed 200 OK in 11ms (Views: 7.7ms | ActiveRecord: 2.9ms | Allocations: 1351)


Started GET "/api/teas" for 127.0.0.1 at 2023-02-17 11:44:01 -0800
Processing by Api::TeasController#index as JSON
  [1m[36mTea Load (0.2ms)[0m  [1m[34mSELECT "teas".* FROM "teas"[0m
  â†³ app/controllers/api/teas_controller.rb:4:in `index'
Completed 200 OK in 2ms (Views: 1.4ms | ActiveRecord: 0.2ms | Allocations: 1351)


Started GET "/api/teas" for 127.0.0.1 at 2023-02-17 11:44:01 -0800
Processing by Api::TeasController#index as JSON
  [1m[36mTea Load (0.2ms)[0m  [1m[34mSELECT "teas".* FROM "teas"[0m
  â†³ app/controllers/api/teas_controller.rb:4:in `index'
Completed 200 OK in 1ms (Views: 1.1ms | ActiveRecord: 0.2ms | Allocations: 1351)


Started POST "/api/teas" for 127.0.0.1 at 2023-02-17 11:44:10 -0800
Processing by Api::TeasController#create as JSON
  Parameters: {"flavor"=>"Purple", "price"=>"4.35", "tea"=>{"flavor"=>"Purple", "price"=>"4.35"}}
  [1m[36mTRANSACTION (0.5ms)[0m  [1m[35mBEGIN[0m
  â†³ app/controllers/api/teas_controller.rb:9:in `create'
  [1m[36mTea Exists? (2.1ms)[0m  [1m[34mSELECT 1 AS one FROM "teas" WHERE "teas"."flavor" = $1 LIMIT $2[0m  [["flavor", "Purple"], ["LIMIT", 1]]
  â†³ app/controllers/api/teas_controller.rb:9:in `create'
  [1m[36mTea Create (5.5ms)[0m  [1m[32mINSERT INTO "teas" ("flavor", "price", "created_at", "updated_at", "description") VALUES ($1, $2, $3, $4, $5) RETURNING "id"[0m  [["flavor", "Purple"], ["price", 4.35], ["created_at", "2023-02-17 19:44:10.672478"], ["updated_at", "2023-02-17 19:44:10.672478"], ["description", nil]]
  â†³ app/controllers/api/teas_controller.rb:9:in `create'
  [1m[36mTRANSACTION (3.6ms)[0m  [1m[35mCOMMIT[0m
  â†³ app/controllers/api/teas_controller.rb:9:in `create'
Completed 200 OK in 24ms (Views: 0.3ms | ActiveRecord: 11.7ms | Allocations: 2760)


Started POST "/api/teas" for 127.0.0.1 at 2023-02-17 11:45:22 -0800
Processing by Api::TeasController#create as JSON
  Parameters: {"flavor"=>"Black", "price"=>"3.45", "tea"=>{"flavor"=>"Black", "price"=>"3.45"}}
  [1m[36mTRANSACTION (0.5ms)[0m  [1m[35mBEGIN[0m
  â†³ app/controllers/api/teas_controller.rb:9:in `create'
  [1m[36mTea Exists? (1.5ms)[0m  [1m[34mSELECT 1 AS one FROM "teas" WHERE "teas"."flavor" = $1 LIMIT $2[0m  [["flavor", "Black"], ["LIMIT", 1]]
  â†³ app/controllers/api/teas_controller.rb:9:in `create'
  [1m[36mTRANSACTION (0.3ms)[0m  [1m[31mROLLBACK[0m
  â†³ app/controllers/api/teas_controller.rb:9:in `create'
Completed 422 Unprocessable Entity in 17ms (Views: 0.2ms | ActiveRecord: 2.3ms | Allocations: 2956)


Started GET "/api/teas" for 127.0.0.1 at 2023-02-17 11:45:41 -0800
Processing by Api::TeasController#index as JSON
  [1m[36mTea Load (5.1ms)[0m  [1m[34mSELECT "teas".* FROM "teas"[0m
  â†³ app/controllers/api/teas_controller.rb:4:in `index'
Completed 200 OK in 8ms (Views: 2.9ms | ActiveRecord: 5.1ms | Allocations: 1441)


Started GET "/api/teas" for 127.0.0.1 at 2023-02-17 11:45:41 -0800
Processing by Api::TeasController#index as JSON
  [1m[36mTea Load (1.3ms)[0m  [1m[34mSELECT "teas".* FROM "teas"[0m
  â†³ app/controllers/api/teas_controller.rb:4:in `index'
Completed 200 OK in 4ms (Views: 2.3ms | ActiveRecord: 1.3ms | Allocations: 1440)


Started POST "/api/teas" for 127.0.0.1 at 2023-02-17 11:45:55 -0800
Processing by Api::TeasController#create as JSON
  Parameters: {"flavor"=>"Black", "price"=>"3.45", "tea"=>{"flavor"=>"Black", "price"=>"3.45"}}
  [1m[36mTRANSACTION (4.0ms)[0m  [1m[35mBEGIN[0m
  â†³ app/controllers/api/teas_controller.rb:9:in `create'
  [1m[36mTea Exists? (4.3ms)[0m  [1m[34mSELECT 1 AS one FROM "teas" WHERE "teas"."flavor" = $1 LIMIT $2[0m  [["flavor", "Black"], ["LIMIT", 1]]
  â†³ app/controllers/api/teas_controller.rb:9:in `create'
  [1m[36mTRANSACTION (0.3ms)[0m  [1m[31mROLLBACK[0m
  â†³ app/controllers/api/teas_controller.rb:9:in `create'
Completed 422 Unprocessable Entity in 20ms (Views: 0.1ms | ActiveRecord: 8.6ms | Allocations: 2957)


Started GET "/api/teas" for 127.0.0.1 at 2023-02-17 11:51:24 -0800
Processing by Api::TeasController#index as JSON
  [1m[36mTea Load (0.8ms)[0m  [1m[34mSELECT "teas".* FROM "teas"[0m
  â†³ app/controllers/api/teas_controller.rb:4:in `index'
Completed 200 OK in 39ms (Views: 38.4ms | ActiveRecord: 15.9ms | Allocations: 4333)


Started GET "/api/teas" for 127.0.0.1 at 2023-02-17 11:51:24 -0800
Processing by Api::TeasController#index as JSON
  [1m[36mTea Load (0.8ms)[0m  [1m[34mSELECT "teas".* FROM "teas"[0m
  â†³ app/controllers/api/teas_controller.rb:4:in `index'
Completed 200 OK in 4ms (Views: 2.6ms | ActiveRecord: 0.8ms | Allocations: 1440)


Started GET "/api/teas" for 127.0.0.1 at 2023-02-17 11:52:02 -0800
Processing by Api::TeasController#index as JSON
  [1m[36mTea Load (0.3ms)[0m  [1m[34mSELECT "teas".* FROM "teas"[0m
  â†³ app/controllers/api/teas_controller.rb:4:in `index'
Completed 200 OK in 14ms (Views: 2.7ms | ActiveRecord: 10.0ms | Allocations: 4422)


Started GET "/api/teas" for 127.0.0.1 at 2023-02-17 11:52:02 -0800
Processing by Api::TeasController#index as JSON
  [1m[36mTea Load (1.1ms)[0m  [1m[34mSELECT "teas".* FROM "teas"[0m
  â†³ app/controllers/api/teas_controller.rb:4:in `index'
Completed 200 OK in 3ms (Views: 1.8ms | ActiveRecord: 1.1ms | Allocations: 1454)


Started POST "/api/teas" for 127.0.0.1 at 2023-02-17 11:52:09 -0800
Processing by Api::TeasController#create as JSON
  Parameters: {"flavor"=>"Blue", "price"=>"2.31", "tea"=>{"flavor"=>"Blue", "price"=>"2.31"}}
  [1m[36mTRANSACTION (0.2ms)[0m  [1m[35mBEGIN[0m
  â†³ app/controllers/api/teas_controller.rb:9:in `create'
  [1m[36mTea Exists? (1.9ms)[0m  [1m[34mSELECT 1 AS one FROM "teas" WHERE "teas"."flavor" = $1 LIMIT $2[0m  [["flavor", "Blue"], ["LIMIT", 1]]
  â†³ app/controllers/api/teas_controller.rb:9:in `create'
  [1m[36mTea Create (0.8ms)[0m  [1m[32mINSERT INTO "teas" ("flavor", "price", "created_at", "updated_at", "description") VALUES ($1, $2, $3, $4, $5) RETURNING "id"[0m  [["flavor", "Blue"], ["price", 2.31], ["created_at", "2023-02-17 19:52:09.198272"], ["updated_at", "2023-02-17 19:52:09.198272"], ["description", nil]]
  â†³ app/controllers/api/teas_controller.rb:9:in `create'
  [1m[36mTRANSACTION (4.6ms)[0m  [1m[35mCOMMIT[0m
  â†³ app/controllers/api/teas_controller.rb:9:in `create'
Started GET "/api/teas" for 127.0.0.1 at 2023-02-17 11:55:00 -0800
  [1m[36mActiveRecord::SchemaMigration Pluck (1.3ms)[0m  [1m[34mSELECT "schema_migrations"."version" FROM "schema_migrations" ORDER BY "schema_migrations"."version" ASC[0m
Processing by Api::TeasController#index as JSON
  [1m[36mTea Load (0.6ms)[0m  [1m[34mSELECT "teas".* FROM "teas"[0m
  â†³ app/controllers/api/teas_controller.rb:4:in `index'
Completed 200 OK in 12ms (Views: 4.5ms | ActiveRecord: 3.7ms | Allocations: 10545)


Started GET "/api/teas" for 127.0.0.1 at 2023-02-17 11:55:00 -0800
Processing by Api::TeasController#index as JSON
  [1m[36mTea Load (0.2ms)[0m  [1m[34mSELECT "teas".* FROM "teas"[0m
  â†³ app/controllers/api/teas_controller.rb:4:in `index'
Completed 200 OK in 2ms (Views: 1.3ms | ActiveRecord: 0.2ms | Allocations: 1645)


Started GET "/api/teas" for 127.0.0.1 at 2023-02-17 11:55:00 -0800
Processing by Api::TeasController#index as JSON
  [1m[36mTea Load (0.2ms)[0m  [1m[34mSELECT "teas".* FROM "teas"[0m
  â†³ app/controllers/api/teas_controller.rb:4:in `index'
Completed 200 OK in 2ms (Views: 1.4ms | ActiveRecord: 0.2ms | Allocations: 1545)


Started GET "/api/teas" for 127.0.0.1 at 2023-02-17 11:55:01 -0800
Processing by Api::TeasController#index as JSON
  [1m[36mTea Load (0.4ms)[0m  [1m[34mSELECT "teas".* FROM "teas"[0m
  â†³ app/controllers/api/teas_controller.rb:4:in `index'
Completed 200 OK in 4ms (Views: 3.4ms | ActiveRecord: 0.4ms | Allocations: 1545)


Started GET "/api/teas" for 127.0.0.1 at 2023-02-17 11:55:01 -0800
Processing by Api::TeasController#index as JSON
  [1m[36mTea Load (0.9ms)[0m  [1m[34mSELECT "teas".* FROM "teas"[0m
  â†³ app/controllers/api/teas_controller.rb:4:in `index'
Completed 200 OK in 3ms (Views: 1.6ms | ActiveRecord: 0.9ms | Allocations: 1545)


Started POST "/api/teas" for 127.0.0.1 at 2023-02-17 11:55:11 -0800
Processing by Api::TeasController#create as JSON
  Parameters: {"flavor"=>"Yellow", "price"=>"4.56", "tea"=>{"flavor"=>"Yellow", "price"=>"4.56"}}
  [1m[36mTRANSACTION (0.2ms)[0m  [1m[35mBEGIN[0m
  â†³ app/controllers/api/teas_controller.rb:9:in `create'
  [1m[36mTea Exists? (1.2ms)[0m  [1m[34mSELECT 1 AS one FROM "teas" WHERE "teas"."flavor" = $1 LIMIT $2[0m  [["flavor", "Yellow"], ["LIMIT", 1]]
  â†³ app/controllers/api/teas_controller.rb:9:in `create'
  [1m[36mTea Create (1.0ms)[0m  [1m[32mINSERT INTO "teas" ("flavor", "price", "created_at", "updated_at", "description") VALUES ($1, $2, $3, $4, $5) RETURNING "id"[0m  [["flavor", "Yellow"], ["price", 4.56], ["created_at", "2023-02-17 19:55:11.480601"], ["updated_at", "2023-02-17 19:55:11.480601"], ["description", nil]]
  â†³ app/controllers/api/teas_controller.rb:9:in `create'
  [1m[36mTRANSACTION (1.1ms)[0m  [1m[35mCOMMIT[0m
  â†³ app/controllers/api/teas_controller.rb:9:in `create'
Completed 200 OK in 1032ms (Views: 0.4ms | ActiveRecord: 3.4ms | Allocations: 7321)


Started GET "/api/teas" for 127.0.0.1 at 2023-02-17 12:01:14 -0800
Processing by Api::TeasController#index as JSON
  [1m[36mTea Load (0.7ms)[0m  [1m[34mSELECT "teas".* FROM "teas"[0m
  â†³ app/controllers/api/teas_controller.rb:4:in `index'
Completed 200 OK in 63ms (Views: 62.4ms | ActiveRecord: 28.8ms | Allocations: 4647)


Started GET "/api/teas" for 127.0.0.1 at 2023-02-17 12:01:14 -0800
Processing by Api::TeasController#index as JSON
  [1m[36mTea Load (0.3ms)[0m  [1m[34mSELECT "teas".* FROM "teas"[0m
  â†³ app/controllers/api/teas_controller.rb:4:in `index'
Completed 200 OK in 18ms (Views: 17.6ms | ActiveRecord: 0.3ms | Allocations: 1618)


Started GET "/api/teas" for 127.0.0.1 at 2023-02-17 12:03:51 -0800
Processing by Api::TeasController#index as JSON
  [1m[36mTea Load (1.1ms)[0m  [1m[34mSELECT "teas".* FROM "teas"[0m
  â†³ app/controllers/api/teas_controller.rb:4:in `index'
Completed 200 OK in 10ms (Views: 8.0ms | ActiveRecord: 1.1ms | Allocations: 1618)


Started GET "/api/teas" for 127.0.0.1 at 2023-02-17 12:03:51 -0800
Processing by Api::TeasController#index as JSON
  [1m[36mTea Load (0.3ms)[0m  [1m[34mSELECT "teas".* FROM "teas"[0m
  â†³ app/controllers/api/teas_controller.rb:4:in `index'
Completed 200 OK in 3ms (Views: 2.2ms | ActiveRecord: 0.3ms | Allocations: 1618)


Started GET "/api/teas" for 127.0.0.1 at 2023-02-17 12:03:54 -0800
Processing by Api::TeasController#index as JSON
  [1m[36mTea Load (0.3ms)[0m  [1m[34mSELECT "teas".* FROM "teas"[0m
  â†³ app/controllers/api/teas_controller.rb:4:in `index'
Completed 200 OK in 3ms (Views: 2.1ms | ActiveRecord: 0.3ms | Allocations: 1618)


Started GET "/api/teas" for 127.0.0.1 at 2023-02-17 12:03:54 -0800
Processing by Api::TeasController#index as JSON
  [1m[36mTea Load (0.4ms)[0m  [1m[34mSELECT "teas".* FROM "teas"[0m
  â†³ app/controllers/api/teas_controller.rb:4:in `index'
Completed 200 OK in 2ms (Views: 1.6ms | ActiveRecord: 0.4ms | Allocations: 1618)


Started GET "/api/teas" for 127.0.0.1 at 2023-02-17 12:03:55 -0800
Processing by Api::TeasController#index as JSON
  [1m[36mTea Load (0.2ms)[0m  [1m[34mSELECT "teas".* FROM "teas"[0m
  â†³ app/controllers/api/teas_controller.rb:4:in `index'
Completed 200 OK in 2ms (Views: 1.5ms | ActiveRecord: 0.2ms | Allocations: 1618)


Started GET "/api/teas" for 127.0.0.1 at 2023-02-17 12:03:55 -0800
Processing by Api::TeasController#index as JSON
  [1m[36mTea Load (0.2ms)[0m  [1m[34mSELECT "teas".* FROM "teas"[0m
  â†³ app/controllers/api/teas_controller.rb:4:in `index'
Completed 200 OK in 2ms (Views: 1.5ms | ActiveRecord: 0.2ms | Allocations: 1618)


Started GET "/api/teas" for 127.0.0.1 at 2023-02-17 12:03:55 -0800
Processing by Api::TeasController#index as JSON
  [1m[36mTea Load (0.2ms)[0m  [1m[34mSELECT "teas".* FROM "teas"[0m
  â†³ app/controllers/api/teas_controller.rb:4:in `index'
Completed 200 OK in 2ms (Views: 1.4ms | ActiveRecord: 0.2ms | Allocations: 1618)


Started GET "/api/teas" for 127.0.0.1 at 2023-02-17 12:03:55 -0800
Processing by Api::TeasController#index as JSON
  [1m[36mTea Load (0.3ms)[0m  [1m[34mSELECT "teas".* FROM "teas"[0m
  â†³ app/controllers/api/teas_controller.rb:4:in `index'
Completed 200 OK in 3ms (Views: 3.1ms | ActiveRecord: 0.3ms | Allocations: 1618)


Started GET "/api/teas" for 127.0.0.1 at 2023-02-17 12:03:56 -0800
Processing by Api::TeasController#index as JSON
  [1m[36mTea Load (0.2ms)[0m  [1m[34mSELECT "teas".* FROM "teas"[0m
  â†³ app/controllers/api/teas_controller.rb:4:in `index'
Completed 200 OK in 2ms (Views: 1.3ms | ActiveRecord: 0.2ms | Allocations: 1618)


Started GET "/api/teas" for 127.0.0.1 at 2023-02-17 12:03:56 -0800
Processing by Api::TeasController#index as JSON
  [1m[36mTea Load (0.2ms)[0m  [1m[34mSELECT "teas".* FROM "teas"[0m
  â†³ app/controllers/api/teas_controller.rb:4:in `index'
Completed 200 OK in 2ms (Views: 1.7ms | ActiveRecord: 0.2ms | Allocations: 1619)


Started GET "/api/teas" for 127.0.0.1 at 2023-02-17 12:03:56 -0800
Processing by Api::TeasController#index as JSON
  [1m[36mTea Load (0.3ms)[0m  [1m[34mSELECT "teas".* FROM "teas"[0m
  â†³ app/controllers/api/teas_controller.rb:4:in `index'
Completed 200 OK in 11ms (Views: 10.1ms | ActiveRecord: 0.3ms | Allocations: 1619)


Started GET "/api/teas" for 127.0.0.1 at 2023-02-17 12:03:56 -0800
Processing by Api::TeasController#index as JSON
  [1m[36mTea Load (2.2ms)[0m  [1m[34mSELECT "teas".* FROM "teas"[0m
  â†³ app/controllers/api/teas_controller.rb:4:in `index'
Completed 200 OK in 4ms (Views: 1.9ms | ActiveRecord: 2.2ms | Allocations: 1618)


Started GET "/api/teas" for 127.0.0.1 at 2023-02-17 12:03:56 -0800
Processing by Api::TeasController#index as JSON
  [1m[36mTea Load (0.3ms)[0m  [1m[34mSELECT "teas".* FROM "teas"[0m
  â†³ app/controllers/api/teas_controller.rb:4:in `index'
Completed 200 OK in 2ms (Views: 2.0ms | ActiveRecord: 0.3ms | Allocations: 1618)


Started GET "/api/teas" for 127.0.0.1 at 2023-02-17 12:03:56 -0800
Processing by Api::TeasController#index as JSON
  [1m[36mTea Load (0.2ms)[0m  [1m[34mSELECT "teas".* FROM "teas"[0m
  â†³ app/controllers/api/teas_controller.rb:4:in `index'
Completed 200 OK in 2ms (Views: 1.5ms | ActiveRecord: 0.2ms | Allocations: 1618)


Started GET "/api/teas" for 127.0.0.1 at 2023-02-17 12:03:56 -0800
Processing by Api::TeasController#index as JSON
  [1m[36mTea Load (0.2ms)[0m  [1m[34mSELECT "teas".* FROM "teas"[0m
  â†³ app/controllers/api/teas_controller.rb:4:in `index'
Completed 200 OK in 2ms (Views: 1.7ms | ActiveRecord: 0.2ms | Allocations: 1618)


Started GET "/api/teas" for 127.0.0.1 at 2023-02-17 12:03:56 -0800
Processing by Api::TeasController#index as JSON
  [1m[36mTea Load (0.2ms)[0m  [1m[34mSELECT "teas".* FROM "teas"[0m
  â†³ app/controllers/api/teas_controller.rb:4:in `index'
Completed 200 OK in 5ms (Views: 4.5ms | ActiveRecord: 0.2ms | Allocations: 1619)


Started GET "/api/teas" for 127.0.0.1 at 2023-02-17 12:03:56 -0800
Processing by Api::TeasController#index as JSON
  [1m[36mTea Load (0.2ms)[0m  [1m[34mSELECT "teas".* FROM "teas"[0m
  â†³ app/controllers/api/teas_controller.rb:4:in `index'
Completed 200 OK in 3ms (Views: 2.8ms | ActiveRecord: 0.2ms | Allocations: 1619)


Started GET "/api/teas" for 127.0.0.1 at 2023-02-17 12:03:56 -0800
Processing by Api::TeasController#index as JSON
  [1m[36mTea Load (0.2ms)[0m  [1m[34mSELECT "teas".* FROM "teas"[0m
  â†³ app/controllers/api/teas_controller.rb:4:in `index'
Completed 200 OK in 2ms (Views: 1.5ms | ActiveRecord: 0.2ms | Allocations: 1618)


Started GET "/api/teas" for 127.0.0.1 at 2023-02-17 12:03:56 -0800
Processing by Api::TeasController#index as JSON
  [1m[36mTea Load (0.3ms)[0m  [1m[34mSELECT "teas".* FROM "teas"[0m
  â†³ app/controllers/api/teas_controller.rb:4:in `index'
Completed 200 OK in 3ms (Views: 2.2ms | ActiveRecord: 0.3ms | Allocations: 1618)


Started GET "/api/teas" for 127.0.0.1 at 2023-02-17 12:03:56 -0800
Processing by Api::TeasController#index as JSON
  [1m[36mTea Load (0.3ms)[0m  [1m[34mSELECT "teas".* FROM "teas"[0m
  â†³ app/controllers/api/teas_controller.rb:4:in `index'
Completed 200 OK in 2ms (Views: 1.8ms | ActiveRecord: 0.3ms | Allocations: 1618)


Started GET "/api/teas" for 127.0.0.1 at 2023-02-17 12:03:56 -0800
Processing by Api::TeasController#index as JSON
  [1m[36mTea Load (0.2ms)[0m  [1m[34mSELECT "teas".* FROM "teas"[0m
  â†³ app/controllers/api/teas_controller.rb:4:in `index'
Completed 200 OK in 2ms (Views: 1.4ms | ActiveRecord: 0.2ms | Allocations: 1618)


Started GET "/api/teas" for 127.0.0.1 at 2023-02-17 12:03:56 -0800
Processing by Api::TeasController#index as JSON
  [1m[36mTea Load (0.3ms)[0m  [1m[34mSELECT "teas".* FROM "teas"[0m
  â†³ app/controllers/api/teas_controller.rb:4:in `index'
Completed 200 OK in 2ms (Views: 1.2ms | ActiveRecord: 0.3ms | Allocations: 1618)


Started GET "/api/teas" for 127.0.0.1 at 2023-02-17 12:04:17 -0800
Processing by Api::TeasController#index as JSON
  [1m[36mTea Load (0.7ms)[0m  [1m[34mSELECT "teas".* FROM "teas"[0m
  â†³ app/controllers/api/teas_controller.rb:4:in `index'
Completed 200 OK in 11ms (Views: 9.4ms | ActiveRecord: 0.7ms | Allocations: 1618)


Started GET "/api/teas" for 127.0.0.1 at 2023-02-17 12:04:17 -0800
Processing by Api::TeasController#index as JSON
  [1m[36mTea Load (0.7ms)[0m  [1m[34mSELECT "teas".* FROM "teas"[0m
  â†³ app/controllers/api/teas_controller.rb:4:in `index'
Completed 200 OK in 3ms (Views: 2.1ms | ActiveRecord: 0.7ms | Allocations: 1618)


