  [1m[35m (343.5ms)[0m  [1m[35mCREATE DATABASE "TeaApp_development" ENCODING = 'unicode'[0m
  ↳ bin/rails:9
  [1m[35m (111.7ms)[0m  [1m[35mCREATE DATABASE "TeaApp_test" ENCODING = 'unicode'[0m
  ↳ bin/rails:9
  [1m[35m (63.4ms)[0m  [1m[35mCREATE TABLE "schema_migrations" ("version" character varying NOT NULL PRIMARY KEY)[0m
  ↳ bin/rails:9
  [1m[35m (6.8ms)[0m  [1m[35mCREATE TABLE "ar_internal_metadata" ("key" character varying NOT NULL PRIMARY KEY, "value" character varying, "created_at" timestamp NOT NULL, "updated_at" timestamp NOT NULL)[0m
  ↳ bin/rails:9
  [1m[35m (1.5ms)[0m  [1m[34mSELECT pg_try_advisory_lock(1614190426538831400)[0m
  ↳ bin/rails:9
  [1m[35m (0.8ms)[0m  [1m[34mSELECT "schema_migrations"."version" FROM "schema_migrations" ORDER BY "schema_migrations"."version" ASC[0m
  ↳ bin/rails:9
Migrating to CreateTeas (20200221172218)
  [1m[35m (1.0ms)[0m  [1m[35mBEGIN[0m
  ↳ bin/rails:9
  [1m[35m (13.4ms)[0m  [1m[35mCREATE TABLE "teas" ("id" bigserial primary key, "flavor" character varying, "description" character varying, "created_at" timestamp NOT NULL, "updated_at" timestamp NOT NULL)[0m
  ↳ db/migrate/20200221172218_create_teas.rb:3
  [1m[36mActiveRecord::SchemaMigration Create (6.1ms)[0m  [1m[32mINSERT INTO "schema_migrations" ("version") VALUES ($1) RETURNING "version"[0m  [["version", "20200221172218"]]
  ↳ bin/rails:9
  [1m[35m (1.2ms)[0m  [1m[35mCOMMIT[0m
  ↳ bin/rails:9
  [1m[36mActiveRecord::InternalMetadata Load (1.1ms)[0m  [1m[34mSELECT  "ar_internal_metadata".* FROM "ar_internal_metadata" WHERE "ar_internal_metadata"."key" = $1 LIMIT $2[0m  [["key", "environment"], ["LIMIT", 1]]
  ↳ bin/rails:9
  [1m[35m (0.2ms)[0m  [1m[35mBEGIN[0m
  ↳ bin/rails:9
  [1m[36mActiveRecord::InternalMetadata Create (2.3ms)[0m  [1m[32mINSERT INTO "ar_internal_metadata" ("key", "value", "created_at", "updated_at") VALUES ($1, $2, $3, $4) RETURNING "key"[0m  [["key", "environment"], ["value", "development"], ["created_at", "2020-02-21 17:23:11.037062"], ["updated_at", "2020-02-21 17:23:11.037062"]]
  ↳ bin/rails:9
  [1m[35m (0.5ms)[0m  [1m[35mCOMMIT[0m
  ↳ bin/rails:9
  [1m[35m (0.4ms)[0m  [1m[34mSELECT pg_advisory_unlock(1614190426538831400)[0m
  ↳ bin/rails:9
  [1m[35m (0.5ms)[0m  [1m[34mSELECT "schema_migrations"."version" FROM "schema_migrations" ORDER BY "schema_migrations"."version" ASC[0m
  ↳ bin/rails:9
Started GET "/" for ::1 at 2020-02-21 09:53:02 -0800
  [1m[35m (1.1ms)[0m  [1m[34mSELECT "schema_migrations"."version" FROM "schema_migrations" ORDER BY "schema_migrations"."version" ASC[0m
  ↳ /Users/angela/.rbenv/versions/2.5.1/lib/ruby/gems/2.5.0/gems/activerecord-5.2.4.1/lib/active_record/log_subscriber.rb:98
Processing by StaticPagesController#root as HTML
  Rendering static_pages/root.html.erb within layouts/application
  Rendered static_pages/root.html.erb within layouts/application (1.2ms)
Completed 200 OK in 2179ms (Views: 2173.6ms | ActiveRecord: 0.0ms)


Started GET "/" for ::1 at 2020-02-21 09:54:06 -0800
Processing by StaticPagesController#root as HTML
  Rendering static_pages/root.html.erb within layouts/application
  Rendered static_pages/root.html.erb within layouts/application (0.5ms)
Completed 200 OK in 36ms (Views: 35.1ms | ActiveRecord: 0.0ms)


Started GET "/" for ::1 at 2020-02-21 09:59:18 -0800
Processing by StaticPagesController#root as HTML
  Rendering static_pages/root.html.erb within layouts/application
  Rendered static_pages/root.html.erb within layouts/application (0.6ms)
Completed 200 OK in 14ms (Views: 13.8ms | ActiveRecord: 0.0ms)


Started GET "/" for ::1 at 2020-02-21 09:59:26 -0800
Processing by StaticPagesController#root as HTML
  Rendering static_pages/root.html.erb within layouts/application
  Rendered static_pages/root.html.erb within layouts/application (0.4ms)
Completed 200 OK in 41ms (Views: 40.5ms | ActiveRecord: 0.0ms)


Started GET "/" for ::1 at 2020-02-21 10:08:17 -0800
Processing by StaticPagesController#root as HTML
  Rendering static_pages/root.html.erb within layouts/application
  Rendered static_pages/root.html.erb within layouts/application (0.5ms)
Completed 200 OK in 20ms (Views: 18.8ms | ActiveRecord: 0.0ms)


Started GET "/" for ::1 at 2020-02-21 10:09:37 -0800
Processing by StaticPagesController#root as HTML
  Rendering static_pages/root.html.erb within layouts/application
  Rendered static_pages/root.html.erb within layouts/application (0.7ms)
Completed 200 OK in 67ms (Views: 66.6ms | ActiveRecord: 0.0ms)


Started GET "/" for ::1 at 2020-02-21 10:27:55 -0800
Processing by StaticPagesController#root as HTML
  Rendering static_pages/root.html.erb within layouts/application
  Rendered static_pages/root.html.erb within layouts/application (1.2ms)
Completed 200 OK in 810ms (Views: 807.9ms | ActiveRecord: 0.0ms)


Started GET "/" for ::1 at 2020-02-21 10:28:04 -0800
Processing by StaticPagesController#root as HTML
  Rendering static_pages/root.html.erb within layouts/application
  Rendered static_pages/root.html.erb within layouts/application (0.4ms)
Completed 200 OK in 33ms (Views: 31.6ms | ActiveRecord: 0.0ms)


Started GET "/" for ::1 at 2020-02-21 10:28:47 -0800
  [1m[35m (1.2ms)[0m  [1m[34mSELECT "schema_migrations"."version" FROM "schema_migrations" ORDER BY "schema_migrations"."version" ASC[0m
  ↳ /Users/angela/.rbenv/versions/2.5.1/lib/ruby/gems/2.5.0/gems/activerecord-5.2.4.1/lib/active_record/log_subscriber.rb:98
Processing by StaticPagesController#root as HTML
  Rendering static_pages/root.html.erb within layouts/application
  Rendered static_pages/root.html.erb within layouts/application (1.5ms)
Completed 200 OK in 2348ms (Views: 2342.0ms | ActiveRecord: 0.0ms)


Started GET "/" for ::1 at 2020-02-21 10:29:55 -0800
Processing by StaticPagesController#root as HTML
  Rendering static_pages/root.html.erb within layouts/application
  Rendered static_pages/root.html.erb within layouts/application (0.7ms)
Completed 200 OK in 783ms (Views: 781.7ms | ActiveRecord: 0.0ms)


Started GET "/" for ::1 at 2020-02-21 10:34:40 -0800
Processing by StaticPagesController#root as HTML
  Rendering static_pages/root.html.erb within layouts/application
  Rendered static_pages/root.html.erb within layouts/application (0.4ms)
Completed 200 OK in 896ms (Views: 895.8ms | ActiveRecord: 0.0ms)


Started GET "/" for ::1 at 2020-02-21 10:35:21 -0800
Processing by StaticPagesController#root as HTML
  Rendering static_pages/root.html.erb within layouts/application
  Rendered static_pages/root.html.erb within layouts/application (0.5ms)
Completed 200 OK in 794ms (Views: 793.6ms | ActiveRecord: 0.0ms)


Started GET "/" for ::1 at 2020-02-21 10:36:01 -0800
Processing by StaticPagesController#root as HTML
  Rendering static_pages/root.html.erb within layouts/application
  Rendered static_pages/root.html.erb within layouts/application (0.4ms)
Completed 200 OK in 32ms (Views: 31.5ms | ActiveRecord: 0.0ms)


Started GET "/" for ::1 at 2020-02-21 10:37:09 -0800
Processing by StaticPagesController#root as HTML
  Rendering static_pages/root.html.erb within layouts/application
  Rendered static_pages/root.html.erb within layouts/application (0.4ms)
Completed 200 OK in 740ms (Views: 739.0ms | ActiveRecord: 0.0ms)


Started GET "/" for ::1 at 2020-02-21 10:37:36 -0800
Processing by StaticPagesController#root as HTML
  Rendering static_pages/root.html.erb within layouts/application
  Rendered static_pages/root.html.erb within layouts/application (0.8ms)
Completed 200 OK in 57ms (Views: 56.4ms | ActiveRecord: 0.0ms)


Started GET "/" for ::1 at 2020-02-21 10:41:22 -0800
Processing by StaticPagesController#root as HTML
  Rendering static_pages/root.html.erb within layouts/application
  Rendered static_pages/root.html.erb within layouts/application (0.7ms)
Completed 200 OK in 34ms (Views: 33.7ms | ActiveRecord: 0.0ms)


Started GET "/" for ::1 at 2020-02-21 10:41:37 -0800
Processing by StaticPagesController#root as HTML
  Rendering static_pages/root.html.erb within layouts/application
  Rendered static_pages/root.html.erb within layouts/application (0.4ms)
Completed 200 OK in 37ms (Views: 36.1ms | ActiveRecord: 0.0ms)


Started GET "/" for ::1 at 2020-02-21 10:42:21 -0800
Processing by StaticPagesController#root as HTML
  Rendering static_pages/root.html.erb within layouts/application
  Rendered static_pages/root.html.erb within layouts/application (0.5ms)
Completed 200 OK in 793ms (Views: 792.7ms | ActiveRecord: 0.0ms)


Started GET "/" for ::1 at 2020-02-21 10:46:37 -0800
Processing by StaticPagesController#root as HTML
  Rendering static_pages/root.html.erb within layouts/application
  Rendered static_pages/root.html.erb within layouts/application (0.4ms)
Completed 200 OK in 753ms (Views: 752.1ms | ActiveRecord: 0.0ms)


Started GET "/" for ::1 at 2020-02-21 10:48:20 -0800
Processing by StaticPagesController#root as HTML
  Rendering static_pages/root.html.erb within layouts/application
  Rendered static_pages/root.html.erb within layouts/application (0.4ms)
Completed 200 OK in 738ms (Views: 737.1ms | ActiveRecord: 0.0ms)


Started GET "/" for ::1 at 2020-02-21 11:30:40 -0800
  [1m[35m (1.3ms)[0m  [1m[34mSELECT "schema_migrations"."version" FROM "schema_migrations" ORDER BY "schema_migrations"."version" ASC[0m
  ↳ /Users/angela/.rbenv/versions/2.5.1/lib/ruby/gems/2.5.0/gems/activerecord-5.2.4.1/lib/active_record/log_subscriber.rb:98
Processing by StaticPagesController#root as HTML
  Rendering static_pages/root.html.erb within layouts/application
  Rendered static_pages/root.html.erb within layouts/application (1.8ms)
Completed 200 OK in 2410ms (Views: 2404.7ms | ActiveRecord: 0.0ms)


Started GET "/api/teas" for ::1 at 2020-02-21 11:30:44 -0800
Processing by Api::TeasController#index as JSON
  [1m[36mTea Load (4.1ms)[0m  [1m[34mSELECT "teas".* FROM "teas"[0m
  ↳ app/controllers/api/teas_controller.rb:5
Completed 200 OK in 15ms (Views: 2.6ms | ActiveRecord: 7.1ms)


Started GET "/" for ::1 at 2020-02-21 11:31:24 -0800
Processing by StaticPagesController#root as HTML
  Rendering static_pages/root.html.erb within layouts/application
  Rendered static_pages/root.html.erb within layouts/application (0.4ms)
Completed 200 OK in 738ms (Views: 737.1ms | ActiveRecord: 0.0ms)


Started GET "/api/teas" for ::1 at 2020-02-21 11:31:26 -0800
Processing by Api::TeasController#index as JSON
  [1m[36mTea Load (5.1ms)[0m  [1m[34mSELECT "teas".* FROM "teas"[0m
  ↳ app/controllers/api/teas_controller.rb:5
Completed 200 OK in 10ms (Views: 2.7ms | ActiveRecord: 5.1ms)


Started POST "/api/teas" for ::1 at 2020-02-21 11:31:29 -0800
Processing by Api::TeasController#create as JSON
  Parameters: {"tea"=>{"flavor"=>"new", "description"=>"tea"}}
  [1m[35m (0.2ms)[0m  [1m[35mBEGIN[0m
  ↳ app/controllers/api/teas_controller.rb:11
  [1m[36mTea Create (1.7ms)[0m  [1m[32mINSERT INTO "teas" ("flavor", "description", "created_at", "updated_at") VALUES ($1, $2, $3, $4) RETURNING "id"[0m  [["flavor", "new"], ["description", "tea"], ["created_at", "2020-02-21 19:31:29.332091"], ["updated_at", "2020-02-21 19:31:29.332091"]]
  ↳ app/controllers/api/teas_controller.rb:11
  [1m[35m (0.5ms)[0m  [1m[35mCOMMIT[0m
  ↳ app/controllers/api/teas_controller.rb:11
Completed 200 OK in 23ms (Views: 1.3ms | ActiveRecord: 11.8ms)


Started GET "/" for ::1 at 2020-02-21 11:31:32 -0800
Processing by StaticPagesController#root as HTML
  Rendering static_pages/root.html.erb within layouts/application
  Rendered static_pages/root.html.erb within layouts/application (0.4ms)
Completed 200 OK in 42ms (Views: 40.9ms | ActiveRecord: 0.0ms)


Started GET "/api/teas" for ::1 at 2020-02-21 11:31:32 -0800
Processing by Api::TeasController#index as JSON
  [1m[36mTea Load (2.2ms)[0m  [1m[34mSELECT "teas".* FROM "teas"[0m
  ↳ app/controllers/api/teas_controller.rb:5
Completed 200 OK in 7ms (Views: 4.7ms | ActiveRecord: 2.2ms)


Started POST "/api/teas" for ::1 at 2020-02-21 11:31:38 -0800
Processing by Api::TeasController#create as JSON
  Parameters: {"tea"=>{"flavor"=>"ayeeeee", "description"=>"teaaaaaa"}}
  [1m[35m (0.2ms)[0m  [1m[35mBEGIN[0m
  ↳ app/controllers/api/teas_controller.rb:11
  [1m[36mTea Create (0.8ms)[0m  [1m[32mINSERT INTO "teas" ("flavor", "description", "created_at", "updated_at") VALUES ($1, $2, $3, $4) RETURNING "id"[0m  [["flavor", "ayeeeee"], ["description", "teaaaaaa"], ["created_at", "2020-02-21 19:31:38.878615"], ["updated_at", "2020-02-21 19:31:38.878615"]]
  ↳ app/controllers/api/teas_controller.rb:11
  [1m[35m (0.9ms)[0m  [1m[35mCOMMIT[0m
  ↳ app/controllers/api/teas_controller.rb:11
Completed 200 OK in 6ms (Views: 0.4ms | ActiveRecord: 1.9ms)


Started GET "/" for ::1 at 2020-02-21 11:31:42 -0800
Processing by StaticPagesController#root as HTML
  Rendering static_pages/root.html.erb within layouts/application
  Rendered static_pages/root.html.erb within layouts/application (0.7ms)
Completed 200 OK in 36ms (Views: 35.9ms | ActiveRecord: 0.0ms)


Started GET "/api/teas" for ::1 at 2020-02-21 11:31:43 -0800
Processing by Api::TeasController#index as JSON
  [1m[36mTea Load (1.6ms)[0m  [1m[34mSELECT "teas".* FROM "teas"[0m
  ↳ app/controllers/api/teas_controller.rb:5
Completed 200 OK in 4ms (Views: 1.6ms | ActiveRecord: 1.6ms)


Started POST "/api/teas" for ::1 at 2020-02-21 11:31:51 -0800
Processing by Api::TeasController#create as JSON
  Parameters: {"tea"=>{"flavor"=>"tea in the ", "description"=>"databaseeee"}}
  [1m[35m (0.2ms)[0m  [1m[35mBEGIN[0m
  ↳ app/controllers/api/teas_controller.rb:11
  [1m[36mTea Create (0.4ms)[0m  [1m[32mINSERT INTO "teas" ("flavor", "description", "created_at", "updated_at") VALUES ($1, $2, $3, $4) RETURNING "id"[0m  [["flavor", "tea in the "], ["description", "databaseeee"], ["created_at", "2020-02-21 19:31:51.901239"], ["updated_at", "2020-02-21 19:31:51.901239"]]
  ↳ app/controllers/api/teas_controller.rb:11
  [1m[35m (1.4ms)[0m  [1m[35mCOMMIT[0m
  ↳ app/controllers/api/teas_controller.rb:11
Completed 200 OK in 5ms (Views: 0.4ms | ActiveRecord: 2.0ms)


Started GET "/" for ::1 at 2020-02-21 11:31:53 -0800
Processing by StaticPagesController#root as HTML
  Rendering static_pages/root.html.erb within layouts/application
  Rendered static_pages/root.html.erb within layouts/application (0.4ms)
Completed 200 OK in 37ms (Views: 36.3ms | ActiveRecord: 0.0ms)


Started GET "/api/teas" for ::1 at 2020-02-21 11:31:53 -0800
Processing by Api::TeasController#index as JSON
  [1m[36mTea Load (2.9ms)[0m  [1m[34mSELECT "teas".* FROM "teas"[0m
  ↳ app/controllers/api/teas_controller.rb:5
Completed 200 OK in 7ms (Views: 2.7ms | ActiveRecord: 2.9ms)


Started GET "/" for ::1 at 2020-02-21 11:35:10 -0800
Processing by StaticPagesController#root as HTML
  Rendering static_pages/root.html.erb within layouts/application
  Rendered static_pages/root.html.erb within layouts/application (0.5ms)
Completed 200 OK in 863ms (Views: 861.4ms | ActiveRecord: 0.0ms)


Started GET "/api/teas" for ::1 at 2020-02-21 11:36:11 -0800
Processing by Api::TeasController#index as JSON
  [1m[36mTea Load (12.3ms)[0m  [1m[34mSELECT "teas".* FROM "teas"[0m
  ↳ app/controllers/api/teas_controller.rb:5
Completed 200 OK in 15ms (Views: 1.9ms | ActiveRecord: 12.3ms)


Started GET "/" for ::1 at 2020-02-21 11:43:54 -0800
  [1m[35m (2.0ms)[0m  [1m[34mSELECT "schema_migrations"."version" FROM "schema_migrations" ORDER BY "schema_migrations"."version" ASC[0m
  ↳ /Users/angela/.rbenv/versions/2.5.1/lib/ruby/gems/2.5.0/gems/activerecord-5.2.4.1/lib/active_record/log_subscriber.rb:98
Processing by StaticPagesController#root as HTML
  Rendering static_pages/root.html.erb within layouts/application
  Rendered static_pages/root.html.erb within layouts/application (2.0ms)
Completed 200 OK in 2761ms (Views: 2755.3ms | ActiveRecord: 0.0ms)


Started GET "/api/teas" for ::1 at 2020-02-21 11:43:58 -0800
Processing by Api::TeasController#index as JSON
  [1m[36mTea Load (1.4ms)[0m  [1m[34mSELECT "teas".* FROM "teas"[0m
  ↳ app/controllers/api/teas_controller.rb:5
Completed 200 OK in 55ms (Views: 16.1ms | ActiveRecord: 23.1ms)


Started POST "/api/teas" for ::1 at 2020-02-21 11:44:22 -0800
Processing by Api::TeasController#create as JSON
  Parameters: {"tea"=>{"flavor"=>"banana", "description"=>"iced tea"}}
  [1m[35m (0.2ms)[0m  [1m[35mBEGIN[0m
  ↳ app/controllers/api/teas_controller.rb:11
  [1m[36mTea Create (0.7ms)[0m  [1m[32mINSERT INTO "teas" ("flavor", "description", "created_at", "updated_at") VALUES ($1, $2, $3, $4) RETURNING "id"[0m  [["flavor", "banana"], ["description", "iced tea"], ["created_at", "2020-02-21 19:44:22.398952"], ["updated_at", "2020-02-21 19:44:22.398952"]]
  ↳ app/controllers/api/teas_controller.rb:11
  [1m[35m (0.6ms)[0m  [1m[35mCOMMIT[0m
  ↳ app/controllers/api/teas_controller.rb:11
Completed 200 OK in 6ms (Views: 0.7ms | ActiveRecord: 1.5ms)


Started GET "/" for ::1 at 2020-02-21 11:44:25 -0800
Processing by StaticPagesController#root as HTML
  Rendering static_pages/root.html.erb within layouts/application
  Rendered static_pages/root.html.erb within layouts/application (0.5ms)
Completed 200 OK in 40ms (Views: 39.2ms | ActiveRecord: 0.0ms)


Started GET "/api/teas" for ::1 at 2020-02-21 11:44:25 -0800
Processing by Api::TeasController#index as JSON
  [1m[36mTea Load (1.3ms)[0m  [1m[34mSELECT "teas".* FROM "teas"[0m
  ↳ app/controllers/api/teas_controller.rb:5
Completed 200 OK in 5ms (Views: 3.0ms | ActiveRecord: 1.3ms)


